[ 2017-03-27T00:49:06+08:00 ] 127.0.0.1 /index.php/User/Goods/goods/store_id/1.html
INFO: [ app_init ] --START--
INFO: Run Behavior\BuildLiteBehavior [ RunTime:0.000000s ]
INFO: [ app_init ] --END-- [ RunTime:0.004000s ]
INFO: [ app_begin ] --START--
INFO: Run Behavior\ReadHtmlCacheBehavior [ RunTime:0.002000s ]
INFO: [ app_begin ] --END-- [ RunTime:0.002000s ]
SQL: SHOW COLUMNS FROM `kuaidian_goods` [ RunTime:0.0130s ]
SQL: SELECT * FROM `kuaidian_goods` WHERE `store_id` = '1'  [ RunTime:0.0010s ]
INFO: [ view_parse ] --START--
INFO: [ template_filter ] --START--
INFO: Run Behavior\ContentReplaceBehavior [ RunTime:0.000000s ]
INFO: [ template_filter ] --END-- [ RunTime:0.001001s ]
INFO: Run Behavior\ParseTemplateBehavior [ RunTime:0.034002s ]
INFO: [ view_parse ] --END-- [ RunTime:0.034002s ]
INFO: [ view_filter ] --START--
INFO: Run Behavior\WriteHtmlCacheBehavior [ RunTime:0.001000s ]
INFO: [ view_filter ] --END-- [ RunTime:0.002000s ]
INFO: [ app_end ] --START--
INFO: Run Behavior\ShowPageTraceBehavior [ RunTime:0.003000s ]
INFO: [ app_end ] --END-- [ RunTime:0.003000s ]

[ 2017-03-27T00:49:06+08:00 ] 127.0.0.1 /index.php/User/Goods/goods/store_id/1.html
INFO: [ app_init ] --START--
INFO: Run Behavior\BuildLiteBehavior [ RunTime:0.000000s ]
INFO: [ app_init ] --END-- [ RunTime:0.004001s ]
INFO: [ app_begin ] --START--
INFO: Run Behavior\ReadHtmlCacheBehavior [ RunTime:0.002000s ]
INFO: [ app_begin ] --END-- [ RunTime:0.002000s ]
SQL: SHOW COLUMNS FROM `kuaidian_goods` [ RunTime:0.0100s ]
SQL: SELECT * FROM `kuaidian_goods` WHERE `store_id` = '1'  [ RunTime:0.0010s ]
INFO: [ view_parse ] --START--
INFO: [ template_filter ] --START--
INFO: Run Behavior\ContentReplaceBehavior [ RunTime:0.001000s ]
INFO: [ template_filter ] --END-- [ RunTime:0.001000s ]
INFO: Run Behavior\ParseTemplateBehavior [ RunTime:0.027002s ]
INFO: [ view_parse ] --END-- [ RunTime:0.027002s ]
INFO: [ view_filter ] --START--
INFO: Run Behavior\WriteHtmlCacheBehavior [ RunTime:0.001000s ]
INFO: [ view_filter ] --END-- [ RunTime:0.002000s ]
INFO: [ app_end ] --START--
INFO: Run Behavior\ShowPageTraceBehavior [ RunTime:0.001000s ]
INFO: [ app_end ] --END-- [ RunTime:0.002000s ]

[ 2017-03-27T00:49:10+08:00 ] 127.0.0.1 /index.php/User/Goods/goods/store_id/1.html
INFO: [ app_init ] --START--
INFO: Run Behavior\BuildLiteBehavior [ RunTime:0.000000s ]
INFO: [ app_init ] --END-- [ RunTime:0.001000s ]
INFO: [ app_begin ] --START--
INFO: Run Behavior\ReadHtmlCacheBehavior [ RunTime:0.002001s ]
INFO: [ app_begin ] --END-- [ RunTime:0.003001s ]
SQL: SHOW COLUMNS FROM `kuaidian_goods` [ RunTime:0.0120s ]
SQL: SELECT * FROM `kuaidian_goods` WHERE `store_id` = '1'  [ RunTime:0.0010s ]
INFO: [ view_parse ] --START--
INFO: [ template_filter ] --START--
INFO: Run Behavior\ContentReplaceBehavior [ RunTime:0.000000s ]
INFO: [ template_filter ] --END-- [ RunTime:0.000000s ]
INFO: Run Behavior\ParseTemplateBehavior [ RunTime:0.046003s ]
INFO: [ view_parse ] --END-- [ RunTime:0.046003s ]
INFO: [ view_filter ] --START--
INFO: Run Behavior\WriteHtmlCacheBehavior [ RunTime:0.001000s ]
INFO: [ view_filter ] --END-- [ RunTime:0.002000s ]
INFO: [ app_end ] --START--
INFO: Run Behavior\ShowPageTraceBehavior [ RunTime:0.003000s ]
INFO: [ app_end ] --END-- [ RunTime:0.003000s ]

[ 2017-03-27T20:26:25+08:00 ] 127.0.0.1 /index.php/User
INFO: [ app_init ] --START--
INFO: Run Behavior\BuildLiteBehavior [ RunTime:0.000000s ]
INFO: [ app_init ] --END-- [ RunTime:0.001000s ]
INFO: [ app_begin ] --START--
INFO: Run Behavior\ReadHtmlCacheBehavior [ RunTime:0.002000s ]
INFO: [ app_begin ] --END-- [ RunTime:0.003000s ]
SQL: SHOW COLUMNS FROM `kuaidian_store` [ RunTime:0.0820s ]
SQL: SELECT * FROM `kuaidian_store` WHERE ( status=1 AND ischeck=1 )  [ RunTime:0.0000s ]
INFO: [ view_parse ] --START--
INFO: [ template_filter ] --START--
INFO: Run Behavior\ContentReplaceBehavior [ RunTime:0.001000s ]
INFO: [ template_filter ] --END-- [ RunTime:0.001000s ]
NOTIC: [8] Undefined index: username D:\wamp\www\kuaidian\Application\Runtime\Cache\User\d7a7632f153cf12d0db44c934c28bcfe.php 第 34 行.
INFO: Run Behavior\ParseTemplateBehavior [ RunTime:0.063003s ]
INFO: [ view_parse ] --END-- [ RunTime:0.063003s ]
INFO: [ view_filter ] --START--
INFO: Run Behavior\WriteHtmlCacheBehavior [ RunTime:0.000000s ]
INFO: [ view_filter ] --END-- [ RunTime:0.002000s ]
INFO: [ app_end ] --START--
INFO: Run Behavior\ShowPageTraceBehavior [ RunTime:0.001000s ]
INFO: [ app_end ] --END-- [ RunTime:0.001000s ]

[ 2017-03-27T20:26:28+08:00 ] 127.0.0.1 /index.php/User/Goods/goods/store_id/1.html
INFO: [ app_init ] --START--
INFO: Run Behavior\BuildLiteBehavior [ RunTime:0.001000s ]
INFO: [ app_init ] --END-- [ RunTime:0.001000s ]
INFO: [ app_begin ] --START--
INFO: Run Behavior\ReadHtmlCacheBehavior [ RunTime:0.001000s ]
INFO: [ app_begin ] --END-- [ RunTime:0.001000s ]
SQL: SHOW COLUMNS FROM `kuaidian_goods` [ RunTime:0.0700s ]
SQL: SELECT * FROM `kuaidian_goods` WHERE `store_id` = '1'  [ RunTime:0.0010s ]
INFO: [ view_parse ] --START--
INFO: [ template_filter ] --START--
INFO: Run Behavior\ContentReplaceBehavior [ RunTime:0.000000s ]
INFO: [ template_filter ] --END-- [ RunTime:0.000000s ]
NOTIC: [8] Undefined index: username D:\wamp\www\kuaidian\Application\Runtime\Cache\User\43bcc6f13c7c6d4d98974aae1a781249.php 第 35 行.
INFO: Run Behavior\ParseTemplateBehavior [ RunTime:0.037002s ]
INFO: [ view_parse ] --END-- [ RunTime:0.037002s ]
INFO: [ view_filter ] --START--
INFO: Run Behavior\WriteHtmlCacheBehavior [ RunTime:0.000000s ]
INFO: [ view_filter ] --END-- [ RunTime:0.002000s ]
INFO: [ app_end ] --START--
INFO: Run Behavior\ShowPageTraceBehavior [ RunTime:0.001000s ]
INFO: [ app_end ] --END-- [ RunTime:0.001000s ]

[ 2017-03-27T20:26:31+08:00 ] 127.0.0.1 /index.php/User/Cart/lst/storeId/1
INFO: [ app_init ] --START--
INFO: Run Behavior\BuildLiteBehavior [ RunTime:0.001000s ]
INFO: [ app_init ] --END-- [ RunTime:0.001000s ]
INFO: [ app_begin ] --START--
INFO: Run Behavior\ReadHtmlCacheBehavior [ RunTime:0.001000s ]
INFO: [ app_begin ] --END-- [ RunTime:0.002000s ]
SQL: SHOW COLUMNS FROM `kuaidian_store` [ RunTime:0.0050s ]
SQL: SELECT `id`,`storename`,`sm_logo` FROM `kuaidian_store` WHERE `id` = '1'  [ RunTime:0.0010s ]
SQL: SHOW COLUMNS FROM `kuaidian_goods` [ RunTime:0.0050s ]
SQL: SELECT `id` FROM `kuaidian_goods` WHERE `store_id` = '1'  [ RunTime:0.0000s ]
NOTIC: [8] Undefined variable: goodsData D:\wamp\www\kuaidian\Application\User\Controller\CartController.class.php 第 35 行.
INFO: [ view_parse ] --START--
INFO: [ template_filter ] --START--
INFO: Run Behavior\ContentReplaceBehavior [ RunTime:0.001000s ]
INFO: [ template_filter ] --END-- [ RunTime:0.002000s ]
NOTIC: [8] Undefined index: username D:\wamp\www\kuaidian\Application\Runtime\Cache\User\9e61ba3ea23345addd56efd07e3604be.php 第 34 行.
INFO: Run Behavior\ParseTemplateBehavior [ RunTime:0.048002s ]
INFO: [ view_parse ] --END-- [ RunTime:0.049002s ]
INFO: [ view_filter ] --START--
INFO: Run Behavior\WriteHtmlCacheBehavior [ RunTime:0.001000s ]
INFO: [ view_filter ] --END-- [ RunTime:0.001000s ]
NOTIC: [8] Undefined variable: goodsData D:\wamp\www\kuaidian\Application\User\Controller\CartController.class.php 第 41 行.
INFO: [ app_end ] --START--
INFO: Run Behavior\ShowPageTraceBehavior [ RunTime:0.001000s ]
INFO: [ app_end ] --END-- [ RunTime:0.001000s ]

[ 2017-03-27T20:26:37+08:00 ] 127.0.0.1 /index.php/User/Goods/ajaxAddToCart/storeId_goodsId_count/1,4,+,1
INFO: [ app_init ] --START--
INFO: Run Behavior\BuildLiteBehavior [ RunTime:0.000000s ]
INFO: [ app_init ] --END-- [ RunTime:0.001000s ]
INFO: [ app_begin ] --START--
INFO: Run Behavior\ReadHtmlCacheBehavior [ RunTime:0.001000s ]
INFO: [ app_begin ] --END-- [ RunTime:0.002000s ]
SQL: SHOW COLUMNS FROM `kuaidian_goods` [ RunTime:0.0050s ]
INFO: [ app_end ] --START--
INFO: Run Behavior\ShowPageTraceBehavior [ RunTime:0.001000s ]
INFO: [ app_end ] --END-- [ RunTime:0.002000s ]

[ 2017-03-27T20:26:39+08:00 ] 127.0.0.1 /index.php/User/Goods/ajaxAddToCart/storeId_goodsId_count/1,5,+,1
INFO: [ app_init ] --START--
INFO: Run Behavior\BuildLiteBehavior [ RunTime:0.000000s ]
INFO: [ app_init ] --END-- [ RunTime:0.002000s ]
INFO: [ app_begin ] --START--
INFO: Run Behavior\ReadHtmlCacheBehavior [ RunTime:0.001000s ]
INFO: [ app_begin ] --END-- [ RunTime:0.001000s ]
SQL: SHOW COLUMNS FROM `kuaidian_goods` [ RunTime:0.0050s ]
INFO: [ app_end ] --START--
INFO: Run Behavior\ShowPageTraceBehavior [ RunTime:0.001000s ]
INFO: [ app_end ] --END-- [ RunTime:0.001000s ]

[ 2017-03-27T20:26:41+08:00 ] 127.0.0.1 /index.php/User/Cart/lst/storeId/1
INFO: [ app_init ] --START--
INFO: Run Behavior\BuildLiteBehavior [ RunTime:0.001000s ]
INFO: [ app_init ] --END-- [ RunTime:0.001000s ]
INFO: [ app_begin ] --START--
INFO: Run Behavior\ReadHtmlCacheBehavior [ RunTime:0.002000s ]
INFO: [ app_begin ] --END-- [ RunTime:0.002000s ]
SQL: SHOW COLUMNS FROM `kuaidian_store` [ RunTime:0.0070s ]
SQL: SELECT `id`,`storename`,`sm_logo` FROM `kuaidian_store` WHERE `id` = '1'  [ RunTime:0.0010s ]
SQL: SHOW COLUMNS FROM `kuaidian_goods` [ RunTime:0.0050s ]
SQL: SELECT `id` FROM `kuaidian_goods` WHERE `store_id` = '1'  [ RunTime:0.0000s ]
SQL: SELECT * FROM `kuaidian_goods` WHERE `id` IN (4,5)  [ RunTime:0.0010s ]
INFO: [ view_parse ] --START--
INFO: [ template_filter ] --START--
INFO: Run Behavior\ContentReplaceBehavior [ RunTime:0.002000s ]
INFO: [ template_filter ] --END-- [ RunTime:0.002000s ]
NOTIC: [8] Undefined index: username D:\wamp\www\kuaidian\Application\Runtime\Cache\User\9e61ba3ea23345addd56efd07e3604be.php 第 34 行.
INFO: Run Behavior\ParseTemplateBehavior [ RunTime:0.048002s ]
INFO: [ view_parse ] --END-- [ RunTime:0.048002s ]
INFO: [ view_filter ] --START--
INFO: Run Behavior\WriteHtmlCacheBehavior [ RunTime:0.001000s ]
INFO: [ view_filter ] --END-- [ RunTime:0.002000s ]
INFO: [ app_end ] --START--
INFO: Run Behavior\ShowPageTraceBehavior [ RunTime:0.001001s ]
INFO: [ app_end ] --END-- [ RunTime:0.002001s ]

[ 2017-03-27T22:36:09+08:00 ] 127.0.0.1 /index.php/User/order
INFO: [ app_init ] --START--
INFO: Run Behavior\BuildLiteBehavior [ RunTime:0.000000s ]
INFO: [ app_init ] --END-- [ RunTime:0.001000s ]
INFO: [ app_begin ] --START--
INFO: Run Behavior\ReadHtmlCacheBehavior [ RunTime:0.001000s ]
INFO: [ app_begin ] --END-- [ RunTime:0.002000s ]
ERR: 非法操作:index

[ 2017-03-27T22:36:16+08:00 ] 127.0.0.1 /index.php/User/order/lst
INFO: [ app_init ] --START--
INFO: Run Behavior\BuildLiteBehavior [ RunTime:0.000000s ]
INFO: [ app_init ] --END-- [ RunTime:0.001000s ]
INFO: [ app_begin ] --START--
INFO: Run Behavior\ReadHtmlCacheBehavior [ RunTime:0.002000s ]
INFO: [ app_begin ] --END-- [ RunTime:0.002000s ]
INFO: [ view_parse ] --START--
INFO: [ template_filter ] --START--
INFO: Run Behavior\ContentReplaceBehavior [ RunTime:0.001000s ]
INFO: [ template_filter ] --END-- [ RunTime:0.001000s ]
NOTIC: [8] Undefined index: username D:\wamp\www\kuaidian\Application\Runtime\Cache\User\0cc1e298d7db3c7a8500acedc0645e75.php 第 34 行.
NOTIC: [8] Undefined variable: list D:\wamp\www\kuaidian\Application\Runtime\Cache\User\0cc1e298d7db3c7a8500acedc0645e75.php 第 105 行.
NOTIC: [8] Undefined variable: list D:\wamp\www\kuaidian\Application\Runtime\Cache\User\0cc1e298d7db3c7a8500acedc0645e75.php 第 126 行.
NOTIC: [8] Undefined variable: list D:\wamp\www\kuaidian\Application\Runtime\Cache\User\0cc1e298d7db3c7a8500acedc0645e75.php 第 147 行.
INFO: Run Behavior\ParseTemplateBehavior [ RunTime:0.039002s ]
INFO: [ view_parse ] --END-- [ RunTime:0.039002s ]
INFO: [ view_filter ] --START--
INFO: Run Behavior\WriteHtmlCacheBehavior [ RunTime:0.000000s ]
INFO: [ view_filter ] --END-- [ RunTime:0.001000s ]
INFO: [ app_end ] --START--
INFO: Run Behavior\ShowPageTraceBehavior [ RunTime:0.001000s ]
INFO: [ app_end ] --END-- [ RunTime:0.001000s ]

[ 2017-03-27T22:36:17+08:00 ] 127.0.0.1 /index.php/User/order/img/myorder.png
INFO: [ app_init ] --START--
INFO: Run Behavior\BuildLiteBehavior [ RunTime:0.000000s ]
INFO: [ app_init ] --END-- [ RunTime:0.001000s ]

[ 2017-03-27T22:39:13+08:00 ] 127.0.0.1 /index.php/User/order/lst
INFO: [ app_init ] --START--
INFO: Run Behavior\BuildLiteBehavior [ RunTime:0.000000s ]
INFO: [ app_init ] --END-- [ RunTime:0.001000s ]
INFO: [ app_begin ] --START--
INFO: Run Behavior\ReadHtmlCacheBehavior [ RunTime:0.001000s ]
INFO: [ app_begin ] --END-- [ RunTime:0.002000s ]
INFO: [ view_parse ] --START--
INFO: [ template_filter ] --START--
INFO: Run Behavior\ContentReplaceBehavior [ RunTime:0.001000s ]
INFO: [ template_filter ] --END-- [ RunTime:0.002000s ]
NOTIC: [8] Undefined index: username D:\wamp\www\kuaidian\Application\Runtime\Cache\User\0cc1e298d7db3c7a8500acedc0645e75.php 第 34 行.
NOTIC: [8] Undefined variable: list D:\wamp\www\kuaidian\Application\Runtime\Cache\User\0cc1e298d7db3c7a8500acedc0645e75.php 第 105 行.
NOTIC: [8] Undefined variable: list D:\wamp\www\kuaidian\Application\Runtime\Cache\User\0cc1e298d7db3c7a8500acedc0645e75.php 第 126 行.
NOTIC: [8] Undefined variable: list D:\wamp\www\kuaidian\Application\Runtime\Cache\User\0cc1e298d7db3c7a8500acedc0645e75.php 第 147 行.
INFO: Run Behavior\ParseTemplateBehavior [ RunTime:0.039002s ]
INFO: [ view_parse ] --END-- [ RunTime:0.040002s ]
INFO: [ view_filter ] --START--
INFO: Run Behavior\WriteHtmlCacheBehavior [ RunTime:0.001000s ]
INFO: [ view_filter ] --END-- [ RunTime:0.001000s ]
INFO: [ app_end ] --START--
INFO: Run Behavior\ShowPageTraceBehavior [ RunTime:0.001000s ]
INFO: [ app_end ] --END-- [ RunTime:0.001000s ]

[ 2017-03-27T22:39:14+08:00 ] 127.0.0.1 /index.php/User/order/img/myorder.png
INFO: [ app_init ] --START--
INFO: Run Behavior\BuildLiteBehavior [ RunTime:0.000000s ]
INFO: [ app_init ] --END-- [ RunTime:0.001000s ]

[ 2017-03-27T22:41:11+08:00 ] 127.0.0.1 /index.php/User/order/lst
INFO: [ app_init ] --START--
INFO: Run Behavior\BuildLiteBehavior [ RunTime:0.000000s ]
INFO: [ app_init ] --END-- [ RunTime:0.001000s ]
INFO: [ app_begin ] --START--
INFO: Run Behavior\ReadHtmlCacheBehavior [ RunTime:0.001000s ]
INFO: [ app_begin ] --END-- [ RunTime:0.001000s ]
INFO: [ view_parse ] --START--
INFO: [ template_filter ] --START--
INFO: Run Behavior\ContentReplaceBehavior [ RunTime:0.001000s ]
INFO: [ template_filter ] --END-- [ RunTime:0.001000s ]
NOTIC: [8] Undefined index: username D:\wamp\www\kuaidian\Application\Runtime\Cache\User\0cc1e298d7db3c7a8500acedc0645e75.php 第 34 行.
NOTIC: [8] Undefined variable: list D:\wamp\www\kuaidian\Application\Runtime\Cache\User\0cc1e298d7db3c7a8500acedc0645e75.php 第 105 行.
NOTIC: [8] Undefined variable: list D:\wamp\www\kuaidian\Application\Runtime\Cache\User\0cc1e298d7db3c7a8500acedc0645e75.php 第 126 行.
NOTIC: [8] Undefined variable: list D:\wamp\www\kuaidian\Application\Runtime\Cache\User\0cc1e298d7db3c7a8500acedc0645e75.php 第 147 行.
INFO: Run Behavior\ParseTemplateBehavior [ RunTime:0.038002s ]
INFO: [ view_parse ] --END-- [ RunTime:0.038002s ]
INFO: [ view_filter ] --START--
INFO: Run Behavior\WriteHtmlCacheBehavior [ RunTime:0.001000s ]
INFO: [ view_filter ] --END-- [ RunTime:0.001000s ]
INFO: [ app_end ] --START--
INFO: Run Behavior\ShowPageTraceBehavior [ RunTime:0.001001s ]
INFO: [ app_end ] --END-- [ RunTime:0.002001s ]

[ 2017-03-27T22:43:37+08:00 ] 127.0.0.1 /index.php/User/order/lst
INFO: [ app_init ] --START--
INFO: Run Behavior\BuildLiteBehavior [ RunTime:0.000000s ]
INFO: [ app_init ] --END-- [ RunTime:0.001000s ]
INFO: [ app_begin ] --START--
INFO: Run Behavior\ReadHtmlCacheBehavior [ RunTime:0.001000s ]
INFO: [ app_begin ] --END-- [ RunTime:0.001000s ]
INFO: [ view_parse ] --START--
INFO: [ template_filter ] --START--
INFO: Run Behavior\ContentReplaceBehavior [ RunTime:0.001000s ]
INFO: [ template_filter ] --END-- [ RunTime:0.001000s ]
NOTIC: [8] Undefined index: username D:\wamp\www\kuaidian\Application\Runtime\Cache\User\0cc1e298d7db3c7a8500acedc0645e75.php 第 34 行.
NOTIC: [8] Undefined variable: list D:\wamp\www\kuaidian\Application\Runtime\Cache\User\0cc1e298d7db3c7a8500acedc0645e75.php 第 105 行.
NOTIC: [8] Undefined variable: list D:\wamp\www\kuaidian\Application\Runtime\Cache\User\0cc1e298d7db3c7a8500acedc0645e75.php 第 126 行.
NOTIC: [8] Undefined variable: list D:\wamp\www\kuaidian\Application\Runtime\Cache\User\0cc1e298d7db3c7a8500acedc0645e75.php 第 147 行.
INFO: Run Behavior\ParseTemplateBehavior [ RunTime:0.039002s ]
INFO: [ view_parse ] --END-- [ RunTime:0.039002s ]
INFO: [ view_filter ] --START--
INFO: Run Behavior\WriteHtmlCacheBehavior [ RunTime:0.000000s ]
INFO: [ view_filter ] --END-- [ RunTime:0.001000s ]
INFO: [ app_end ] --START--
INFO: Run Behavior\ShowPageTraceBehavior [ RunTime:0.001001s ]
INFO: [ app_end ] --END-- [ RunTime:0.001001s ]

[ 2017-03-27T22:43:43+08:00 ] 127.0.0.1 /index.php/User/Index/login.html
INFO: [ app_init ] --START--
INFO: Run Behavior\BuildLiteBehavior [ RunTime:0.000000s ]
INFO: [ app_init ] --END-- [ RunTime:0.002000s ]
INFO: [ app_begin ] --START--
INFO: Run Behavior\ReadHtmlCacheBehavior [ RunTime:0.001000s ]
INFO: [ app_begin ] --END-- [ RunTime:0.001000s ]
INFO: [ view_parse ] --START--
INFO: [ template_filter ] --START--
INFO: Run Behavior\ContentReplaceBehavior [ RunTime:0.000000s ]
INFO: [ template_filter ] --END-- [ RunTime:0.000000s ]
INFO: Run Behavior\ParseTemplateBehavior [ RunTime:0.074004s ]
INFO: [ view_parse ] --END-- [ RunTime:0.076005s ]
INFO: [ view_filter ] --START--
INFO: Run Behavior\WriteHtmlCacheBehavior [ RunTime:0.001000s ]
INFO: [ view_filter ] --END-- [ RunTime:0.001000s ]
INFO: [ app_end ] --START--
INFO: Run Behavior\ShowPageTraceBehavior [ RunTime:0.001000s ]
INFO: [ app_end ] --END-- [ RunTime:0.001000s ]

[ 2017-03-27T22:43:43+08:00 ] 127.0.0.1 /index.php/User/Index/chkcode.html
INFO: [ app_init ] --START--
INFO: Run Behavior\BuildLiteBehavior [ RunTime:0.000000s ]
INFO: [ app_init ] --END-- [ RunTime:0.001000s ]
INFO: [ app_begin ] --START--
INFO: Run Behavior\ReadHtmlCacheBehavior [ RunTime:0.004001s ]
INFO: [ app_begin ] --END-- [ RunTime:0.004001s ]
INFO: [ app_end ] --START--
INFO: Run Behavior\ShowPageTraceBehavior [ RunTime:0.001000s ]
INFO: [ app_end ] --END-- [ RunTime:0.003000s ]

[ 2017-03-27T22:43:45+08:00 ] 127.0.0.1 /index.php/User/Index/register.html
INFO: [ app_init ] --START--
INFO: Run Behavior\BuildLiteBehavior [ RunTime:0.000000s ]
INFO: [ app_init ] --END-- [ RunTime:0.001000s ]
INFO: [ app_begin ] --START--
INFO: Run Behavior\ReadHtmlCacheBehavior [ RunTime:0.001000s ]
INFO: [ app_begin ] --END-- [ RunTime:0.003000s ]
INFO: [ view_parse ] --START--
INFO: [ template_filter ] --START--
INFO: Run Behavior\ContentReplaceBehavior [ RunTime:0.001000s ]
INFO: [ template_filter ] --END-- [ RunTime:0.002001s ]
INFO: Run Behavior\ParseTemplateBehavior [ RunTime:0.223013s ]
INFO: [ view_parse ] --END-- [ RunTime:0.223013s ]
INFO: [ view_filter ] --START--
INFO: Run Behavior\WriteHtmlCacheBehavior [ RunTime:0.001000s ]
INFO: [ view_filter ] --END-- [ RunTime:0.001000s ]
INFO: [ app_end ] --START--
INFO: Run Behavior\ShowPageTraceBehavior [ RunTime:0.001000s ]
INFO: [ app_end ] --END-- [ RunTime:0.002000s ]

[ 2017-03-27T22:43:48+08:00 ] 127.0.0.1 /index.php/User/Cart/lst.html
INFO: [ app_init ] --START--
INFO: Run Behavior\BuildLiteBehavior [ RunTime:0.000000s ]
INFO: [ app_init ] --END-- [ RunTime:0.000000s ]
INFO: [ app_begin ] --START--
INFO: Run Behavior\ReadHtmlCacheBehavior [ RunTime:0.001000s ]
INFO: [ app_begin ] --END-- [ RunTime:0.002000s ]
SQL: SHOW COLUMNS FROM `kuaidian_store` [ RunTime:0.0080s ]
SQL: SELECT `id`,`storename`,`sm_logo` FROM `kuaidian_store` WHERE `id` = ''  [ RunTime:0.0010s ]
SQL: SHOW COLUMNS FROM `kuaidian_goods` [ RunTime:0.0070s ]
SQL: SELECT `id` FROM `kuaidian_goods` WHERE `store_id` = ''  [ RunTime:0.0000s ]
NOTIC: [8] Undefined variable: goodsData D:\wamp\www\kuaidian\Application\User\Controller\CartController.class.php 第 35 行.
INFO: [ view_parse ] --START--
INFO: [ template_filter ] --START--
INFO: Run Behavior\ContentReplaceBehavior [ RunTime:0.001000s ]
INFO: [ template_filter ] --END-- [ RunTime:0.001000s ]
NOTIC: [8] Undefined index: username D:\wamp\www\kuaidian\Application\Runtime\Cache\User\9e61ba3ea23345addd56efd07e3604be.php 第 34 行.
INFO: Run Behavior\ParseTemplateBehavior [ RunTime:0.061003s ]
INFO: [ view_parse ] --END-- [ RunTime:0.061003s ]
INFO: [ view_filter ] --START--
INFO: Run Behavior\WriteHtmlCacheBehavior [ RunTime:0.000000s ]
INFO: [ view_filter ] --END-- [ RunTime:0.001000s ]
NOTIC: [8] Undefined variable: goodsData D:\wamp\www\kuaidian\Application\User\Controller\CartController.class.php 第 41 行.
INFO: [ app_end ] --START--
INFO: Run Behavior\ShowPageTraceBehavior [ RunTime:0.001001s ]
INFO: [ app_end ] --END-- [ RunTime:0.001001s ]

[ 2017-03-27T22:43:59+08:00 ] 127.0.0.1 /index.php/User/order/remote.html
INFO: [ app_init ] --START--
INFO: Run Behavior\BuildLiteBehavior [ RunTime:0.000000s ]
INFO: [ app_init ] --END-- [ RunTime:0.001000s ]
INFO: [ app_begin ] --START--
INFO: Run Behavior\ReadHtmlCacheBehavior [ RunTime:0.002000s ]
INFO: [ app_begin ] --END-- [ RunTime:0.002000s ]
ERR: 非法操作:remote

[ 2017-03-27T22:43:59+08:00 ] 127.0.0.1 /index.php/User/Cart/lst.html
INFO: [ app_init ] --START--
INFO: Run Behavior\BuildLiteBehavior [ RunTime:0.000000s ]
INFO: [ app_init ] --END-- [ RunTime:0.002000s ]
INFO: [ app_begin ] --START--
INFO: Run Behavior\ReadHtmlCacheBehavior [ RunTime:0.002000s ]
INFO: [ app_begin ] --END-- [ RunTime:0.002000s ]
SQL: SHOW COLUMNS FROM `kuaidian_store` [ RunTime:0.0070s ]
SQL: SELECT `id`,`storename`,`sm_logo` FROM `kuaidian_store` WHERE `id` = ''  [ RunTime:0.0010s ]
SQL: SHOW COLUMNS FROM `kuaidian_goods` [ RunTime:0.0160s ]
SQL: SELECT `id` FROM `kuaidian_goods` WHERE `store_id` = ''  [ RunTime:0.0000s ]
NOTIC: [8] Undefined variable: goodsData D:\wamp\www\kuaidian\Application\User\Controller\CartController.class.php 第 35 行.
INFO: [ view_parse ] --START--
INFO: [ template_filter ] --START--
INFO: Run Behavior\ContentReplaceBehavior [ RunTime:0.001000s ]
INFO: [ template_filter ] --END-- [ RunTime:0.002000s ]
NOTIC: [8] Undefined index: username D:\wamp\www\kuaidian\Application\Runtime\Cache\User\9e61ba3ea23345addd56efd07e3604be.php 第 34 行.
INFO: Run Behavior\ParseTemplateBehavior [ RunTime:0.066004s ]
INFO: [ view_parse ] --END-- [ RunTime:0.067004s ]
INFO: [ view_filter ] --START--
INFO: Run Behavior\WriteHtmlCacheBehavior [ RunTime:0.001000s ]
INFO: [ view_filter ] --END-- [ RunTime:0.001000s ]
NOTIC: [8] Undefined variable: goodsData D:\wamp\www\kuaidian\Application\User\Controller\CartController.class.php 第 41 行.
INFO: [ app_end ] --START--
INFO: Run Behavior\ShowPageTraceBehavior [ RunTime:0.001000s ]
INFO: [ app_end ] --END-- [ RunTime:0.003000s ]

[ 2017-03-27T22:57:19+08:00 ] 127.0.0.1 /index.php/User/order/lst
INFO: [ app_init ] --START--
INFO: Run Behavior\BuildLiteBehavior [ RunTime:0.000000s ]
INFO: [ app_init ] --END-- [ RunTime:0.001000s ]
INFO: [ app_begin ] --START--
INFO: Run Behavior\ReadHtmlCacheBehavior [ RunTime:0.001000s ]
INFO: [ app_begin ] --END-- [ RunTime:0.002001s ]
NOTIC: [8] Undefined index: user_id D:\wamp\www\kuaidian\Application\User\Controller\OrderController.class.php 第 8 行.
INFO: [ view_parse ] --START--
INFO: [ template_filter ] --START--
INFO: Run Behavior\ContentReplaceBehavior [ RunTime:0.001000s ]
INFO: [ template_filter ] --END-- [ RunTime:0.001000s ]
NOTIC: [8] Undefined index: username D:\wamp\www\kuaidian\Application\Runtime\Cache\User\0cc1e298d7db3c7a8500acedc0645e75.php 第 34 行.
NOTIC: [8] Undefined variable: list D:\wamp\www\kuaidian\Application\Runtime\Cache\User\0cc1e298d7db3c7a8500acedc0645e75.php 第 105 行.
NOTIC: [8] Undefined variable: list D:\wamp\www\kuaidian\Application\Runtime\Cache\User\0cc1e298d7db3c7a8500acedc0645e75.php 第 126 行.
NOTIC: [8] Undefined variable: list D:\wamp\www\kuaidian\Application\Runtime\Cache\User\0cc1e298d7db3c7a8500acedc0645e75.php 第 147 行.
INFO: Run Behavior\ParseTemplateBehavior [ RunTime:0.040002s ]
INFO: [ view_parse ] --END-- [ RunTime:0.040002s ]
INFO: [ view_filter ] --START--
INFO: Run Behavior\WriteHtmlCacheBehavior [ RunTime:0.001000s ]
INFO: [ view_filter ] --END-- [ RunTime:0.001000s ]
SQL: SHOW COLUMNS FROM `kuaidian_order` [ RunTime:0.0070s ]
SQL: SELECT * FROM `kuaidian_order` WHERE `user_id` = null  [ RunTime:0.0010s ]
INFO: [ app_end ] --START--
INFO: Run Behavior\ShowPageTraceBehavior [ RunTime:0.002000s ]
INFO: [ app_end ] --END-- [ RunTime:0.002000s ]

[ 2017-03-27T22:57:22+08:00 ] 127.0.0.1 /index.php/User/Index/login.html
INFO: [ app_init ] --START--
INFO: Run Behavior\BuildLiteBehavior [ RunTime:0.000000s ]
INFO: [ app_init ] --END-- [ RunTime:0.001000s ]
INFO: [ app_begin ] --START--
INFO: Run Behavior\ReadHtmlCacheBehavior [ RunTime:0.002000s ]
INFO: [ app_begin ] --END-- [ RunTime:0.002000s ]
INFO: [ view_parse ] --START--
INFO: [ template_filter ] --START--
INFO: Run Behavior\ContentReplaceBehavior [ RunTime:0.000000s ]
INFO: [ template_filter ] --END-- [ RunTime:0.001000s ]
INFO: Run Behavior\ParseTemplateBehavior [ RunTime:0.014001s ]
INFO: [ view_parse ] --END-- [ RunTime:0.014001s ]
INFO: [ view_filter ] --START--
INFO: Run Behavior\WriteHtmlCacheBehavior [ RunTime:0.001000s ]
INFO: [ view_filter ] --END-- [ RunTime:0.002000s ]
INFO: [ app_end ] --START--
INFO: Run Behavior\ShowPageTraceBehavior [ RunTime:0.002000s ]
INFO: [ app_end ] --END-- [ RunTime:0.002000s ]

[ 2017-03-27T22:57:22+08:00 ] 127.0.0.1 /index.php/User/Index/chkcode.html
INFO: [ app_init ] --START--
INFO: Run Behavior\BuildLiteBehavior [ RunTime:0.000000s ]
INFO: [ app_init ] --END-- [ RunTime:0.005000s ]
INFO: [ app_begin ] --START--
INFO: Run Behavior\ReadHtmlCacheBehavior [ RunTime:0.002000s ]
INFO: [ app_begin ] --END-- [ RunTime:0.002000s ]
INFO: [ app_end ] --START--
INFO: Run Behavior\ShowPageTraceBehavior [ RunTime:0.003000s ]
INFO: [ app_end ] --END-- [ RunTime:0.004000s ]

[ 2017-03-27T22:57:26+08:00 ] 127.0.0.1 /index.php/User/Index/chkcode.html
INFO: [ app_init ] --START--
INFO: Run Behavior\BuildLiteBehavior [ RunTime:0.000000s ]
INFO: [ app_init ] --END-- [ RunTime:0.001000s ]
INFO: [ app_begin ] --START--
INFO: Run Behavior\ReadHtmlCacheBehavior [ RunTime:0.001000s ]
INFO: [ app_begin ] --END-- [ RunTime:0.002000s ]
INFO: [ app_end ] --START--
INFO: Run Behavior\ShowPageTraceBehavior [ RunTime:0.003000s ]
INFO: [ app_end ] --END-- [ RunTime:0.003000s ]

[ 2017-03-27T22:57:29+08:00 ] 127.0.0.1 /index.php/User/Index/chkcode.html
INFO: [ app_init ] --START--
INFO: Run Behavior\BuildLiteBehavior [ RunTime:0.000000s ]
INFO: [ app_init ] --END-- [ RunTime:0.002000s ]
INFO: [ app_begin ] --START--
INFO: Run Behavior\ReadHtmlCacheBehavior [ RunTime:0.001000s ]
INFO: [ app_begin ] --END-- [ RunTime:0.001000s ]
INFO: [ app_end ] --START--
INFO: Run Behavior\ShowPageTraceBehavior [ RunTime:0.002000s ]
INFO: [ app_end ] --END-- [ RunTime:0.002000s ]

[ 2017-03-27T22:57:35+08:00 ] 127.0.0.1 /index.php/User/Index/checkVerify
INFO: [ app_init ] --START--
INFO: Run Behavior\BuildLiteBehavior [ RunTime:0.000000s ]
INFO: [ app_init ] --END-- [ RunTime:0.001000s ]
INFO: [ app_begin ] --START--
INFO: Run Behavior\ReadHtmlCacheBehavior [ RunTime:0.002000s ]
INFO: [ app_begin ] --END-- [ RunTime:0.002000s ]
SQL: SHOW COLUMNS FROM `kuaidian_user` [ RunTime:0.0060s ]
NOTIC: [8] Undefined index: validate D:\wamp\www\kuaidian\ThinkPHP\Library\Think\Model.class.php 第 1185 行.
NOTIC: [8] Undefined index: auto D:\wamp\www\kuaidian\ThinkPHP\Library\Think\Model.class.php 第 1128 行.
INFO: [ app_end ] --START--
INFO: Run Behavior\ShowPageTraceBehavior [ RunTime:0.001000s ]
INFO: [ app_end ] --END-- [ RunTime:0.002000s ]

[ 2017-03-27T22:57:35+08:00 ] 127.0.0.1 /index.php/User/Index/loginAction
INFO: [ app_init ] --START--
INFO: Run Behavior\BuildLiteBehavior [ RunTime:0.000000s ]
INFO: [ app_init ] --END-- [ RunTime:0.002000s ]
INFO: [ app_begin ] --START--
INFO: Run Behavior\ReadHtmlCacheBehavior [ RunTime:0.002000s ]
INFO: [ app_begin ] --END-- [ RunTime:0.002000s ]
SQL: SHOW COLUMNS FROM `kuaidian_user` [ RunTime:0.0060s ]
SQL: SELECT `id`,`username`,`status` FROM `kuaidian_user` WHERE `username` = '18459183674' AND `password` = 'abc123' LIMIT 1   [ RunTime:0.0010s ]
INFO: [ app_end ] --START--
INFO: Run Behavior\ShowPageTraceBehavior [ RunTime:0.002000s ]
INFO: [ app_end ] --END-- [ RunTime:0.002000s ]

[ 2017-03-27T22:57:38+08:00 ] 127.0.0.1 /index.php/User/order/lst
INFO: [ app_init ] --START--
INFO: Run Behavior\BuildLiteBehavior [ RunTime:0.000000s ]
INFO: [ app_init ] --END-- [ RunTime:0.001001s ]
INFO: [ app_begin ] --START--
INFO: Run Behavior\ReadHtmlCacheBehavior [ RunTime:0.002000s ]
INFO: [ app_begin ] --END-- [ RunTime:0.002000s ]
INFO: [ view_parse ] --START--
INFO: [ template_filter ] --START--
INFO: Run Behavior\ContentReplaceBehavior [ RunTime:0.001000s ]
INFO: [ template_filter ] --END-- [ RunTime:0.002000s ]
NOTIC: [8] Undefined variable: list D:\wamp\www\kuaidian\Application\Runtime\Cache\User\0cc1e298d7db3c7a8500acedc0645e75.php 第 105 行.
NOTIC: [8] Undefined variable: list D:\wamp\www\kuaidian\Application\Runtime\Cache\User\0cc1e298d7db3c7a8500acedc0645e75.php 第 126 行.
NOTIC: [8] Undefined variable: list D:\wamp\www\kuaidian\Application\Runtime\Cache\User\0cc1e298d7db3c7a8500acedc0645e75.php 第 147 行.
INFO: Run Behavior\ParseTemplateBehavior [ RunTime:0.043002s ]
INFO: [ view_parse ] --END-- [ RunTime:0.043002s ]
INFO: [ view_filter ] --START--
INFO: Run Behavior\WriteHtmlCacheBehavior [ RunTime:0.001000s ]
INFO: [ view_filter ] --END-- [ RunTime:0.001000s ]
SQL: SHOW COLUMNS FROM `kuaidian_order` [ RunTime:0.0060s ]
SQL: SELECT * FROM `kuaidian_order` WHERE `user_id` = '1'  [ RunTime:0.0010s ]
INFO: [ app_end ] --START--
INFO: Run Behavior\ShowPageTraceBehavior [ RunTime:0.001000s ]
INFO: [ app_end ] --END-- [ RunTime:0.001000s ]

[ 2017-03-27T23:11:40+08:00 ] 127.0.0.1 /index.php/User/order/lst
INFO: [ app_init ] --START--
INFO: Run Behavior\BuildLiteBehavior [ RunTime:0.000000s ]
INFO: [ app_init ] --END-- [ RunTime:0.001000s ]
INFO: [ app_begin ] --START--
INFO: Run Behavior\ReadHtmlCacheBehavior [ RunTime:0.001000s ]
INFO: [ app_begin ] --END-- [ RunTime:0.001000s ]
INFO: [ view_parse ] --START--
INFO: [ template_filter ] --START--
INFO: Run Behavior\ContentReplaceBehavior [ RunTime:0.001000s ]
INFO: [ template_filter ] --END-- [ RunTime:0.001000s ]
NOTIC: [8] Undefined variable: list D:\wamp\www\kuaidian\Application\Runtime\Cache\User\0cc1e298d7db3c7a8500acedc0645e75.php 第 105 行.
NOTIC: [8] Undefined variable: list D:\wamp\www\kuaidian\Application\Runtime\Cache\User\0cc1e298d7db3c7a8500acedc0645e75.php 第 126 行.
NOTIC: [8] Undefined variable: list D:\wamp\www\kuaidian\Application\Runtime\Cache\User\0cc1e298d7db3c7a8500acedc0645e75.php 第 147 行.
INFO: Run Behavior\ParseTemplateBehavior [ RunTime:0.041002s ]
INFO: [ view_parse ] --END-- [ RunTime:0.042002s ]
INFO: [ view_filter ] --START--
INFO: Run Behavior\WriteHtmlCacheBehavior [ RunTime:0.002000s ]
INFO: [ view_filter ] --END-- [ RunTime:0.002000s ]
SQL: SHOW COLUMNS FROM `kuaidian_order` [ RunTime:0.0070s ]
ERR: 1054:Unknown column 'addtimes' in 'order clause'
 [ SQL语句 ] : SELECT * FROM `kuaidian_order` WHERE `user_id` = '1' ORDER BY addtimes desc 
ERR: 1054:Unknown column 'addtimes' in 'order clause'
 [ SQL语句 ] : SELECT * FROM `kuaidian_order` WHERE `user_id` = '1' ORDER BY addtimes desc 

[ 2017-03-27T23:11:53+08:00 ] 127.0.0.1 /index.php/User/order/lst
INFO: [ app_init ] --START--
INFO: Run Behavior\BuildLiteBehavior [ RunTime:0.000000s ]
INFO: [ app_init ] --END-- [ RunTime:0.001000s ]
INFO: [ app_begin ] --START--
INFO: Run Behavior\ReadHtmlCacheBehavior [ RunTime:0.002001s ]
INFO: [ app_begin ] --END-- [ RunTime:0.003001s ]
INFO: [ view_parse ] --START--
INFO: [ template_filter ] --START--
INFO: Run Behavior\ContentReplaceBehavior [ RunTime:0.001000s ]
INFO: [ template_filter ] --END-- [ RunTime:0.001000s ]
NOTIC: [8] Undefined variable: list D:\wamp\www\kuaidian\Application\Runtime\Cache\User\0cc1e298d7db3c7a8500acedc0645e75.php 第 105 行.
NOTIC: [8] Undefined variable: list D:\wamp\www\kuaidian\Application\Runtime\Cache\User\0cc1e298d7db3c7a8500acedc0645e75.php 第 126 行.
NOTIC: [8] Undefined variable: list D:\wamp\www\kuaidian\Application\Runtime\Cache\User\0cc1e298d7db3c7a8500acedc0645e75.php 第 147 行.
INFO: Run Behavior\ParseTemplateBehavior [ RunTime:0.041002s ]
INFO: [ view_parse ] --END-- [ RunTime:0.041002s ]
INFO: [ view_filter ] --START--
INFO: Run Behavior\WriteHtmlCacheBehavior [ RunTime:0.001000s ]
INFO: [ view_filter ] --END-- [ RunTime:0.002000s ]
SQL: SHOW COLUMNS FROM `kuaidian_order` [ RunTime:0.0070s ]
SQL: SELECT * FROM `kuaidian_order` WHERE `user_id` = '1' ORDER BY add_times desc  [ RunTime:0.0020s ]
INFO: [ app_end ] --START--
INFO: Run Behavior\ShowPageTraceBehavior [ RunTime:0.002001s ]
INFO: [ app_end ] --END-- [ RunTime:0.002001s ]

[ 2017-03-27T23:13:24+08:00 ] 127.0.0.1 /index.php/User/order/lst
INFO: [ app_init ] --START--
INFO: Run Behavior\BuildLiteBehavior [ RunTime:0.000000s ]
INFO: [ app_init ] --END-- [ RunTime:0.001000s ]
INFO: [ app_begin ] --START--
INFO: Run Behavior\ReadHtmlCacheBehavior [ RunTime:0.001000s ]
INFO: [ app_begin ] --END-- [ RunTime:0.001000s ]
INFO: [ view_parse ] --START--
INFO: [ template_filter ] --START--
INFO: Run Behavior\ContentReplaceBehavior [ RunTime:0.002000s ]
INFO: [ template_filter ] --END-- [ RunTime:0.002000s ]
NOTIC: [8] Undefined variable: list D:\wamp\www\kuaidian\Application\Runtime\Cache\User\0cc1e298d7db3c7a8500acedc0645e75.php 第 105 行.
NOTIC: [8] Undefined variable: list D:\wamp\www\kuaidian\Application\Runtime\Cache\User\0cc1e298d7db3c7a8500acedc0645e75.php 第 126 行.
NOTIC: [8] Undefined variable: list D:\wamp\www\kuaidian\Application\Runtime\Cache\User\0cc1e298d7db3c7a8500acedc0645e75.php 第 147 行.
INFO: Run Behavior\ParseTemplateBehavior [ RunTime:0.045002s ]
INFO: [ view_parse ] --END-- [ RunTime:0.046003s ]
INFO: [ view_filter ] --START--
INFO: Run Behavior\WriteHtmlCacheBehavior [ RunTime:0.001000s ]
INFO: [ view_filter ] --END-- [ RunTime:0.001000s ]
SQL: SHOW COLUMNS FROM `kuaidian_order` [ RunTime:0.0070s ]
SQL: SELECT * FROM `kuaidian_order` WHERE `user_id` = '1' ORDER BY add_times desc,post_status asc  [ RunTime:0.0010s ]
INFO: [ app_end ] --START--
INFO: Run Behavior\ShowPageTraceBehavior [ RunTime:0.002000s ]
INFO: [ app_end ] --END-- [ RunTime:0.002000s ]

[ 2017-03-27T23:13:54+08:00 ] 127.0.0.1 /index.php/User/order/lst
INFO: [ app_init ] --START--
INFO: Run Behavior\BuildLiteBehavior [ RunTime:0.001000s ]
INFO: [ app_init ] --END-- [ RunTime:0.002000s ]
INFO: [ app_begin ] --START--
INFO: Run Behavior\ReadHtmlCacheBehavior [ RunTime:0.001000s ]
INFO: [ app_begin ] --END-- [ RunTime:0.001000s ]
INFO: [ view_parse ] --START--
INFO: [ template_filter ] --START--
INFO: Run Behavior\ContentReplaceBehavior [ RunTime:0.001000s ]
INFO: [ template_filter ] --END-- [ RunTime:0.002000s ]
NOTIC: [8] Undefined variable: list D:\wamp\www\kuaidian\Application\Runtime\Cache\User\0cc1e298d7db3c7a8500acedc0645e75.php 第 105 行.
NOTIC: [8] Undefined variable: list D:\wamp\www\kuaidian\Application\Runtime\Cache\User\0cc1e298d7db3c7a8500acedc0645e75.php 第 126 行.
NOTIC: [8] Undefined variable: list D:\wamp\www\kuaidian\Application\Runtime\Cache\User\0cc1e298d7db3c7a8500acedc0645e75.php 第 147 行.
INFO: Run Behavior\ParseTemplateBehavior [ RunTime:0.041003s ]
INFO: [ view_parse ] --END-- [ RunTime:0.042003s ]
INFO: [ view_filter ] --START--
INFO: Run Behavior\WriteHtmlCacheBehavior [ RunTime:0.001000s ]
INFO: [ view_filter ] --END-- [ RunTime:0.001000s ]
SQL: SHOW COLUMNS FROM `kuaidian_order` [ RunTime:0.0060s ]
SQL: SELECT * FROM `kuaidian_order` WHERE `user_id` = '1' ORDER BY add_times desc,post_status asc  [ RunTime:0.0010s ]
INFO: [ app_end ] --START--
INFO: Run Behavior\ShowPageTraceBehavior [ RunTime:0.001000s ]
INFO: [ app_end ] --END-- [ RunTime:0.001000s ]

[ 2017-03-27T23:14:05+08:00 ] 127.0.0.1 /index.php/User/order/lst
INFO: [ app_init ] --START--
INFO: Run Behavior\BuildLiteBehavior [ RunTime:0.000000s ]
INFO: [ app_init ] --END-- [ RunTime:0.001000s ]
INFO: [ app_begin ] --START--
INFO: Run Behavior\ReadHtmlCacheBehavior [ RunTime:0.002000s ]
INFO: [ app_begin ] --END-- [ RunTime:0.002000s ]
INFO: [ view_parse ] --START--
INFO: [ template_filter ] --START--
INFO: Run Behavior\ContentReplaceBehavior [ RunTime:0.001000s ]
INFO: [ template_filter ] --END-- [ RunTime:0.002000s ]
NOTIC: [8] Undefined variable: list D:\wamp\www\kuaidian\Application\Runtime\Cache\User\0cc1e298d7db3c7a8500acedc0645e75.php 第 105 行.
NOTIC: [8] Undefined variable: list D:\wamp\www\kuaidian\Application\Runtime\Cache\User\0cc1e298d7db3c7a8500acedc0645e75.php 第 126 行.
NOTIC: [8] Undefined variable: list D:\wamp\www\kuaidian\Application\Runtime\Cache\User\0cc1e298d7db3c7a8500acedc0645e75.php 第 147 行.
INFO: Run Behavior\ParseTemplateBehavior [ RunTime:0.039002s ]
INFO: [ view_parse ] --END-- [ RunTime:0.040002s ]
INFO: [ view_filter ] --START--
INFO: Run Behavior\WriteHtmlCacheBehavior [ RunTime:0.002000s ]
INFO: [ view_filter ] --END-- [ RunTime:0.002000s ]
SQL: SHOW COLUMNS FROM `kuaidian_order` [ RunTime:0.0060s ]
SQL: SELECT * FROM `kuaidian_order` WHERE `user_id` = '1' ORDER BY add_times desc,post_status asc  [ RunTime:0.0000s ]
INFO: [ app_end ] --START--
INFO: Run Behavior\ShowPageTraceBehavior [ RunTime:0.001001s ]
INFO: [ app_end ] --END-- [ RunTime:0.001001s ]

[ 2017-03-27T23:15:53+08:00 ] 127.0.0.1 /index.php/User/order/lst
INFO: [ app_init ] --START--
INFO: Run Behavior\BuildLiteBehavior [ RunTime:0.001000s ]
INFO: [ app_init ] --END-- [ RunTime:0.001000s ]
INFO: [ app_begin ] --START--
INFO: Run Behavior\ReadHtmlCacheBehavior [ RunTime:0.001000s ]
INFO: [ app_begin ] --END-- [ RunTime:0.001000s ]
INFO: [ view_parse ] --START--
INFO: [ template_filter ] --START--
INFO: Run Behavior\ContentReplaceBehavior [ RunTime:0.002000s ]
INFO: [ template_filter ] --END-- [ RunTime:0.002000s ]
NOTIC: [8] Undefined variable: list D:\wamp\www\kuaidian\Application\Runtime\Cache\User\0cc1e298d7db3c7a8500acedc0645e75.php 第 105 行.
NOTIC: [8] Undefined variable: list D:\wamp\www\kuaidian\Application\Runtime\Cache\User\0cc1e298d7db3c7a8500acedc0645e75.php 第 126 行.
NOTIC: [8] Undefined variable: list D:\wamp\www\kuaidian\Application\Runtime\Cache\User\0cc1e298d7db3c7a8500acedc0645e75.php 第 147 行.
INFO: Run Behavior\ParseTemplateBehavior [ RunTime:0.040003s ]
INFO: [ view_parse ] --END-- [ RunTime:0.040003s ]
INFO: [ view_filter ] --START--
INFO: Run Behavior\WriteHtmlCacheBehavior [ RunTime:0.001000s ]
INFO: [ view_filter ] --END-- [ RunTime:0.002000s ]
SQL: SHOW COLUMNS FROM `kuaidian_order` [ RunTime:0.0060s ]
SQL: SELECT * FROM `kuaidian_order` WHERE `user_id` = '1' ORDER BY add_times desc,post_status asc  [ RunTime:0.0010s ]
INFO: [ app_end ] --START--
INFO: Run Behavior\ShowPageTraceBehavior [ RunTime:0.001000s ]
INFO: [ app_end ] --END-- [ RunTime:0.001000s ]

[ 2017-03-27T23:18:53+08:00 ] 127.0.0.1 /index.php/User/order/lst
INFO: [ app_init ] --START--
INFO: Run Behavior\BuildLiteBehavior [ RunTime:0.000000s ]
INFO: [ app_init ] --END-- [ RunTime:0.001000s ]
INFO: [ app_begin ] --START--
INFO: Run Behavior\ReadHtmlCacheBehavior [ RunTime:0.001000s ]
INFO: [ app_begin ] --END-- [ RunTime:0.002001s ]
INFO: [ view_parse ] --START--
INFO: [ template_filter ] --START--
INFO: Run Behavior\ContentReplaceBehavior [ RunTime:0.001000s ]
INFO: [ template_filter ] --END-- [ RunTime:0.002000s ]
NOTIC: [8] Undefined variable: list D:\wamp\www\kuaidian\Application\Runtime\Cache\User\0cc1e298d7db3c7a8500acedc0645e75.php 第 105 行.
NOTIC: [8] Undefined variable: list D:\wamp\www\kuaidian\Application\Runtime\Cache\User\0cc1e298d7db3c7a8500acedc0645e75.php 第 126 行.
NOTIC: [8] Undefined variable: list D:\wamp\www\kuaidian\Application\Runtime\Cache\User\0cc1e298d7db3c7a8500acedc0645e75.php 第 147 行.
INFO: Run Behavior\ParseTemplateBehavior [ RunTime:0.042002s ]
INFO: [ view_parse ] --END-- [ RunTime:0.042002s ]
INFO: [ view_filter ] --START--
INFO: Run Behavior\WriteHtmlCacheBehavior [ RunTime:0.001000s ]
INFO: [ view_filter ] --END-- [ RunTime:0.001000s ]
SQL: SHOW COLUMNS FROM `kuaidian_order` [ RunTime:0.0060s ]
SQL: SELECT * FROM `kuaidian_order` WHERE `user_id` = '1' ORDER BY add_times desc,post_status asc  [ RunTime:0.0010s ]
INFO: [ app_end ] --START--
INFO: Run Behavior\ShowPageTraceBehavior [ RunTime:0.001000s ]
INFO: [ app_end ] --END-- [ RunTime:0.002000s ]

[ 2017-03-27T23:26:21+08:00 ] 127.0.0.1 /index.php/User/order/lst
INFO: [ app_init ] --START--
INFO: Run Behavior\BuildLiteBehavior [ RunTime:0.000000s ]
INFO: [ app_init ] --END-- [ RunTime:0.002000s ]
INFO: [ app_begin ] --START--
INFO: Run Behavior\ReadHtmlCacheBehavior [ RunTime:0.001001s ]
INFO: [ app_begin ] --END-- [ RunTime:0.001001s ]
INFO: [ view_parse ] --START--
INFO: [ template_filter ] --START--
INFO: Run Behavior\ContentReplaceBehavior [ RunTime:0.001000s ]
INFO: [ template_filter ] --END-- [ RunTime:0.001000s ]
NOTIC: [8] Undefined variable: list D:\wamp\www\kuaidian\Application\Runtime\Cache\User\0cc1e298d7db3c7a8500acedc0645e75.php 第 105 行.
NOTIC: [8] Undefined variable: list D:\wamp\www\kuaidian\Application\Runtime\Cache\User\0cc1e298d7db3c7a8500acedc0645e75.php 第 126 行.
NOTIC: [8] Undefined variable: list D:\wamp\www\kuaidian\Application\Runtime\Cache\User\0cc1e298d7db3c7a8500acedc0645e75.php 第 147 行.
INFO: Run Behavior\ParseTemplateBehavior [ RunTime:0.041002s ]
INFO: [ view_parse ] --END-- [ RunTime:0.041002s ]
INFO: [ view_filter ] --START--
INFO: Run Behavior\WriteHtmlCacheBehavior [ RunTime:0.001000s ]
INFO: [ view_filter ] --END-- [ RunTime:0.001000s ]
SQL: SHOW COLUMNS FROM `kuaidian_order` [ RunTime:0.0070s ]
ERR: 1064:You have an error in your SQL syntax; check the manual that corresponds to your MySQL server version for the right syntax to use near 'asc，add_times desc' at line 1
 [ SQL语句 ] : SELECT * FROM `kuaidian_order` WHERE `user_id` = '1' ORDER BY post_status asc，add_times desc 
ERR: 1064:You have an error in your SQL syntax; check the manual that corresponds to your MySQL server version for the right syntax to use near 'asc，add_times desc' at line 1
 [ SQL语句 ] : SELECT * FROM `kuaidian_order` WHERE `user_id` = '1' ORDER BY post_status asc，add_times desc 

[ 2017-03-27T23:26:38+08:00 ] 127.0.0.1 /index.php/User/order/lst
INFO: [ app_init ] --START--
INFO: Run Behavior\BuildLiteBehavior [ RunTime:0.000000s ]
INFO: [ app_init ] --END-- [ RunTime:0.001000s ]
INFO: [ app_begin ] --START--
INFO: Run Behavior\ReadHtmlCacheBehavior [ RunTime:0.001000s ]
INFO: [ app_begin ] --END-- [ RunTime:0.001000s ]
INFO: [ view_parse ] --START--
INFO: [ template_filter ] --START--
INFO: Run Behavior\ContentReplaceBehavior [ RunTime:0.002000s ]
INFO: [ template_filter ] --END-- [ RunTime:0.002000s ]
NOTIC: [8] Undefined variable: list D:\wamp\www\kuaidian\Application\Runtime\Cache\User\0cc1e298d7db3c7a8500acedc0645e75.php 第 105 行.
NOTIC: [8] Undefined variable: list D:\wamp\www\kuaidian\Application\Runtime\Cache\User\0cc1e298d7db3c7a8500acedc0645e75.php 第 126 行.
NOTIC: [8] Undefined variable: list D:\wamp\www\kuaidian\Application\Runtime\Cache\User\0cc1e298d7db3c7a8500acedc0645e75.php 第 147 行.
INFO: Run Behavior\ParseTemplateBehavior [ RunTime:0.041002s ]
INFO: [ view_parse ] --END-- [ RunTime:0.041002s ]
INFO: [ view_filter ] --START--
INFO: Run Behavior\WriteHtmlCacheBehavior [ RunTime:0.001000s ]
INFO: [ view_filter ] --END-- [ RunTime:0.001000s ]
SQL: SHOW COLUMNS FROM `kuaidian_order` [ RunTime:0.0060s ]
SQL: SELECT * FROM `kuaidian_order` WHERE `user_id` = '1' ORDER BY post_status asc,add_times desc  [ RunTime:0.0010s ]
INFO: [ app_end ] --START--
INFO: Run Behavior\ShowPageTraceBehavior [ RunTime:0.002000s ]
INFO: [ app_end ] --END-- [ RunTime:0.002000s ]

[ 2017-03-27T23:35:20+08:00 ] 127.0.0.1 /index.php/User/order/lst
INFO: [ app_init ] --START--
INFO: Run Behavior\BuildLiteBehavior [ RunTime:0.000000s ]
INFO: [ app_init ] --END-- [ RunTime:0.001000s ]
INFO: [ app_begin ] --START--
INFO: Run Behavior\ReadHtmlCacheBehavior [ RunTime:0.001000s ]
INFO: [ app_begin ] --END-- [ RunTime:0.002000s ]
SQL: SHOW COLUMNS FROM `kuaidian_order` [ RunTime:0.0070s ]
SQL: SELECT * FROM `kuaidian_order` WHERE `user_id` = '1' ORDER BY post_status asc,add_times desc  [ RunTime:0.0010s ]
INFO: [ view_parse ] --START--
INFO: [ template_filter ] --START--
INFO: Run Behavior\ContentReplaceBehavior [ RunTime:0.002000s ]
INFO: [ template_filter ] --END-- [ RunTime:0.002000s ]
NOTIC: [8] Undefined variable: list D:\wamp\www\kuaidian\Application\Runtime\Cache\User\0cc1e298d7db3c7a8500acedc0645e75.php 第 105 行.
NOTIC: [8] Undefined variable: list D:\wamp\www\kuaidian\Application\Runtime\Cache\User\0cc1e298d7db3c7a8500acedc0645e75.php 第 105 行.
NOTIC: [8] Undefined variable: list D:\wamp\www\kuaidian\Application\Runtime\Cache\User\0cc1e298d7db3c7a8500acedc0645e75.php 第 105 行.
NOTIC: [8] Undefined variable: list D:\wamp\www\kuaidian\Application\Runtime\Cache\User\0cc1e298d7db3c7a8500acedc0645e75.php 第 105 行.
INFO: Run Behavior\ParseTemplateBehavior [ RunTime:0.047002s ]
INFO: [ view_parse ] --END-- [ RunTime:0.047002s ]
INFO: [ view_filter ] --START--
INFO: Run Behavior\WriteHtmlCacheBehavior [ RunTime:0.001000s ]
INFO: [ view_filter ] --END-- [ RunTime:0.001000s ]
INFO: [ app_end ] --START--
INFO: Run Behavior\ShowPageTraceBehavior [ RunTime:0.002000s ]
INFO: [ app_end ] --END-- [ RunTime:0.002000s ]

[ 2017-03-27T23:36:47+08:00 ] 127.0.0.1 /index.php/User/order/lst
INFO: [ app_init ] --START--
INFO: Run Behavior\BuildLiteBehavior [ RunTime:0.000000s ]
INFO: [ app_init ] --END-- [ RunTime:0.001000s ]
INFO: [ app_begin ] --START--
INFO: Run Behavior\ReadHtmlCacheBehavior [ RunTime:0.001000s ]
INFO: [ app_begin ] --END-- [ RunTime:0.001000s ]
SQL: SHOW COLUMNS FROM `kuaidian_order` [ RunTime:0.0070s ]
SQL: SELECT * FROM `kuaidian_order` WHERE `user_id` = '1' ORDER BY post_status asc,add_times desc  [ RunTime:0.0010s ]
INFO: [ view_parse ] --START--
INFO: [ template_filter ] --START--
INFO: Run Behavior\ContentReplaceBehavior [ RunTime:0.001000s ]
INFO: [ template_filter ] --END-- [ RunTime:0.001000s ]
NOTIC: [8] Undefined variable: list D:\wamp\www\kuaidian\Application\Runtime\Cache\User\0cc1e298d7db3c7a8500acedc0645e75.php 第 105 行.
NOTIC: [8] Undefined variable: list D:\wamp\www\kuaidian\Application\Runtime\Cache\User\0cc1e298d7db3c7a8500acedc0645e75.php 第 105 行.
NOTIC: [8] Undefined variable: list D:\wamp\www\kuaidian\Application\Runtime\Cache\User\0cc1e298d7db3c7a8500acedc0645e75.php 第 105 行.
NOTIC: [8] Undefined variable: list D:\wamp\www\kuaidian\Application\Runtime\Cache\User\0cc1e298d7db3c7a8500acedc0645e75.php 第 105 行.
INFO: Run Behavior\ParseTemplateBehavior [ RunTime:0.042002s ]
INFO: [ view_parse ] --END-- [ RunTime:0.042002s ]
INFO: [ view_filter ] --START--
INFO: Run Behavior\WriteHtmlCacheBehavior [ RunTime:0.001000s ]
INFO: [ view_filter ] --END-- [ RunTime:0.001000s ]
INFO: [ app_end ] --START--
INFO: Run Behavior\ShowPageTraceBehavior [ RunTime:0.001001s ]
INFO: [ app_end ] --END-- [ RunTime:0.001001s ]

[ 2017-03-27T23:39:50+08:00 ] 127.0.0.1 /index.php/User/order/lst
INFO: [ app_init ] --START--
INFO: Run Behavior\BuildLiteBehavior [ RunTime:0.000000s ]
INFO: [ app_init ] --END-- [ RunTime:0.001000s ]
INFO: [ app_begin ] --START--
INFO: Run Behavior\ReadHtmlCacheBehavior [ RunTime:0.001000s ]
INFO: [ app_begin ] --END-- [ RunTime:0.002000s ]
SQL: SHOW COLUMNS FROM `kuaidian_order` [ RunTime:0.0070s ]
SQL: SELECT * FROM `kuaidian_order` WHERE `user_id` = '1' ORDER BY post_status asc,add_times desc  [ RunTime:0.0010s ]
INFO: [ view_parse ] --START--
INFO: [ template_filter ] --START--
INFO: Run Behavior\ContentReplaceBehavior [ RunTime:0.001000s ]
INFO: [ template_filter ] --END-- [ RunTime:0.001000s ]
NOTIC: [8] Undefined variable: list D:\wamp\www\kuaidian\Application\Runtime\Cache\User\0cc1e298d7db3c7a8500acedc0645e75.php 第 112 行.
NOTIC: [8] Undefined variable: list D:\wamp\www\kuaidian\Application\Runtime\Cache\User\0cc1e298d7db3c7a8500acedc0645e75.php 第 112 行.
NOTIC: [8] Undefined variable: list D:\wamp\www\kuaidian\Application\Runtime\Cache\User\0cc1e298d7db3c7a8500acedc0645e75.php 第 112 行.
NOTIC: [8] Undefined variable: list D:\wamp\www\kuaidian\Application\Runtime\Cache\User\0cc1e298d7db3c7a8500acedc0645e75.php 第 112 行.
INFO: Run Behavior\ParseTemplateBehavior [ RunTime:0.045002s ]
INFO: [ view_parse ] --END-- [ RunTime:0.046002s ]
INFO: [ view_filter ] --START--
INFO: Run Behavior\WriteHtmlCacheBehavior [ RunTime:0.001000s ]
INFO: [ view_filter ] --END-- [ RunTime:0.001000s ]
INFO: [ app_end ] --START--
INFO: Run Behavior\ShowPageTraceBehavior [ RunTime:0.002000s ]
INFO: [ app_end ] --END-- [ RunTime:0.002000s ]

[ 2017-03-27T23:40:46+08:00 ] 127.0.0.1 /index.php/User/order/lst
INFO: [ app_init ] --START--
INFO: Run Behavior\BuildLiteBehavior [ RunTime:0.000000s ]
INFO: [ app_init ] --END-- [ RunTime:0.001000s ]
INFO: [ app_begin ] --START--
INFO: Run Behavior\ReadHtmlCacheBehavior [ RunTime:0.001000s ]
INFO: [ app_begin ] --END-- [ RunTime:0.001000s ]
SQL: SHOW COLUMNS FROM `kuaidian_order` [ RunTime:0.0060s ]
SQL: SELECT * FROM `kuaidian_order` WHERE `user_id` = '1' ORDER BY post_status asc,add_times desc  [ RunTime:0.0020s ]
INFO: [ view_parse ] --START--
INFO: [ template_filter ] --START--
INFO: Run Behavior\ContentReplaceBehavior [ RunTime:0.002000s ]
INFO: [ template_filter ] --END-- [ RunTime:0.002000s ]
NOTIC: [8] Undefined variable: list D:\wamp\www\kuaidian\Application\Runtime\Cache\User\0cc1e298d7db3c7a8500acedc0645e75.php 第 112 行.
NOTIC: [8] Undefined variable: list D:\wamp\www\kuaidian\Application\Runtime\Cache\User\0cc1e298d7db3c7a8500acedc0645e75.php 第 112 行.
NOTIC: [8] Undefined variable: list D:\wamp\www\kuaidian\Application\Runtime\Cache\User\0cc1e298d7db3c7a8500acedc0645e75.php 第 112 行.
NOTIC: [8] Undefined variable: list D:\wamp\www\kuaidian\Application\Runtime\Cache\User\0cc1e298d7db3c7a8500acedc0645e75.php 第 112 行.
INFO: Run Behavior\ParseTemplateBehavior [ RunTime:0.043002s ]
INFO: [ view_parse ] --END-- [ RunTime:0.043002s ]
INFO: [ view_filter ] --START--
INFO: Run Behavior\WriteHtmlCacheBehavior [ RunTime:0.001000s ]
INFO: [ view_filter ] --END-- [ RunTime:0.001000s ]
INFO: [ app_end ] --START--
INFO: Run Behavior\ShowPageTraceBehavior [ RunTime:0.002000s ]
INFO: [ app_end ] --END-- [ RunTime:0.002000s ]

[ 2017-03-27T23:41:57+08:00 ] 127.0.0.1 /index.php/User/order/lst
INFO: [ app_init ] --START--
INFO: Run Behavior\BuildLiteBehavior [ RunTime:0.000000s ]
INFO: [ app_init ] --END-- [ RunTime:0.001001s ]
INFO: [ app_begin ] --START--
INFO: Run Behavior\ReadHtmlCacheBehavior [ RunTime:0.001000s ]
INFO: [ app_begin ] --END-- [ RunTime:0.002000s ]
SQL: SHOW COLUMNS FROM `kuaidian_order` [ RunTime:0.0070s ]
SQL: SELECT * FROM `kuaidian_order` WHERE `user_id` = '1' ORDER BY post_status asc,add_times desc  [ RunTime:0.0010s ]
INFO: [ view_parse ] --START--
INFO: [ template_filter ] --START--
INFO: Run Behavior\ContentReplaceBehavior [ RunTime:0.001000s ]
INFO: [ template_filter ] --END-- [ RunTime:0.001000s ]
NOTIC: [8] Undefined variable: list D:\wamp\www\kuaidian\Application\Runtime\Cache\User\0cc1e298d7db3c7a8500acedc0645e75.php 第 114 行.
NOTIC: [8] Undefined variable: list D:\wamp\www\kuaidian\Application\Runtime\Cache\User\0cc1e298d7db3c7a8500acedc0645e75.php 第 114 行.
NOTIC: [8] Undefined variable: list D:\wamp\www\kuaidian\Application\Runtime\Cache\User\0cc1e298d7db3c7a8500acedc0645e75.php 第 114 行.
NOTIC: [8] Undefined variable: list D:\wamp\www\kuaidian\Application\Runtime\Cache\User\0cc1e298d7db3c7a8500acedc0645e75.php 第 114 行.
INFO: Run Behavior\ParseTemplateBehavior [ RunTime:0.043002s ]
INFO: [ view_parse ] --END-- [ RunTime:0.043002s ]
INFO: [ view_filter ] --START--
INFO: Run Behavior\WriteHtmlCacheBehavior [ RunTime:0.001000s ]
INFO: [ view_filter ] --END-- [ RunTime:0.001000s ]
INFO: [ app_end ] --START--
INFO: Run Behavior\ShowPageTraceBehavior [ RunTime:0.001000s ]
INFO: [ app_end ] --END-- [ RunTime:0.001000s ]

[ 2017-03-27T23:42:27+08:00 ] 127.0.0.1 /index.php/User/order/lst
INFO: [ app_init ] --START--
INFO: Run Behavior\BuildLiteBehavior [ RunTime:0.000000s ]
INFO: [ app_init ] --END-- [ RunTime:0.001000s ]
INFO: [ app_begin ] --START--
INFO: Run Behavior\ReadHtmlCacheBehavior [ RunTime:0.001000s ]
INFO: [ app_begin ] --END-- [ RunTime:0.001000s ]
SQL: SHOW COLUMNS FROM `kuaidian_order` [ RunTime:0.0060s ]
SQL: SELECT * FROM `kuaidian_order` WHERE `user_id` = '1' ORDER BY post_status asc,add_times desc  [ RunTime:0.0010s ]
INFO: [ view_parse ] --START--
INFO: [ template_filter ] --START--
INFO: Run Behavior\ContentReplaceBehavior [ RunTime:0.002000s ]
INFO: [ template_filter ] --END-- [ RunTime:0.002000s ]
NOTIC: [8] Undefined variable: list D:\wamp\www\kuaidian\Application\Runtime\Cache\User\0cc1e298d7db3c7a8500acedc0645e75.php 第 114 行.
NOTIC: [8] Undefined variable: list D:\wamp\www\kuaidian\Application\Runtime\Cache\User\0cc1e298d7db3c7a8500acedc0645e75.php 第 114 行.
NOTIC: [8] Undefined variable: list D:\wamp\www\kuaidian\Application\Runtime\Cache\User\0cc1e298d7db3c7a8500acedc0645e75.php 第 114 行.
NOTIC: [8] Undefined variable: list D:\wamp\www\kuaidian\Application\Runtime\Cache\User\0cc1e298d7db3c7a8500acedc0645e75.php 第 114 行.
INFO: Run Behavior\ParseTemplateBehavior [ RunTime:0.046002s ]
INFO: [ view_parse ] --END-- [ RunTime:0.046002s ]
INFO: [ view_filter ] --START--
INFO: Run Behavior\WriteHtmlCacheBehavior [ RunTime:0.000000s ]
INFO: [ view_filter ] --END-- [ RunTime:0.001000s ]
INFO: [ app_end ] --START--
INFO: Run Behavior\ShowPageTraceBehavior [ RunTime:0.001000s ]
INFO: [ app_end ] --END-- [ RunTime:0.001000s ]

[ 2017-03-27T23:43:23+08:00 ] 127.0.0.1 /index.php/User/order/lst
INFO: [ app_init ] --START--
INFO: Run Behavior\BuildLiteBehavior [ RunTime:0.000000s ]
INFO: [ app_init ] --END-- [ RunTime:0.001000s ]
INFO: [ app_begin ] --START--
INFO: Run Behavior\ReadHtmlCacheBehavior [ RunTime:0.001000s ]
INFO: [ app_begin ] --END-- [ RunTime:0.002001s ]
SQL: SHOW COLUMNS FROM `kuaidian_order` [ RunTime:0.0060s ]
SQL: SELECT * FROM `kuaidian_order` WHERE `user_id` = '1' ORDER BY post_status asc,add_times desc  [ RunTime:0.0000s ]
INFO: [ view_parse ] --START--
INFO: [ template_filter ] --START--
INFO: Run Behavior\ContentReplaceBehavior [ RunTime:0.001000s ]
INFO: [ template_filter ] --END-- [ RunTime:0.001000s ]
NOTIC: [8] Undefined variable: list D:\wamp\www\kuaidian\Application\Runtime\Cache\User\0cc1e298d7db3c7a8500acedc0645e75.php 第 114 行.
NOTIC: [8] Undefined variable: list D:\wamp\www\kuaidian\Application\Runtime\Cache\User\0cc1e298d7db3c7a8500acedc0645e75.php 第 114 行.
NOTIC: [8] Undefined variable: list D:\wamp\www\kuaidian\Application\Runtime\Cache\User\0cc1e298d7db3c7a8500acedc0645e75.php 第 114 行.
NOTIC: [8] Undefined variable: list D:\wamp\www\kuaidian\Application\Runtime\Cache\User\0cc1e298d7db3c7a8500acedc0645e75.php 第 114 行.
INFO: Run Behavior\ParseTemplateBehavior [ RunTime:0.046003s ]
INFO: [ view_parse ] --END-- [ RunTime:0.047003s ]
INFO: [ view_filter ] --START--
INFO: Run Behavior\WriteHtmlCacheBehavior [ RunTime:0.000000s ]
INFO: [ view_filter ] --END-- [ RunTime:0.002000s ]
INFO: [ app_end ] --START--
INFO: Run Behavior\ShowPageTraceBehavior [ RunTime:0.001000s ]
INFO: [ app_end ] --END-- [ RunTime:0.001000s ]

[ 2017-03-27T23:49:27+08:00 ] 127.0.0.1 /index.php/User/order/lst
INFO: [ app_init ] --START--
INFO: Run Behavior\BuildLiteBehavior [ RunTime:0.001000s ]
INFO: [ app_init ] --END-- [ RunTime:0.002000s ]
INFO: [ app_begin ] --START--
INFO: Run Behavior\ReadHtmlCacheBehavior [ RunTime:0.001000s ]
INFO: [ app_begin ] --END-- [ RunTime:0.003000s ]
SQL: SHOW COLUMNS FROM `kuaidian_order` [ RunTime:0.0060s ]
SQL: SELECT * FROM `kuaidian_order` WHERE `user_id` = '1' ORDER BY post_status asc,add_times desc  [ RunTime:0.0010s ]
NOTIC: [8] Undefined index: $key D:\wamp\www\kuaidian\Application\User\Controller\OrderController.class.php 第 12 行.
NOTIC: [8] Undefined variable:  D:\wamp\www\kuaidian\Application\User\Controller\OrderController.class.php 第 12 行.
NOTIC: [8] Undefined index: $key D:\wamp\www\kuaidian\Application\User\Controller\OrderController.class.php 第 13 行.
SQL: SHOW COLUMNS FROM `kuaidian_order_goods` [ RunTime:0.0070s ]
SQL: SELECT * FROM `kuaidian_order_goods` WHERE `order_number` = null  [ RunTime:0.0000s ]
NOTIC: [8] Undefined index: $key D:\wamp\www\kuaidian\Application\User\Controller\OrderController.class.php 第 12 行.
NOTIC: [8] Undefined index: $key D:\wamp\www\kuaidian\Application\User\Controller\OrderController.class.php 第 13 行.
NOTIC: [8] Array to string conversion D:\wamp\www\kuaidian\ThinkPHP\Library\Think\Db\Driver.class.php 第 553 行.
ERR: 1054:Unknown column 'Array' in 'where clause'
 [ SQL语句 ] : SELECT * FROM `kuaidian_order_goods` WHERE `order_number` = Array 
ERR: 1054:Unknown column 'Array' in 'where clause'
 [ SQL语句 ] : SELECT * FROM `kuaidian_order_goods` WHERE `order_number` = Array 

[ 2017-03-27T23:51:04+08:00 ] 127.0.0.1 /index.php/User/order/lst
INFO: [ app_init ] --START--
INFO: Run Behavior\BuildLiteBehavior [ RunTime:0.000000s ]
INFO: [ app_init ] --END-- [ RunTime:0.001001s ]
INFO: [ app_begin ] --START--
INFO: Run Behavior\ReadHtmlCacheBehavior [ RunTime:0.001000s ]
INFO: [ app_begin ] --END-- [ RunTime:0.001000s ]
SQL: SHOW COLUMNS FROM `kuaidian_order` [ RunTime:0.0060s ]
SQL: SELECT * FROM `kuaidian_order` WHERE `user_id` = '1' ORDER BY post_status asc,add_times desc  [ RunTime:0.0000s ]
NOTIC: [8] Undefined index: $key D:\wamp\www\kuaidian\Application\User\Controller\OrderController.class.php 第 12 行.
NOTIC: [8] Undefined variable:  D:\wamp\www\kuaidian\Application\User\Controller\OrderController.class.php 第 12 行.
NOTIC: [8] Undefined index: $key D:\wamp\www\kuaidian\Application\User\Controller\OrderController.class.php 第 13 行.
SQL: SHOW COLUMNS FROM `kuaidian_order_goods` [ RunTime:0.0060s ]
SQL: SELECT * FROM `kuaidian_order_goods`  [ RunTime:0.0340s ]
NOTIC: [8] Undefined index: $key D:\wamp\www\kuaidian\Application\User\Controller\OrderController.class.php 第 12 行.
NOTIC: [8] Undefined index: $key D:\wamp\www\kuaidian\Application\User\Controller\OrderController.class.php 第 13 行.
SQL: SELECT * FROM `kuaidian_order_goods`  [ RunTime:0.0000s ]
NOTIC: [8] Undefined index: $key D:\wamp\www\kuaidian\Application\User\Controller\OrderController.class.php 第 12 行.
NOTIC: [8] Undefined index: $key D:\wamp\www\kuaidian\Application\User\Controller\OrderController.class.php 第 13 行.
SQL: SELECT * FROM `kuaidian_order_goods`  [ RunTime:0.0010s ]
NOTIC: [8] Undefined index: $key D:\wamp\www\kuaidian\Application\User\Controller\OrderController.class.php 第 12 行.
NOTIC: [8] Undefined index: $key D:\wamp\www\kuaidian\Application\User\Controller\OrderController.class.php 第 13 行.
SQL: SELECT * FROM `kuaidian_order_goods`  [ RunTime:0.0000s ]
INFO: [ view_parse ] --START--
INFO: [ template_filter ] --START--
INFO: Run Behavior\ContentReplaceBehavior [ RunTime:0.001000s ]
INFO: [ template_filter ] --END-- [ RunTime:0.001000s ]
NOTIC: [8] Undefined variable: list D:\wamp\www\kuaidian\Application\Runtime\Cache\User\0cc1e298d7db3c7a8500acedc0645e75.php 第 114 行.
NOTIC: [8] Undefined variable: list D:\wamp\www\kuaidian\Application\Runtime\Cache\User\0cc1e298d7db3c7a8500acedc0645e75.php 第 114 行.
NOTIC: [8] Undefined variable: list D:\wamp\www\kuaidian\Application\Runtime\Cache\User\0cc1e298d7db3c7a8500acedc0645e75.php 第 114 行.
NOTIC: [8] Undefined variable: list D:\wamp\www\kuaidian\Application\Runtime\Cache\User\0cc1e298d7db3c7a8500acedc0645e75.php 第 114 行.
INFO: Run Behavior\ParseTemplateBehavior [ RunTime:0.044002s ]
INFO: [ view_parse ] --END-- [ RunTime:0.044002s ]
INFO: [ view_filter ] --START--
INFO: Run Behavior\WriteHtmlCacheBehavior [ RunTime:0.000000s ]
INFO: [ view_filter ] --END-- [ RunTime:0.001000s ]
INFO: [ app_end ] --START--
INFO: Run Behavior\ShowPageTraceBehavior [ RunTime:0.001000s ]
INFO: [ app_end ] --END-- [ RunTime:0.002000s ]

[ 2017-03-27T23:51:10+08:00 ] 127.0.0.1 /index.php/User/order/lst
INFO: [ app_init ] --START--
INFO: Run Behavior\BuildLiteBehavior [ RunTime:0.000000s ]
INFO: [ app_init ] --END-- [ RunTime:0.000000s ]
INFO: [ app_begin ] --START--
INFO: Run Behavior\ReadHtmlCacheBehavior [ RunTime:0.001000s ]
INFO: [ app_begin ] --END-- [ RunTime:0.001000s ]
SQL: SHOW COLUMNS FROM `kuaidian_order` [ RunTime:0.0080s ]
SQL: SELECT * FROM `kuaidian_order` WHERE `user_id` = '1' ORDER BY post_status asc,add_times desc  [ RunTime:0.0010s ]
NOTIC: [8] Undefined index: $key D:\wamp\www\kuaidian\Application\User\Controller\OrderController.class.php 第 12 行.
NOTIC: [8] Undefined variable:  D:\wamp\www\kuaidian\Application\User\Controller\OrderController.class.php 第 12 行.
NOTIC: [8] Undefined index: $key D:\wamp\www\kuaidian\Application\User\Controller\OrderController.class.php 第 13 行.
SQL: SHOW COLUMNS FROM `kuaidian_order_goods` [ RunTime:0.0050s ]
SQL: SELECT * FROM `kuaidian_order_goods`  [ RunTime:0.0010s ]
NOTIC: [8] Undefined index: $key D:\wamp\www\kuaidian\Application\User\Controller\OrderController.class.php 第 12 行.
NOTIC: [8] Undefined index: $key D:\wamp\www\kuaidian\Application\User\Controller\OrderController.class.php 第 13 行.
SQL: SELECT * FROM `kuaidian_order_goods`  [ RunTime:0.0010s ]
NOTIC: [8] Undefined index: $key D:\wamp\www\kuaidian\Application\User\Controller\OrderController.class.php 第 12 行.
NOTIC: [8] Undefined index: $key D:\wamp\www\kuaidian\Application\User\Controller\OrderController.class.php 第 13 行.
SQL: SELECT * FROM `kuaidian_order_goods`  [ RunTime:0.0010s ]
NOTIC: [8] Undefined index: $key D:\wamp\www\kuaidian\Application\User\Controller\OrderController.class.php 第 12 行.
NOTIC: [8] Undefined index: $key D:\wamp\www\kuaidian\Application\User\Controller\OrderController.class.php 第 13 行.
SQL: SELECT * FROM `kuaidian_order_goods`  [ RunTime:0.0000s ]
INFO: [ view_parse ] --START--
INFO: [ template_filter ] --START--
INFO: Run Behavior\ContentReplaceBehavior [ RunTime:0.002000s ]
INFO: [ template_filter ] --END-- [ RunTime:0.002000s ]
NOTIC: [8] Undefined variable: list D:\wamp\www\kuaidian\Application\Runtime\Cache\User\0cc1e298d7db3c7a8500acedc0645e75.php 第 114 行.
NOTIC: [8] Undefined variable: list D:\wamp\www\kuaidian\Application\Runtime\Cache\User\0cc1e298d7db3c7a8500acedc0645e75.php 第 114 行.
NOTIC: [8] Undefined variable: list D:\wamp\www\kuaidian\Application\Runtime\Cache\User\0cc1e298d7db3c7a8500acedc0645e75.php 第 114 行.
NOTIC: [8] Undefined variable: list D:\wamp\www\kuaidian\Application\Runtime\Cache\User\0cc1e298d7db3c7a8500acedc0645e75.php 第 114 行.
INFO: Run Behavior\ParseTemplateBehavior [ RunTime:0.044002s ]
INFO: [ view_parse ] --END-- [ RunTime:0.044002s ]
INFO: [ view_filter ] --START--
INFO: Run Behavior\WriteHtmlCacheBehavior [ RunTime:0.001000s ]
INFO: [ view_filter ] --END-- [ RunTime:0.002000s ]
INFO: [ app_end ] --START--
INFO: Run Behavior\ShowPageTraceBehavior [ RunTime:0.001001s ]
INFO: [ app_end ] --END-- [ RunTime:0.001001s ]

[ 2017-03-27T23:51:36+08:00 ] 127.0.0.1 /index.php/User/order/lst
INFO: [ app_init ] --START--
INFO: Run Behavior\BuildLiteBehavior [ RunTime:0.000000s ]
INFO: [ app_init ] --END-- [ RunTime:0.001000s ]
INFO: [ app_begin ] --START--
INFO: Run Behavior\ReadHtmlCacheBehavior [ RunTime:0.001000s ]
INFO: [ app_begin ] --END-- [ RunTime:0.001000s ]
SQL: SHOW COLUMNS FROM `kuaidian_order` [ RunTime:0.0060s ]
SQL: SELECT * FROM `kuaidian_order` WHERE `user_id` = '1' ORDER BY post_status asc,add_times desc  [ RunTime:0.0010s ]
NOTIC: [8] Undefined index: $key D:\wamp\www\kuaidian\Application\User\Controller\OrderController.class.php 第 12 行.
NOTIC: [8] Undefined variable:  D:\wamp\www\kuaidian\Application\User\Controller\OrderController.class.php 第 12 行.
NOTIC: [8] Undefined index: $key D:\wamp\www\kuaidian\Application\User\Controller\OrderController.class.php 第 13 行.
SQL: SHOW COLUMNS FROM `kuaidian_order_goods` [ RunTime:0.0060s ]
SQL: SELECT * FROM `kuaidian_order_goods`  [ RunTime:0.0000s ]
NOTIC: [8] Undefined index: $key D:\wamp\www\kuaidian\Application\User\Controller\OrderController.class.php 第 12 行.
NOTIC: [8] Undefined index: $key D:\wamp\www\kuaidian\Application\User\Controller\OrderController.class.php 第 13 行.
SQL: SELECT * FROM `kuaidian_order_goods`  [ RunTime:0.0010s ]
NOTIC: [8] Undefined index: $key D:\wamp\www\kuaidian\Application\User\Controller\OrderController.class.php 第 12 行.
NOTIC: [8] Undefined index: $key D:\wamp\www\kuaidian\Application\User\Controller\OrderController.class.php 第 13 行.
SQL: SELECT * FROM `kuaidian_order_goods`  [ RunTime:0.0000s ]
NOTIC: [8] Undefined index: $key D:\wamp\www\kuaidian\Application\User\Controller\OrderController.class.php 第 12 行.
NOTIC: [8] Undefined index: $key D:\wamp\www\kuaidian\Application\User\Controller\OrderController.class.php 第 13 行.
SQL: SELECT * FROM `kuaidian_order_goods`  [ RunTime:0.0010s ]
INFO: [ view_parse ] --START--
INFO: [ template_filter ] --START--
INFO: Run Behavior\ContentReplaceBehavior [ RunTime:0.001000s ]
INFO: [ template_filter ] --END-- [ RunTime:0.002000s ]
NOTIC: [8] Undefined variable: list D:\wamp\www\kuaidian\Application\Runtime\Cache\User\0cc1e298d7db3c7a8500acedc0645e75.php 第 114 行.
NOTIC: [8] Undefined variable: list D:\wamp\www\kuaidian\Application\Runtime\Cache\User\0cc1e298d7db3c7a8500acedc0645e75.php 第 114 行.
NOTIC: [8] Undefined variable: list D:\wamp\www\kuaidian\Application\Runtime\Cache\User\0cc1e298d7db3c7a8500acedc0645e75.php 第 114 行.
NOTIC: [8] Undefined variable: list D:\wamp\www\kuaidian\Application\Runtime\Cache\User\0cc1e298d7db3c7a8500acedc0645e75.php 第 114 行.
INFO: Run Behavior\ParseTemplateBehavior [ RunTime:0.042003s ]
INFO: [ view_parse ] --END-- [ RunTime:0.042003s ]
INFO: [ view_filter ] --START--
INFO: Run Behavior\WriteHtmlCacheBehavior [ RunTime:0.001000s ]
INFO: [ view_filter ] --END-- [ RunTime:0.001000s ]
INFO: [ app_end ] --START--
INFO: Run Behavior\ShowPageTraceBehavior [ RunTime:0.001000s ]
INFO: [ app_end ] --END-- [ RunTime:0.001000s ]

[ 2017-03-27T23:52:21+08:00 ] 127.0.0.1 /index.php/User/order/lst
INFO: [ app_init ] --START--
INFO: Run Behavior\BuildLiteBehavior [ RunTime:0.000000s ]
INFO: [ app_init ] --END-- [ RunTime:0.002000s ]
INFO: [ app_begin ] --START--
INFO: Run Behavior\ReadHtmlCacheBehavior [ RunTime:0.001000s ]
INFO: [ app_begin ] --END-- [ RunTime:0.002000s ]
SQL: SHOW COLUMNS FROM `kuaidian_order` [ RunTime:0.0060s ]
SQL: SELECT * FROM `kuaidian_order` WHERE `user_id` = '1' ORDER BY post_status asc,add_times desc  [ RunTime:0.0010s ]
NOTIC: [8] Undefined index: $key D:\wamp\www\kuaidian\Application\User\Controller\OrderController.class.php 第 12 行.
NOTIC: [8] Undefined variable:  D:\wamp\www\kuaidian\Application\User\Controller\OrderController.class.php 第 12 行.
NOTIC: [8] Undefined index: $key D:\wamp\www\kuaidian\Application\User\Controller\OrderController.class.php 第 13 行.
SQL: SHOW COLUMNS FROM `kuaidian_order_goods` [ RunTime:0.0060s ]
SQL: SELECT * FROM `kuaidian_order_goods`  [ RunTime:0.0000s ]
NOTIC: [8] Undefined index: $key D:\wamp\www\kuaidian\Application\User\Controller\OrderController.class.php 第 12 行.
NOTIC: [8] Undefined index: $key D:\wamp\www\kuaidian\Application\User\Controller\OrderController.class.php 第 13 行.
SQL: SELECT * FROM `kuaidian_order_goods`  [ RunTime:0.0010s ]
NOTIC: [8] Undefined index: $key D:\wamp\www\kuaidian\Application\User\Controller\OrderController.class.php 第 12 行.
NOTIC: [8] Undefined index: $key D:\wamp\www\kuaidian\Application\User\Controller\OrderController.class.php 第 13 行.
SQL: SELECT * FROM `kuaidian_order_goods`  [ RunTime:0.0000s ]
NOTIC: [8] Undefined index: $key D:\wamp\www\kuaidian\Application\User\Controller\OrderController.class.php 第 12 行.
NOTIC: [8] Undefined index: $key D:\wamp\www\kuaidian\Application\User\Controller\OrderController.class.php 第 13 行.
SQL: SELECT * FROM `kuaidian_order_goods`  [ RunTime:0.0010s ]
INFO: [ view_parse ] --START--
INFO: [ template_filter ] --START--
INFO: Run Behavior\ContentReplaceBehavior [ RunTime:0.001000s ]
INFO: [ template_filter ] --END-- [ RunTime:0.001000s ]
NOTIC: [8] Undefined variable: list D:\wamp\www\kuaidian\Application\Runtime\Cache\User\0cc1e298d7db3c7a8500acedc0645e75.php 第 114 行.
NOTIC: [8] Undefined variable: list D:\wamp\www\kuaidian\Application\Runtime\Cache\User\0cc1e298d7db3c7a8500acedc0645e75.php 第 114 行.
NOTIC: [8] Undefined variable: list D:\wamp\www\kuaidian\Application\Runtime\Cache\User\0cc1e298d7db3c7a8500acedc0645e75.php 第 114 行.
NOTIC: [8] Undefined variable: list D:\wamp\www\kuaidian\Application\Runtime\Cache\User\0cc1e298d7db3c7a8500acedc0645e75.php 第 114 行.
INFO: Run Behavior\ParseTemplateBehavior [ RunTime:0.042003s ]
INFO: [ view_parse ] --END-- [ RunTime:0.044003s ]
INFO: [ view_filter ] --START--
INFO: Run Behavior\WriteHtmlCacheBehavior [ RunTime:0.001000s ]
INFO: [ view_filter ] --END-- [ RunTime:0.001000s ]
INFO: [ app_end ] --START--
INFO: Run Behavior\ShowPageTraceBehavior [ RunTime:0.001000s ]
INFO: [ app_end ] --END-- [ RunTime:0.002000s ]

[ 2017-03-27T23:54:28+08:00 ] 127.0.0.1 /index.php/User/Cart/lst/storeId/1
INFO: [ app_init ] --START--
INFO: Run Behavior\BuildLiteBehavior [ RunTime:0.000000s ]
INFO: [ app_init ] --END-- [ RunTime:0.001000s ]
INFO: [ app_begin ] --START--
INFO: Run Behavior\ReadHtmlCacheBehavior [ RunTime:0.001000s ]
INFO: [ app_begin ] --END-- [ RunTime:0.001000s ]
SQL: SHOW COLUMNS FROM `kuaidian_store` [ RunTime:0.0060s ]
SQL: SELECT `id`,`storename`,`sm_logo` FROM `kuaidian_store` WHERE `id` = '1'  [ RunTime:0.0000s ]
SQL: SHOW COLUMNS FROM `kuaidian_goods` [ RunTime:0.0060s ]
SQL: SELECT `id` FROM `kuaidian_goods` WHERE `store_id` = '1'  [ RunTime:0.0010s ]
SQL: SELECT * FROM `kuaidian_goods` WHERE `id` IN (4,5)  [ RunTime:0.0000s ]
INFO: [ view_parse ] --START--
INFO: [ template_filter ] --START--
INFO: Run Behavior\ContentReplaceBehavior [ RunTime:0.001000s ]
INFO: [ template_filter ] --END-- [ RunTime:0.001000s ]
INFO: Run Behavior\ParseTemplateBehavior [ RunTime:0.052003s ]
INFO: [ view_parse ] --END-- [ RunTime:0.052003s ]
INFO: [ view_filter ] --START--
INFO: Run Behavior\WriteHtmlCacheBehavior [ RunTime:0.001000s ]
INFO: [ view_filter ] --END-- [ RunTime:0.001000s ]
INFO: [ app_end ] --START--
INFO: Run Behavior\ShowPageTraceBehavior [ RunTime:0.001000s ]
INFO: [ app_end ] --END-- [ RunTime:0.001000s ]

[ 2017-03-27T23:54:30+08:00 ] 127.0.0.1 /index.php/User/order/lst
INFO: [ app_init ] --START--
INFO: Run Behavior\BuildLiteBehavior [ RunTime:0.000000s ]
INFO: [ app_init ] --END-- [ RunTime:0.001001s ]
INFO: [ app_begin ] --START--
INFO: Run Behavior\ReadHtmlCacheBehavior [ RunTime:0.001000s ]
INFO: [ app_begin ] --END-- [ RunTime:0.001000s ]
SQL: SHOW COLUMNS FROM `kuaidian_order` [ RunTime:0.0070s ]
SQL: SELECT * FROM `kuaidian_order` WHERE `user_id` = '1' ORDER BY post_status asc,add_times desc  [ RunTime:0.0010s ]
NOTIC: [8] Undefined index: $key D:\wamp\www\kuaidian\Application\User\Controller\OrderController.class.php 第 12 行.
NOTIC: [8] Undefined variable:  D:\wamp\www\kuaidian\Application\User\Controller\OrderController.class.php 第 12 行.
NOTIC: [8] Undefined index: $key D:\wamp\www\kuaidian\Application\User\Controller\OrderController.class.php 第 13 行.
SQL: SHOW COLUMNS FROM `kuaidian_order_goods` [ RunTime:0.0050s ]
SQL: SELECT * FROM `kuaidian_order_goods`  [ RunTime:0.0010s ]
NOTIC: [8] Undefined index: $key D:\wamp\www\kuaidian\Application\User\Controller\OrderController.class.php 第 12 行.
NOTIC: [8] Undefined index: $key D:\wamp\www\kuaidian\Application\User\Controller\OrderController.class.php 第 13 行.
SQL: SELECT * FROM `kuaidian_order_goods`  [ RunTime:0.0000s ]
NOTIC: [8] Undefined index: $key D:\wamp\www\kuaidian\Application\User\Controller\OrderController.class.php 第 12 行.
NOTIC: [8] Undefined index: $key D:\wamp\www\kuaidian\Application\User\Controller\OrderController.class.php 第 13 行.
SQL: SELECT * FROM `kuaidian_order_goods`  [ RunTime:0.0010s ]
NOTIC: [8] Undefined index: $key D:\wamp\www\kuaidian\Application\User\Controller\OrderController.class.php 第 12 行.
NOTIC: [8] Undefined index: $key D:\wamp\www\kuaidian\Application\User\Controller\OrderController.class.php 第 13 行.
SQL: SELECT * FROM `kuaidian_order_goods`  [ RunTime:0.0000s ]
SQL: SELECT * FROM `kuaidian_order_goods`  [ RunTime:0.0000s ]
INFO: [ view_parse ] --START--
INFO: [ template_filter ] --START--
INFO: Run Behavior\ContentReplaceBehavior [ RunTime:0.001000s ]
INFO: [ template_filter ] --END-- [ RunTime:0.002000s ]
NOTIC: [8] Undefined variable: list D:\wamp\www\kuaidian\Application\Runtime\Cache\User\0cc1e298d7db3c7a8500acedc0645e75.php 第 114 行.
NOTIC: [8] Undefined variable: list D:\wamp\www\kuaidian\Application\Runtime\Cache\User\0cc1e298d7db3c7a8500acedc0645e75.php 第 114 行.
NOTIC: [8] Undefined variable: list D:\wamp\www\kuaidian\Application\Runtime\Cache\User\0cc1e298d7db3c7a8500acedc0645e75.php 第 114 行.
NOTIC: [8] Undefined variable: list D:\wamp\www\kuaidian\Application\Runtime\Cache\User\0cc1e298d7db3c7a8500acedc0645e75.php 第 114 行.
INFO: Run Behavior\ParseTemplateBehavior [ RunTime:0.057003s ]
INFO: [ view_parse ] --END-- [ RunTime:0.058003s ]
INFO: [ view_filter ] --START--
INFO: Run Behavior\WriteHtmlCacheBehavior [ RunTime:0.000000s ]
INFO: [ view_filter ] --END-- [ RunTime:0.001000s ]
INFO: [ app_end ] --START--
INFO: Run Behavior\ShowPageTraceBehavior [ RunTime:0.001000s ]
INFO: [ app_end ] --END-- [ RunTime:0.001000s ]

[ 2017-03-27T23:55:01+08:00 ] 127.0.0.1 /index.php/User/order/lst
INFO: [ app_init ] --START--
INFO: Run Behavior\BuildLiteBehavior [ RunTime:0.000000s ]
INFO: [ app_init ] --END-- [ RunTime:0.002000s ]
INFO: [ app_begin ] --START--
INFO: Run Behavior\ReadHtmlCacheBehavior [ RunTime:0.000000s ]
INFO: [ app_begin ] --END-- [ RunTime:0.002000s ]
SQL: SHOW COLUMNS FROM `kuaidian_order` [ RunTime:0.0060s ]
SQL: SELECT * FROM `kuaidian_order` WHERE `user_id` = '1' ORDER BY post_status asc,add_times desc  [ RunTime:0.0000s ]
NOTIC: [8] Undefined index: $key D:\wamp\www\kuaidian\Application\User\Controller\OrderController.class.php 第 12 行.
NOTIC: [8] Undefined variable:  D:\wamp\www\kuaidian\Application\User\Controller\OrderController.class.php 第 12 行.
NOTIC: [8] Undefined index: $key D:\wamp\www\kuaidian\Application\User\Controller\OrderController.class.php 第 13 行.
SQL: SHOW COLUMNS FROM `kuaidian_order_goods` [ RunTime:0.0080s ]
SQL: SELECT * FROM `kuaidian_order_goods`  [ RunTime:0.0000s ]
NOTIC: [8] Undefined index: $key D:\wamp\www\kuaidian\Application\User\Controller\OrderController.class.php 第 12 行.
NOTIC: [8] Undefined index: $key D:\wamp\www\kuaidian\Application\User\Controller\OrderController.class.php 第 13 行.
SQL: SELECT * FROM `kuaidian_order_goods`  [ RunTime:0.0010s ]
NOTIC: [8] Undefined index: $key D:\wamp\www\kuaidian\Application\User\Controller\OrderController.class.php 第 12 行.
NOTIC: [8] Undefined index: $key D:\wamp\www\kuaidian\Application\User\Controller\OrderController.class.php 第 13 行.
SQL: SELECT * FROM `kuaidian_order_goods`  [ RunTime:0.0000s ]
NOTIC: [8] Undefined index: $key D:\wamp\www\kuaidian\Application\User\Controller\OrderController.class.php 第 12 行.
NOTIC: [8] Undefined index: $key D:\wamp\www\kuaidian\Application\User\Controller\OrderController.class.php 第 13 行.
SQL: SELECT * FROM `kuaidian_order_goods`  [ RunTime:0.0010s ]
SQL: SELECT * FROM `kuaidian_order_goods`  [ RunTime:0.0010s ]
INFO: [ view_parse ] --START--
INFO: [ template_filter ] --START--
INFO: Run Behavior\ContentReplaceBehavior [ RunTime:0.002000s ]
INFO: [ template_filter ] --END-- [ RunTime:0.002000s ]
NOTIC: [8] Undefined variable: list D:\wamp\www\kuaidian\Application\Runtime\Cache\User\0cc1e298d7db3c7a8500acedc0645e75.php 第 114 行.
NOTIC: [8] Undefined variable: list D:\wamp\www\kuaidian\Application\Runtime\Cache\User\0cc1e298d7db3c7a8500acedc0645e75.php 第 114 行.
NOTIC: [8] Undefined variable: list D:\wamp\www\kuaidian\Application\Runtime\Cache\User\0cc1e298d7db3c7a8500acedc0645e75.php 第 114 行.
NOTIC: [8] Undefined variable: list D:\wamp\www\kuaidian\Application\Runtime\Cache\User\0cc1e298d7db3c7a8500acedc0645e75.php 第 114 行.
INFO: Run Behavior\ParseTemplateBehavior [ RunTime:0.059004s ]
INFO: [ view_parse ] --END-- [ RunTime:0.059004s ]
INFO: [ view_filter ] --START--
INFO: Run Behavior\WriteHtmlCacheBehavior [ RunTime:0.001000s ]
INFO: [ view_filter ] --END-- [ RunTime:0.001000s ]
NOTIC: [8] Array to string conversion D:\wamp\www\kuaidian\Application\User\Controller\OrderController.class.php 第 20 行.
INFO: [ app_end ] --START--
INFO: Run Behavior\ShowPageTraceBehavior [ RunTime:0.001000s ]
INFO: [ app_end ] --END-- [ RunTime:0.001000s ]

[ 2017-03-27T23:55:20+08:00 ] 127.0.0.1 /index.php/User/order/lst
INFO: [ app_init ] --START--
INFO: Run Behavior\BuildLiteBehavior [ RunTime:0.000000s ]
INFO: [ app_init ] --END-- [ RunTime:0.001000s ]
INFO: [ app_begin ] --START--
INFO: Run Behavior\ReadHtmlCacheBehavior [ RunTime:0.002000s ]
INFO: [ app_begin ] --END-- [ RunTime:0.002000s ]
SQL: SHOW COLUMNS FROM `kuaidian_order` [ RunTime:0.0060s ]
SQL: SELECT * FROM `kuaidian_order` WHERE `user_id` = '1' ORDER BY post_status asc,add_times desc  [ RunTime:0.0000s ]
NOTIC: [8] Undefined index: $key D:\wamp\www\kuaidian\Application\User\Controller\OrderController.class.php 第 12 行.
NOTIC: [8] Undefined index: $key D:\wamp\www\kuaidian\Application\User\Controller\OrderController.class.php 第 13 行.
SQL: SHOW COLUMNS FROM `kuaidian_order_goods` [ RunTime:0.0060s ]
SQL: SELECT * FROM `kuaidian_order_goods`  [ RunTime:0.0000s ]
NOTIC: [8] Undefined index: $key D:\wamp\www\kuaidian\Application\User\Controller\OrderController.class.php 第 12 行.
NOTIC: [8] Undefined index: $key D:\wamp\www\kuaidian\Application\User\Controller\OrderController.class.php 第 13 行.
SQL: SELECT * FROM `kuaidian_order_goods`  [ RunTime:0.0010s ]
NOTIC: [8] Undefined index: $key D:\wamp\www\kuaidian\Application\User\Controller\OrderController.class.php 第 12 行.
NOTIC: [8] Undefined index: $key D:\wamp\www\kuaidian\Application\User\Controller\OrderController.class.php 第 13 行.
SQL: SELECT * FROM `kuaidian_order_goods`  [ RunTime:0.0000s ]
NOTIC: [8] Undefined index: $key D:\wamp\www\kuaidian\Application\User\Controller\OrderController.class.php 第 12 行.
NOTIC: [8] Undefined index: $key D:\wamp\www\kuaidian\Application\User\Controller\OrderController.class.php 第 13 行.
SQL: SELECT * FROM `kuaidian_order_goods`  [ RunTime:0.0010s ]
SQL: SELECT * FROM `kuaidian_order_goods`  [ RunTime:0.0010s ]
INFO: [ view_parse ] --START--
INFO: [ template_filter ] --START--
INFO: Run Behavior\ContentReplaceBehavior [ RunTime:0.001000s ]
INFO: [ template_filter ] --END-- [ RunTime:0.001000s ]
NOTIC: [8] Undefined variable: list D:\wamp\www\kuaidian\Application\Runtime\Cache\User\0cc1e298d7db3c7a8500acedc0645e75.php 第 114 行.
NOTIC: [8] Undefined variable: list D:\wamp\www\kuaidian\Application\Runtime\Cache\User\0cc1e298d7db3c7a8500acedc0645e75.php 第 114 行.
NOTIC: [8] Undefined variable: list D:\wamp\www\kuaidian\Application\Runtime\Cache\User\0cc1e298d7db3c7a8500acedc0645e75.php 第 114 行.
NOTIC: [8] Undefined variable: list D:\wamp\www\kuaidian\Application\Runtime\Cache\User\0cc1e298d7db3c7a8500acedc0645e75.php 第 114 行.
INFO: Run Behavior\ParseTemplateBehavior [ RunTime:0.043002s ]
INFO: [ view_parse ] --END-- [ RunTime:0.043002s ]
INFO: [ view_filter ] --START--
INFO: Run Behavior\WriteHtmlCacheBehavior [ RunTime:0.001000s ]
INFO: [ view_filter ] --END-- [ RunTime:0.001000s ]
INFO: [ app_end ] --START--
INFO: Run Behavior\ShowPageTraceBehavior [ RunTime:0.001000s ]
INFO: [ app_end ] --END-- [ RunTime:0.001000s ]

[ 2017-03-27T23:56:32+08:00 ] 127.0.0.1 /index.php/User/order/lst
INFO: [ app_init ] --START--
INFO: Run Behavior\BuildLiteBehavior [ RunTime:0.000000s ]
INFO: [ app_init ] --END-- [ RunTime:0.001000s ]
INFO: [ app_begin ] --START--
INFO: Run Behavior\ReadHtmlCacheBehavior [ RunTime:0.001000s ]
INFO: [ app_begin ] --END-- [ RunTime:0.002000s ]
SQL: SHOW COLUMNS FROM `kuaidian_order` [ RunTime:0.0060s ]
SQL: SELECT * FROM `kuaidian_order` WHERE `user_id` = '1' ORDER BY post_status asc,add_times desc  [ RunTime:0.0000s ]
NOTIC: [8] Undefined index: $key D:\wamp\www\kuaidian\Application\User\Controller\OrderController.class.php 第 13 行.
SQL: SHOW COLUMNS FROM `kuaidian_order_goods` [ RunTime:0.0060s ]
SQL: SELECT * FROM `kuaidian_order_goods`  [ RunTime:0.0010s ]
NOTIC: [8] Undefined index: $key D:\wamp\www\kuaidian\Application\User\Controller\OrderController.class.php 第 13 行.
SQL: SELECT * FROM `kuaidian_order_goods`  [ RunTime:0.0000s ]
NOTIC: [8] Undefined index: $key D:\wamp\www\kuaidian\Application\User\Controller\OrderController.class.php 第 13 行.
SQL: SELECT * FROM `kuaidian_order_goods`  [ RunTime:0.0010s ]
NOTIC: [8] Undefined index: $key D:\wamp\www\kuaidian\Application\User\Controller\OrderController.class.php 第 13 行.
SQL: SELECT * FROM `kuaidian_order_goods`  [ RunTime:0.0010s ]
SQL: SELECT * FROM `kuaidian_order_goods`  [ RunTime:0.0000s ]
INFO: [ view_parse ] --START--
INFO: [ template_filter ] --START--
INFO: Run Behavior\ContentReplaceBehavior [ RunTime:0.001000s ]
INFO: [ template_filter ] --END-- [ RunTime:0.001000s ]
NOTIC: [8] Undefined variable: list D:\wamp\www\kuaidian\Application\Runtime\Cache\User\0cc1e298d7db3c7a8500acedc0645e75.php 第 114 行.
NOTIC: [8] Undefined variable: list D:\wamp\www\kuaidian\Application\Runtime\Cache\User\0cc1e298d7db3c7a8500acedc0645e75.php 第 114 行.
NOTIC: [8] Undefined variable: list D:\wamp\www\kuaidian\Application\Runtime\Cache\User\0cc1e298d7db3c7a8500acedc0645e75.php 第 114 行.
NOTIC: [8] Undefined variable: list D:\wamp\www\kuaidian\Application\Runtime\Cache\User\0cc1e298d7db3c7a8500acedc0645e75.php 第 114 行.
INFO: Run Behavior\ParseTemplateBehavior [ RunTime:0.048003s ]
INFO: [ view_parse ] --END-- [ RunTime:0.048003s ]
INFO: [ view_filter ] --START--
INFO: Run Behavior\WriteHtmlCacheBehavior [ RunTime:0.001000s ]
INFO: [ view_filter ] --END-- [ RunTime:0.001000s ]
INFO: [ app_end ] --START--
INFO: Run Behavior\ShowPageTraceBehavior [ RunTime:0.002001s ]
INFO: [ app_end ] --END-- [ RunTime:0.002001s ]

[ 2017-03-27T23:56:44+08:00 ] 127.0.0.1 /index.php/User/order/lst
INFO: [ app_init ] --START--
INFO: Run Behavior\BuildLiteBehavior [ RunTime:0.000000s ]
INFO: [ app_init ] --END-- [ RunTime:0.003000s ]
INFO: [ app_begin ] --START--
INFO: Run Behavior\ReadHtmlCacheBehavior [ RunTime:0.002000s ]
INFO: [ app_begin ] --END-- [ RunTime:0.002000s ]
SQL: SHOW COLUMNS FROM `kuaidian_order` [ RunTime:0.0060s ]
SQL: SELECT * FROM `kuaidian_order` WHERE `user_id` = '1' ORDER BY post_status asc,add_times desc  [ RunTime:0.0010s ]
NOTIC: [8] Undefined index: $key D:\wamp\www\kuaidian\Application\User\Controller\OrderController.class.php 第 13 行.
SQL: SHOW COLUMNS FROM `kuaidian_order_goods` [ RunTime:0.0070s ]
SQL: SELECT * FROM `kuaidian_order_goods`  [ RunTime:0.0010s ]
NOTIC: [8] Undefined index: $key D:\wamp\www\kuaidian\Application\User\Controller\OrderController.class.php 第 13 行.
SQL: SELECT * FROM `kuaidian_order_goods`  [ RunTime:0.0000s ]
NOTIC: [8] Undefined index: $key D:\wamp\www\kuaidian\Application\User\Controller\OrderController.class.php 第 13 行.
SQL: SELECT * FROM `kuaidian_order_goods`  [ RunTime:0.0010s ]
NOTIC: [8] Undefined index: $key D:\wamp\www\kuaidian\Application\User\Controller\OrderController.class.php 第 13 行.
SQL: SELECT * FROM `kuaidian_order_goods`  [ RunTime:0.0000s ]
SQL: SELECT * FROM `kuaidian_order_goods`  [ RunTime:0.0010s ]
INFO: [ view_parse ] --START--
INFO: [ template_filter ] --START--
INFO: Run Behavior\ContentReplaceBehavior [ RunTime:0.001000s ]
INFO: [ template_filter ] --END-- [ RunTime:0.001000s ]
NOTIC: [8] Undefined variable: list D:\wamp\www\kuaidian\Application\Runtime\Cache\User\0cc1e298d7db3c7a8500acedc0645e75.php 第 114 行.
NOTIC: [8] Undefined variable: list D:\wamp\www\kuaidian\Application\Runtime\Cache\User\0cc1e298d7db3c7a8500acedc0645e75.php 第 114 行.
NOTIC: [8] Undefined variable: list D:\wamp\www\kuaidian\Application\Runtime\Cache\User\0cc1e298d7db3c7a8500acedc0645e75.php 第 114 行.
NOTIC: [8] Undefined variable: list D:\wamp\www\kuaidian\Application\Runtime\Cache\User\0cc1e298d7db3c7a8500acedc0645e75.php 第 114 行.
INFO: Run Behavior\ParseTemplateBehavior [ RunTime:0.046002s ]
INFO: [ view_parse ] --END-- [ RunTime:0.046002s ]
INFO: [ view_filter ] --START--
INFO: Run Behavior\WriteHtmlCacheBehavior [ RunTime:0.001000s ]
INFO: [ view_filter ] --END-- [ RunTime:0.001000s ]
INFO: [ app_end ] --START--
INFO: Run Behavior\ShowPageTraceBehavior [ RunTime:0.001000s ]
INFO: [ app_end ] --END-- [ RunTime:0.002000s ]

[ 2017-03-27T23:57:52+08:00 ] 127.0.0.1 /index.php/User/order/lst
INFO: [ app_init ] --START--
INFO: Run Behavior\BuildLiteBehavior [ RunTime:0.000000s ]
INFO: [ app_init ] --END-- [ RunTime:0.001000s ]
INFO: [ app_begin ] --START--
INFO: Run Behavior\ReadHtmlCacheBehavior [ RunTime:0.001000s ]
INFO: [ app_begin ] --END-- [ RunTime:0.001000s ]
SQL: SHOW COLUMNS FROM `kuaidian_order` [ RunTime:0.0070s ]
SQL: SELECT * FROM `kuaidian_order` WHERE `user_id` = '1' ORDER BY post_status asc,add_times desc  [ RunTime:0.0010s ]
NOTIC: [8] Undefined index: goods D:\wamp\www\kuaidian\Application\User\Controller\OrderController.class.php 第 13 行.
SQL: SHOW COLUMNS FROM `kuaidian_order_goods` [ RunTime:0.0060s ]
SQL: SELECT * FROM `kuaidian_order_goods` WHERE `order_number` = '1490540043306152'  [ RunTime:0.0680s ]
NOTIC: [8] Undefined index: goods D:\wamp\www\kuaidian\Application\User\Controller\OrderController.class.php 第 13 行.
SQL: SELECT * FROM `kuaidian_order_goods` WHERE `order_number` = '1490469085359239'  [ RunTime:0.0010s ]
NOTIC: [8] Undefined index: goods D:\wamp\www\kuaidian\Application\User\Controller\OrderController.class.php 第 13 行.
SQL: SELECT * FROM `kuaidian_order_goods` WHERE `order_number` = '1490540417733262'  [ RunTime:0.0010s ]
NOTIC: [8] Undefined index: goods D:\wamp\www\kuaidian\Application\User\Controller\OrderController.class.php 第 13 行.
SQL: SELECT * FROM `kuaidian_order_goods` WHERE `order_number` = '1490540625424479'  [ RunTime:0.0010s ]
SQL: SELECT * FROM `kuaidian_order_goods`  [ RunTime:0.0010s ]
INFO: [ view_parse ] --START--
INFO: [ template_filter ] --START--
INFO: Run Behavior\ContentReplaceBehavior [ RunTime:0.001000s ]
INFO: [ template_filter ] --END-- [ RunTime:0.001000s ]
NOTIC: [8] Undefined variable: list D:\wamp\www\kuaidian\Application\Runtime\Cache\User\0cc1e298d7db3c7a8500acedc0645e75.php 第 114 行.
NOTIC: [8] Undefined variable: list D:\wamp\www\kuaidian\Application\Runtime\Cache\User\0cc1e298d7db3c7a8500acedc0645e75.php 第 114 行.
NOTIC: [8] Undefined variable: list D:\wamp\www\kuaidian\Application\Runtime\Cache\User\0cc1e298d7db3c7a8500acedc0645e75.php 第 114 行.
NOTIC: [8] Undefined variable: list D:\wamp\www\kuaidian\Application\Runtime\Cache\User\0cc1e298d7db3c7a8500acedc0645e75.php 第 114 行.
INFO: Run Behavior\ParseTemplateBehavior [ RunTime:0.065004s ]
INFO: [ view_parse ] --END-- [ RunTime:0.065004s ]
INFO: [ view_filter ] --START--
INFO: Run Behavior\WriteHtmlCacheBehavior [ RunTime:0.001000s ]
INFO: [ view_filter ] --END-- [ RunTime:0.001000s ]
INFO: [ app_end ] --START--
INFO: Run Behavior\ShowPageTraceBehavior [ RunTime:0.001000s ]
INFO: [ app_end ] --END-- [ RunTime:0.001000s ]

[ 2017-03-27T23:58:29+08:00 ] 127.0.0.1 /index.php/User/order/lst
INFO: [ app_init ] --START--
INFO: Run Behavior\BuildLiteBehavior [ RunTime:0.000000s ]
INFO: [ app_init ] --END-- [ RunTime:0.001000s ]
INFO: [ app_begin ] --START--
INFO: Run Behavior\ReadHtmlCacheBehavior [ RunTime:0.001000s ]
INFO: [ app_begin ] --END-- [ RunTime:0.001000s ]
SQL: SHOW COLUMNS FROM `kuaidian_order` [ RunTime:0.0060s ]
SQL: SELECT * FROM `kuaidian_order` WHERE `user_id` = '1' ORDER BY post_status asc,add_times desc  [ RunTime:0.0000s ]
SQL: SHOW COLUMNS FROM `kuaidian_order_goods` [ RunTime:0.0060s ]
SQL: SELECT * FROM `kuaidian_order_goods` WHERE `order_number` = '1490540043306152'  [ RunTime:0.0010s ]
SQL: SELECT * FROM `kuaidian_order_goods` WHERE `order_number` = '1490469085359239'  [ RunTime:0.0010s ]
SQL: SELECT * FROM `kuaidian_order_goods` WHERE `order_number` = '1490540417733262'  [ RunTime:0.0000s ]
SQL: SELECT * FROM `kuaidian_order_goods` WHERE `order_number` = '1490540625424479'  [ RunTime:0.0010s ]
SQL: SELECT * FROM `kuaidian_order_goods`  [ RunTime:0.0010s ]
INFO: [ view_parse ] --START--
INFO: [ template_filter ] --START--
INFO: Run Behavior\ContentReplaceBehavior [ RunTime:0.001000s ]
INFO: [ template_filter ] --END-- [ RunTime:0.002000s ]
NOTIC: [8] Undefined variable: list D:\wamp\www\kuaidian\Application\Runtime\Cache\User\0cc1e298d7db3c7a8500acedc0645e75.php 第 114 行.
NOTIC: [8] Undefined variable: list D:\wamp\www\kuaidian\Application\Runtime\Cache\User\0cc1e298d7db3c7a8500acedc0645e75.php 第 114 行.
NOTIC: [8] Undefined variable: list D:\wamp\www\kuaidian\Application\Runtime\Cache\User\0cc1e298d7db3c7a8500acedc0645e75.php 第 114 行.
NOTIC: [8] Undefined variable: list D:\wamp\www\kuaidian\Application\Runtime\Cache\User\0cc1e298d7db3c7a8500acedc0645e75.php 第 114 行.
INFO: Run Behavior\ParseTemplateBehavior [ RunTime:0.043003s ]
INFO: [ view_parse ] --END-- [ RunTime:0.044003s ]
INFO: [ view_filter ] --START--
INFO: Run Behavior\WriteHtmlCacheBehavior [ RunTime:0.001000s ]
INFO: [ view_filter ] --END-- [ RunTime:0.001000s ]
INFO: [ app_end ] --START--
INFO: Run Behavior\ShowPageTraceBehavior [ RunTime:0.001000s ]
INFO: [ app_end ] --END-- [ RunTime:0.002000s ]

[ 2017-03-27T23:58:56+08:00 ] 127.0.0.1 /index.php/User/order/lst
INFO: [ app_init ] --START--
INFO: Run Behavior\BuildLiteBehavior [ RunTime:0.000000s ]
INFO: [ app_init ] --END-- [ RunTime:0.002000s ]
INFO: [ app_begin ] --START--
INFO: Run Behavior\ReadHtmlCacheBehavior [ RunTime:0.001000s ]
INFO: [ app_begin ] --END-- [ RunTime:0.002000s ]
SQL: SHOW COLUMNS FROM `kuaidian_order` [ RunTime:0.0070s ]
SQL: SELECT * FROM `kuaidian_order` WHERE `user_id` = '1' ORDER BY post_status asc,add_times desc  [ RunTime:0.0010s ]
SQL: SHOW COLUMNS FROM `kuaidian_order_goods` [ RunTime:0.0060s ]
SQL: SELECT * FROM `kuaidian_order_goods` WHERE `order_number` = '1490540043306152'  [ RunTime:0.0010s ]
SQL: SELECT * FROM `kuaidian_order_goods` WHERE `order_number` = '1490469085359239'  [ RunTime:0.0000s ]
SQL: SELECT * FROM `kuaidian_order_goods` WHERE `order_number` = '1490540417733262'  [ RunTime:0.0010s ]
SQL: SELECT * FROM `kuaidian_order_goods` WHERE `order_number` = '1490540625424479'  [ RunTime:0.0010s ]
SQL: SELECT * FROM `kuaidian_order_goods`  [ RunTime:0.0010s ]
INFO: [ view_parse ] --START--
INFO: [ template_filter ] --START--
INFO: Run Behavior\ContentReplaceBehavior [ RunTime:0.001000s ]
INFO: [ template_filter ] --END-- [ RunTime:0.002000s ]
NOTIC: [8] Undefined variable: list D:\wamp\www\kuaidian\Application\Runtime\Cache\User\0cc1e298d7db3c7a8500acedc0645e75.php 第 114 行.
NOTIC: [8] Undefined variable: list D:\wamp\www\kuaidian\Application\Runtime\Cache\User\0cc1e298d7db3c7a8500acedc0645e75.php 第 114 行.
NOTIC: [8] Undefined variable: list D:\wamp\www\kuaidian\Application\Runtime\Cache\User\0cc1e298d7db3c7a8500acedc0645e75.php 第 114 行.
NOTIC: [8] Undefined variable: list D:\wamp\www\kuaidian\Application\Runtime\Cache\User\0cc1e298d7db3c7a8500acedc0645e75.php 第 114 行.
INFO: Run Behavior\ParseTemplateBehavior [ RunTime:0.046003s ]
INFO: [ view_parse ] --END-- [ RunTime:0.046003s ]
INFO: [ view_filter ] --START--
INFO: Run Behavior\WriteHtmlCacheBehavior [ RunTime:0.001000s ]
INFO: [ view_filter ] --END-- [ RunTime:0.001000s ]
INFO: [ app_end ] --START--
INFO: Run Behavior\ShowPageTraceBehavior [ RunTime:0.002000s ]
INFO: [ app_end ] --END-- [ RunTime:0.002000s ]

