[ 2017-03-29T20:10:18+08:00 ] 127.0.0.1 /index.php/User
INFO: [ app_init ] --START--
INFO: Run Behavior\BuildLiteBehavior [ RunTime:0.000000s ]
INFO: [ app_init ] --END-- [ RunTime:0.001000s ]
INFO: [ app_begin ] --START--
INFO: Run Behavior\ReadHtmlCacheBehavior [ RunTime:0.002000s ]
INFO: [ app_begin ] --END-- [ RunTime:0.002000s ]
SQL: SHOW COLUMNS FROM `kuaidian_store` [ RunTime:0.0900s ]
SQL: SELECT * FROM `kuaidian_store` WHERE ( status=1 AND ischeck=1 )  [ RunTime:0.0020s ]
INFO: [ view_parse ] --START--
INFO: [ template_filter ] --START--
INFO: Run Behavior\ContentReplaceBehavior [ RunTime:0.001000s ]
INFO: [ template_filter ] --END-- [ RunTime:0.002000s ]
NOTIC: [8] Undefined index: username D:\wamp\www\kuaidian\Application\Runtime\Cache\User\d7a7632f153cf12d0db44c934c28bcfe.php 第 34 行.
INFO: Run Behavior\ParseTemplateBehavior [ RunTime:0.068004s ]
INFO: [ view_parse ] --END-- [ RunTime:0.069004s ]
INFO: [ view_filter ] --START--
INFO: Run Behavior\WriteHtmlCacheBehavior [ RunTime:0.001000s ]
INFO: [ view_filter ] --END-- [ RunTime:0.001000s ]
INFO: [ app_end ] --START--
INFO: Run Behavior\ShowPageTraceBehavior [ RunTime:0.002000s ]
INFO: [ app_end ] --END-- [ RunTime:0.002000s ]

[ 2017-03-29T20:10:30+08:00 ] 127.0.0.1 /index.php/User/Index/login.html
INFO: [ app_init ] --START--
INFO: Run Behavior\BuildLiteBehavior [ RunTime:0.000000s ]
INFO: [ app_init ] --END-- [ RunTime:0.001000s ]
INFO: [ app_begin ] --START--
INFO: Run Behavior\ReadHtmlCacheBehavior [ RunTime:0.001000s ]
INFO: [ app_begin ] --END-- [ RunTime:0.001000s ]
INFO: [ view_parse ] --START--
INFO: [ template_filter ] --START--
INFO: Run Behavior\ContentReplaceBehavior [ RunTime:0.001000s ]
INFO: [ template_filter ] --END-- [ RunTime:0.001000s ]
INFO: Run Behavior\ParseTemplateBehavior [ RunTime:0.092005s ]
INFO: [ view_parse ] --END-- [ RunTime:0.092005s ]
INFO: [ view_filter ] --START--
INFO: Run Behavior\WriteHtmlCacheBehavior [ RunTime:0.001000s ]
INFO: [ view_filter ] --END-- [ RunTime:0.001000s ]
INFO: [ app_end ] --START--
INFO: Run Behavior\ShowPageTraceBehavior [ RunTime:0.001000s ]
INFO: [ app_end ] --END-- [ RunTime:0.001000s ]

[ 2017-03-29T20:10:30+08:00 ] 127.0.0.1 /index.php/User/Index/chkcode.html
INFO: [ app_init ] --START--
INFO: Run Behavior\BuildLiteBehavior [ RunTime:0.000000s ]
INFO: [ app_init ] --END-- [ RunTime:0.001000s ]
INFO: [ app_begin ] --START--
INFO: Run Behavior\ReadHtmlCacheBehavior [ RunTime:0.001000s ]
INFO: [ app_begin ] --END-- [ RunTime:0.002000s ]
INFO: [ app_end ] --START--
INFO: Run Behavior\ShowPageTraceBehavior [ RunTime:0.001000s ]
INFO: [ app_end ] --END-- [ RunTime:0.002000s ]

[ 2017-03-29T22:28:40+08:00 ] 127.0.0.1 /index.php/User/Goods/goods/store_id/1.html
INFO: [ app_init ] --START--
INFO: Run Behavior\BuildLiteBehavior [ RunTime:0.000000s ]
INFO: [ app_init ] --END-- [ RunTime:0.001000s ]
INFO: [ app_begin ] --START--
INFO: Run Behavior\ReadHtmlCacheBehavior [ RunTime:0.001000s ]
INFO: [ app_begin ] --END-- [ RunTime:0.001000s ]
SQL: SHOW COLUMNS FROM `kuaidian_goods` [ RunTime:0.0070s ]
SQL: SELECT * FROM `kuaidian_goods` WHERE `store_id` = '1'  [ RunTime:0.0010s ]
INFO: [ view_parse ] --START--
INFO: [ template_filter ] --START--
INFO: Run Behavior\ContentReplaceBehavior [ RunTime:0.001000s ]
INFO: [ template_filter ] --END-- [ RunTime:0.001000s ]
NOTIC: [8] Undefined index: username D:\wamp\www\kuaidian\Application\Runtime\Cache\User\43bcc6f13c7c6d4d98974aae1a781249.php 第 35 行.
INFO: Run Behavior\ParseTemplateBehavior [ RunTime:0.040002s ]
INFO: [ view_parse ] --END-- [ RunTime:0.040002s ]
INFO: [ view_filter ] --START--
INFO: Run Behavior\WriteHtmlCacheBehavior [ RunTime:0.001000s ]
INFO: [ view_filter ] --END-- [ RunTime:0.001000s ]
INFO: [ app_end ] --START--
INFO: Run Behavior\ShowPageTraceBehavior [ RunTime:0.002000s ]
INFO: [ app_end ] --END-- [ RunTime:0.002000s ]

[ 2017-03-29T22:28:44+08:00 ] 127.0.0.1 /index.php/User/Goods/ajaxAddToCart/storeId_goodsId_count/1,4,+,1
INFO: [ app_init ] --START--
INFO: Run Behavior\BuildLiteBehavior [ RunTime:0.000000s ]
INFO: [ app_init ] --END-- [ RunTime:0.001000s ]
INFO: [ app_begin ] --START--
INFO: Run Behavior\ReadHtmlCacheBehavior [ RunTime:0.002001s ]
INFO: [ app_begin ] --END-- [ RunTime:0.002001s ]
SQL: SHOW COLUMNS FROM `kuaidian_goods` [ RunTime:0.0070s ]
INFO: [ app_end ] --START--
INFO: Run Behavior\ShowPageTraceBehavior [ RunTime:0.001000s ]
INFO: [ app_end ] --END-- [ RunTime:0.002000s ]

[ 2017-03-29T22:28:47+08:00 ] 127.0.0.1 /index.php/User/Cart/lst/storeId/1
INFO: [ app_init ] --START--
INFO: Run Behavior\BuildLiteBehavior [ RunTime:0.000000s ]
INFO: [ app_init ] --END-- [ RunTime:0.001000s ]
INFO: [ app_begin ] --START--
INFO: Run Behavior\ReadHtmlCacheBehavior [ RunTime:0.002000s ]
INFO: [ app_begin ] --END-- [ RunTime:0.003000s ]
SQL: SHOW COLUMNS FROM `kuaidian_store` [ RunTime:0.0080s ]
SQL: SELECT `id`,`storename`,`sm_logo` FROM `kuaidian_store` WHERE `id` = '1'  [ RunTime:0.0020s ]
SQL: SHOW COLUMNS FROM `kuaidian_goods` [ RunTime:0.0070s ]
SQL: SELECT `id` FROM `kuaidian_goods` WHERE `store_id` = '1'  [ RunTime:0.0010s ]
SQL: SELECT * FROM `kuaidian_goods` WHERE `id` IN (4)  [ RunTime:0.0010s ]
INFO: [ view_parse ] --START--
INFO: [ template_filter ] --START--
INFO: Run Behavior\ContentReplaceBehavior [ RunTime:0.001000s ]
INFO: [ template_filter ] --END-- [ RunTime:0.002001s ]
NOTIC: [8] Undefined index: username D:\wamp\www\kuaidian\Application\Runtime\Cache\User\9e61ba3ea23345addd56efd07e3604be.php 第 34 行.
INFO: Run Behavior\ParseTemplateBehavior [ RunTime:0.052003s ]
INFO: [ view_parse ] --END-- [ RunTime:0.053003s ]
INFO: [ view_filter ] --START--
INFO: Run Behavior\WriteHtmlCacheBehavior [ RunTime:0.001000s ]
INFO: [ view_filter ] --END-- [ RunTime:0.001000s ]
INFO: [ app_end ] --START--
INFO: Run Behavior\ShowPageTraceBehavior [ RunTime:0.001000s ]
INFO: [ app_end ] --END-- [ RunTime:0.002000s ]

[ 2017-03-29T22:31:31+08:00 ] 127.0.0.1 /index.php/User/Cart/lst/storeId/1
INFO: [ app_init ] --START--
INFO: Run Behavior\BuildLiteBehavior [ RunTime:0.000000s ]
INFO: [ app_init ] --END-- [ RunTime:0.002001s ]
INFO: [ app_begin ] --START--
INFO: Run Behavior\ReadHtmlCacheBehavior [ RunTime:0.001000s ]
INFO: [ app_begin ] --END-- [ RunTime:0.002000s ]
SQL: SHOW COLUMNS FROM `kuaidian_store` [ RunTime:0.0070s ]
SQL: SELECT `id`,`storename`,`sm_logo` FROM `kuaidian_store` WHERE `id` = '1'  [ RunTime:0.0010s ]
SQL: SHOW COLUMNS FROM `kuaidian_goods` [ RunTime:0.0080s ]
SQL: SELECT `id` FROM `kuaidian_goods` WHERE `store_id` = '1'  [ RunTime:0.0000s ]
SQL: SELECT * FROM `kuaidian_goods` WHERE `id` IN (4)  [ RunTime:0.0010s ]
INFO: [ view_parse ] --START--
INFO: [ template_filter ] --START--
INFO: Run Behavior\ContentReplaceBehavior [ RunTime:0.001000s ]
INFO: [ template_filter ] --END-- [ RunTime:0.001000s ]
NOTIC: [8] Undefined index: username D:\wamp\www\kuaidian\Application\Runtime\Cache\User\9e61ba3ea23345addd56efd07e3604be.php 第 34 行.
INFO: Run Behavior\ParseTemplateBehavior [ RunTime:0.068004s ]
INFO: [ view_parse ] --END-- [ RunTime:0.068004s ]
INFO: [ view_filter ] --START--
INFO: Run Behavior\WriteHtmlCacheBehavior [ RunTime:0.001000s ]
INFO: [ view_filter ] --END-- [ RunTime:0.002000s ]
INFO: [ app_end ] --START--
INFO: Run Behavior\ShowPageTraceBehavior [ RunTime:0.002001s ]
INFO: [ app_end ] --END-- [ RunTime:0.002001s ]

[ 2017-03-29T22:32:00+08:00 ] 127.0.0.1 /index.php/User/Cart/ajaxOrderSubmit
INFO: [ app_init ] --START--
INFO: Run Behavior\BuildLiteBehavior [ RunTime:0.000000s ]
INFO: [ app_init ] --END-- [ RunTime:0.001000s ]
INFO: [ app_begin ] --START--
INFO: Run Behavior\ReadHtmlCacheBehavior [ RunTime:0.001000s ]
INFO: [ app_begin ] --END-- [ RunTime:0.001000s ]

[ 2017-03-29T22:32:00+08:00 ] 127.0.0.1 /index.php/User/Index/login.html
INFO: [ app_init ] --START--
INFO: Run Behavior\BuildLiteBehavior [ RunTime:0.000000s ]
INFO: [ app_init ] --END-- [ RunTime:0.002000s ]
INFO: [ app_begin ] --START--
INFO: Run Behavior\ReadHtmlCacheBehavior [ RunTime:0.001000s ]
INFO: [ app_begin ] --END-- [ RunTime:0.002001s ]
INFO: [ view_parse ] --START--
INFO: [ template_filter ] --START--
INFO: Run Behavior\ContentReplaceBehavior [ RunTime:0.000000s ]
INFO: [ template_filter ] --END-- [ RunTime:0.001000s ]
INFO: Run Behavior\ParseTemplateBehavior [ RunTime:0.014001s ]
INFO: [ view_parse ] --END-- [ RunTime:0.016001s ]
INFO: [ view_filter ] --START--
INFO: Run Behavior\WriteHtmlCacheBehavior [ RunTime:0.001000s ]
INFO: [ view_filter ] --END-- [ RunTime:0.001000s ]
INFO: [ app_end ] --START--
INFO: Run Behavior\ShowPageTraceBehavior [ RunTime:0.002000s ]
INFO: [ app_end ] --END-- [ RunTime:0.002000s ]

[ 2017-03-29T22:32:00+08:00 ] 127.0.0.1 /index.php/User/Index/chkcode.html
INFO: [ app_init ] --START--
INFO: Run Behavior\BuildLiteBehavior [ RunTime:0.000000s ]
INFO: [ app_init ] --END-- [ RunTime:0.002000s ]
INFO: [ app_begin ] --START--
INFO: Run Behavior\ReadHtmlCacheBehavior [ RunTime:0.002000s ]
INFO: [ app_begin ] --END-- [ RunTime:0.002000s ]
INFO: [ app_end ] --START--
INFO: Run Behavior\ShowPageTraceBehavior [ RunTime:0.003000s ]
INFO: [ app_end ] --END-- [ RunTime:0.003000s ]

[ 2017-03-29T22:32:10+08:00 ] 127.0.0.1 /index.php/User/Index/checkVerify
INFO: [ app_init ] --START--
INFO: Run Behavior\BuildLiteBehavior [ RunTime:0.000000s ]
INFO: [ app_init ] --END-- [ RunTime:0.001000s ]
INFO: [ app_begin ] --START--
INFO: Run Behavior\ReadHtmlCacheBehavior [ RunTime:0.002001s ]
INFO: [ app_begin ] --END-- [ RunTime:0.002001s ]
SQL: SHOW COLUMNS FROM `kuaidian_user` [ RunTime:0.0110s ]
NOTIC: [8] Undefined index: validate D:\wamp\www\kuaidian\ThinkPHP\Library\Think\Model.class.php 第 1185 行.
NOTIC: [8] Undefined index: auto D:\wamp\www\kuaidian\ThinkPHP\Library\Think\Model.class.php 第 1128 行.
INFO: [ app_end ] --START--
INFO: Run Behavior\ShowPageTraceBehavior [ RunTime:0.003000s ]
INFO: [ app_end ] --END-- [ RunTime:0.003000s ]

[ 2017-03-29T22:32:10+08:00 ] 127.0.0.1 /index.php/User/Index/loginAction
INFO: [ app_init ] --START--
INFO: Run Behavior\BuildLiteBehavior [ RunTime:0.000000s ]
INFO: [ app_init ] --END-- [ RunTime:0.002000s ]
INFO: [ app_begin ] --START--
INFO: Run Behavior\ReadHtmlCacheBehavior [ RunTime:0.002000s ]
INFO: [ app_begin ] --END-- [ RunTime:0.002000s ]
SQL: SHOW COLUMNS FROM `kuaidian_user` [ RunTime:0.0080s ]
SQL: SELECT `id`,`username`,`status` FROM `kuaidian_user` WHERE `username` = '18459183674' AND `password` = 'abc123' LIMIT 1   [ RunTime:0.0010s ]
INFO: [ app_end ] --START--
INFO: Run Behavior\ShowPageTraceBehavior [ RunTime:0.003001s ]
INFO: [ app_end ] --END-- [ RunTime:0.003001s ]

[ 2017-03-29T22:32:13+08:00 ] 127.0.0.1 /index.php/User/Cart/lst/storeId/1
INFO: [ app_init ] --START--
INFO: Run Behavior\BuildLiteBehavior [ RunTime:0.000000s ]
INFO: [ app_init ] --END-- [ RunTime:0.001000s ]
INFO: [ app_begin ] --START--
INFO: Run Behavior\ReadHtmlCacheBehavior [ RunTime:0.001000s ]
INFO: [ app_begin ] --END-- [ RunTime:0.001000s ]
SQL: SHOW COLUMNS FROM `kuaidian_store` [ RunTime:0.0090s ]
SQL: SELECT `id`,`storename`,`sm_logo` FROM `kuaidian_store` WHERE `id` = '1'  [ RunTime:0.0010s ]
SQL: SHOW COLUMNS FROM `kuaidian_goods` [ RunTime:0.0070s ]
SQL: SELECT `id` FROM `kuaidian_goods` WHERE `store_id` = '1'  [ RunTime:0.0010s ]
SQL: SELECT * FROM `kuaidian_goods` WHERE `id` IN (4)  [ RunTime:0.0000s ]
INFO: [ view_parse ] --START--
INFO: [ template_filter ] --START--
INFO: Run Behavior\ContentReplaceBehavior [ RunTime:0.001000s ]
INFO: [ template_filter ] --END-- [ RunTime:0.002000s ]
INFO: Run Behavior\ParseTemplateBehavior [ RunTime:0.054003s ]
INFO: [ view_parse ] --END-- [ RunTime:0.054003s ]
INFO: [ view_filter ] --START--
INFO: Run Behavior\WriteHtmlCacheBehavior [ RunTime:0.001000s ]
INFO: [ view_filter ] --END-- [ RunTime:0.001000s ]
INFO: [ app_end ] --START--
INFO: Run Behavior\ShowPageTraceBehavior [ RunTime:0.002001s ]
INFO: [ app_end ] --END-- [ RunTime:0.002001s ]

[ 2017-03-29T22:34:52+08:00 ] 127.0.0.1 /index.php/User/Cart/lst/storeId/1
INFO: [ app_init ] --START--
INFO: Run Behavior\BuildLiteBehavior [ RunTime:0.000000s ]
INFO: [ app_init ] --END-- [ RunTime:0.002000s ]
INFO: [ app_begin ] --START--
INFO: Run Behavior\ReadHtmlCacheBehavior [ RunTime:0.001000s ]
INFO: [ app_begin ] --END-- [ RunTime:0.002000s ]
SQL: SHOW COLUMNS FROM `kuaidian_store` [ RunTime:0.0090s ]
SQL: SELECT `id`,`storename`,`sm_logo` FROM `kuaidian_store` WHERE `id` = '1'  [ RunTime:0.0010s ]
SQL: SHOW COLUMNS FROM `kuaidian_goods` [ RunTime:0.0080s ]
SQL: SELECT `id` FROM `kuaidian_goods` WHERE `store_id` = '1'  [ RunTime:0.0010s ]
SQL: SELECT * FROM `kuaidian_goods` WHERE `id` IN (4)  [ RunTime:0.0010s ]
INFO: [ view_parse ] --START--
INFO: [ template_filter ] --START--
INFO: Run Behavior\ContentReplaceBehavior [ RunTime:0.001000s ]
INFO: [ template_filter ] --END-- [ RunTime:0.001000s ]
INFO: Run Behavior\ParseTemplateBehavior [ RunTime:0.055003s ]
INFO: [ view_parse ] --END-- [ RunTime:0.055003s ]
INFO: [ view_filter ] --START--
INFO: Run Behavior\WriteHtmlCacheBehavior [ RunTime:0.001000s ]
INFO: [ view_filter ] --END-- [ RunTime:0.002000s ]
INFO: [ app_end ] --START--
INFO: Run Behavior\ShowPageTraceBehavior [ RunTime:0.002000s ]
INFO: [ app_end ] --END-- [ RunTime:0.002000s ]

[ 2017-03-29T22:35:08+08:00 ] 127.0.0.1 /index.php/User/Cart/ajaxOrderSubmit
INFO: [ app_init ] --START--
INFO: Run Behavior\BuildLiteBehavior [ RunTime:0.000000s ]
INFO: [ app_init ] --END-- [ RunTime:0.001000s ]
INFO: [ app_begin ] --START--
INFO: Run Behavior\ReadHtmlCacheBehavior [ RunTime:0.001000s ]
INFO: [ app_begin ] --END-- [ RunTime:0.001000s ]
SQL: SHOW COLUMNS FROM `kuaidian_order` [ RunTime:0.0080s ]
NOTIC: [8] Undefined index: validate D:\wamp\www\kuaidian\ThinkPHP\Library\Think\Model.class.php 第 1185 行.
NOTIC: [8] Undefined index: auto D:\wamp\www\kuaidian\ThinkPHP\Library\Think\Model.class.php 第 1128 行.
SQL: INSERT INTO `kuaidian_order` (`store_id`,`total_price`,`scr_name`,`scr_tel`,`scr_address`,`room_time`,`payment_method`,`mark`,`add_times`,`order_number`,`user_id`) VALUES ('1','2.00','lin','18459183674','闽江学院 3区1B','1490798700','0','加香菜','1490798108','1490798108195719','1') [ RunTime:0.0020s ]
SQL: SHOW COLUMNS FROM `kuaidian_goods` [ RunTime:0.0070s ]
SQL: SELECT `goods_price` FROM `kuaidian_goods` WHERE `id` = 4 LIMIT 1   [ RunTime:0.0000s ]
SQL: SHOW COLUMNS FROM `kuaidian_order_goods` [ RunTime:0.0080s ]
SQL: INSERT INTO `kuaidian_order_goods` (`order_number`,`store_id`,`user_id`,`goods_id`,`goods_number`,`goods_price`) VALUES ('1490798108195719','1','1','4','1','1.00') [ RunTime:0.0630s ]

[ 2017-03-29T22:35:10+08:00 ] 127.0.0.1 /index.php/User/Order/lst
INFO: [ app_init ] --START--
INFO: Run Behavior\BuildLiteBehavior [ RunTime:0.000000s ]
INFO: [ app_init ] --END-- [ RunTime:0.001000s ]
INFO: [ app_begin ] --START--
INFO: Run Behavior\ReadHtmlCacheBehavior [ RunTime:0.001000s ]
INFO: [ app_begin ] --END-- [ RunTime:0.001000s ]
SQL: SHOW COLUMNS FROM `kuaidian_order` [ RunTime:0.0070s ]
SQL: SELECT * FROM `kuaidian_order` WHERE `user_id` = '1' ORDER BY post_status asc,add_times desc  [ RunTime:0.0010s ]
SQL: SHOW COLUMNS FROM `kuaidian_store` [ RunTime:0.0090s ]
SQL: SELECT `storename` FROM `kuaidian_store` WHERE `id` = '1' LIMIT 1   [ RunTime:0.0000s ]
SQL: SHOW COLUMNS FROM `kuaidian_order_goods` [ RunTime:0.0080s ]
SQL: SELECT `goods_id`,`goods_price`,`goods_number` FROM `kuaidian_order_goods` WHERE `order_number` = '1490798108195719'  [ RunTime:0.0000s ]
SQL: SHOW COLUMNS FROM `kuaidian_goods` [ RunTime:0.0070s ]
SQL: SELECT `goods_name` FROM `kuaidian_goods` WHERE `id` = '4' LIMIT 1   [ RunTime:0.0000s ]
SQL: SELECT `storename` FROM `kuaidian_store` WHERE `id` = '2' LIMIT 1   [ RunTime:0.0010s ]
SQL: SELECT `goods_id`,`goods_price`,`goods_number` FROM `kuaidian_order_goods` WHERE `order_number` = '1490632579262803'  [ RunTime:0.0010s ]
SQL: SELECT `goods_name` FROM `kuaidian_goods` WHERE `id` = '7' LIMIT 1   [ RunTime:0.0000s ]
SQL: SELECT `goods_name` FROM `kuaidian_goods` WHERE `id` = '8' LIMIT 1   [ RunTime:0.0000s ]
SQL: SELECT `storename` FROM `kuaidian_store` WHERE `id` = '1' LIMIT 1   [ RunTime:0.0010s ]
SQL: SELECT `goods_id`,`goods_price`,`goods_number` FROM `kuaidian_order_goods` WHERE `order_number` = '1490540043306152'  [ RunTime:0.0010s ]
SQL: SELECT `goods_name` FROM `kuaidian_goods` WHERE `id` = '4' LIMIT 1   [ RunTime:0.0010s ]
SQL: SELECT `goods_name` FROM `kuaidian_goods` WHERE `id` = '5' LIMIT 1   [ RunTime:0.0010s ]
SQL: SELECT `storename` FROM `kuaidian_store` WHERE `id` = '1' LIMIT 1   [ RunTime:0.0010s ]
SQL: SELECT `goods_id`,`goods_price`,`goods_number` FROM `kuaidian_order_goods` WHERE `order_number` = '1490469085359239'  [ RunTime:0.0000s ]
SQL: SELECT `goods_name` FROM `kuaidian_goods` WHERE `id` = '4' LIMIT 1   [ RunTime:0.0000s ]
SQL: SELECT `goods_name` FROM `kuaidian_goods` WHERE `id` = '5' LIMIT 1   [ RunTime:0.0010s ]
SQL: SELECT `storename` FROM `kuaidian_store` WHERE `id` = '1' LIMIT 1   [ RunTime:0.0010s ]
SQL: SELECT `goods_id`,`goods_price`,`goods_number` FROM `kuaidian_order_goods` WHERE `order_number` = '1490540417733262'  [ RunTime:0.0010s ]
SQL: SELECT `goods_name` FROM `kuaidian_goods` WHERE `id` = '4' LIMIT 1   [ RunTime:0.0010s ]
SQL: SELECT `goods_name` FROM `kuaidian_goods` WHERE `id` = '5' LIMIT 1   [ RunTime:0.0010s ]
SQL: SELECT `storename` FROM `kuaidian_store` WHERE `id` = '1' LIMIT 1   [ RunTime:0.0000s ]
SQL: SELECT `goods_id`,`goods_price`,`goods_number` FROM `kuaidian_order_goods` WHERE `order_number` = '1490540625424479'  [ RunTime:0.0010s ]
SQL: SELECT `goods_name` FROM `kuaidian_goods` WHERE `id` = '4' LIMIT 1   [ RunTime:0.0030s ]
SQL: SELECT `goods_name` FROM `kuaidian_goods` WHERE `id` = '5' LIMIT 1   [ RunTime:0.0010s ]
INFO: [ view_parse ] --START--
INFO: [ template_filter ] --START--
INFO: Run Behavior\ContentReplaceBehavior [ RunTime:0.001001s ]
INFO: [ template_filter ] --END-- [ RunTime:0.002001s ]
NOTIC: [8] Undefined variable: list D:\wamp\www\kuaidian\Application\Runtime\Cache\User\0cc1e298d7db3c7a8500acedc0645e75.php 第 112 行.
NOTIC: [8] Undefined variable: list D:\wamp\www\kuaidian\Application\Runtime\Cache\User\0cc1e298d7db3c7a8500acedc0645e75.php 第 112 行.
NOTIC: [8] Undefined variable: list D:\wamp\www\kuaidian\Application\Runtime\Cache\User\0cc1e298d7db3c7a8500acedc0645e75.php 第 112 行.
NOTIC: [8] Undefined variable: list D:\wamp\www\kuaidian\Application\Runtime\Cache\User\0cc1e298d7db3c7a8500acedc0645e75.php 第 112 行.
NOTIC: [8] Undefined variable: list D:\wamp\www\kuaidian\Application\Runtime\Cache\User\0cc1e298d7db3c7a8500acedc0645e75.php 第 112 行.
NOTIC: [8] Undefined variable: list D:\wamp\www\kuaidian\Application\Runtime\Cache\User\0cc1e298d7db3c7a8500acedc0645e75.php 第 112 行.
INFO: Run Behavior\ParseTemplateBehavior [ RunTime:0.054003s ]
INFO: [ view_parse ] --END-- [ RunTime:0.055003s ]
INFO: [ view_filter ] --START--
INFO: Run Behavior\WriteHtmlCacheBehavior [ RunTime:0.000000s ]
INFO: [ view_filter ] --END-- [ RunTime:0.002000s ]
INFO: [ app_end ] --START--
INFO: Run Behavior\ShowPageTraceBehavior [ RunTime:0.001000s ]
INFO: [ app_end ] --END-- [ RunTime:0.002000s ]

[ 2017-03-29T22:46:22+08:00 ] 127.0.0.1 /index.php/User/Cart/lst/storeId/1
INFO: [ app_init ] --START--
INFO: Run Behavior\BuildLiteBehavior [ RunTime:0.000000s ]
INFO: [ app_init ] --END-- [ RunTime:0.002000s ]
INFO: [ app_begin ] --START--
INFO: Run Behavior\ReadHtmlCacheBehavior [ RunTime:0.001000s ]
INFO: [ app_begin ] --END-- [ RunTime:0.001000s ]
SQL: SHOW COLUMNS FROM `kuaidian_store` [ RunTime:0.0080s ]
SQL: SELECT `id`,`storename`,`sm_logo` FROM `kuaidian_store` WHERE `id` = '1'  [ RunTime:0.0010s ]
SQL: SHOW COLUMNS FROM `kuaidian_goods` [ RunTime:0.0080s ]
SQL: SELECT `id` FROM `kuaidian_goods` WHERE `store_id` = '1'  [ RunTime:0.0000s ]
SQL: SELECT * FROM `kuaidian_goods` WHERE `id` IN (4)  [ RunTime:0.0010s ]
INFO: [ view_parse ] --START--
INFO: [ template_filter ] --START--
INFO: Run Behavior\ContentReplaceBehavior [ RunTime:0.002000s ]
INFO: [ template_filter ] --END-- [ RunTime:0.002000s ]

[ 2017-03-29T22:46:36+08:00 ] 127.0.0.1 /index.php/User/Goods/goods/store_id/1.html
INFO: [ app_init ] --START--
INFO: Run Behavior\BuildLiteBehavior [ RunTime:0.000000s ]
INFO: [ app_init ] --END-- [ RunTime:0.001000s ]
INFO: [ app_begin ] --START--
INFO: Run Behavior\ReadHtmlCacheBehavior [ RunTime:0.002000s ]
INFO: [ app_begin ] --END-- [ RunTime:0.002000s ]
SQL: SHOW COLUMNS FROM `kuaidian_goods` [ RunTime:0.0090s ]
SQL: SELECT * FROM `kuaidian_goods` WHERE `store_id` = '1'  [ RunTime:0.0010s ]
INFO: [ view_parse ] --START--
INFO: [ template_filter ] --START--
INFO: Run Behavior\ContentReplaceBehavior [ RunTime:0.001001s ]
INFO: [ template_filter ] --END-- [ RunTime:0.001001s ]
INFO: Run Behavior\ParseTemplateBehavior [ RunTime:0.026002s ]
INFO: [ view_parse ] --END-- [ RunTime:0.026002s ]
INFO: [ view_filter ] --START--
INFO: Run Behavior\WriteHtmlCacheBehavior [ RunTime:0.001000s ]
INFO: [ view_filter ] --END-- [ RunTime:0.002000s ]
INFO: [ app_end ] --START--
INFO: Run Behavior\ShowPageTraceBehavior [ RunTime:0.001000s ]
INFO: [ app_end ] --END-- [ RunTime:0.002000s ]

[ 2017-03-29T22:46:38+08:00 ] 127.0.0.1 /index.php/User/Cart/lst/storeId/1
INFO: [ app_init ] --START--
INFO: Run Behavior\BuildLiteBehavior [ RunTime:0.000000s ]
INFO: [ app_init ] --END-- [ RunTime:0.001000s ]
INFO: [ app_begin ] --START--
INFO: Run Behavior\ReadHtmlCacheBehavior [ RunTime:0.001000s ]
INFO: [ app_begin ] --END-- [ RunTime:0.002000s ]
SQL: SHOW COLUMNS FROM `kuaidian_store` [ RunTime:0.0080s ]
SQL: SELECT `id`,`storename`,`sm_logo` FROM `kuaidian_store` WHERE `id` = '1'  [ RunTime:0.0000s ]
SQL: SHOW COLUMNS FROM `kuaidian_goods` [ RunTime:0.0100s ]
SQL: SELECT `id` FROM `kuaidian_goods` WHERE `store_id` = '1'  [ RunTime:0.0000s ]
SQL: SELECT * FROM `kuaidian_goods` WHERE `id` IN (4)  [ RunTime:0.0010s ]
INFO: [ view_parse ] --START--
INFO: [ template_filter ] --START--
INFO: Run Behavior\ContentReplaceBehavior [ RunTime:0.001000s ]
INFO: [ template_filter ] --END-- [ RunTime:0.001000s ]

[ 2017-03-29T22:47:11+08:00 ] 127.0.0.1 /index.php/User/Goods/goods/store_id/1.html
INFO: [ app_init ] --START--
INFO: Run Behavior\BuildLiteBehavior [ RunTime:0.000000s ]
INFO: [ app_init ] --END-- [ RunTime:0.001000s ]
INFO: [ app_begin ] --START--
INFO: Run Behavior\ReadHtmlCacheBehavior [ RunTime:0.001000s ]
INFO: [ app_begin ] --END-- [ RunTime:0.002000s ]
SQL: SHOW COLUMNS FROM `kuaidian_goods` [ RunTime:0.0070s ]
SQL: SELECT * FROM `kuaidian_goods` WHERE `store_id` = '1'  [ RunTime:0.0010s ]
INFO: [ view_parse ] --START--
INFO: [ template_filter ] --START--
INFO: Run Behavior\ContentReplaceBehavior [ RunTime:0.000000s ]
INFO: [ template_filter ] --END-- [ RunTime:0.001000s ]
INFO: Run Behavior\ParseTemplateBehavior [ RunTime:0.026001s ]
INFO: [ view_parse ] --END-- [ RunTime:0.026001s ]
INFO: [ view_filter ] --START--
INFO: Run Behavior\WriteHtmlCacheBehavior [ RunTime:0.001000s ]
INFO: [ view_filter ] --END-- [ RunTime:0.001000s ]
INFO: [ app_end ] --START--
INFO: Run Behavior\ShowPageTraceBehavior [ RunTime:0.001001s ]
INFO: [ app_end ] --END-- [ RunTime:0.001001s ]

[ 2017-03-29T22:47:13+08:00 ] 127.0.0.1 /index.php/User/Cart/lst/storeId/1
INFO: [ app_init ] --START--
INFO: Run Behavior\BuildLiteBehavior [ RunTime:0.000000s ]
INFO: [ app_init ] --END-- [ RunTime:0.001000s ]
INFO: [ app_begin ] --START--
INFO: Run Behavior\ReadHtmlCacheBehavior [ RunTime:0.002000s ]
INFO: [ app_begin ] --END-- [ RunTime:0.002000s ]
SQL: SHOW COLUMNS FROM `kuaidian_store` [ RunTime:0.0070s ]
SQL: SELECT `id`,`storename`,`sm_logo` FROM `kuaidian_store` WHERE `id` = '1'  [ RunTime:0.0010s ]
SQL: SHOW COLUMNS FROM `kuaidian_goods` [ RunTime:0.0080s ]
SQL: SELECT `id` FROM `kuaidian_goods` WHERE `store_id` = '1'  [ RunTime:0.0000s ]
SQL: SELECT * FROM `kuaidian_goods` WHERE `id` IN (4)  [ RunTime:0.0010s ]
INFO: [ view_parse ] --START--
INFO: [ template_filter ] --START--
INFO: Run Behavior\ContentReplaceBehavior [ RunTime:0.001001s ]
INFO: [ template_filter ] --END-- [ RunTime:0.002001s ]

[ 2017-03-29T22:48:37+08:00 ] 127.0.0.1 /index.php/User/Cart/lst/storeId/1
INFO: [ app_init ] --START--
INFO: Run Behavior\BuildLiteBehavior [ RunTime:0.000000s ]
INFO: [ app_init ] --END-- [ RunTime:0.001000s ]
INFO: [ app_begin ] --START--
INFO: Run Behavior\ReadHtmlCacheBehavior [ RunTime:0.003000s ]
INFO: [ app_begin ] --END-- [ RunTime:0.004000s ]
SQL: SHOW COLUMNS FROM `kuaidian_store` [ RunTime:0.0080s ]
SQL: SELECT `id`,`storename`,`sm_logo` FROM `kuaidian_store` WHERE `id` = '1'  [ RunTime:0.0010s ]
SQL: SHOW COLUMNS FROM `kuaidian_goods` [ RunTime:0.0080s ]
SQL: SELECT `id` FROM `kuaidian_goods` WHERE `store_id` = '1'  [ RunTime:0.0000s ]
SQL: SELECT * FROM `kuaidian_goods` WHERE `id` IN (4)  [ RunTime:0.0000s ]
INFO: [ view_parse ] --START--
INFO: [ template_filter ] --START--
INFO: Run Behavior\ContentReplaceBehavior [ RunTime:0.001000s ]
INFO: [ template_filter ] --END-- [ RunTime:0.002000s ]
INFO: Run Behavior\ParseTemplateBehavior [ RunTime:0.057004s ]
INFO: [ view_parse ] --END-- [ RunTime:0.057004s ]
INFO: [ view_filter ] --START--
INFO: Run Behavior\WriteHtmlCacheBehavior [ RunTime:0.001000s ]
INFO: [ view_filter ] --END-- [ RunTime:0.001000s ]
INFO: [ app_end ] --START--
INFO: Run Behavior\ShowPageTraceBehavior [ RunTime:0.001000s ]
INFO: [ app_end ] --END-- [ RunTime:0.002000s ]

[ 2017-03-29T22:48:40+08:00 ] 127.0.0.1 /index.php/User/Cart/lst/storeId/1
INFO: [ app_init ] --START--
INFO: Run Behavior\BuildLiteBehavior [ RunTime:0.000000s ]
INFO: [ app_init ] --END-- [ RunTime:0.001000s ]
INFO: [ app_begin ] --START--
INFO: Run Behavior\ReadHtmlCacheBehavior [ RunTime:0.001000s ]
INFO: [ app_begin ] --END-- [ RunTime:0.003000s ]
SQL: SHOW COLUMNS FROM `kuaidian_store` [ RunTime:0.0080s ]
SQL: SELECT `id`,`storename`,`sm_logo` FROM `kuaidian_store` WHERE `id` = '1'  [ RunTime:0.0010s ]
SQL: SHOW COLUMNS FROM `kuaidian_goods` [ RunTime:0.0120s ]
SQL: SELECT `id` FROM `kuaidian_goods` WHERE `store_id` = '1'  [ RunTime:0.0010s ]
SQL: SELECT * FROM `kuaidian_goods` WHERE `id` IN (4)  [ RunTime:0.0010s ]
INFO: [ view_parse ] --START--
INFO: [ template_filter ] --START--
INFO: Run Behavior\ContentReplaceBehavior [ RunTime:0.001000s ]
INFO: [ template_filter ] --END-- [ RunTime:0.002000s ]
INFO: Run Behavior\ParseTemplateBehavior [ RunTime:0.056003s ]
INFO: [ view_parse ] --END-- [ RunTime:0.056003s ]
INFO: [ view_filter ] --START--
INFO: Run Behavior\WriteHtmlCacheBehavior [ RunTime:0.001000s ]
INFO: [ view_filter ] --END-- [ RunTime:0.002000s ]
INFO: [ app_end ] --START--
INFO: Run Behavior\ShowPageTraceBehavior [ RunTime:0.001000s ]
INFO: [ app_end ] --END-- [ RunTime:0.001000s ]

[ 2017-03-29T22:48:53+08:00 ] 127.0.0.1 /index.php/User/Cart/ajaxOrderSubmit
INFO: [ app_init ] --START--
INFO: Run Behavior\BuildLiteBehavior [ RunTime:0.000000s ]
INFO: [ app_init ] --END-- [ RunTime:0.001000s ]
INFO: [ app_begin ] --START--
INFO: Run Behavior\ReadHtmlCacheBehavior [ RunTime:0.001000s ]
INFO: [ app_begin ] --END-- [ RunTime:0.002000s ]
SQL: SHOW COLUMNS FROM `kuaidian_order` [ RunTime:0.0080s ]
NOTIC: [8] Undefined index: validate D:\wamp\www\kuaidian\ThinkPHP\Library\Think\Model.class.php 第 1185 行.
NOTIC: [8] Undefined index: auto D:\wamp\www\kuaidian\ThinkPHP\Library\Think\Model.class.php 第 1128 行.
SQL: INSERT INTO `kuaidian_order` (`store_id`,`total_price`,`scr_name`,`scr_tel`,`scr_address`,`room_time`,`payment_method`,`mark`,`add_times`,`order_number`,`user_id`) VALUES ('1','2.00','12','11','11','1490799600','0','11','1490798933','1490798933977566','1') [ RunTime:0.0450s ]
SQL: SHOW COLUMNS FROM `kuaidian_goods` [ RunTime:0.0160s ]
SQL: SELECT `goods_price` FROM `kuaidian_goods` WHERE `id` = 4 LIMIT 1   [ RunTime:0.0000s ]
SQL: SHOW COLUMNS FROM `kuaidian_order_goods` [ RunTime:0.0090s ]
SQL: INSERT INTO `kuaidian_order_goods` (`order_number`,`store_id`,`user_id`,`goods_id`,`goods_number`,`goods_price`) VALUES ('1490798933977566','1','1','4','1','1.00') [ RunTime:0.0020s ]

[ 2017-03-29T22:48:55+08:00 ] 127.0.0.1 /index.php/User/Order/lst
INFO: [ app_init ] --START--
INFO: Run Behavior\BuildLiteBehavior [ RunTime:0.000000s ]
INFO: [ app_init ] --END-- [ RunTime:0.001000s ]
INFO: [ app_begin ] --START--
INFO: Run Behavior\ReadHtmlCacheBehavior [ RunTime:0.001000s ]
INFO: [ app_begin ] --END-- [ RunTime:0.001000s ]
SQL: SHOW COLUMNS FROM `kuaidian_order` [ RunTime:0.0080s ]
SQL: SELECT * FROM `kuaidian_order` WHERE `user_id` = '1' ORDER BY post_status asc,add_times desc  [ RunTime:0.0010s ]
SQL: SHOW COLUMNS FROM `kuaidian_store` [ RunTime:0.0080s ]
SQL: SELECT `storename` FROM `kuaidian_store` WHERE `id` = '1' LIMIT 1   [ RunTime:0.0010s ]
SQL: SHOW COLUMNS FROM `kuaidian_order_goods` [ RunTime:0.0090s ]
SQL: SELECT `goods_id`,`goods_price`,`goods_number` FROM `kuaidian_order_goods` WHERE `order_number` = '1490798933977566'  [ RunTime:0.0000s ]
SQL: SHOW COLUMNS FROM `kuaidian_goods` [ RunTime:0.0080s ]
SQL: SELECT `goods_name` FROM `kuaidian_goods` WHERE `id` = '4' LIMIT 1   [ RunTime:0.0010s ]
SQL: SELECT `storename` FROM `kuaidian_store` WHERE `id` = '1' LIMIT 1   [ RunTime:0.0000s ]
SQL: SELECT `goods_id`,`goods_price`,`goods_number` FROM `kuaidian_order_goods` WHERE `order_number` = '1490798108195719'  [ RunTime:0.0010s ]
SQL: SELECT `goods_name` FROM `kuaidian_goods` WHERE `id` = '4' LIMIT 1   [ RunTime:0.0000s ]
SQL: SELECT `storename` FROM `kuaidian_store` WHERE `id` = '2' LIMIT 1   [ RunTime:0.0010s ]
SQL: SELECT `goods_id`,`goods_price`,`goods_number` FROM `kuaidian_order_goods` WHERE `order_number` = '1490632579262803'  [ RunTime:0.0010s ]
SQL: SELECT `goods_name` FROM `kuaidian_goods` WHERE `id` = '7' LIMIT 1   [ RunTime:0.0000s ]
SQL: SELECT `goods_name` FROM `kuaidian_goods` WHERE `id` = '8' LIMIT 1   [ RunTime:0.0010s ]
SQL: SELECT `storename` FROM `kuaidian_store` WHERE `id` = '1' LIMIT 1   [ RunTime:0.0000s ]
SQL: SELECT `goods_id`,`goods_price`,`goods_number` FROM `kuaidian_order_goods` WHERE `order_number` = '1490540043306152'  [ RunTime:0.0000s ]
SQL: SELECT `goods_name` FROM `kuaidian_goods` WHERE `id` = '4' LIMIT 1   [ RunTime:0.0010s ]
SQL: SELECT `goods_name` FROM `kuaidian_goods` WHERE `id` = '5' LIMIT 1   [ RunTime:0.0000s ]
SQL: SELECT `storename` FROM `kuaidian_store` WHERE `id` = '1' LIMIT 1   [ RunTime:0.0010s ]
SQL: SELECT `goods_id`,`goods_price`,`goods_number` FROM `kuaidian_order_goods` WHERE `order_number` = '1490469085359239'  [ RunTime:0.0010s ]
SQL: SELECT `goods_name` FROM `kuaidian_goods` WHERE `id` = '4' LIMIT 1   [ RunTime:0.0000s ]
SQL: SELECT `goods_name` FROM `kuaidian_goods` WHERE `id` = '5' LIMIT 1   [ RunTime:0.0010s ]
SQL: SELECT `storename` FROM `kuaidian_store` WHERE `id` = '1' LIMIT 1   [ RunTime:0.0000s ]
SQL: SELECT `goods_id`,`goods_price`,`goods_number` FROM `kuaidian_order_goods` WHERE `order_number` = '1490540417733262'  [ RunTime:0.0010s ]
SQL: SELECT `goods_name` FROM `kuaidian_goods` WHERE `id` = '4' LIMIT 1   [ RunTime:0.0000s ]
SQL: SELECT `goods_name` FROM `kuaidian_goods` WHERE `id` = '5' LIMIT 1   [ RunTime:0.0010s ]
SQL: SELECT `storename` FROM `kuaidian_store` WHERE `id` = '1' LIMIT 1   [ RunTime:0.0010s ]
SQL: SELECT `goods_id`,`goods_price`,`goods_number` FROM `kuaidian_order_goods` WHERE `order_number` = '1490540625424479'  [ RunTime:0.0010s ]
SQL: SELECT `goods_name` FROM `kuaidian_goods` WHERE `id` = '4' LIMIT 1   [ RunTime:0.0000s ]
SQL: SELECT `goods_name` FROM `kuaidian_goods` WHERE `id` = '5' LIMIT 1   [ RunTime:0.0010s ]
INFO: [ view_parse ] --START--
INFO: [ template_filter ] --START--
INFO: Run Behavior\ContentReplaceBehavior [ RunTime:0.001000s ]
INFO: [ template_filter ] --END-- [ RunTime:0.001000s ]
NOTIC: [8] Undefined variable: list D:\wamp\www\kuaidian\Application\Runtime\Cache\User\0cc1e298d7db3c7a8500acedc0645e75.php 第 112 行.
NOTIC: [8] Undefined variable: list D:\wamp\www\kuaidian\Application\Runtime\Cache\User\0cc1e298d7db3c7a8500acedc0645e75.php 第 112 行.
NOTIC: [8] Undefined variable: list D:\wamp\www\kuaidian\Application\Runtime\Cache\User\0cc1e298d7db3c7a8500acedc0645e75.php 第 112 行.
NOTIC: [8] Undefined variable: list D:\wamp\www\kuaidian\Application\Runtime\Cache\User\0cc1e298d7db3c7a8500acedc0645e75.php 第 112 行.
NOTIC: [8] Undefined variable: list D:\wamp\www\kuaidian\Application\Runtime\Cache\User\0cc1e298d7db3c7a8500acedc0645e75.php 第 112 行.
NOTIC: [8] Undefined variable: list D:\wamp\www\kuaidian\Application\Runtime\Cache\User\0cc1e298d7db3c7a8500acedc0645e75.php 第 112 行.
NOTIC: [8] Undefined variable: list D:\wamp\www\kuaidian\Application\Runtime\Cache\User\0cc1e298d7db3c7a8500acedc0645e75.php 第 112 行.
INFO: Run Behavior\ParseTemplateBehavior [ RunTime:0.052003s ]
INFO: [ view_parse ] --END-- [ RunTime:0.053003s ]
INFO: [ view_filter ] --START--
INFO: Run Behavior\WriteHtmlCacheBehavior [ RunTime:0.000000s ]
INFO: [ view_filter ] --END-- [ RunTime:0.001000s ]
INFO: [ app_end ] --START--
INFO: Run Behavior\ShowPageTraceBehavior [ RunTime:0.001000s ]
INFO: [ app_end ] --END-- [ RunTime:0.002000s ]

[ 2017-03-29T22:49:18+08:00 ] 127.0.0.1 /index.php/User/Cart/lst/storeId/1
INFO: [ app_init ] --START--
INFO: Run Behavior\BuildLiteBehavior [ RunTime:0.000000s ]
INFO: [ app_init ] --END-- [ RunTime:0.001000s ]
INFO: [ app_begin ] --START--
INFO: Run Behavior\ReadHtmlCacheBehavior [ RunTime:0.001000s ]
INFO: [ app_begin ] --END-- [ RunTime:0.001000s ]
SQL: SHOW COLUMNS FROM `kuaidian_store` [ RunTime:0.0080s ]
SQL: SELECT `id`,`storename`,`sm_logo` FROM `kuaidian_store` WHERE `id` = '1'  [ RunTime:0.0000s ]
SQL: SHOW COLUMNS FROM `kuaidian_goods` [ RunTime:0.0090s ]
SQL: SELECT `id` FROM `kuaidian_goods` WHERE `store_id` = '1'  [ RunTime:0.0010s ]
SQL: SELECT * FROM `kuaidian_goods` WHERE `id` IN (4)  [ RunTime:0.0000s ]
INFO: [ view_parse ] --START--
INFO: [ template_filter ] --START--
INFO: Run Behavior\ContentReplaceBehavior [ RunTime:0.001000s ]
INFO: [ template_filter ] --END-- [ RunTime:0.001000s ]
INFO: Run Behavior\ParseTemplateBehavior [ RunTime:0.052003s ]
INFO: [ view_parse ] --END-- [ RunTime:0.052003s ]
INFO: [ view_filter ] --START--
INFO: Run Behavior\WriteHtmlCacheBehavior [ RunTime:0.001000s ]
INFO: [ view_filter ] --END-- [ RunTime:0.001000s ]
INFO: [ app_end ] --START--
INFO: Run Behavior\ShowPageTraceBehavior [ RunTime:0.001000s ]
INFO: [ app_end ] --END-- [ RunTime:0.001000s ]

[ 2017-03-29T22:49:21+08:00 ] 127.0.0.1 /index.php/User/Cart/lst/storeId/1
INFO: [ app_init ] --START--
INFO: Run Behavior\BuildLiteBehavior [ RunTime:0.000000s ]
INFO: [ app_init ] --END-- [ RunTime:0.001000s ]
INFO: [ app_begin ] --START--
INFO: Run Behavior\ReadHtmlCacheBehavior [ RunTime:0.001000s ]
INFO: [ app_begin ] --END-- [ RunTime:0.002000s ]
SQL: SHOW COLUMNS FROM `kuaidian_store` [ RunTime:0.0080s ]
SQL: SELECT `id`,`storename`,`sm_logo` FROM `kuaidian_store` WHERE `id` = '1'  [ RunTime:0.0010s ]
SQL: SHOW COLUMNS FROM `kuaidian_goods` [ RunTime:0.0070s ]
SQL: SELECT `id` FROM `kuaidian_goods` WHERE `store_id` = '1'  [ RunTime:0.0010s ]
SQL: SELECT * FROM `kuaidian_goods` WHERE `id` IN (4)  [ RunTime:0.0010s ]
INFO: [ view_parse ] --START--
INFO: [ template_filter ] --START--
INFO: Run Behavior\ContentReplaceBehavior [ RunTime:0.001000s ]
INFO: [ template_filter ] --END-- [ RunTime:0.002000s ]
INFO: Run Behavior\ParseTemplateBehavior [ RunTime:0.052003s ]
INFO: [ view_parse ] --END-- [ RunTime:0.052003s ]
INFO: [ view_filter ] --START--
INFO: Run Behavior\WriteHtmlCacheBehavior [ RunTime:0.001000s ]
INFO: [ view_filter ] --END-- [ RunTime:0.001000s ]
INFO: [ app_end ] --START--
INFO: Run Behavior\ShowPageTraceBehavior [ RunTime:0.001000s ]
INFO: [ app_end ] --END-- [ RunTime:0.001000s ]

[ 2017-03-29T22:49:24+08:00 ] 127.0.0.1 /index.php/User/Cart/lst/storeId/1
INFO: [ app_init ] --START--
INFO: Run Behavior\BuildLiteBehavior [ RunTime:0.001000s ]
INFO: [ app_init ] --END-- [ RunTime:0.001000s ]
INFO: [ app_begin ] --START--
INFO: Run Behavior\ReadHtmlCacheBehavior [ RunTime:0.001000s ]
INFO: [ app_begin ] --END-- [ RunTime:0.001000s ]
SQL: SHOW COLUMNS FROM `kuaidian_store` [ RunTime:0.0090s ]
SQL: SELECT `id`,`storename`,`sm_logo` FROM `kuaidian_store` WHERE `id` = '1'  [ RunTime:0.0010s ]
SQL: SHOW COLUMNS FROM `kuaidian_goods` [ RunTime:0.0090s ]
SQL: SELECT `id` FROM `kuaidian_goods` WHERE `store_id` = '1'  [ RunTime:0.0010s ]
SQL: SELECT * FROM `kuaidian_goods` WHERE `id` IN (4)  [ RunTime:0.0010s ]
INFO: [ view_parse ] --START--
INFO: [ template_filter ] --START--
INFO: Run Behavior\ContentReplaceBehavior [ RunTime:0.001000s ]
INFO: [ template_filter ] --END-- [ RunTime:0.002000s ]
INFO: Run Behavior\ParseTemplateBehavior [ RunTime:0.052003s ]
INFO: [ view_parse ] --END-- [ RunTime:0.052003s ]
INFO: [ view_filter ] --START--
INFO: Run Behavior\WriteHtmlCacheBehavior [ RunTime:0.001000s ]
INFO: [ view_filter ] --END-- [ RunTime:0.001000s ]
INFO: [ app_end ] --START--
INFO: Run Behavior\ShowPageTraceBehavior [ RunTime:0.001000s ]
INFO: [ app_end ] --END-- [ RunTime:0.001000s ]

[ 2017-03-29T22:51:02+08:00 ] 127.0.0.1 /index.php/User/Cart/ajaxOrderSubmit
INFO: [ app_init ] --START--
INFO: Run Behavior\BuildLiteBehavior [ RunTime:0.000000s ]
INFO: [ app_init ] --END-- [ RunTime:0.003000s ]
INFO: [ app_begin ] --START--
INFO: Run Behavior\ReadHtmlCacheBehavior [ RunTime:0.002000s ]
INFO: [ app_begin ] --END-- [ RunTime:0.002000s ]
SQL: SHOW COLUMNS FROM `kuaidian_order` [ RunTime:0.0080s ]
NOTIC: [8] Undefined index: room_time D:\wamp\www\kuaidian\Application\User\Controller\CartController.class.php 第 70 行.
NOTIC: [8] Undefined index: room_time D:\wamp\www\kuaidian\Application\User\Controller\CartController.class.php 第 71 行.
NOTIC: [8] Undefined index: validate D:\wamp\www\kuaidian\ThinkPHP\Library\Think\Model.class.php 第 1185 行.
NOTIC: [8] Undefined index: scr_name D:\wamp\www\kuaidian\ThinkPHP\Library\Think\Model.class.php 第 1303 行.
INFO: [ app_end ] --START--
INFO: Run Behavior\ShowPageTraceBehavior [ RunTime:0.001000s ]
INFO: [ app_end ] --END-- [ RunTime:0.001000s ]

[ 2017-03-29T23:01:46+08:00 ] 127.0.0.1 /index.php/User/Cart/lst/storeId/1
INFO: [ app_init ] --START--
INFO: Run Behavior\BuildLiteBehavior [ RunTime:0.000000s ]
INFO: [ app_init ] --END-- [ RunTime:0.001000s ]
INFO: [ app_begin ] --START--
INFO: Run Behavior\ReadHtmlCacheBehavior [ RunTime:0.001000s ]
INFO: [ app_begin ] --END-- [ RunTime:0.001000s ]
SQL: SHOW COLUMNS FROM `kuaidian_store` [ RunTime:0.0090s ]
SQL: SELECT `id`,`storename`,`sm_logo` FROM `kuaidian_store` WHERE `id` = '1'  [ RunTime:0.0000s ]
SQL: SHOW COLUMNS FROM `kuaidian_goods` [ RunTime:0.0100s ]
SQL: SELECT `id` FROM `kuaidian_goods` WHERE `store_id` = '1'  [ RunTime:0.0020s ]
SQL: SELECT * FROM `kuaidian_goods` WHERE `id` IN (4)  [ RunTime:0.0020s ]
INFO: [ view_parse ] --START--
INFO: [ template_filter ] --START--
INFO: Run Behavior\ContentReplaceBehavior [ RunTime:0.001000s ]
INFO: [ template_filter ] --END-- [ RunTime:0.001000s ]
INFO: Run Behavior\ParseTemplateBehavior [ RunTime:0.058004s ]
INFO: [ view_parse ] --END-- [ RunTime:0.058004s ]
INFO: [ view_filter ] --START--
INFO: Run Behavior\WriteHtmlCacheBehavior [ RunTime:0.001000s ]
INFO: [ view_filter ] --END-- [ RunTime:0.001000s ]
INFO: [ app_end ] --START--
INFO: Run Behavior\ShowPageTraceBehavior [ RunTime:0.002000s ]
INFO: [ app_end ] --END-- [ RunTime:0.002000s ]

[ 2017-03-29T23:02:16+08:00 ] 127.0.0.1 /index.php/User/Cart/ajaxOrderSubmit
INFO: [ app_init ] --START--
INFO: Run Behavior\BuildLiteBehavior [ RunTime:0.000000s ]
INFO: [ app_init ] --END-- [ RunTime:0.001000s ]
INFO: [ app_begin ] --START--
INFO: Run Behavior\ReadHtmlCacheBehavior [ RunTime:0.001000s ]
INFO: [ app_begin ] --END-- [ RunTime:0.002000s ]
SQL: SHOW COLUMNS FROM `kuaidian_order` [ RunTime:0.0070s ]
NOTIC: [8] Undefined index: validate D:\wamp\www\kuaidian\ThinkPHP\Library\Think\Model.class.php 第 1185 行.
NOTIC: [8] Undefined index: auto D:\wamp\www\kuaidian\ThinkPHP\Library\Think\Model.class.php 第 1128 行.
SQL: INSERT INTO `kuaidian_order` (`store_id`,`total_price`,`scr_name`,`scr_tel`,`scr_address`,`room_time`,`payment_method`,`mark`,`add_times`,`order_number`,`user_id`) VALUES ('1','2.00','fang','18459183674','大学城','0','0','加热','1490799736','1490799736709038','1') [ RunTime:0.0020s ]
SQL: SHOW COLUMNS FROM `kuaidian_goods` [ RunTime:0.0070s ]
SQL: SELECT `goods_price` FROM `kuaidian_goods` WHERE `id` = 4 LIMIT 1   [ RunTime:0.0000s ]
SQL: SHOW COLUMNS FROM `kuaidian_order_goods` [ RunTime:0.0070s ]
SQL: INSERT INTO `kuaidian_order_goods` (`order_number`,`store_id`,`user_id`,`goods_id`,`goods_number`,`goods_price`) VALUES ('1490799736709038','1','1','4','1','1.00') [ RunTime:0.0010s ]

[ 2017-03-29T23:02:18+08:00 ] 127.0.0.1 /index.php/User/Order/lst
INFO: [ app_init ] --START--
INFO: Run Behavior\BuildLiteBehavior [ RunTime:0.000000s ]
INFO: [ app_init ] --END-- [ RunTime:0.001000s ]
INFO: [ app_begin ] --START--
INFO: Run Behavior\ReadHtmlCacheBehavior [ RunTime:0.002000s ]
INFO: [ app_begin ] --END-- [ RunTime:0.002000s ]
SQL: SHOW COLUMNS FROM `kuaidian_order` [ RunTime:0.0090s ]
SQL: SELECT * FROM `kuaidian_order` WHERE `user_id` = '1' ORDER BY post_status asc,add_times desc  [ RunTime:0.0010s ]
SQL: SHOW COLUMNS FROM `kuaidian_store` [ RunTime:0.0080s ]
SQL: SELECT `storename` FROM `kuaidian_store` WHERE `id` = '1' LIMIT 1   [ RunTime:0.0010s ]
SQL: SHOW COLUMNS FROM `kuaidian_order_goods` [ RunTime:0.0080s ]
SQL: SELECT `goods_id`,`goods_price`,`goods_number` FROM `kuaidian_order_goods` WHERE `order_number` = '1490799736709038'  [ RunTime:0.0010s ]
SQL: SHOW COLUMNS FROM `kuaidian_goods` [ RunTime:0.0080s ]
SQL: SELECT `goods_name` FROM `kuaidian_goods` WHERE `id` = '4' LIMIT 1   [ RunTime:0.0010s ]
SQL: SELECT `storename` FROM `kuaidian_store` WHERE `id` = '1' LIMIT 1   [ RunTime:0.0000s ]
SQL: SELECT `goods_id`,`goods_price`,`goods_number` FROM `kuaidian_order_goods` WHERE `order_number` = '1490798933977566'  [ RunTime:0.0010s ]
SQL: SELECT `goods_name` FROM `kuaidian_goods` WHERE `id` = '4' LIMIT 1   [ RunTime:0.0000s ]
SQL: SELECT `storename` FROM `kuaidian_store` WHERE `id` = '1' LIMIT 1   [ RunTime:0.0010s ]
SQL: SELECT `goods_id`,`goods_price`,`goods_number` FROM `kuaidian_order_goods` WHERE `order_number` = '1490798108195719'  [ RunTime:0.0000s ]
SQL: SELECT `goods_name` FROM `kuaidian_goods` WHERE `id` = '4' LIMIT 1   [ RunTime:0.0010s ]
SQL: SELECT `storename` FROM `kuaidian_store` WHERE `id` = '2' LIMIT 1   [ RunTime:0.0010s ]
SQL: SELECT `goods_id`,`goods_price`,`goods_number` FROM `kuaidian_order_goods` WHERE `order_number` = '1490632579262803'  [ RunTime:0.0010s ]
SQL: SELECT `goods_name` FROM `kuaidian_goods` WHERE `id` = '7' LIMIT 1   [ RunTime:0.0010s ]
SQL: SELECT `goods_name` FROM `kuaidian_goods` WHERE `id` = '8' LIMIT 1   [ RunTime:0.0000s ]
SQL: SELECT `storename` FROM `kuaidian_store` WHERE `id` = '1' LIMIT 1   [ RunTime:0.0010s ]
SQL: SELECT `goods_id`,`goods_price`,`goods_number` FROM `kuaidian_order_goods` WHERE `order_number` = '1490540043306152'  [ RunTime:0.0010s ]
SQL: SELECT `goods_name` FROM `kuaidian_goods` WHERE `id` = '4' LIMIT 1   [ RunTime:0.0000s ]
SQL: SELECT `goods_name` FROM `kuaidian_goods` WHERE `id` = '5' LIMIT 1   [ RunTime:0.0010s ]
SQL: SELECT `storename` FROM `kuaidian_store` WHERE `id` = '1' LIMIT 1   [ RunTime:0.0000s ]
SQL: SELECT `goods_id`,`goods_price`,`goods_number` FROM `kuaidian_order_goods` WHERE `order_number` = '1490469085359239'  [ RunTime:0.0010s ]
SQL: SELECT `goods_name` FROM `kuaidian_goods` WHERE `id` = '4' LIMIT 1   [ RunTime:0.0000s ]
SQL: SELECT `goods_name` FROM `kuaidian_goods` WHERE `id` = '5' LIMIT 1   [ RunTime:0.0010s ]
SQL: SELECT `storename` FROM `kuaidian_store` WHERE `id` = '1' LIMIT 1   [ RunTime:0.0010s ]
SQL: SELECT `goods_id`,`goods_price`,`goods_number` FROM `kuaidian_order_goods` WHERE `order_number` = '1490540417733262'  [ RunTime:0.0000s ]
SQL: SELECT `goods_name` FROM `kuaidian_goods` WHERE `id` = '4' LIMIT 1   [ RunTime:0.0010s ]
SQL: SELECT `goods_name` FROM `kuaidian_goods` WHERE `id` = '5' LIMIT 1   [ RunTime:0.0000s ]
SQL: SELECT `storename` FROM `kuaidian_store` WHERE `id` = '1' LIMIT 1   [ RunTime:0.0010s ]
SQL: SELECT `goods_id`,`goods_price`,`goods_number` FROM `kuaidian_order_goods` WHERE `order_number` = '1490540625424479'  [ RunTime:0.0000s ]
SQL: SELECT `goods_name` FROM `kuaidian_goods` WHERE `id` = '4' LIMIT 1   [ RunTime:0.0010s ]
SQL: SELECT `goods_name` FROM `kuaidian_goods` WHERE `id` = '5' LIMIT 1   [ RunTime:0.0000s ]
INFO: [ view_parse ] --START--
INFO: [ template_filter ] --START--
INFO: Run Behavior\ContentReplaceBehavior [ RunTime:0.001000s ]
INFO: [ template_filter ] --END-- [ RunTime:0.002000s ]
NOTIC: [8] Undefined variable: list D:\wamp\www\kuaidian\Application\Runtime\Cache\User\0cc1e298d7db3c7a8500acedc0645e75.php 第 112 行.
NOTIC: [8] Undefined variable: list D:\wamp\www\kuaidian\Application\Runtime\Cache\User\0cc1e298d7db3c7a8500acedc0645e75.php 第 112 行.
NOTIC: [8] Undefined variable: list D:\wamp\www\kuaidian\Application\Runtime\Cache\User\0cc1e298d7db3c7a8500acedc0645e75.php 第 112 行.
NOTIC: [8] Undefined variable: list D:\wamp\www\kuaidian\Application\Runtime\Cache\User\0cc1e298d7db3c7a8500acedc0645e75.php 第 112 行.
NOTIC: [8] Undefined variable: list D:\wamp\www\kuaidian\Application\Runtime\Cache\User\0cc1e298d7db3c7a8500acedc0645e75.php 第 112 行.
NOTIC: [8] Undefined variable: list D:\wamp\www\kuaidian\Application\Runtime\Cache\User\0cc1e298d7db3c7a8500acedc0645e75.php 第 112 行.
NOTIC: [8] Undefined variable: list D:\wamp\www\kuaidian\Application\Runtime\Cache\User\0cc1e298d7db3c7a8500acedc0645e75.php 第 112 行.
NOTIC: [8] Undefined variable: list D:\wamp\www\kuaidian\Application\Runtime\Cache\User\0cc1e298d7db3c7a8500acedc0645e75.php 第 112 行.
INFO: Run Behavior\ParseTemplateBehavior [ RunTime:0.051003s ]
INFO: [ view_parse ] --END-- [ RunTime:0.052003s ]
INFO: [ view_filter ] --START--
INFO: Run Behavior\WriteHtmlCacheBehavior [ RunTime:0.001000s ]
INFO: [ view_filter ] --END-- [ RunTime:0.001000s ]
INFO: [ app_end ] --START--
INFO: Run Behavior\ShowPageTraceBehavior [ RunTime:0.002000s ]
INFO: [ app_end ] --END-- [ RunTime:0.002000s ]

[ 2017-03-29T23:02:25+08:00 ] 127.0.0.1 /index.php/User/Cart/lst/storeId/1
INFO: [ app_init ] --START--
INFO: Run Behavior\BuildLiteBehavior [ RunTime:0.001000s ]
INFO: [ app_init ] --END-- [ RunTime:0.001000s ]
INFO: [ app_begin ] --START--
INFO: Run Behavior\ReadHtmlCacheBehavior [ RunTime:0.002000s ]
INFO: [ app_begin ] --END-- [ RunTime:0.002000s ]
SQL: SHOW COLUMNS FROM `kuaidian_store` [ RunTime:0.0090s ]
SQL: SELECT `id`,`storename`,`sm_logo` FROM `kuaidian_store` WHERE `id` = '1'  [ RunTime:0.0000s ]
SQL: SHOW COLUMNS FROM `kuaidian_goods` [ RunTime:0.0070s ]
SQL: SELECT `id` FROM `kuaidian_goods` WHERE `store_id` = '1'  [ RunTime:0.0060s ]
SQL: SELECT * FROM `kuaidian_goods` WHERE `id` IN (4)  [ RunTime:0.0010s ]
INFO: [ view_parse ] --START--
INFO: [ template_filter ] --START--
INFO: Run Behavior\ContentReplaceBehavior [ RunTime:0.001000s ]
INFO: [ template_filter ] --END-- [ RunTime:0.001000s ]
INFO: Run Behavior\ParseTemplateBehavior [ RunTime:0.053003s ]
INFO: [ view_parse ] --END-- [ RunTime:0.054003s ]
INFO: [ view_filter ] --START--
INFO: Run Behavior\WriteHtmlCacheBehavior [ RunTime:0.002000s ]
INFO: [ view_filter ] --END-- [ RunTime:0.002000s ]
INFO: [ app_end ] --START--
INFO: Run Behavior\ShowPageTraceBehavior [ RunTime:0.002001s ]
INFO: [ app_end ] --END-- [ RunTime:0.002001s ]

[ 2017-03-29T23:06:04+08:00 ] 127.0.0.1 /index.php/User/Cart/lst/storeId/1
INFO: [ app_init ] --START--
INFO: Run Behavior\BuildLiteBehavior [ RunTime:0.000000s ]
INFO: [ app_init ] --END-- [ RunTime:0.001000s ]
INFO: [ app_begin ] --START--
INFO: Run Behavior\ReadHtmlCacheBehavior [ RunTime:0.002000s ]
INFO: [ app_begin ] --END-- [ RunTime:0.003000s ]
SQL: SHOW COLUMNS FROM `kuaidian_store` [ RunTime:0.0070s ]
SQL: SELECT `id`,`storename`,`sm_logo` FROM `kuaidian_store` WHERE `id` = '1'  [ RunTime:0.0020s ]
SQL: SHOW COLUMNS FROM `kuaidian_goods` [ RunTime:0.0070s ]
SQL: SELECT `id` FROM `kuaidian_goods` WHERE `store_id` = '1'  [ RunTime:0.0010s ]
SQL: SELECT * FROM `kuaidian_goods` WHERE `id` IN (4)  [ RunTime:0.0000s ]
INFO: [ view_parse ] --START--
INFO: [ template_filter ] --START--
INFO: Run Behavior\ContentReplaceBehavior [ RunTime:0.002000s ]
INFO: [ template_filter ] --END-- [ RunTime:0.002000s ]
INFO: Run Behavior\ParseTemplateBehavior [ RunTime:0.056003s ]
INFO: [ view_parse ] --END-- [ RunTime:0.056003s ]
INFO: [ view_filter ] --START--
INFO: Run Behavior\WriteHtmlCacheBehavior [ RunTime:0.001000s ]
INFO: [ view_filter ] --END-- [ RunTime:0.001000s ]
INFO: [ app_end ] --START--
INFO: Run Behavior\ShowPageTraceBehavior [ RunTime:0.001000s ]
INFO: [ app_end ] --END-- [ RunTime:0.001000s ]

[ 2017-03-29T23:06:22+08:00 ] 127.0.0.1 /index.php/User/Cart/ajaxOrderSubmit
INFO: [ app_init ] --START--
INFO: Run Behavior\BuildLiteBehavior [ RunTime:0.000000s ]
INFO: [ app_init ] --END-- [ RunTime:0.002001s ]
INFO: [ app_begin ] --START--
INFO: Run Behavior\ReadHtmlCacheBehavior [ RunTime:0.002000s ]
INFO: [ app_begin ] --END-- [ RunTime:0.002000s ]
SQL: SHOW COLUMNS FROM `kuaidian_order` [ RunTime:0.0070s ]
NOTIC: [8] Undefined index: validate D:\wamp\www\kuaidian\ThinkPHP\Library\Think\Model.class.php 第 1185 行.
NOTIC: [8] Undefined index: auto D:\wamp\www\kuaidian\ThinkPHP\Library\Think\Model.class.php 第 1128 行.
SQL: INSERT INTO `kuaidian_order` (`store_id`,`total_price`,`scr_name`,`scr_tel`,`scr_address`,`room_time`,`payment_method`,`mark`,`add_times`,`order_number`,`user_id`) VALUES ('1','2.00','1','18459183674','18459183674','0','0','123','1490799982','1490799982776150','1') [ RunTime:0.0030s ]
SQL: SHOW COLUMNS FROM `kuaidian_goods` [ RunTime:0.0080s ]
SQL: SELECT `goods_price` FROM `kuaidian_goods` WHERE `id` = 4 LIMIT 1   [ RunTime:0.0010s ]
SQL: SHOW COLUMNS FROM `kuaidian_order_goods` [ RunTime:0.0080s ]
SQL: INSERT INTO `kuaidian_order_goods` (`order_number`,`store_id`,`user_id`,`goods_id`,`goods_number`,`goods_price`) VALUES ('1490799982776150','1','1','4','1','1.00') [ RunTime:0.0020s ]

[ 2017-03-29T23:06:23+08:00 ] 127.0.0.1 /index.php/User/Order/lst
INFO: [ app_init ] --START--
INFO: Run Behavior\BuildLiteBehavior [ RunTime:0.000000s ]
INFO: [ app_init ] --END-- [ RunTime:0.001000s ]
INFO: [ app_begin ] --START--
INFO: Run Behavior\ReadHtmlCacheBehavior [ RunTime:0.001001s ]
INFO: [ app_begin ] --END-- [ RunTime:0.001001s ]
SQL: SHOW COLUMNS FROM `kuaidian_order` [ RunTime:0.0070s ]
SQL: SELECT * FROM `kuaidian_order` WHERE `user_id` = '1' ORDER BY post_status asc,add_times desc  [ RunTime:0.0010s ]
SQL: SHOW COLUMNS FROM `kuaidian_store` [ RunTime:0.0090s ]
SQL: SELECT `storename` FROM `kuaidian_store` WHERE `id` = '1' LIMIT 1   [ RunTime:0.0010s ]
SQL: SHOW COLUMNS FROM `kuaidian_order_goods` [ RunTime:0.0080s ]
SQL: SELECT `goods_id`,`goods_price`,`goods_number` FROM `kuaidian_order_goods` WHERE `order_number` = '1490799982776150'  [ RunTime:0.0010s ]
SQL: SHOW COLUMNS FROM `kuaidian_goods` [ RunTime:0.0080s ]
SQL: SELECT `goods_name` FROM `kuaidian_goods` WHERE `id` = '4' LIMIT 1   [ RunTime:0.0000s ]
SQL: SELECT `storename` FROM `kuaidian_store` WHERE `id` = '1' LIMIT 1   [ RunTime:0.0010s ]
SQL: SELECT `goods_id`,`goods_price`,`goods_number` FROM `kuaidian_order_goods` WHERE `order_number` = '1490799736709038'  [ RunTime:0.0010s ]
SQL: SELECT `goods_name` FROM `kuaidian_goods` WHERE `id` = '4' LIMIT 1   [ RunTime:0.0010s ]
SQL: SELECT `storename` FROM `kuaidian_store` WHERE `id` = '1' LIMIT 1   [ RunTime:0.0010s ]
SQL: SELECT `goods_id`,`goods_price`,`goods_number` FROM `kuaidian_order_goods` WHERE `order_number` = '1490798933977566'  [ RunTime:0.0000s ]
SQL: SELECT `goods_name` FROM `kuaidian_goods` WHERE `id` = '4' LIMIT 1   [ RunTime:0.0010s ]
SQL: SELECT `storename` FROM `kuaidian_store` WHERE `id` = '1' LIMIT 1   [ RunTime:0.0000s ]
SQL: SELECT `goods_id`,`goods_price`,`goods_number` FROM `kuaidian_order_goods` WHERE `order_number` = '1490798108195719'  [ RunTime:0.0010s ]
SQL: SELECT `goods_name` FROM `kuaidian_goods` WHERE `id` = '4' LIMIT 1   [ RunTime:0.0000s ]
SQL: SELECT `storename` FROM `kuaidian_store` WHERE `id` = '2' LIMIT 1   [ RunTime:0.0010s ]
SQL: SELECT `goods_id`,`goods_price`,`goods_number` FROM `kuaidian_order_goods` WHERE `order_number` = '1490632579262803'  [ RunTime:0.0000s ]
SQL: SELECT `goods_name` FROM `kuaidian_goods` WHERE `id` = '7' LIMIT 1   [ RunTime:0.0010s ]
SQL: SELECT `goods_name` FROM `kuaidian_goods` WHERE `id` = '8' LIMIT 1   [ RunTime:0.0010s ]
SQL: SELECT `storename` FROM `kuaidian_store` WHERE `id` = '1' LIMIT 1   [ RunTime:0.0000s ]
SQL: SELECT `goods_id`,`goods_price`,`goods_number` FROM `kuaidian_order_goods` WHERE `order_number` = '1490540043306152'  [ RunTime:0.0010s ]
SQL: SELECT `goods_name` FROM `kuaidian_goods` WHERE `id` = '4' LIMIT 1   [ RunTime:0.0000s ]
SQL: SELECT `goods_name` FROM `kuaidian_goods` WHERE `id` = '5' LIMIT 1   [ RunTime:0.0010s ]
SQL: SELECT `storename` FROM `kuaidian_store` WHERE `id` = '1' LIMIT 1   [ RunTime:0.0000s ]
SQL: SELECT `goods_id`,`goods_price`,`goods_number` FROM `kuaidian_order_goods` WHERE `order_number` = '1490469085359239'  [ RunTime:0.0010s ]
SQL: SELECT `goods_name` FROM `kuaidian_goods` WHERE `id` = '4' LIMIT 1   [ RunTime:0.0000s ]
SQL: SELECT `goods_name` FROM `kuaidian_goods` WHERE `id` = '5' LIMIT 1   [ RunTime:0.0010s ]
SQL: SELECT `storename` FROM `kuaidian_store` WHERE `id` = '1' LIMIT 1   [ RunTime:0.0000s ]
SQL: SELECT `goods_id`,`goods_price`,`goods_number` FROM `kuaidian_order_goods` WHERE `order_number` = '1490540417733262'  [ RunTime:0.0010s ]
SQL: SELECT `goods_name` FROM `kuaidian_goods` WHERE `id` = '4' LIMIT 1   [ RunTime:0.0000s ]
SQL: SELECT `goods_name` FROM `kuaidian_goods` WHERE `id` = '5' LIMIT 1   [ RunTime:0.0010s ]
SQL: SELECT `storename` FROM `kuaidian_store` WHERE `id` = '1' LIMIT 1   [ RunTime:0.0000s ]
SQL: SELECT `goods_id`,`goods_price`,`goods_number` FROM `kuaidian_order_goods` WHERE `order_number` = '1490540625424479'  [ RunTime:0.0010s ]
SQL: SELECT `goods_name` FROM `kuaidian_goods` WHERE `id` = '4' LIMIT 1   [ RunTime:0.0000s ]
SQL: SELECT `goods_name` FROM `kuaidian_goods` WHERE `id` = '5' LIMIT 1   [ RunTime:0.0000s ]
INFO: [ view_parse ] --START--
INFO: [ template_filter ] --START--
INFO: Run Behavior\ContentReplaceBehavior [ RunTime:0.001000s ]
INFO: [ template_filter ] --END-- [ RunTime:0.001000s ]
NOTIC: [8] Undefined variable: list D:\wamp\www\kuaidian\Application\Runtime\Cache\User\0cc1e298d7db3c7a8500acedc0645e75.php 第 112 行.
NOTIC: [8] Undefined variable: list D:\wamp\www\kuaidian\Application\Runtime\Cache\User\0cc1e298d7db3c7a8500acedc0645e75.php 第 112 行.
NOTIC: [8] Undefined variable: list D:\wamp\www\kuaidian\Application\Runtime\Cache\User\0cc1e298d7db3c7a8500acedc0645e75.php 第 112 行.
NOTIC: [8] Undefined variable: list D:\wamp\www\kuaidian\Application\Runtime\Cache\User\0cc1e298d7db3c7a8500acedc0645e75.php 第 112 行.
NOTIC: [8] Undefined variable: list D:\wamp\www\kuaidian\Application\Runtime\Cache\User\0cc1e298d7db3c7a8500acedc0645e75.php 第 112 行.
NOTIC: [8] Undefined variable: list D:\wamp\www\kuaidian\Application\Runtime\Cache\User\0cc1e298d7db3c7a8500acedc0645e75.php 第 112 行.
NOTIC: [8] Undefined variable: list D:\wamp\www\kuaidian\Application\Runtime\Cache\User\0cc1e298d7db3c7a8500acedc0645e75.php 第 112 行.
NOTIC: [8] Undefined variable: list D:\wamp\www\kuaidian\Application\Runtime\Cache\User\0cc1e298d7db3c7a8500acedc0645e75.php 第 112 行.
NOTIC: [8] Undefined variable: list D:\wamp\www\kuaidian\Application\Runtime\Cache\User\0cc1e298d7db3c7a8500acedc0645e75.php 第 112 行.
INFO: Run Behavior\ParseTemplateBehavior [ RunTime:0.049002s ]
INFO: [ view_parse ] --END-- [ RunTime:0.050002s ]
INFO: [ view_filter ] --START--
INFO: Run Behavior\WriteHtmlCacheBehavior [ RunTime:0.001001s ]
INFO: [ view_filter ] --END-- [ RunTime:0.001001s ]
INFO: [ app_end ] --START--
INFO: Run Behavior\ShowPageTraceBehavior [ RunTime:0.001000s ]
INFO: [ app_end ] --END-- [ RunTime:0.002000s ]

[ 2017-03-29T23:06:26+08:00 ] 127.0.0.1 /index.php/User/Order/remote.html
INFO: [ app_init ] --START--
INFO: Run Behavior\BuildLiteBehavior [ RunTime:0.000000s ]
INFO: [ app_init ] --END-- [ RunTime:0.002001s ]
INFO: [ app_begin ] --START--
INFO: Run Behavior\ReadHtmlCacheBehavior [ RunTime:0.001000s ]
INFO: [ app_begin ] --END-- [ RunTime:0.003000s ]
ERR: 非法操作:remote

[ 2017-03-29T23:06:26+08:00 ] 127.0.0.1 /index.php/User/Cart/lst.html
INFO: [ app_init ] --START--
INFO: Run Behavior\BuildLiteBehavior [ RunTime:0.000000s ]
INFO: [ app_init ] --END-- [ RunTime:0.001000s ]
INFO: [ app_begin ] --START--
INFO: Run Behavior\ReadHtmlCacheBehavior [ RunTime:0.001000s ]
INFO: [ app_begin ] --END-- [ RunTime:0.001000s ]
SQL: SHOW COLUMNS FROM `kuaidian_store` [ RunTime:0.0110s ]
SQL: SELECT `id`,`storename`,`sm_logo` FROM `kuaidian_store` WHERE `id` = ''  [ RunTime:0.0010s ]
SQL: SHOW COLUMNS FROM `kuaidian_goods` [ RunTime:0.0080s ]
SQL: SELECT `id` FROM `kuaidian_goods` WHERE `store_id` = ''  [ RunTime:0.0000s ]
NOTIC: [8] Undefined variable: goodsData D:\wamp\www\kuaidian\Application\User\Controller\CartController.class.php 第 35 行.
INFO: [ view_parse ] --START--
INFO: [ template_filter ] --START--
INFO: Run Behavior\ContentReplaceBehavior [ RunTime:0.001000s ]
INFO: [ template_filter ] --END-- [ RunTime:0.002000s ]
INFO: Run Behavior\ParseTemplateBehavior [ RunTime:0.052003s ]
INFO: [ view_parse ] --END-- [ RunTime:0.052003s ]
INFO: [ view_filter ] --START--
INFO: Run Behavior\WriteHtmlCacheBehavior [ RunTime:0.000000s ]
INFO: [ view_filter ] --END-- [ RunTime:0.001000s ]
NOTIC: [8] Undefined variable: goodsData D:\wamp\www\kuaidian\Application\User\Controller\CartController.class.php 第 41 行.
INFO: [ app_end ] --START--
INFO: Run Behavior\ShowPageTraceBehavior [ RunTime:0.001000s ]
INFO: [ app_end ] --END-- [ RunTime:0.001000s ]

[ 2017-03-29T23:06:34+08:00 ] 127.0.0.1 /index.php/User/Cart/lst/storeId/1
INFO: [ app_init ] --START--
INFO: Run Behavior\BuildLiteBehavior [ RunTime:0.000000s ]
INFO: [ app_init ] --END-- [ RunTime:0.001001s ]
INFO: [ app_begin ] --START--
INFO: Run Behavior\ReadHtmlCacheBehavior [ RunTime:0.002000s ]
INFO: [ app_begin ] --END-- [ RunTime:0.002000s ]
SQL: SHOW COLUMNS FROM `kuaidian_store` [ RunTime:0.0090s ]
SQL: SELECT `id`,`storename`,`sm_logo` FROM `kuaidian_store` WHERE `id` = '1'  [ RunTime:0.0010s ]
SQL: SHOW COLUMNS FROM `kuaidian_goods` [ RunTime:0.0080s ]
SQL: SELECT `id` FROM `kuaidian_goods` WHERE `store_id` = '1'  [ RunTime:0.0000s ]
NOTIC: [8] Undefined variable: goodsData D:\wamp\www\kuaidian\Application\User\Controller\CartController.class.php 第 35 行.
INFO: [ view_parse ] --START--
INFO: [ template_filter ] --START--
INFO: Run Behavior\ContentReplaceBehavior [ RunTime:0.001000s ]
INFO: [ template_filter ] --END-- [ RunTime:0.002000s ]
INFO: Run Behavior\ParseTemplateBehavior [ RunTime:0.049003s ]
INFO: [ view_parse ] --END-- [ RunTime:0.050003s ]
INFO: [ view_filter ] --START--
INFO: Run Behavior\WriteHtmlCacheBehavior [ RunTime:0.001000s ]
INFO: [ view_filter ] --END-- [ RunTime:0.001000s ]
NOTIC: [8] Undefined variable: goodsData D:\wamp\www\kuaidian\Application\User\Controller\CartController.class.php 第 41 行.
INFO: [ app_end ] --START--
INFO: Run Behavior\ShowPageTraceBehavior [ RunTime:0.001000s ]
INFO: [ app_end ] --END-- [ RunTime:0.001000s ]

