[ 2017-03-30T23:42:29+08:00 ] 127.0.0.1 /index.php/Home/Login/login.html
INFO: [ app_init ] --START--
INFO: Run Behavior\BuildLiteBehavior [ RunTime:0.000000s ]
INFO: [ app_init ] --END-- [ RunTime:0.002000s ]
INFO: [ app_begin ] --START--
INFO: Run Behavior\ReadHtmlCacheBehavior [ RunTime:0.001000s ]
INFO: [ app_begin ] --END-- [ RunTime:0.002000s ]
INFO: [ view_parse ] --START--
INFO: [ template_filter ] --START--
INFO: Run Behavior\ContentReplaceBehavior [ RunTime:0.000000s ]
INFO: [ template_filter ] --END-- [ RunTime:0.002000s ]
INFO: Run Behavior\ParseTemplateBehavior [ RunTime:0.113006s ]
INFO: [ view_parse ] --END-- [ RunTime:0.113006s ]
INFO: [ view_filter ] --START--
INFO: Run Behavior\WriteHtmlCacheBehavior [ RunTime:0.001000s ]
INFO: [ view_filter ] --END-- [ RunTime:0.002000s ]
INFO: [ app_end ] --START--
INFO: Run Behavior\ShowPageTraceBehavior [ RunTime:0.003000s ]
INFO: [ app_end ] --END-- [ RunTime:0.004000s ]

[ 2017-03-30T23:42:29+08:00 ] 127.0.0.1 /index.php/Home/Login/chkcode.html
INFO: [ app_init ] --START--
INFO: Run Behavior\BuildLiteBehavior [ RunTime:0.001000s ]
INFO: [ app_init ] --END-- [ RunTime:0.002000s ]
INFO: [ app_begin ] --START--
INFO: Run Behavior\ReadHtmlCacheBehavior [ RunTime:0.002000s ]
INFO: [ app_begin ] --END-- [ RunTime:0.002000s ]
INFO: [ app_end ] --START--
INFO: Run Behavior\ShowPageTraceBehavior [ RunTime:0.001000s ]
INFO: [ app_end ] --END-- [ RunTime:0.002000s ]

[ 2017-03-30T23:42:40+08:00 ] 127.0.0.1 /index.php/Home/Login/chkcode.html
INFO: [ app_init ] --START--
INFO: Run Behavior\BuildLiteBehavior [ RunTime:0.000000s ]
INFO: [ app_init ] --END-- [ RunTime:0.002000s ]
INFO: [ app_begin ] --START--
INFO: Run Behavior\ReadHtmlCacheBehavior [ RunTime:0.001000s ]
INFO: [ app_begin ] --END-- [ RunTime:0.002000s ]
INFO: [ app_end ] --START--
INFO: Run Behavior\ShowPageTraceBehavior [ RunTime:0.002000s ]
INFO: [ app_end ] --END-- [ RunTime:0.002000s ]

[ 2017-03-30T23:42:40+08:00 ] 127.0.0.1 /index.php/Home/Login/chkcode.html
INFO: [ app_init ] --START--
INFO: Run Behavior\BuildLiteBehavior [ RunTime:0.000000s ]
INFO: [ app_init ] --END-- [ RunTime:0.001000s ]
INFO: [ app_begin ] --START--
INFO: Run Behavior\ReadHtmlCacheBehavior [ RunTime:0.001000s ]
INFO: [ app_begin ] --END-- [ RunTime:0.001000s ]
INFO: [ app_end ] --START--
INFO: Run Behavior\ShowPageTraceBehavior [ RunTime:0.001000s ]
INFO: [ app_end ] --END-- [ RunTime:0.001000s ]

[ 2017-03-30T23:42:48+08:00 ] 127.0.0.1 /index.php/Home/Login/login.html
INFO: [ app_init ] --START--
INFO: Run Behavior\BuildLiteBehavior [ RunTime:0.000000s ]
INFO: [ app_init ] --END-- [ RunTime:0.001000s ]
INFO: [ app_begin ] --START--
INFO: Run Behavior\ReadHtmlCacheBehavior [ RunTime:0.001000s ]
INFO: [ app_begin ] --END-- [ RunTime:0.002000s ]
SQL: SHOW COLUMNS FROM `kuaidian_store` [ RunTime:0.0100s ]
NOTIC: [8] Undefined index: auto D:\wamp\www\kuaidian\ThinkPHP\Library\Think\Model.class.php 第 1128 行.
SQL: SELECT * FROM `kuaidian_store` WHERE `username` = '柠檬' LIMIT 1   [ RunTime:0.0010s ]
NOTIC: [8] Use of undefined constant ischeck - assumed 'ischeck' D:\wamp\www\kuaidian\Application\Home\Model\StoreModel.class.php 第 108 行.
NOTIC: [8] Use of undefined constant status - assumed 'status' D:\wamp\www\kuaidian\Application\Home\Model\StoreModel.class.php 第 113 行.
NOTIC: [8] Use of undefined constant password - assumed 'password' D:\wamp\www\kuaidian\Application\Home\Model\StoreModel.class.php 第 120 行.
NOTIC: [8] Use of undefined constant id - assumed 'id' D:\wamp\www\kuaidian\Application\Home\Model\StoreModel.class.php 第 122 行.

[ 2017-03-30T23:42:48+08:00 ] 127.0.0.1 /index.php/Home/Index/index.html
INFO: [ app_init ] --START--
INFO: Run Behavior\BuildLiteBehavior [ RunTime:0.000000s ]
INFO: [ app_init ] --END-- [ RunTime:0.001000s ]
INFO: [ app_begin ] --START--
INFO: Run Behavior\ReadHtmlCacheBehavior [ RunTime:0.001000s ]
INFO: [ app_begin ] --END-- [ RunTime:0.001000s ]
INFO: [ view_parse ] --START--
INFO: [ template_filter ] --START--
INFO: Run Behavior\ContentReplaceBehavior [ RunTime:0.001000s ]
INFO: [ template_filter ] --END-- [ RunTime:0.001000s ]
INFO: Run Behavior\ParseTemplateBehavior [ RunTime:0.108006s ]
INFO: [ view_parse ] --END-- [ RunTime:0.109006s ]
INFO: [ view_filter ] --START--
INFO: Run Behavior\WriteHtmlCacheBehavior [ RunTime:0.000000s ]
INFO: [ view_filter ] --END-- [ RunTime:0.002000s ]
INFO: [ app_end ] --START--
INFO: Run Behavior\ShowPageTraceBehavior [ RunTime:0.001000s ]
INFO: [ app_end ] --END-- [ RunTime:0.001000s ]

[ 2017-03-30T23:42:48+08:00 ] 127.0.0.1 /index.php/Home/Index/top.html
INFO: [ app_init ] --START--
INFO: Run Behavior\BuildLiteBehavior [ RunTime:0.000000s ]
INFO: [ app_init ] --END-- [ RunTime:0.002000s ]
INFO: [ app_begin ] --START--
INFO: Run Behavior\ReadHtmlCacheBehavior [ RunTime:0.002000s ]
INFO: [ app_begin ] --END-- [ RunTime:0.002000s ]
SQL: SHOW COLUMNS FROM `kuaidian_store` [ RunTime:0.0070s ]
SQL: SELECT `username` FROM `kuaidian_store` WHERE `id` = '1' LIMIT 1   [ RunTime:0.0010s ]
INFO: [ view_parse ] --START--
INFO: [ template_filter ] --START--
INFO: Run Behavior\ContentReplaceBehavior [ RunTime:0.001000s ]
INFO: [ template_filter ] --END-- [ RunTime:0.002000s ]
INFO: Run Behavior\ParseTemplateBehavior [ RunTime:0.208011s ]
INFO: [ view_parse ] --END-- [ RunTime:0.210012s ]
INFO: [ view_filter ] --START--
INFO: Run Behavior\WriteHtmlCacheBehavior [ RunTime:0.002001s ]
INFO: [ view_filter ] --END-- [ RunTime:0.002001s ]
INFO: [ app_end ] --START--
INFO: Run Behavior\ShowPageTraceBehavior [ RunTime:0.002000s ]
INFO: [ app_end ] --END-- [ RunTime:0.003000s ]

[ 2017-03-30T23:42:48+08:00 ] 127.0.0.1 /index.php/Home/Index/main.html
INFO: [ app_init ] --START--
INFO: Run Behavior\BuildLiteBehavior [ RunTime:0.000000s ]
INFO: [ app_init ] --END-- [ RunTime:0.001000s ]
INFO: [ app_begin ] --START--
INFO: Run Behavior\ReadHtmlCacheBehavior [ RunTime:0.001000s ]
INFO: [ app_begin ] --END-- [ RunTime:0.002000s ]
INFO: [ view_parse ] --START--
INFO: [ template_filter ] --START--
INFO: Run Behavior\ContentReplaceBehavior [ RunTime:0.001000s ]
INFO: [ template_filter ] --END-- [ RunTime:0.001000s ]
INFO: Run Behavior\ParseTemplateBehavior [ RunTime:0.091005s ]
INFO: [ view_parse ] --END-- [ RunTime:0.092005s ]
INFO: [ view_filter ] --START--
INFO: Run Behavior\WriteHtmlCacheBehavior [ RunTime:0.001001s ]
INFO: [ view_filter ] --END-- [ RunTime:0.001001s ]
INFO: [ app_end ] --START--
INFO: Run Behavior\ShowPageTraceBehavior [ RunTime:0.002000s ]
INFO: [ app_end ] --END-- [ RunTime:0.002000s ]

[ 2017-03-30T23:42:48+08:00 ] 127.0.0.1 /index.php/Home/Index/menu.html
INFO: [ app_init ] --START--
INFO: Run Behavior\BuildLiteBehavior [ RunTime:0.000000s ]
INFO: [ app_init ] --END-- [ RunTime:0.001000s ]
INFO: [ app_begin ] --START--
INFO: Run Behavior\ReadHtmlCacheBehavior [ RunTime:0.002000s ]
INFO: [ app_begin ] --END-- [ RunTime:0.002000s ]
SQL: SELECT * FROM kuaidian_store_privilege [ RunTime:0.0010s ]
INFO: [ view_parse ] --START--
INFO: [ template_filter ] --START--
INFO: Run Behavior\ContentReplaceBehavior [ RunTime:0.002000s ]
INFO: [ template_filter ] --END-- [ RunTime:0.002000s ]
INFO: Run Behavior\ParseTemplateBehavior [ RunTime:0.054004s ]
INFO: [ view_parse ] --END-- [ RunTime:0.054004s ]
INFO: [ view_filter ] --START--
INFO: Run Behavior\WriteHtmlCacheBehavior [ RunTime:0.001000s ]
INFO: [ view_filter ] --END-- [ RunTime:0.001000s ]
INFO: [ app_end ] --START--
INFO: Run Behavior\ShowPageTraceBehavior [ RunTime:0.001000s ]
INFO: [ app_end ] --END-- [ RunTime:0.002000s ]

[ 2017-03-30T23:42:50+08:00 ] 127.0.0.1 /index.php/Home/Statistics/lst.html
INFO: [ app_init ] --START--
INFO: Run Behavior\BuildLiteBehavior [ RunTime:0.000000s ]
INFO: [ app_init ] --END-- [ RunTime:0.001000s ]
INFO: [ app_begin ] --START--
INFO: Run Behavior\ReadHtmlCacheBehavior [ RunTime:0.001001s ]
INFO: [ app_begin ] --END-- [ RunTime:0.001001s ]
SQL: SELECT COUNT(*) has FROM kuaidian_store_privilege WHERE module_name="Home" AND controller_name="Statistics" AND action_name="lst" [ RunTime:0.0010s ]
ERR: Think\Controller:query方法不存在！

[ 2017-03-30T23:44:00+08:00 ] 127.0.0.1 /index.php/Home/Statistics/lst.html
INFO: [ app_init ] --START--
INFO: Run Behavior\BuildLiteBehavior [ RunTime:0.000000s ]
INFO: [ app_init ] --END-- [ RunTime:0.001000s ]
INFO: [ app_begin ] --START--
INFO: Run Behavior\ReadHtmlCacheBehavior [ RunTime:0.001000s ]
INFO: [ app_begin ] --END-- [ RunTime:0.002000s ]
SQL: SELECT COUNT(*) has FROM kuaidian_store_privilege WHERE module_name="Home" AND controller_name="Statistics" AND action_name="lst" [ RunTime:0.0010s ]
SQL: SELECT a.add_times, a.post_status, b.goods_id, b.goods_price, b.goods_number, c.goods_name, SUM( b.goods_number ) counts, SUM( b.goods_price ) total FROM kuaidian_order a INNER JOIN kuaidian_order_goods b INNER JOIN kuaidian_goods c ON a.order_number = b.order_number AND b.goods_id = c.id AND a.store_id =1 GROUP BY b.goods_id, b.goods_price ORDER BY goods_id [ RunTime:0.0010s ]
INFO: [ view_parse ] --START--
INFO: [ template_filter ] --START--
INFO: Run Behavior\ContentReplaceBehavior [ RunTime:0.001000s ]
INFO: [ template_filter ] --END-- [ RunTime:0.001000s ]
INFO: Run Behavior\ParseTemplateBehavior [ RunTime:0.083005s ]
INFO: [ view_parse ] --END-- [ RunTime:0.084005s ]
INFO: [ view_filter ] --START--
INFO: Run Behavior\WriteHtmlCacheBehavior [ RunTime:0.000000s ]
INFO: [ view_filter ] --END-- [ RunTime:0.001000s ]
INFO: [ app_end ] --START--
INFO: Run Behavior\ShowPageTraceBehavior [ RunTime:0.001000s ]
INFO: [ app_end ] --END-- [ RunTime:0.001000s ]

[ 2017-03-30T23:49:54+08:00 ] 127.0.0.1 /index.php/Home/Order/lst.html
INFO: [ app_init ] --START--
INFO: Run Behavior\BuildLiteBehavior [ RunTime:0.000000s ]
INFO: [ app_init ] --END-- [ RunTime:0.001000s ]
INFO: [ app_begin ] --START--
INFO: Run Behavior\ReadHtmlCacheBehavior [ RunTime:0.001000s ]
INFO: [ app_begin ] --END-- [ RunTime:0.001000s ]
SQL: SELECT COUNT(*) has FROM kuaidian_store_privilege WHERE module_name="Home" AND controller_name="Order" AND action_name="lst" [ RunTime:0.0010s ]
SQL: SHOW COLUMNS FROM `kuaidian_order` [ RunTime:0.0060s ]
SQL: SELECT * FROM `kuaidian_order` WHERE `store_id` = '1'  [ RunTime:0.0000s ]
SQL: SHOW COLUMNS FROM `kuaidian_order_goods` [ RunTime:0.0080s ]
SQL: SELECT `goods_id`,`goods_price`,`goods_number` FROM `kuaidian_order_goods` WHERE `order_number` = '1490469085359239'  [ RunTime:0.0010s ]
SQL: SHOW COLUMNS FROM `kuaidian_goods` [ RunTime:0.0070s ]
SQL: SELECT `goods_name` FROM `kuaidian_goods` WHERE `id` = '4' LIMIT 1   [ RunTime:0.0000s ]
SQL: SELECT `goods_name` FROM `kuaidian_goods` WHERE `id` = '5' LIMIT 1   [ RunTime:0.0020s ]
SQL: SELECT `goods_id`,`goods_price`,`goods_number` FROM `kuaidian_order_goods` WHERE `order_number` = '1490540043306152'  [ RunTime:0.0010s ]
SQL: SELECT `goods_name` FROM `kuaidian_goods` WHERE `id` = '4' LIMIT 1   [ RunTime:0.0010s ]
SQL: SELECT `goods_name` FROM `kuaidian_goods` WHERE `id` = '5' LIMIT 1   [ RunTime:0.0000s ]
SQL: SELECT `goods_id`,`goods_price`,`goods_number` FROM `kuaidian_order_goods` WHERE `order_number` = '1490540417733262'  [ RunTime:0.0010s ]
SQL: SELECT `goods_name` FROM `kuaidian_goods` WHERE `id` = '4' LIMIT 1   [ RunTime:0.0000s ]
SQL: SELECT `goods_name` FROM `kuaidian_goods` WHERE `id` = '5' LIMIT 1   [ RunTime:0.0010s ]
SQL: SELECT `goods_id`,`goods_price`,`goods_number` FROM `kuaidian_order_goods` WHERE `order_number` = '1490540625424479'  [ RunTime:0.0000s ]
SQL: SELECT `goods_name` FROM `kuaidian_goods` WHERE `id` = '4' LIMIT 1   [ RunTime:0.0010s ]
SQL: SELECT `goods_name` FROM `kuaidian_goods` WHERE `id` = '5' LIMIT 1   [ RunTime:0.0000s ]
SQL: SELECT `goods_id`,`goods_price`,`goods_number` FROM `kuaidian_order_goods` WHERE `order_number` = '1490798108195719'  [ RunTime:0.0020s ]
SQL: SELECT `goods_name` FROM `kuaidian_goods` WHERE `id` = '4' LIMIT 1   [ RunTime:0.0000s ]
SQL: SELECT `goods_id`,`goods_price`,`goods_number` FROM `kuaidian_order_goods` WHERE `order_number` = '1490798933977566'  [ RunTime:0.0010s ]
SQL: SELECT `goods_name` FROM `kuaidian_goods` WHERE `id` = '4' LIMIT 1   [ RunTime:0.0000s ]
SQL: SELECT `goods_id`,`goods_price`,`goods_number` FROM `kuaidian_order_goods` WHERE `order_number` = '1490799736709038'  [ RunTime:0.0010s ]
SQL: SELECT `goods_name` FROM `kuaidian_goods` WHERE `id` = '4' LIMIT 1   [ RunTime:0.0000s ]
SQL: SELECT `goods_id`,`goods_price`,`goods_number` FROM `kuaidian_order_goods` WHERE `order_number` = '1490799982776150'  [ RunTime:0.0010s ]
SQL: SELECT `goods_name` FROM `kuaidian_goods` WHERE `id` = '4' LIMIT 1   [ RunTime:0.0000s ]
SQL: SELECT `goods_id`,`goods_price`,`goods_number` FROM `kuaidian_order_goods` WHERE `order_number` = '1490887921796034'  [ RunTime:0.0010s ]
SQL: SELECT `goods_name` FROM `kuaidian_goods` WHERE `id` = '4' LIMIT 1   [ RunTime:0.0010s ]
INFO: [ view_parse ] --START--
INFO: [ template_filter ] --START--
INFO: Run Behavior\ContentReplaceBehavior [ RunTime:0.001000s ]
INFO: [ template_filter ] --END-- [ RunTime:0.001000s ]
INFO: Run Behavior\ParseTemplateBehavior [ RunTime:0.040002s ]
INFO: [ view_parse ] --END-- [ RunTime:0.041002s ]
INFO: [ view_filter ] --START--
INFO: Run Behavior\WriteHtmlCacheBehavior [ RunTime:0.001000s ]
INFO: [ view_filter ] --END-- [ RunTime:0.001000s ]
INFO: [ app_end ] --START--
INFO: Run Behavior\ShowPageTraceBehavior [ RunTime:0.001000s ]
INFO: [ app_end ] --END-- [ RunTime:0.002000s ]

[ 2017-03-30T23:53:12+08:00 ] 127.0.0.1 /index.php/Home/Statistics/lst.html
INFO: [ app_init ] --START--
INFO: Run Behavior\BuildLiteBehavior [ RunTime:0.000000s ]
INFO: [ app_init ] --END-- [ RunTime:0.002000s ]
INFO: [ app_begin ] --START--
INFO: Run Behavior\ReadHtmlCacheBehavior [ RunTime:0.001000s ]
INFO: [ app_begin ] --END-- [ RunTime:0.001000s ]
SQL: SELECT COUNT(*) has FROM kuaidian_store_privilege WHERE module_name="Home" AND controller_name="Statistics" AND action_name="lst" [ RunTime:0.0000s ]
SQL: SELECT a.add_times, a.post_status, b.goods_id, b.goods_price, b.goods_number, c.goods_name, SUM( b.goods_number ) counts, SUM( b.goods_price ) total FROM kuaidian_order a INNER JOIN kuaidian_order_goods b INNER JOIN kuaidian_goods c ON a.order_number = b.order_number AND b.goods_id = c.id AND a.store_id =1 GROUP BY b.goods_id, b.goods_price ORDER BY goods_id [ RunTime:0.0010s ]
INFO: [ view_parse ] --START--
INFO: [ template_filter ] --START--
INFO: Run Behavior\ContentReplaceBehavior [ RunTime:0.000000s ]
INFO: [ template_filter ] --END-- [ RunTime:0.002000s ]
NOTIC: [8] Undefined variable: vo D:\wamp\www\kuaidian\Application\Runtime\Cache\Home\5de1b32b3990bfde83377ec5baa2f161.php 第 38 行.
NOTIC: [8] Undefined variable: vo D:\wamp\www\kuaidian\Application\Runtime\Cache\Home\5de1b32b3990bfde83377ec5baa2f161.php 第 40 行.
NOTIC: [8] Undefined variable: vo D:\wamp\www\kuaidian\Application\Runtime\Cache\Home\5de1b32b3990bfde83377ec5baa2f161.php 第 41 行.
NOTIC: [8] Undefined variable: vo D:\wamp\www\kuaidian\Application\Runtime\Cache\Home\5de1b32b3990bfde83377ec5baa2f161.php 第 42 行.
NOTIC: [8] Undefined variable: vo D:\wamp\www\kuaidian\Application\Runtime\Cache\Home\5de1b32b3990bfde83377ec5baa2f161.php 第 45 行.
NOTIC: [8] Undefined variable: vo D:\wamp\www\kuaidian\Application\Runtime\Cache\Home\5de1b32b3990bfde83377ec5baa2f161.php 第 51 行.
NOTIC: [8] Undefined variable: vo1 D:\wamp\www\kuaidian\Application\Runtime\Cache\Home\5de1b32b3990bfde83377ec5baa2f161.php 第 56 行.
NOTIC: [8] Undefined variable: vo1 D:\wamp\www\kuaidian\Application\Runtime\Cache\Home\5de1b32b3990bfde83377ec5baa2f161.php 第 57 行.
NOTIC: [8] Undefined variable: vo1 D:\wamp\www\kuaidian\Application\Runtime\Cache\Home\5de1b32b3990bfde83377ec5baa2f161.php 第 57 行.
INFO: Run Behavior\ParseTemplateBehavior [ RunTime:0.032002s ]
INFO: [ view_parse ] --END-- [ RunTime:0.033002s ]
INFO: [ view_filter ] --START--
INFO: Run Behavior\WriteHtmlCacheBehavior [ RunTime:0.001000s ]
INFO: [ view_filter ] --END-- [ RunTime:0.001000s ]
NOTIC: [8] Undefined variable: ret D:\wamp\www\kuaidian\Application\Home\Controller\StatisticsController.class.php 第 20 行.
INFO: [ app_end ] --START--
INFO: Run Behavior\ShowPageTraceBehavior [ RunTime:0.001000s ]
INFO: [ app_end ] --END-- [ RunTime:0.002000s ]

[ 2017-03-30T23:54:20+08:00 ] 127.0.0.1 /index.php/Home/Index/index.html
INFO: [ app_init ] --START--
INFO: Run Behavior\BuildLiteBehavior [ RunTime:0.000000s ]
INFO: [ app_init ] --END-- [ RunTime:0.001001s ]
INFO: [ app_begin ] --START--
INFO: Run Behavior\ReadHtmlCacheBehavior [ RunTime:0.002000s ]
INFO: [ app_begin ] --END-- [ RunTime:0.002000s ]
INFO: [ view_parse ] --START--
INFO: [ template_filter ] --START--
INFO: Run Behavior\ContentReplaceBehavior [ RunTime:0.000000s ]
INFO: [ template_filter ] --END-- [ RunTime:0.002000s ]
INFO: Run Behavior\ParseTemplateBehavior [ RunTime:0.033002s ]
INFO: [ view_parse ] --END-- [ RunTime:0.033002s ]
INFO: [ view_filter ] --START--
INFO: Run Behavior\WriteHtmlCacheBehavior [ RunTime:0.001000s ]
INFO: [ view_filter ] --END-- [ RunTime:0.001000s ]
INFO: [ app_end ] --START--
INFO: Run Behavior\ShowPageTraceBehavior [ RunTime:0.001000s ]
INFO: [ app_end ] --END-- [ RunTime:0.001000s ]

[ 2017-03-30T23:54:20+08:00 ] 127.0.0.1 /index.php/Home/Index/top.html
INFO: [ app_init ] --START--
INFO: Run Behavior\BuildLiteBehavior [ RunTime:0.000000s ]
INFO: [ app_init ] --END-- [ RunTime:0.001000s ]
INFO: [ app_begin ] --START--
INFO: Run Behavior\ReadHtmlCacheBehavior [ RunTime:0.003001s ]
INFO: [ app_begin ] --END-- [ RunTime:0.003001s ]
SQL: SHOW COLUMNS FROM `kuaidian_store` [ RunTime:0.0070s ]
SQL: SELECT `username` FROM `kuaidian_store` WHERE `id` = '1' LIMIT 1   [ RunTime:0.0010s ]
INFO: [ view_parse ] --START--
INFO: [ template_filter ] --START--
INFO: Run Behavior\ContentReplaceBehavior [ RunTime:0.001000s ]
INFO: [ template_filter ] --END-- [ RunTime:0.002000s ]
INFO: Run Behavior\ParseTemplateBehavior [ RunTime:0.043002s ]
INFO: [ view_parse ] --END-- [ RunTime:0.043002s ]
INFO: [ view_filter ] --START--
INFO: Run Behavior\WriteHtmlCacheBehavior [ RunTime:0.000000s ]
INFO: [ view_filter ] --END-- [ RunTime:0.002000s ]
INFO: [ app_end ] --START--
INFO: Run Behavior\ShowPageTraceBehavior [ RunTime:0.002000s ]
INFO: [ app_end ] --END-- [ RunTime:0.002000s ]

[ 2017-03-30T23:54:20+08:00 ] 127.0.0.1 /index.php/Home/Index/menu.html
INFO: [ app_init ] --START--
INFO: Run Behavior\BuildLiteBehavior [ RunTime:0.001000s ]
INFO: [ app_init ] --END-- [ RunTime:0.001000s ]
INFO: [ app_begin ] --START--
INFO: Run Behavior\ReadHtmlCacheBehavior [ RunTime:0.002000s ]
INFO: [ app_begin ] --END-- [ RunTime:0.003000s ]
SQL: SELECT * FROM kuaidian_store_privilege [ RunTime:0.0010s ]
INFO: [ view_parse ] --START--
INFO: [ template_filter ] --START--
INFO: Run Behavior\ContentReplaceBehavior [ RunTime:0.001000s ]
INFO: [ template_filter ] --END-- [ RunTime:0.001000s ]
INFO: Run Behavior\ParseTemplateBehavior [ RunTime:0.046002s ]
INFO: [ view_parse ] --END-- [ RunTime:0.046002s ]
INFO: [ view_filter ] --START--
INFO: Run Behavior\WriteHtmlCacheBehavior [ RunTime:0.001000s ]
INFO: [ view_filter ] --END-- [ RunTime:0.002000s ]
INFO: [ app_end ] --START--
INFO: Run Behavior\ShowPageTraceBehavior [ RunTime:0.002001s ]
INFO: [ app_end ] --END-- [ RunTime:0.002001s ]

[ 2017-03-30T23:54:20+08:00 ] 127.0.0.1 /index.php/Home/Index/main.html
INFO: [ app_init ] --START--
INFO: Run Behavior\BuildLiteBehavior [ RunTime:0.000000s ]
INFO: [ app_init ] --END-- [ RunTime:0.001000s ]
INFO: [ app_begin ] --START--
INFO: Run Behavior\ReadHtmlCacheBehavior [ RunTime:0.001000s ]
INFO: [ app_begin ] --END-- [ RunTime:0.001000s ]
INFO: [ view_parse ] --START--
INFO: [ template_filter ] --START--
INFO: Run Behavior\ContentReplaceBehavior [ RunTime:0.001000s ]
INFO: [ template_filter ] --END-- [ RunTime:0.002000s ]
INFO: Run Behavior\ParseTemplateBehavior [ RunTime:0.052003s ]
INFO: [ view_parse ] --END-- [ RunTime:0.052003s ]
INFO: [ view_filter ] --START--
INFO: Run Behavior\WriteHtmlCacheBehavior [ RunTime:0.001000s ]
INFO: [ view_filter ] --END-- [ RunTime:0.002000s ]
INFO: [ app_end ] --START--
INFO: Run Behavior\ShowPageTraceBehavior [ RunTime:0.001000s ]
INFO: [ app_end ] --END-- [ RunTime:0.002000s ]

[ 2017-03-30T23:54:22+08:00 ] 127.0.0.1 /index.php/Home/Statistics/lst.html
INFO: [ app_init ] --START--
INFO: Run Behavior\BuildLiteBehavior [ RunTime:0.000000s ]
INFO: [ app_init ] --END-- [ RunTime:0.000000s ]
INFO: [ app_begin ] --START--
INFO: Run Behavior\ReadHtmlCacheBehavior [ RunTime:0.002001s ]
INFO: [ app_begin ] --END-- [ RunTime:0.002001s ]
SQL: SELECT COUNT(*) has FROM kuaidian_store_privilege WHERE module_name="Home" AND controller_name="Statistics" AND action_name="lst" [ RunTime:0.0000s ]
SQL: SELECT a.add_times, a.post_status, b.goods_id, b.goods_price, b.goods_number, c.goods_name, SUM( b.goods_number ) counts, SUM( b.goods_price ) total FROM kuaidian_order a INNER JOIN kuaidian_order_goods b INNER JOIN kuaidian_goods c ON a.order_number = b.order_number AND b.goods_id = c.id AND a.store_id =1 GROUP BY b.goods_id, b.goods_price ORDER BY goods_id [ RunTime:0.0020s ]
INFO: [ view_parse ] --START--
INFO: [ template_filter ] --START--
INFO: Run Behavior\ContentReplaceBehavior [ RunTime:0.001000s ]
INFO: [ template_filter ] --END-- [ RunTime:0.001000s ]
NOTIC: [8] Undefined variable: vo D:\wamp\www\kuaidian\Application\Runtime\Cache\Home\5de1b32b3990bfde83377ec5baa2f161.php 第 37 行.
NOTIC: [8] Undefined variable: vo D:\wamp\www\kuaidian\Application\Runtime\Cache\Home\5de1b32b3990bfde83377ec5baa2f161.php 第 38 行.
NOTIC: [8] Undefined variable: vo D:\wamp\www\kuaidian\Application\Runtime\Cache\Home\5de1b32b3990bfde83377ec5baa2f161.php 第 39 行.
NOTIC: [8] Undefined variable: vo1 D:\wamp\www\kuaidian\Application\Runtime\Cache\Home\5de1b32b3990bfde83377ec5baa2f161.php 第 43 行.
NOTIC: [8] Undefined variable: vo1 D:\wamp\www\kuaidian\Application\Runtime\Cache\Home\5de1b32b3990bfde83377ec5baa2f161.php 第 44 行.
NOTIC: [8] Undefined variable: vo1 D:\wamp\www\kuaidian\Application\Runtime\Cache\Home\5de1b32b3990bfde83377ec5baa2f161.php 第 44 行.
INFO: Run Behavior\ParseTemplateBehavior [ RunTime:0.038003s ]
INFO: [ view_parse ] --END-- [ RunTime:0.039003s ]
INFO: [ view_filter ] --START--
INFO: Run Behavior\WriteHtmlCacheBehavior [ RunTime:0.001000s ]
INFO: [ view_filter ] --END-- [ RunTime:0.001000s ]
NOTIC: [8] Undefined variable: ret D:\wamp\www\kuaidian\Application\Home\Controller\StatisticsController.class.php 第 20 行.
INFO: [ app_end ] --START--
INFO: Run Behavior\ShowPageTraceBehavior [ RunTime:0.002000s ]
INFO: [ app_end ] --END-- [ RunTime:0.002000s ]

[ 2017-03-30T23:54:56+08:00 ] 127.0.0.1 /index.php/Home/Statistics/lst.html
INFO: [ app_init ] --START--
INFO: Run Behavior\BuildLiteBehavior [ RunTime:0.000000s ]
INFO: [ app_init ] --END-- [ RunTime:0.001000s ]
INFO: [ app_begin ] --START--
INFO: Run Behavior\ReadHtmlCacheBehavior [ RunTime:0.001000s ]
INFO: [ app_begin ] --END-- [ RunTime:0.002000s ]
SQL: SELECT COUNT(*) has FROM kuaidian_store_privilege WHERE module_name="Home" AND controller_name="Statistics" AND action_name="lst" [ RunTime:0.0010s ]
SQL: SELECT a.add_times, a.post_status, b.goods_id, b.goods_price, b.goods_number, c.goods_name, SUM( b.goods_number ) counts, SUM( b.goods_price ) total FROM kuaidian_order a INNER JOIN kuaidian_order_goods b INNER JOIN kuaidian_goods c ON a.order_number = b.order_number AND b.goods_id = c.id AND a.store_id =1 GROUP BY b.goods_id, b.goods_price ORDER BY goods_id [ RunTime:0.0010s ]
INFO: [ view_parse ] --START--
INFO: [ template_filter ] --START--
INFO: Run Behavior\ContentReplaceBehavior [ RunTime:0.000000s ]
INFO: [ template_filter ] --END-- [ RunTime:0.002000s ]
NOTIC: [8] Undefined variable: vo D:\wamp\www\kuaidian\Application\Runtime\Cache\Home\5de1b32b3990bfde83377ec5baa2f161.php 第 37 行.
NOTIC: [8] Undefined variable: vo D:\wamp\www\kuaidian\Application\Runtime\Cache\Home\5de1b32b3990bfde83377ec5baa2f161.php 第 38 行.
NOTIC: [8] Undefined variable: vo D:\wamp\www\kuaidian\Application\Runtime\Cache\Home\5de1b32b3990bfde83377ec5baa2f161.php 第 39 行.
NOTIC: [8] Undefined variable: vo1 D:\wamp\www\kuaidian\Application\Runtime\Cache\Home\5de1b32b3990bfde83377ec5baa2f161.php 第 43 行.
NOTIC: [8] Undefined variable: vo1 D:\wamp\www\kuaidian\Application\Runtime\Cache\Home\5de1b32b3990bfde83377ec5baa2f161.php 第 44 行.
NOTIC: [8] Undefined variable: vo1 D:\wamp\www\kuaidian\Application\Runtime\Cache\Home\5de1b32b3990bfde83377ec5baa2f161.php 第 44 行.
INFO: Run Behavior\ParseTemplateBehavior [ RunTime:0.031001s ]
INFO: [ view_parse ] --END-- [ RunTime:0.031001s ]
INFO: [ view_filter ] --START--
INFO: Run Behavior\WriteHtmlCacheBehavior [ RunTime:0.000000s ]
INFO: [ view_filter ] --END-- [ RunTime:0.001001s ]
NOTIC: [8] Undefined variable: ret D:\wamp\www\kuaidian\Application\Home\Controller\StatisticsController.class.php 第 20 行.
INFO: [ app_end ] --START--
INFO: Run Behavior\ShowPageTraceBehavior [ RunTime:0.001000s ]
INFO: [ app_end ] --END-- [ RunTime:0.001000s ]

[ 2017-03-30T23:55:15+08:00 ] 127.0.0.1 /index.php/Home/Statistics/lst.html
INFO: [ app_init ] --START--
INFO: Run Behavior\BuildLiteBehavior [ RunTime:0.000000s ]
INFO: [ app_init ] --END-- [ RunTime:0.001000s ]
INFO: [ app_begin ] --START--
INFO: Run Behavior\ReadHtmlCacheBehavior [ RunTime:0.001000s ]
INFO: [ app_begin ] --END-- [ RunTime:0.002000s ]
SQL: SELECT COUNT(*) has FROM kuaidian_store_privilege WHERE module_name="Home" AND controller_name="Statistics" AND action_name="lst" [ RunTime:0.0000s ]
SQL: SELECT a.add_times, a.post_status, b.goods_id, b.goods_price, b.goods_number, c.goods_name, SUM( b.goods_number ) counts, SUM( b.goods_price ) total FROM kuaidian_order a INNER JOIN kuaidian_order_goods b INNER JOIN kuaidian_goods c ON a.order_number = b.order_number AND b.goods_id = c.id AND a.store_id =1 GROUP BY b.goods_id, b.goods_price ORDER BY goods_id [ RunTime:0.0010s ]
INFO: [ view_parse ] --START--
INFO: [ template_filter ] --START--
INFO: Run Behavior\ContentReplaceBehavior [ RunTime:0.001000s ]
INFO: [ template_filter ] --END-- [ RunTime:0.002000s ]
NOTIC: [8] Undefined variable: vo D:\wamp\www\kuaidian\Application\Runtime\Cache\Home\5de1b32b3990bfde83377ec5baa2f161.php 第 37 行.
NOTIC: [8] Undefined variable: vo D:\wamp\www\kuaidian\Application\Runtime\Cache\Home\5de1b32b3990bfde83377ec5baa2f161.php 第 38 行.
NOTIC: [8] Undefined variable: vo D:\wamp\www\kuaidian\Application\Runtime\Cache\Home\5de1b32b3990bfde83377ec5baa2f161.php 第 39 行.
NOTIC: [8] Undefined variable: vo1 D:\wamp\www\kuaidian\Application\Runtime\Cache\Home\5de1b32b3990bfde83377ec5baa2f161.php 第 43 行.
NOTIC: [8] Undefined variable: vo1 D:\wamp\www\kuaidian\Application\Runtime\Cache\Home\5de1b32b3990bfde83377ec5baa2f161.php 第 44 行.
NOTIC: [8] Undefined variable: vo1 D:\wamp\www\kuaidian\Application\Runtime\Cache\Home\5de1b32b3990bfde83377ec5baa2f161.php 第 44 行.
INFO: Run Behavior\ParseTemplateBehavior [ RunTime:0.035002s ]
INFO: [ view_parse ] --END-- [ RunTime:0.036002s ]
INFO: [ view_filter ] --START--
INFO: Run Behavior\WriteHtmlCacheBehavior [ RunTime:0.001000s ]
INFO: [ view_filter ] --END-- [ RunTime:0.001000s ]
NOTIC: [8] Undefined variable: ret D:\wamp\www\kuaidian\Application\Home\Controller\StatisticsController.class.php 第 20 行.
INFO: [ app_end ] --START--
INFO: Run Behavior\ShowPageTraceBehavior [ RunTime:0.002000s ]
INFO: [ app_end ] --END-- [ RunTime:0.002000s ]

[ 2017-03-30T23:55:33+08:00 ] 127.0.0.1 /index.php/Home/Statistics/lst.html
INFO: [ app_init ] --START--
INFO: Run Behavior\BuildLiteBehavior [ RunTime:0.000000s ]
INFO: [ app_init ] --END-- [ RunTime:0.001000s ]
INFO: [ app_begin ] --START--
INFO: Run Behavior\ReadHtmlCacheBehavior [ RunTime:0.002000s ]
INFO: [ app_begin ] --END-- [ RunTime:0.002000s ]
SQL: SELECT COUNT(*) has FROM kuaidian_store_privilege WHERE module_name="Home" AND controller_name="Statistics" AND action_name="lst" [ RunTime:0.0010s ]
SQL: SELECT a.add_times, a.post_status, b.goods_id, b.goods_price, b.goods_number, c.goods_name, SUM( b.goods_number ) counts, SUM( b.goods_price ) total FROM kuaidian_order a INNER JOIN kuaidian_order_goods b INNER JOIN kuaidian_goods c ON a.order_number = b.order_number AND b.goods_id = c.id AND a.store_id =1 GROUP BY b.goods_id, b.goods_price ORDER BY goods_id [ RunTime:0.0020s ]
INFO: [ view_parse ] --START--
INFO: [ template_filter ] --START--
INFO: Run Behavior\ContentReplaceBehavior [ RunTime:0.001000s ]
INFO: [ template_filter ] --END-- [ RunTime:0.001000s ]
NOTIC: [8] Undefined variable: vo D:\wamp\www\kuaidian\Application\Runtime\Cache\Home\5de1b32b3990bfde83377ec5baa2f161.php 第 37 行.
NOTIC: [8] Undefined variable: vo D:\wamp\www\kuaidian\Application\Runtime\Cache\Home\5de1b32b3990bfde83377ec5baa2f161.php 第 38 行.
NOTIC: [8] Undefined variable: vo D:\wamp\www\kuaidian\Application\Runtime\Cache\Home\5de1b32b3990bfde83377ec5baa2f161.php 第 39 行.
NOTIC: [8] Undefined variable: vo1 D:\wamp\www\kuaidian\Application\Runtime\Cache\Home\5de1b32b3990bfde83377ec5baa2f161.php 第 43 行.
NOTIC: [8] Undefined variable: vo1 D:\wamp\www\kuaidian\Application\Runtime\Cache\Home\5de1b32b3990bfde83377ec5baa2f161.php 第 44 行.
NOTIC: [8] Undefined variable: vo1 D:\wamp\www\kuaidian\Application\Runtime\Cache\Home\5de1b32b3990bfde83377ec5baa2f161.php 第 44 行.
INFO: Run Behavior\ParseTemplateBehavior [ RunTime:0.033001s ]
INFO: [ view_parse ] --END-- [ RunTime:0.033001s ]
INFO: [ view_filter ] --START--
INFO: Run Behavior\WriteHtmlCacheBehavior [ RunTime:0.001001s ]
INFO: [ view_filter ] --END-- [ RunTime:0.001001s ]
NOTIC: [8] Undefined variable: ret D:\wamp\www\kuaidian\Application\Home\Controller\StatisticsController.class.php 第 20 行.
INFO: [ app_end ] --START--
INFO: Run Behavior\ShowPageTraceBehavior [ RunTime:0.001000s ]
INFO: [ app_end ] --END-- [ RunTime:0.002000s ]

[ 2017-03-30T23:55:35+08:00 ] 127.0.0.1 /index.php/Home/Statistics/lst.html
INFO: [ app_init ] --START--
INFO: Run Behavior\BuildLiteBehavior [ RunTime:0.000000s ]
INFO: [ app_init ] --END-- [ RunTime:0.001000s ]
INFO: [ app_begin ] --START--
INFO: Run Behavior\ReadHtmlCacheBehavior [ RunTime:0.001000s ]
INFO: [ app_begin ] --END-- [ RunTime:0.001000s ]
SQL: SELECT COUNT(*) has FROM kuaidian_store_privilege WHERE module_name="Home" AND controller_name="Statistics" AND action_name="lst" [ RunTime:0.0000s ]
SQL: SELECT a.add_times, a.post_status, b.goods_id, b.goods_price, b.goods_number, c.goods_name, SUM( b.goods_number ) counts, SUM( b.goods_price ) total FROM kuaidian_order a INNER JOIN kuaidian_order_goods b INNER JOIN kuaidian_goods c ON a.order_number = b.order_number AND b.goods_id = c.id AND a.store_id =1 GROUP BY b.goods_id, b.goods_price ORDER BY goods_id [ RunTime:0.0010s ]
INFO: [ view_parse ] --START--
INFO: [ template_filter ] --START--
INFO: Run Behavior\ContentReplaceBehavior [ RunTime:0.001000s ]
INFO: [ template_filter ] --END-- [ RunTime:0.001000s ]
NOTIC: [8] Undefined variable: vo D:\wamp\www\kuaidian\Application\Runtime\Cache\Home\5de1b32b3990bfde83377ec5baa2f161.php 第 37 行.
NOTIC: [8] Undefined variable: vo D:\wamp\www\kuaidian\Application\Runtime\Cache\Home\5de1b32b3990bfde83377ec5baa2f161.php 第 38 行.
NOTIC: [8] Undefined variable: vo D:\wamp\www\kuaidian\Application\Runtime\Cache\Home\5de1b32b3990bfde83377ec5baa2f161.php 第 39 行.
NOTIC: [8] Undefined variable: vo1 D:\wamp\www\kuaidian\Application\Runtime\Cache\Home\5de1b32b3990bfde83377ec5baa2f161.php 第 43 行.
NOTIC: [8] Undefined variable: vo1 D:\wamp\www\kuaidian\Application\Runtime\Cache\Home\5de1b32b3990bfde83377ec5baa2f161.php 第 44 行.
NOTIC: [8] Undefined variable: vo1 D:\wamp\www\kuaidian\Application\Runtime\Cache\Home\5de1b32b3990bfde83377ec5baa2f161.php 第 44 行.
INFO: Run Behavior\ParseTemplateBehavior [ RunTime:0.030002s ]
INFO: [ view_parse ] --END-- [ RunTime:0.031002s ]
INFO: [ view_filter ] --START--
INFO: Run Behavior\WriteHtmlCacheBehavior [ RunTime:0.001000s ]
INFO: [ view_filter ] --END-- [ RunTime:0.001000s ]
NOTIC: [8] Undefined variable: ret D:\wamp\www\kuaidian\Application\Home\Controller\StatisticsController.class.php 第 20 行.
INFO: [ app_end ] --START--
INFO: Run Behavior\ShowPageTraceBehavior [ RunTime:0.001000s ]
INFO: [ app_end ] --END-- [ RunTime:0.001000s ]

[ 2017-03-30T23:56:13+08:00 ] 127.0.0.1 /index.php/Home/Statistics/lst.html
INFO: [ app_init ] --START--
INFO: Run Behavior\BuildLiteBehavior [ RunTime:0.000000s ]
INFO: [ app_init ] --END-- [ RunTime:0.002000s ]
INFO: [ app_begin ] --START--
INFO: Run Behavior\ReadHtmlCacheBehavior [ RunTime:0.001000s ]
INFO: [ app_begin ] --END-- [ RunTime:0.001000s ]
SQL: SELECT COUNT(*) has FROM kuaidian_store_privilege WHERE module_name="Home" AND controller_name="Statistics" AND action_name="lst" [ RunTime:0.0000s ]
SQL: SELECT a.add_times, a.post_status, b.goods_id, b.goods_price, b.goods_number, c.goods_name, SUM( b.goods_number ) counts, SUM( b.goods_price ) total FROM kuaidian_order a INNER JOIN kuaidian_order_goods b INNER JOIN kuaidian_goods c ON a.order_number = b.order_number AND b.goods_id = c.id AND a.store_id =1 GROUP BY b.goods_id, b.goods_price ORDER BY goods_id [ RunTime:0.0010s ]
INFO: [ view_parse ] --START--
INFO: [ template_filter ] --START--
INFO: Run Behavior\ContentReplaceBehavior [ RunTime:0.001000s ]
INFO: [ template_filter ] --END-- [ RunTime:0.001000s ]
NOTIC: [8] Undefined variable: vo D:\wamp\www\kuaidian\Application\Runtime\Cache\Home\5de1b32b3990bfde83377ec5baa2f161.php 第 37 行.
NOTIC: [8] Undefined variable: vo D:\wamp\www\kuaidian\Application\Runtime\Cache\Home\5de1b32b3990bfde83377ec5baa2f161.php 第 38 行.
NOTIC: [8] Undefined variable: vo D:\wamp\www\kuaidian\Application\Runtime\Cache\Home\5de1b32b3990bfde83377ec5baa2f161.php 第 39 行.
INFO: Run Behavior\ParseTemplateBehavior [ RunTime:0.031002s ]
INFO: [ view_parse ] --END-- [ RunTime:0.031002s ]
INFO: [ view_filter ] --START--
INFO: Run Behavior\WriteHtmlCacheBehavior [ RunTime:0.001000s ]
INFO: [ view_filter ] --END-- [ RunTime:0.001000s ]
NOTIC: [8] Undefined variable: ret D:\wamp\www\kuaidian\Application\Home\Controller\StatisticsController.class.php 第 20 行.
INFO: [ app_end ] --START--
INFO: Run Behavior\ShowPageTraceBehavior [ RunTime:0.001000s ]
INFO: [ app_end ] --END-- [ RunTime:0.001000s ]

[ 2017-03-30T23:59:24+08:00 ] 127.0.0.1 /index.php/Home/Statistics/lst.html
INFO: [ app_init ] --START--
INFO: Run Behavior\BuildLiteBehavior [ RunTime:0.000000s ]
INFO: [ app_init ] --END-- [ RunTime:0.002001s ]
INFO: [ app_begin ] --START--
INFO: Run Behavior\ReadHtmlCacheBehavior [ RunTime:0.001000s ]
INFO: [ app_begin ] --END-- [ RunTime:0.002000s ]
SQL: SELECT COUNT(*) has FROM kuaidian_store_privilege WHERE module_name="Home" AND controller_name="Statistics" AND action_name="lst" [ RunTime:0.0000s ]
SQL: SELECT a.add_times, a.post_status, b.goods_id, b.goods_price, b.goods_number, c.goods_name, SUM( b.goods_number ) counts, SUM( b.goods_price ) total FROM kuaidian_order a INNER JOIN kuaidian_order_goods b INNER JOIN kuaidian_goods c ON a.order_number = b.order_number AND b.goods_id = c.id AND a.store_id =1 GROUP BY b.goods_id, b.goods_price ORDER BY goods_id [ RunTime:0.0010s ]
INFO: [ view_parse ] --START--
INFO: [ template_filter ] --START--
INFO: Run Behavior\ContentReplaceBehavior [ RunTime:0.001000s ]
INFO: [ template_filter ] --END-- [ RunTime:0.002000s ]
NOTIC: [8] Undefined variable: vo D:\wamp\www\kuaidian\Application\Runtime\Cache\Home\5de1b32b3990bfde83377ec5baa2f161.php 第 37 行.
NOTIC: [8] Undefined variable: vo D:\wamp\www\kuaidian\Application\Runtime\Cache\Home\5de1b32b3990bfde83377ec5baa2f161.php 第 38 行.
NOTIC: [8] Undefined variable: vo D:\wamp\www\kuaidian\Application\Runtime\Cache\Home\5de1b32b3990bfde83377ec5baa2f161.php 第 39 行.
INFO: Run Behavior\ParseTemplateBehavior [ RunTime:0.031002s ]
INFO: [ view_parse ] --END-- [ RunTime:0.032002s ]
INFO: [ view_filter ] --START--
INFO: Run Behavior\WriteHtmlCacheBehavior [ RunTime:0.001000s ]
INFO: [ view_filter ] --END-- [ RunTime:0.001000s ]
INFO: [ app_end ] --START--
INFO: Run Behavior\ShowPageTraceBehavior [ RunTime:0.001000s ]
INFO: [ app_end ] --END-- [ RunTime:0.002000s ]

