[ 2017-01-30T00:35:21+08:00 ] 127.0.0.1 /index.php/Home/Login/login.html
INFO: [ app_init ] --START--
INFO: Run Behavior\BuildLiteBehavior [ RunTime:0.000000s ]
INFO: [ app_init ] --END-- [ RunTime:0.002000s ]
INFO: [ app_begin ] --START--
INFO: Run Behavior\ReadHtmlCacheBehavior [ RunTime:0.001000s ]
INFO: [ app_begin ] --END-- [ RunTime:0.002000s ]
INFO: [ view_parse ] --START--
INFO: [ template_filter ] --START--
INFO: Run Behavior\ContentReplaceBehavior [ RunTime:0.001000s ]
INFO: [ template_filter ] --END-- [ RunTime:0.001000s ]
INFO: Run Behavior\ParseTemplateBehavior [ RunTime:0.072004s ]
INFO: [ view_parse ] --END-- [ RunTime:0.072004s ]
INFO: [ view_filter ] --START--
INFO: Run Behavior\WriteHtmlCacheBehavior [ RunTime:0.001001s ]
INFO: [ view_filter ] --END-- [ RunTime:0.002001s ]
INFO: [ app_end ] --START--
INFO: Run Behavior\ShowPageTraceBehavior [ RunTime:0.001000s ]
INFO: [ app_end ] --END-- [ RunTime:0.002000s ]

[ 2017-01-30T00:35:21+08:00 ] 127.0.0.1 /index.php/Home/Login/chkcode.html
INFO: [ app_init ] --START--
INFO: Run Behavior\BuildLiteBehavior [ RunTime:0.000000s ]
INFO: [ app_init ] --END-- [ RunTime:0.001000s ]
INFO: [ app_begin ] --START--
INFO: Run Behavior\ReadHtmlCacheBehavior [ RunTime:0.002000s ]
INFO: [ app_begin ] --END-- [ RunTime:0.002000s ]
INFO: [ app_end ] --START--
INFO: Run Behavior\ShowPageTraceBehavior [ RunTime:0.002000s ]
INFO: [ app_end ] --END-- [ RunTime:0.002000s ]

[ 2017-01-30T00:35:36+08:00 ] 127.0.0.1 /index.php/Home/Login/chkcode.html
INFO: [ app_init ] --START--
INFO: Run Behavior\BuildLiteBehavior [ RunTime:0.001000s ]
INFO: [ app_init ] --END-- [ RunTime:0.001000s ]
INFO: [ app_begin ] --START--
INFO: Run Behavior\ReadHtmlCacheBehavior [ RunTime:0.001000s ]
INFO: [ app_begin ] --END-- [ RunTime:0.002000s ]
INFO: [ app_end ] --START--
INFO: Run Behavior\ShowPageTraceBehavior [ RunTime:0.003000s ]
INFO: [ app_end ] --END-- [ RunTime:0.004000s ]

[ 2017-01-30T00:35:45+08:00 ] 127.0.0.1 /index.php/Home/Login/login.html
INFO: [ app_init ] --START--
INFO: Run Behavior\BuildLiteBehavior [ RunTime:0.000000s ]
INFO: [ app_init ] --END-- [ RunTime:0.002000s ]
INFO: [ app_begin ] --START--
INFO: Run Behavior\ReadHtmlCacheBehavior [ RunTime:0.001000s ]
INFO: [ app_begin ] --END-- [ RunTime:0.003000s ]
SQL: SHOW COLUMNS FROM `kuaidian_store` [ RunTime:0.0060s ]
NOTIC: [8] Undefined index: auto D:\wamp\www\kuaidian\ThinkPHP\Library\Think\Model.class.php 第 1128 行.
SQL: SELECT * FROM `kuaidian_store` WHERE `username` = '柠檬' LIMIT 1   [ RunTime:0.0020s ]
NOTIC: [8] Use of undefined constant ischeck - assumed 'ischeck' D:\wamp\www\kuaidian\Application\Home\Model\StoreModel.class.php 第 108 行.
NOTIC: [8] Use of undefined constant status - assumed 'status' D:\wamp\www\kuaidian\Application\Home\Model\StoreModel.class.php 第 113 行.
NOTIC: [8] Use of undefined constant password - assumed 'password' D:\wamp\www\kuaidian\Application\Home\Model\StoreModel.class.php 第 120 行.
NOTIC: [8] Use of undefined constant id - assumed 'id' D:\wamp\www\kuaidian\Application\Home\Model\StoreModel.class.php 第 122 行.

[ 2017-01-30T00:35:51+08:00 ] 127.0.0.1 /index.php/Home/Index/index.html
INFO: [ app_init ] --START--
INFO: Run Behavior\BuildLiteBehavior [ RunTime:0.000000s ]
INFO: [ app_init ] --END-- [ RunTime:0.001000s ]
INFO: [ app_begin ] --START--
INFO: Run Behavior\ReadHtmlCacheBehavior [ RunTime:0.001000s ]
INFO: [ app_begin ] --END-- [ RunTime:0.002000s ]
INFO: [ view_parse ] --START--
INFO: [ template_filter ] --START--
INFO: Run Behavior\ContentReplaceBehavior [ RunTime:0.001000s ]
INFO: [ template_filter ] --END-- [ RunTime:0.001000s ]
INFO: Run Behavior\ParseTemplateBehavior [ RunTime:0.033002s ]
INFO: [ view_parse ] --END-- [ RunTime:0.033002s ]
INFO: [ view_filter ] --START--
INFO: Run Behavior\WriteHtmlCacheBehavior [ RunTime:0.000000s ]
INFO: [ view_filter ] --END-- [ RunTime:0.002000s ]
INFO: [ app_end ] --START--
INFO: Run Behavior\ShowPageTraceBehavior [ RunTime:0.001001s ]
INFO: [ app_end ] --END-- [ RunTime:0.001001s ]

[ 2017-01-30T00:35:51+08:00 ] 127.0.0.1 /index.php/Home/Index/top.html
INFO: [ app_init ] --START--
INFO: Run Behavior\BuildLiteBehavior [ RunTime:0.000000s ]
INFO: [ app_init ] --END-- [ RunTime:0.001000s ]
INFO: [ app_begin ] --START--
INFO: Run Behavior\ReadHtmlCacheBehavior [ RunTime:0.001000s ]
INFO: [ app_begin ] --END-- [ RunTime:0.002001s ]
SQL: SHOW COLUMNS FROM `kuaidian_store` [ RunTime:0.0090s ]
SQL: SELECT `username` FROM `kuaidian_store` WHERE `id` = '1' LIMIT 1   [ RunTime:0.0010s ]
INFO: [ view_parse ] --START--
INFO: [ template_filter ] --START--
INFO: Run Behavior\ContentReplaceBehavior [ RunTime:0.002001s ]
INFO: [ template_filter ] --END-- [ RunTime:0.002001s ]
INFO: Run Behavior\ParseTemplateBehavior [ RunTime:0.043003s ]
INFO: [ view_parse ] --END-- [ RunTime:0.043003s ]
INFO: [ view_filter ] --START--
INFO: Run Behavior\WriteHtmlCacheBehavior [ RunTime:0.001000s ]
INFO: [ view_filter ] --END-- [ RunTime:0.001000s ]
INFO: [ app_end ] --START--
INFO: Run Behavior\ShowPageTraceBehavior [ RunTime:0.002000s ]
INFO: [ app_end ] --END-- [ RunTime:0.003000s ]

[ 2017-01-30T00:35:51+08:00 ] 127.0.0.1 /index.php/Home/Index/menu.html
INFO: [ app_init ] --START--
INFO: Run Behavior\BuildLiteBehavior [ RunTime:0.000000s ]
INFO: [ app_init ] --END-- [ RunTime:0.002000s ]
INFO: [ app_begin ] --START--
INFO: Run Behavior\ReadHtmlCacheBehavior [ RunTime:0.026001s ]
INFO: [ app_begin ] --END-- [ RunTime:0.027001s ]
SQL: SELECT * FROM kuaidian_store_privilege [ RunTime:0.0010s ]
INFO: [ view_parse ] --START--
INFO: [ template_filter ] --START--
INFO: Run Behavior\ContentReplaceBehavior [ RunTime:0.001000s ]
INFO: [ template_filter ] --END-- [ RunTime:0.002000s ]
INFO: Run Behavior\ParseTemplateBehavior [ RunTime:0.050003s ]
INFO: [ view_parse ] --END-- [ RunTime:0.051003s ]
INFO: [ view_filter ] --START--
INFO: Run Behavior\WriteHtmlCacheBehavior [ RunTime:0.002000s ]
INFO: [ view_filter ] --END-- [ RunTime:0.003000s ]
INFO: [ app_end ] --START--
INFO: Run Behavior\ShowPageTraceBehavior [ RunTime:0.005000s ]
INFO: [ app_end ] --END-- [ RunTime:0.005000s ]

[ 2017-01-30T00:35:51+08:00 ] 127.0.0.1 /index.php/Home/Index/main.html
INFO: [ app_init ] --START--
INFO: Run Behavior\BuildLiteBehavior [ RunTime:0.000000s ]
INFO: [ app_init ] --END-- [ RunTime:0.003000s ]
INFO: [ app_begin ] --START--
INFO: Run Behavior\ReadHtmlCacheBehavior [ RunTime:0.003000s ]
INFO: [ app_begin ] --END-- [ RunTime:0.004000s ]
INFO: [ view_parse ] --START--
INFO: [ template_filter ] --START--
INFO: Run Behavior\ContentReplaceBehavior [ RunTime:0.001001s ]
INFO: [ template_filter ] --END-- [ RunTime:0.001001s ]
INFO: Run Behavior\ParseTemplateBehavior [ RunTime:0.056003s ]
INFO: [ view_parse ] --END-- [ RunTime:0.057003s ]
INFO: [ view_filter ] --START--
INFO: Run Behavior\WriteHtmlCacheBehavior [ RunTime:0.002000s ]
INFO: [ view_filter ] --END-- [ RunTime:0.002000s ]
INFO: [ app_end ] --START--
INFO: Run Behavior\ShowPageTraceBehavior [ RunTime:0.005001s ]
INFO: [ app_end ] --END-- [ RunTime:0.006001s ]

[ 2017-01-30T00:35:58+08:00 ] 127.0.0.1 /index.php/Home/Category/lst.html
INFO: [ app_init ] --START--
INFO: Run Behavior\BuildLiteBehavior [ RunTime:0.000000s ]
INFO: [ app_init ] --END-- [ RunTime:0.002001s ]
INFO: [ app_begin ] --START--
INFO: Run Behavior\ReadHtmlCacheBehavior [ RunTime:0.001000s ]
INFO: [ app_begin ] --END-- [ RunTime:0.002000s ]
SQL: SELECT COUNT(*) has FROM kuaidian_store_privilege WHERE module_name="Home" AND controller_name="Category" AND action_name="lst" [ RunTime:0.0000s ]
SQL: SHOW COLUMNS FROM `kuaidian_category` [ RunTime:0.0060s ]
SQL: SELECT * FROM `kuaidian_category` WHERE ( 1 )  [ RunTime:0.0010s ]
INFO: [ view_parse ] --START--
INFO: [ template_filter ] --START--
INFO: Run Behavior\ContentReplaceBehavior [ RunTime:0.003000s ]
INFO: [ template_filter ] --END-- [ RunTime:0.003000s ]
NOTIC: [8] Undefined index: username D:\wamp\www\kuaidian\Application\Runtime\Cache\Home\fb426b16181b55a0473027cdb240518c.php 第 50 行.
NOTIC: [8] Undefined index: addtime D:\wamp\www\kuaidian\Application\Runtime\Cache\Home\fb426b16181b55a0473027cdb240518c.php 第 51 行.
NOTIC: [8] Undefined index: username D:\wamp\www\kuaidian\Application\Runtime\Cache\Home\fb426b16181b55a0473027cdb240518c.php 第 50 行.
NOTIC: [8] Undefined index: addtime D:\wamp\www\kuaidian\Application\Runtime\Cache\Home\fb426b16181b55a0473027cdb240518c.php 第 51 行.
NOTIC: [8] Undefined index: username D:\wamp\www\kuaidian\Application\Runtime\Cache\Home\fb426b16181b55a0473027cdb240518c.php 第 50 行.
NOTIC: [8] Undefined index: addtime D:\wamp\www\kuaidian\Application\Runtime\Cache\Home\fb426b16181b55a0473027cdb240518c.php 第 51 行.
NOTIC: [8] Undefined index: username D:\wamp\www\kuaidian\Application\Runtime\Cache\Home\fb426b16181b55a0473027cdb240518c.php 第 50 行.
NOTIC: [8] Undefined index: addtime D:\wamp\www\kuaidian\Application\Runtime\Cache\Home\fb426b16181b55a0473027cdb240518c.php 第 51 行.
NOTIC: [8] Undefined variable: page D:\wamp\www\kuaidian\Application\Runtime\Cache\Home\fb426b16181b55a0473027cdb240518c.php 第 63 行.
INFO: Run Behavior\ParseTemplateBehavior [ RunTime:0.086005s ]
INFO: [ view_parse ] --END-- [ RunTime:0.086005s ]
INFO: [ view_filter ] --START--
INFO: Run Behavior\WriteHtmlCacheBehavior [ RunTime:0.002000s ]
INFO: [ view_filter ] --END-- [ RunTime:0.002000s ]
INFO: [ app_end ] --START--
INFO: Run Behavior\ShowPageTraceBehavior [ RunTime:0.001001s ]
INFO: [ app_end ] --END-- [ RunTime:0.003001s ]

[ 2017-01-30T00:37:20+08:00 ] 127.0.0.1 /index.php/Home/Category/lst.html
INFO: [ app_init ] --START--
INFO: Run Behavior\BuildLiteBehavior [ RunTime:0.001000s ]
INFO: [ app_init ] --END-- [ RunTime:0.002000s ]
INFO: [ app_begin ] --START--
INFO: Run Behavior\ReadHtmlCacheBehavior [ RunTime:0.002000s ]
INFO: [ app_begin ] --END-- [ RunTime:0.002000s ]
SQL: SELECT COUNT(*) has FROM kuaidian_store_privilege WHERE module_name="Home" AND controller_name="Category" AND action_name="lst" [ RunTime:0.0010s ]
SQL: SHOW COLUMNS FROM `kuaidian_category` [ RunTime:0.0060s ]
SQL: SELECT * FROM `kuaidian_category` WHERE ( 1 )  [ RunTime:0.0010s ]
INFO: [ view_parse ] --START--
INFO: [ template_filter ] --START--
INFO: Run Behavior\ContentReplaceBehavior [ RunTime:0.003000s ]
INFO: [ template_filter ] --END-- [ RunTime:0.004000s ]
NOTIC: [8] Undefined index: addtime D:\wamp\www\kuaidian\Application\Runtime\Cache\Home\fb426b16181b55a0473027cdb240518c.php 第 51 行.
NOTIC: [8] Undefined index: addtime D:\wamp\www\kuaidian\Application\Runtime\Cache\Home\fb426b16181b55a0473027cdb240518c.php 第 51 行.
NOTIC: [8] Undefined index: addtime D:\wamp\www\kuaidian\Application\Runtime\Cache\Home\fb426b16181b55a0473027cdb240518c.php 第 51 行.
NOTIC: [8] Undefined index: addtime D:\wamp\www\kuaidian\Application\Runtime\Cache\Home\fb426b16181b55a0473027cdb240518c.php 第 51 行.
NOTIC: [8] Undefined variable: page D:\wamp\www\kuaidian\Application\Runtime\Cache\Home\fb426b16181b55a0473027cdb240518c.php 第 63 行.
INFO: Run Behavior\ParseTemplateBehavior [ RunTime:0.089005s ]
INFO: [ view_parse ] --END-- [ RunTime:0.089005s ]
INFO: [ view_filter ] --START--
INFO: Run Behavior\WriteHtmlCacheBehavior [ RunTime:0.001001s ]
INFO: [ view_filter ] --END-- [ RunTime:0.002001s ]
INFO: [ app_end ] --START--
INFO: Run Behavior\ShowPageTraceBehavior [ RunTime:0.002000s ]
INFO: [ app_end ] --END-- [ RunTime:0.002000s ]

[ 2017-01-30T00:37:20+08:00 ] 127.0.0.1 /index.php/Home/Category/lst.html
INFO: [ app_init ] --START--
INFO: Run Behavior\BuildLiteBehavior [ RunTime:0.000000s ]
INFO: [ app_init ] --END-- [ RunTime:0.002000s ]
INFO: [ app_begin ] --START--
INFO: Run Behavior\ReadHtmlCacheBehavior [ RunTime:0.001000s ]
INFO: [ app_begin ] --END-- [ RunTime:0.002000s ]
SQL: SELECT COUNT(*) has FROM kuaidian_store_privilege WHERE module_name="Home" AND controller_name="Category" AND action_name="lst" [ RunTime:0.0000s ]
SQL: SHOW COLUMNS FROM `kuaidian_category` [ RunTime:0.0100s ]
SQL: SELECT * FROM `kuaidian_category` WHERE ( 1 )  [ RunTime:0.0000s ]
INFO: [ view_parse ] --START--
INFO: [ template_filter ] --START--
INFO: Run Behavior\ContentReplaceBehavior [ RunTime:0.003001s ]
INFO: [ template_filter ] --END-- [ RunTime:0.003001s ]
NOTIC: [8] Undefined index: addtime D:\wamp\www\kuaidian\Application\Runtime\Cache\Home\fb426b16181b55a0473027cdb240518c.php 第 51 行.
NOTIC: [8] Undefined index: addtime D:\wamp\www\kuaidian\Application\Runtime\Cache\Home\fb426b16181b55a0473027cdb240518c.php 第 51 行.
NOTIC: [8] Undefined index: addtime D:\wamp\www\kuaidian\Application\Runtime\Cache\Home\fb426b16181b55a0473027cdb240518c.php 第 51 行.
NOTIC: [8] Undefined index: addtime D:\wamp\www\kuaidian\Application\Runtime\Cache\Home\fb426b16181b55a0473027cdb240518c.php 第 51 行.
NOTIC: [8] Undefined variable: page D:\wamp\www\kuaidian\Application\Runtime\Cache\Home\fb426b16181b55a0473027cdb240518c.php 第 63 行.
INFO: Run Behavior\ParseTemplateBehavior [ RunTime:0.123007s ]
INFO: [ view_parse ] --END-- [ RunTime:0.124007s ]
INFO: [ view_filter ] --START--
INFO: Run Behavior\WriteHtmlCacheBehavior [ RunTime:0.001000s ]
INFO: [ view_filter ] --END-- [ RunTime:0.002000s ]
INFO: [ app_end ] --START--
INFO: Run Behavior\ShowPageTraceBehavior [ RunTime:0.002000s ]
INFO: [ app_end ] --END-- [ RunTime:0.002000s ]

[ 2017-01-30T00:41:14+08:00 ] 127.0.0.1 /index.php/Home/Category/lst.html
INFO: [ app_init ] --START--
INFO: Run Behavior\BuildLiteBehavior [ RunTime:0.000000s ]
INFO: [ app_init ] --END-- [ RunTime:0.001000s ]
INFO: [ app_begin ] --START--
INFO: Run Behavior\ReadHtmlCacheBehavior [ RunTime:0.001000s ]
INFO: [ app_begin ] --END-- [ RunTime:0.001000s ]
SQL: SELECT COUNT(*) has FROM kuaidian_store_privilege WHERE module_name="Home" AND controller_name="Category" AND action_name="lst" [ RunTime:0.0010s ]
SQL: SHOW COLUMNS FROM `kuaidian_category` [ RunTime:0.0070s ]
SQL: SELECT * FROM `kuaidian_category` WHERE ( 1 )  [ RunTime:0.0010s ]
INFO: [ view_parse ] --START--
INFO: [ template_filter ] --START--
INFO: Run Behavior\ContentReplaceBehavior [ RunTime:0.003000s ]
INFO: [ template_filter ] --END-- [ RunTime:0.003000s ]
NOTIC: [8] Undefined index: addtime D:\wamp\www\kuaidian\Application\Runtime\Cache\Home\fb426b16181b55a0473027cdb240518c.php 第 52 行.
NOTIC: [8] Undefined index: addtime D:\wamp\www\kuaidian\Application\Runtime\Cache\Home\fb426b16181b55a0473027cdb240518c.php 第 52 行.
NOTIC: [8] Undefined index: addtime D:\wamp\www\kuaidian\Application\Runtime\Cache\Home\fb426b16181b55a0473027cdb240518c.php 第 52 行.
NOTIC: [8] Undefined index: addtime D:\wamp\www\kuaidian\Application\Runtime\Cache\Home\fb426b16181b55a0473027cdb240518c.php 第 52 行.
NOTIC: [8] Undefined variable: page D:\wamp\www\kuaidian\Application\Runtime\Cache\Home\fb426b16181b55a0473027cdb240518c.php 第 64 行.
INFO: Run Behavior\ParseTemplateBehavior [ RunTime:0.088005s ]
INFO: [ view_parse ] --END-- [ RunTime:0.089005s ]
INFO: [ view_filter ] --START--
INFO: Run Behavior\WriteHtmlCacheBehavior [ RunTime:0.001000s ]
INFO: [ view_filter ] --END-- [ RunTime:0.001000s ]
INFO: [ app_end ] --START--
INFO: Run Behavior\ShowPageTraceBehavior [ RunTime:0.001000s ]
INFO: [ app_end ] --END-- [ RunTime:0.002000s ]

[ 2017-01-30T00:41:20+08:00 ] 127.0.0.1 /index.php/Home/Category/lst.html
INFO: [ app_init ] --START--
INFO: Run Behavior\BuildLiteBehavior [ RunTime:0.000000s ]
INFO: [ app_init ] --END-- [ RunTime:0.001000s ]
INFO: [ app_begin ] --START--
INFO: Run Behavior\ReadHtmlCacheBehavior [ RunTime:0.001000s ]
INFO: [ app_begin ] --END-- [ RunTime:0.002000s ]
SQL: SELECT COUNT(*) has FROM kuaidian_store_privilege WHERE module_name="Home" AND controller_name="Category" AND action_name="lst" [ RunTime:0.0010s ]
SQL: SHOW COLUMNS FROM `kuaidian_category` [ RunTime:0.0070s ]
SQL: SELECT * FROM `kuaidian_category` WHERE ( 1 )  [ RunTime:0.0000s ]
INFO: [ view_parse ] --START--
INFO: [ template_filter ] --START--
INFO: Run Behavior\ContentReplaceBehavior [ RunTime:0.003000s ]
INFO: [ template_filter ] --END-- [ RunTime:0.004000s ]
NOTIC: [8] Undefined index: addtime D:\wamp\www\kuaidian\Application\Runtime\Cache\Home\fb426b16181b55a0473027cdb240518c.php 第 52 行.
NOTIC: [8] Undefined index: addtime D:\wamp\www\kuaidian\Application\Runtime\Cache\Home\fb426b16181b55a0473027cdb240518c.php 第 52 行.
NOTIC: [8] Undefined index: addtime D:\wamp\www\kuaidian\Application\Runtime\Cache\Home\fb426b16181b55a0473027cdb240518c.php 第 52 行.
NOTIC: [8] Undefined index: addtime D:\wamp\www\kuaidian\Application\Runtime\Cache\Home\fb426b16181b55a0473027cdb240518c.php 第 52 行.
NOTIC: [8] Undefined variable: page D:\wamp\www\kuaidian\Application\Runtime\Cache\Home\fb426b16181b55a0473027cdb240518c.php 第 64 行.
INFO: Run Behavior\ParseTemplateBehavior [ RunTime:0.085005s ]
INFO: [ view_parse ] --END-- [ RunTime:0.085005s ]
INFO: [ view_filter ] --START--
INFO: Run Behavior\WriteHtmlCacheBehavior [ RunTime:0.001000s ]
INFO: [ view_filter ] --END-- [ RunTime:0.002000s ]
INFO: [ app_end ] --START--
INFO: Run Behavior\ShowPageTraceBehavior [ RunTime:0.001000s ]
INFO: [ app_end ] --END-- [ RunTime:0.002000s ]

[ 2017-01-30T00:42:30+08:00 ] 127.0.0.1 /index.php/Home/Category/lst.html
INFO: [ app_init ] --START--
INFO: Run Behavior\BuildLiteBehavior [ RunTime:0.000000s ]
INFO: [ app_init ] --END-- [ RunTime:0.002000s ]
INFO: [ app_begin ] --START--
INFO: Run Behavior\ReadHtmlCacheBehavior [ RunTime:0.001000s ]
INFO: [ app_begin ] --END-- [ RunTime:0.002000s ]
SQL: SELECT COUNT(*) has FROM kuaidian_store_privilege WHERE module_name="Home" AND controller_name="Category" AND action_name="lst" [ RunTime:0.0010s ]
SQL: SHOW COLUMNS FROM `kuaidian_category` [ RunTime:0.0070s ]
SQL: SELECT * FROM `kuaidian_category` WHERE ( 1 )  [ RunTime:0.0000s ]
INFO: [ view_parse ] --START--
INFO: [ template_filter ] --START--
INFO: Run Behavior\ContentReplaceBehavior [ RunTime:0.003001s ]
INFO: [ template_filter ] --END-- [ RunTime:0.003001s ]
NOTIC: [8] Undefined index: addtime D:\wamp\www\kuaidian\Application\Runtime\Cache\Home\fb426b16181b55a0473027cdb240518c.php 第 52 行.
NOTIC: [8] Undefined index: addtime D:\wamp\www\kuaidian\Application\Runtime\Cache\Home\fb426b16181b55a0473027cdb240518c.php 第 52 行.
NOTIC: [8] Undefined index: addtime D:\wamp\www\kuaidian\Application\Runtime\Cache\Home\fb426b16181b55a0473027cdb240518c.php 第 52 行.
NOTIC: [8] Undefined index: addtime D:\wamp\www\kuaidian\Application\Runtime\Cache\Home\fb426b16181b55a0473027cdb240518c.php 第 52 行.
NOTIC: [8] Undefined variable: page D:\wamp\www\kuaidian\Application\Runtime\Cache\Home\fb426b16181b55a0473027cdb240518c.php 第 64 行.
INFO: Run Behavior\ParseTemplateBehavior [ RunTime:0.085005s ]
INFO: [ view_parse ] --END-- [ RunTime:0.086005s ]
INFO: [ view_filter ] --START--
INFO: Run Behavior\WriteHtmlCacheBehavior [ RunTime:0.001000s ]
INFO: [ view_filter ] --END-- [ RunTime:0.001000s ]
INFO: [ app_end ] --START--
INFO: Run Behavior\ShowPageTraceBehavior [ RunTime:0.002000s ]
INFO: [ app_end ] --END-- [ RunTime:0.002000s ]

