[ 2017-03-28T21:16:48+08:00 ] 127.0.0.1 /index.php/Admin/login/login
INFO: [ app_init ] --START--
INFO: Run Behavior\BuildLiteBehavior [ RunTime:0.000000s ]
INFO: [ app_init ] --END-- [ RunTime:0.002000s ]
INFO: [ app_begin ] --START--
INFO: Run Behavior\ReadHtmlCacheBehavior [ RunTime:0.001000s ]
INFO: [ app_begin ] --END-- [ RunTime:0.001000s ]
INFO: [ view_parse ] --START--
INFO: [ template_filter ] --START--
INFO: Run Behavior\ContentReplaceBehavior [ RunTime:0.001000s ]
INFO: [ template_filter ] --END-- [ RunTime:0.001000s ]
INFO: Run Behavior\ParseTemplateBehavior [ RunTime:0.061003s ]
INFO: [ view_parse ] --END-- [ RunTime:0.062003s ]
INFO: [ view_filter ] --START--
INFO: Run Behavior\WriteHtmlCacheBehavior [ RunTime:0.001000s ]
INFO: [ view_filter ] --END-- [ RunTime:0.001000s ]
INFO: [ app_end ] --START--
INFO: Run Behavior\ShowPageTraceBehavior [ RunTime:0.001000s ]
INFO: [ app_end ] --END-- [ RunTime:0.001000s ]

[ 2017-03-28T21:16:48+08:00 ] 127.0.0.1 /index.php/Admin/Login/chkcode.html
INFO: [ app_init ] --START--
INFO: Run Behavior\BuildLiteBehavior [ RunTime:0.000000s ]
INFO: [ app_init ] --END-- [ RunTime:0.002000s ]
INFO: [ app_begin ] --START--
INFO: Run Behavior\ReadHtmlCacheBehavior [ RunTime:0.001000s ]
INFO: [ app_begin ] --END-- [ RunTime:0.002000s ]
INFO: [ app_end ] --START--
INFO: Run Behavior\ShowPageTraceBehavior [ RunTime:0.007000s ]
INFO: [ app_end ] --END-- [ RunTime:0.007000s ]

[ 2017-03-28T21:16:55+08:00 ] 127.0.0.1 /index.php/Admin/Login/chkcode.html
INFO: [ app_init ] --START--
INFO: Run Behavior\BuildLiteBehavior [ RunTime:0.000000s ]
INFO: [ app_init ] --END-- [ RunTime:0.004000s ]
INFO: [ app_begin ] --START--
INFO: Run Behavior\ReadHtmlCacheBehavior [ RunTime:0.002000s ]
INFO: [ app_begin ] --END-- [ RunTime:0.003001s ]
INFO: [ app_end ] --START--
INFO: Run Behavior\ShowPageTraceBehavior [ RunTime:0.004000s ]
INFO: [ app_end ] --END-- [ RunTime:0.004000s ]

[ 2017-03-28T21:16:56+08:00 ] 127.0.0.1 /index.php/Admin/Login/chkcode.html
INFO: [ app_init ] --START--
INFO: Run Behavior\BuildLiteBehavior [ RunTime:0.000000s ]
INFO: [ app_init ] --END-- [ RunTime:0.001000s ]
INFO: [ app_begin ] --START--
INFO: Run Behavior\ReadHtmlCacheBehavior [ RunTime:0.001000s ]
INFO: [ app_begin ] --END-- [ RunTime:0.001000s ]
INFO: [ app_end ] --START--
INFO: Run Behavior\ShowPageTraceBehavior [ RunTime:0.001001s ]
INFO: [ app_end ] --END-- [ RunTime:0.002001s ]

[ 2017-03-28T21:16:57+08:00 ] 127.0.0.1 /index.php/Admin/Login/chkcode.html
INFO: [ app_init ] --START--
INFO: Run Behavior\BuildLiteBehavior [ RunTime:0.000000s ]
INFO: [ app_init ] --END-- [ RunTime:0.001000s ]
INFO: [ app_begin ] --START--
INFO: Run Behavior\ReadHtmlCacheBehavior [ RunTime:0.001001s ]
INFO: [ app_begin ] --END-- [ RunTime:0.001001s ]
INFO: [ app_end ] --START--
INFO: Run Behavior\ShowPageTraceBehavior [ RunTime:0.001000s ]
INFO: [ app_end ] --END-- [ RunTime:0.001000s ]

[ 2017-03-28T21:16:59+08:00 ] 127.0.0.1 /index.php/Admin/Login/chkcode.html
INFO: [ app_init ] --START--
INFO: Run Behavior\BuildLiteBehavior [ RunTime:0.000000s ]
INFO: [ app_init ] --END-- [ RunTime:0.001000s ]
INFO: [ app_begin ] --START--
INFO: Run Behavior\ReadHtmlCacheBehavior [ RunTime:0.001000s ]
INFO: [ app_begin ] --END-- [ RunTime:0.001000s ]
INFO: [ app_end ] --START--
INFO: Run Behavior\ShowPageTraceBehavior [ RunTime:0.001000s ]
INFO: [ app_end ] --END-- [ RunTime:0.001000s ]

[ 2017-03-28T21:17:00+08:00 ] 127.0.0.1 /index.php/Admin/Login/chkcode.html
INFO: [ app_init ] --START--
INFO: Run Behavior\BuildLiteBehavior [ RunTime:0.000000s ]
INFO: [ app_init ] --END-- [ RunTime:0.002000s ]
INFO: [ app_begin ] --START--
INFO: Run Behavior\ReadHtmlCacheBehavior [ RunTime:0.002000s ]
INFO: [ app_begin ] --END-- [ RunTime:0.003000s ]
INFO: [ app_end ] --START--
INFO: Run Behavior\ShowPageTraceBehavior [ RunTime:0.001001s ]
INFO: [ app_end ] --END-- [ RunTime:0.001001s ]

[ 2017-03-28T21:17:01+08:00 ] 127.0.0.1 /index.php/Admin/Login/chkcode.html
INFO: [ app_init ] --START--
INFO: Run Behavior\BuildLiteBehavior [ RunTime:0.000000s ]
INFO: [ app_init ] --END-- [ RunTime:0.001000s ]
INFO: [ app_begin ] --START--
INFO: Run Behavior\ReadHtmlCacheBehavior [ RunTime:0.002000s ]
INFO: [ app_begin ] --END-- [ RunTime:0.002000s ]
INFO: [ app_end ] --START--
INFO: Run Behavior\ShowPageTraceBehavior [ RunTime:0.001000s ]
INFO: [ app_end ] --END-- [ RunTime:0.002000s ]

[ 2017-03-28T21:17:12+08:00 ] 127.0.0.1 /index.php/Admin/login/login
INFO: [ app_init ] --START--
INFO: Run Behavior\BuildLiteBehavior [ RunTime:0.000000s ]
INFO: [ app_init ] --END-- [ RunTime:0.000000s ]
INFO: [ app_begin ] --START--
INFO: Run Behavior\ReadHtmlCacheBehavior [ RunTime:0.001000s ]
INFO: [ app_begin ] --END-- [ RunTime:0.001000s ]
SQL: SHOW COLUMNS FROM `kuaidian_admin` [ RunTime:0.0070s ]
NOTIC: [8] Undefined index: auto D:\wamp\www\kuaidian\ThinkPHP\Library\Think\Model.class.php 第 1128 行.
SQL: SELECT * FROM `kuaidian_admin` WHERE `username` = 'root' LIMIT 1   [ RunTime:0.0000s ]
NOTIC: [8] Use of undefined constant id - assumed 'id' D:\wamp\www\kuaidian\Application\Admin\Model\AdminModel.class.php 第 46 行.

[ 2017-03-28T21:17:12+08:00 ] 127.0.0.1 /index.php/Admin/Index/index.html
INFO: [ app_init ] --START--
INFO: Run Behavior\BuildLiteBehavior [ RunTime:0.000000s ]
INFO: [ app_init ] --END-- [ RunTime:0.001000s ]
INFO: [ app_begin ] --START--
INFO: Run Behavior\ReadHtmlCacheBehavior [ RunTime:0.001001s ]
INFO: [ app_begin ] --END-- [ RunTime:0.002001s ]
INFO: [ view_parse ] --START--
INFO: [ template_filter ] --START--
INFO: Run Behavior\ContentReplaceBehavior [ RunTime:0.001000s ]
INFO: [ template_filter ] --END-- [ RunTime:0.002000s ]
INFO: Run Behavior\ParseTemplateBehavior [ RunTime:0.134008s ]
INFO: [ view_parse ] --END-- [ RunTime:0.135008s ]
INFO: [ view_filter ] --START--
INFO: Run Behavior\WriteHtmlCacheBehavior [ RunTime:0.002000s ]
INFO: [ view_filter ] --END-- [ RunTime:0.002000s ]
INFO: [ app_end ] --START--
INFO: Run Behavior\ShowPageTraceBehavior [ RunTime:0.001000s ]
INFO: [ app_end ] --END-- [ RunTime:0.002000s ]

[ 2017-03-28T21:17:12+08:00 ] 127.0.0.1 /index.php/Admin/Index/top.html
INFO: [ app_init ] --START--
INFO: Run Behavior\BuildLiteBehavior [ RunTime:0.000000s ]
INFO: [ app_init ] --END-- [ RunTime:0.001000s ]
INFO: [ app_begin ] --START--
INFO: Run Behavior\ReadHtmlCacheBehavior [ RunTime:0.002000s ]
INFO: [ app_begin ] --END-- [ RunTime:0.002000s ]
SQL: SHOW COLUMNS FROM `kuaidian_admin` [ RunTime:0.0070s ]
SQL: SELECT `username` FROM `kuaidian_admin` WHERE `id` = '1' LIMIT 1   [ RunTime:0.0000s ]
INFO: [ view_parse ] --START--
INFO: [ template_filter ] --START--
INFO: Run Behavior\ContentReplaceBehavior [ RunTime:0.001000s ]
INFO: [ template_filter ] --END-- [ RunTime:0.001000s ]
NOTIC: [8] Use of undefined constant adminName - assumed 'adminName' D:\wamp\www\kuaidian\Application\Runtime\Cache\Admin\bdb24232b8dcb412d439a202b1caa9a5.php 第 25 行.
INFO: Run Behavior\ParseTemplateBehavior [ RunTime:0.036002s ]
INFO: [ view_parse ] --END-- [ RunTime:0.036002s ]
INFO: [ view_filter ] --START--
INFO: Run Behavior\WriteHtmlCacheBehavior [ RunTime:0.001000s ]
INFO: [ view_filter ] --END-- [ RunTime:0.001000s ]
INFO: [ app_end ] --START--
INFO: Run Behavior\ShowPageTraceBehavior [ RunTime:0.002000s ]
INFO: [ app_end ] --END-- [ RunTime:0.002000s ]

[ 2017-03-28T21:17:17+08:00 ] 127.0.0.1 /index.php/Admin/Index/menu.html
INFO: [ app_init ] --START--
INFO: Run Behavior\BuildLiteBehavior [ RunTime:0.000000s ]
INFO: [ app_init ] --END-- [ RunTime:0.001000s ]
INFO: [ app_begin ] --START--
INFO: Run Behavior\ReadHtmlCacheBehavior [ RunTime:0.001000s ]
INFO: [ app_begin ] --END-- [ RunTime:0.002000s ]
SQL: SELECT * FROM kuaidian_privilege [ RunTime:0.0620s ]
INFO: [ view_parse ] --START--
INFO: [ template_filter ] --START--
INFO: Run Behavior\ContentReplaceBehavior [ RunTime:0.001000s ]
INFO: [ template_filter ] --END-- [ RunTime:0.001000s ]
INFO: Run Behavior\ParseTemplateBehavior [ RunTime:0.048003s ]
INFO: [ view_parse ] --END-- [ RunTime:0.049003s ]
INFO: [ view_filter ] --START--
INFO: Run Behavior\WriteHtmlCacheBehavior [ RunTime:0.001000s ]
INFO: [ view_filter ] --END-- [ RunTime:0.002000s ]
INFO: [ app_end ] --START--
INFO: Run Behavior\ShowPageTraceBehavior [ RunTime:0.001000s ]
INFO: [ app_end ] --END-- [ RunTime:0.001000s ]

[ 2017-03-28T21:17:17+08:00 ] 127.0.0.1 /index.php/Admin/Index/main.html
INFO: [ app_init ] --START--
INFO: Run Behavior\BuildLiteBehavior [ RunTime:0.000000s ]
INFO: [ app_init ] --END-- [ RunTime:0.004000s ]
INFO: [ app_begin ] --START--
INFO: Run Behavior\ReadHtmlCacheBehavior [ RunTime:0.001000s ]
INFO: [ app_begin ] --END-- [ RunTime:0.002000s ]
INFO: [ view_parse ] --START--
INFO: [ template_filter ] --START--
INFO: Run Behavior\ContentReplaceBehavior [ RunTime:0.001000s ]
INFO: [ template_filter ] --END-- [ RunTime:0.001000s ]
INFO: Run Behavior\ParseTemplateBehavior [ RunTime:0.072004s ]
INFO: [ view_parse ] --END-- [ RunTime:0.073004s ]
INFO: [ view_filter ] --START--
INFO: Run Behavior\WriteHtmlCacheBehavior [ RunTime:0.002000s ]
INFO: [ view_filter ] --END-- [ RunTime:0.002000s ]
INFO: [ app_end ] --START--
INFO: Run Behavior\ShowPageTraceBehavior [ RunTime:0.002000s ]
INFO: [ app_end ] --END-- [ RunTime:0.002000s ]

[ 2017-03-28T21:17:32+08:00 ] 127.0.0.1 /index.php/Admin/Privilege/lst.html
INFO: [ app_init ] --START--
INFO: Run Behavior\BuildLiteBehavior [ RunTime:0.000000s ]
INFO: [ app_init ] --END-- [ RunTime:0.001000s ]
INFO: [ app_begin ] --START--
INFO: Run Behavior\ReadHtmlCacheBehavior [ RunTime:0.001000s ]
INFO: [ app_begin ] --END-- [ RunTime:0.002000s ]
SQL: SELECT COUNT(*) has FROM kuaidian_privilege WHERE module_name="Admin" AND controller_name="Privilege" AND action_name="lst" [ RunTime:0.0000s ]
SQL: SHOW COLUMNS FROM `kuaidian_privilege` [ RunTime:0.0060s ]
SQL: SELECT * FROM `kuaidian_privilege`  [ RunTime:0.0010s ]
INFO: [ view_parse ] --START--
INFO: [ template_filter ] --START--
INFO: Run Behavior\ContentReplaceBehavior [ RunTime:0.002000s ]
INFO: [ template_filter ] --END-- [ RunTime:0.002000s ]
INFO: Run Behavior\ParseTemplateBehavior [ RunTime:0.132008s ]
INFO: [ view_parse ] --END-- [ RunTime:0.132008s ]
INFO: [ view_filter ] --START--
INFO: Run Behavior\WriteHtmlCacheBehavior [ RunTime:0.001000s ]
INFO: [ view_filter ] --END-- [ RunTime:0.001000s ]
INFO: [ app_end ] --START--
INFO: Run Behavior\ShowPageTraceBehavior [ RunTime:0.001000s ]
INFO: [ app_end ] --END-- [ RunTime:0.002000s ]

[ 2017-03-28T21:17:43+08:00 ] 127.0.0.1 /index.php/Admin/Admin/lst.html
INFO: [ app_init ] --START--
INFO: Run Behavior\BuildLiteBehavior [ RunTime:0.000000s ]
INFO: [ app_init ] --END-- [ RunTime:0.002001s ]
INFO: [ app_begin ] --START--
INFO: Run Behavior\ReadHtmlCacheBehavior [ RunTime:0.002000s ]
INFO: [ app_begin ] --END-- [ RunTime:0.002000s ]
SQL: SELECT COUNT(*) has FROM kuaidian_privilege WHERE module_name="Admin" AND controller_name="Admin" AND action_name="lst" [ RunTime:0.0010s ]
SQL: SHOW COLUMNS FROM `kuaidian_admin` [ RunTime:0.0060s ]
SQL: SELECT COUNT(*) AS tp_count FROM `kuaidian_admin` LIMIT 1   [ RunTime:0.0010s ]
SQL: SELECT * FROM `kuaidian_admin` ORDER BY status asc, id asc LIMIT 0,5   [ RunTime:0.0010s ]
INFO: [ view_parse ] --START--
INFO: [ template_filter ] --START--
INFO: Run Behavior\ContentReplaceBehavior [ RunTime:0.001000s ]
INFO: [ template_filter ] --END-- [ RunTime:0.001000s ]
NOTIC: [8] Use of undefined constant get - assumed 'get' D:\wamp\www\kuaidian\Application\Runtime\Cache\Admin\2e0a6b0b98cf96bc15633704312e45ee.php 第 31 行.
NOTIC: [8] Use of undefined constant username - assumed 'username' D:\wamp\www\kuaidian\Application\Runtime\Cache\Admin\2e0a6b0b98cf96bc15633704312e45ee.php 第 31 行.
INFO: Run Behavior\ParseTemplateBehavior [ RunTime:0.063003s ]
INFO: [ view_parse ] --END-- [ RunTime:0.063003s ]
INFO: [ view_filter ] --START--
INFO: Run Behavior\WriteHtmlCacheBehavior [ RunTime:0.000000s ]
INFO: [ view_filter ] --END-- [ RunTime:0.002000s ]
INFO: [ app_end ] --START--
INFO: Run Behavior\ShowPageTraceBehavior [ RunTime:0.001000s ]
INFO: [ app_end ] --END-- [ RunTime:0.001000s ]

[ 2017-03-28T21:17:52+08:00 ] 127.0.0.1 /index.php/Admin/Role/lst.html
INFO: [ app_init ] --START--
INFO: Run Behavior\BuildLiteBehavior [ RunTime:0.000000s ]
INFO: [ app_init ] --END-- [ RunTime:0.001000s ]
INFO: [ app_begin ] --START--
INFO: Run Behavior\ReadHtmlCacheBehavior [ RunTime:0.001000s ]
INFO: [ app_begin ] --END-- [ RunTime:0.002000s ]
SQL: SELECT COUNT(*) has FROM kuaidian_privilege WHERE module_name="Admin" AND controller_name="Role" AND action_name="lst" [ RunTime:0.0000s ]
SQL: SHOW COLUMNS FROM `kuaidian_role` [ RunTime:0.0070s ]
SQL: SELECT COUNT(*) AS tp_count FROM `kuaidian_role` LIMIT 1   [ RunTime:0.0010s ]
SQL: SELECT a.*,GROUP_CONCAT(c.pri_name) pri_name FROM kuaidian_role a LEFT JOIN kuaidian_role_privilege b ON a.id = b.role_id LEFT JOIN kuaidian_privilege c ON b.pri_id = c.id  GROUP BY a.id LIMIT 0,3   [ RunTime:0.0620s ]
INFO: [ view_parse ] --START--
INFO: [ template_filter ] --START--
INFO: Run Behavior\ContentReplaceBehavior [ RunTime:0.002000s ]
INFO: [ template_filter ] --END-- [ RunTime:0.003000s ]
NOTIC: [8] Use of undefined constant get - assumed 'get' D:\wamp\www\kuaidian\Application\Runtime\Cache\Admin\64431effeb3c8b31c1cd32ecd958c163.php 第 30 行.
NOTIC: [8] Use of undefined constant role_name - assumed 'role_name' D:\wamp\www\kuaidian\Application\Runtime\Cache\Admin\64431effeb3c8b31c1cd32ecd958c163.php 第 30 行.
INFO: Run Behavior\ParseTemplateBehavior [ RunTime:0.056004s ]
INFO: [ view_parse ] --END-- [ RunTime:0.057004s ]
INFO: [ view_filter ] --START--
INFO: Run Behavior\WriteHtmlCacheBehavior [ RunTime:0.001000s ]
INFO: [ view_filter ] --END-- [ RunTime:0.001000s ]
INFO: [ app_end ] --START--
INFO: Run Behavior\ShowPageTraceBehavior [ RunTime:0.001000s ]
INFO: [ app_end ] --END-- [ RunTime:0.002000s ]

[ 2017-03-28T21:18:00+08:00 ] 127.0.0.1 /index.php/Admin/StorePrivilege/lst.html
INFO: [ app_init ] --START--
INFO: Run Behavior\BuildLiteBehavior [ RunTime:0.000000s ]
INFO: [ app_init ] --END-- [ RunTime:0.001000s ]
INFO: [ app_begin ] --START--
INFO: Run Behavior\ReadHtmlCacheBehavior [ RunTime:0.001000s ]
INFO: [ app_begin ] --END-- [ RunTime:0.002000s ]
SQL: SELECT COUNT(*) has FROM kuaidian_privilege WHERE module_name="Admin" AND controller_name="StorePrivilege" AND action_name="lst" [ RunTime:0.0010s ]
SQL: SHOW COLUMNS FROM `kuaidian_store_privilege` [ RunTime:0.0070s ]
SQL: SELECT * FROM `kuaidian_store_privilege`  [ RunTime:0.0000s ]
INFO: [ view_parse ] --START--
INFO: [ template_filter ] --START--
INFO: Run Behavior\ContentReplaceBehavior [ RunTime:0.003000s ]
INFO: [ template_filter ] --END-- [ RunTime:0.004000s ]
INFO: Run Behavior\ParseTemplateBehavior [ RunTime:0.112007s ]
INFO: [ view_parse ] --END-- [ RunTime:0.112007s ]
INFO: [ view_filter ] --START--
INFO: Run Behavior\WriteHtmlCacheBehavior [ RunTime:0.001000s ]
INFO: [ view_filter ] --END-- [ RunTime:0.001000s ]
INFO: [ app_end ] --START--
INFO: Run Behavior\ShowPageTraceBehavior [ RunTime:0.001000s ]
INFO: [ app_end ] --END-- [ RunTime:0.002000s ]

[ 2017-03-28T21:18:02+08:00 ] 127.0.0.1 /index.php/Admin/Admin/lst.html
INFO: [ app_init ] --START--
INFO: Run Behavior\BuildLiteBehavior [ RunTime:0.000000s ]
INFO: [ app_init ] --END-- [ RunTime:0.001000s ]
INFO: [ app_begin ] --START--
INFO: Run Behavior\ReadHtmlCacheBehavior [ RunTime:0.002000s ]
INFO: [ app_begin ] --END-- [ RunTime:0.002000s ]
SQL: SELECT COUNT(*) has FROM kuaidian_privilege WHERE module_name="Admin" AND controller_name="Admin" AND action_name="lst" [ RunTime:0.0000s ]
SQL: SHOW COLUMNS FROM `kuaidian_admin` [ RunTime:0.0070s ]
SQL: SELECT COUNT(*) AS tp_count FROM `kuaidian_admin` LIMIT 1   [ RunTime:0.0010s ]
SQL: SELECT * FROM `kuaidian_admin` ORDER BY status asc, id asc LIMIT 0,5   [ RunTime:0.0010s ]
INFO: [ view_parse ] --START--
INFO: [ template_filter ] --START--
INFO: Run Behavior\ContentReplaceBehavior [ RunTime:0.000000s ]
INFO: [ template_filter ] --END-- [ RunTime:0.002001s ]
NOTIC: [8] Use of undefined constant get - assumed 'get' D:\wamp\www\kuaidian\Application\Runtime\Cache\Admin\2e0a6b0b98cf96bc15633704312e45ee.php 第 31 行.
NOTIC: [8] Use of undefined constant username - assumed 'username' D:\wamp\www\kuaidian\Application\Runtime\Cache\Admin\2e0a6b0b98cf96bc15633704312e45ee.php 第 31 行.
INFO: Run Behavior\ParseTemplateBehavior [ RunTime:0.047003s ]
INFO: [ view_parse ] --END-- [ RunTime:0.047003s ]
INFO: [ view_filter ] --START--
INFO: Run Behavior\WriteHtmlCacheBehavior [ RunTime:0.001000s ]
INFO: [ view_filter ] --END-- [ RunTime:0.001000s ]
INFO: [ app_end ] --START--
INFO: Run Behavior\ShowPageTraceBehavior [ RunTime:0.001000s ]
INFO: [ app_end ] --END-- [ RunTime:0.002000s ]

[ 2017-03-28T21:18:13+08:00 ] 127.0.0.1 /index.php/Admin/StorePrivilege/lst.html
INFO: [ app_init ] --START--
INFO: Run Behavior\BuildLiteBehavior [ RunTime:0.000000s ]
INFO: [ app_init ] --END-- [ RunTime:0.001000s ]
INFO: [ app_begin ] --START--
INFO: Run Behavior\ReadHtmlCacheBehavior [ RunTime:0.002001s ]
INFO: [ app_begin ] --END-- [ RunTime:0.002001s ]
SQL: SELECT COUNT(*) has FROM kuaidian_privilege WHERE module_name="Admin" AND controller_name="StorePrivilege" AND action_name="lst" [ RunTime:0.0000s ]
SQL: SHOW COLUMNS FROM `kuaidian_store_privilege` [ RunTime:0.0070s ]
SQL: SELECT * FROM `kuaidian_store_privilege`  [ RunTime:0.0010s ]
INFO: [ view_parse ] --START--
INFO: [ template_filter ] --START--
INFO: Run Behavior\ContentReplaceBehavior [ RunTime:0.002000s ]
INFO: [ template_filter ] --END-- [ RunTime:0.002000s ]
INFO: Run Behavior\ParseTemplateBehavior [ RunTime:0.097006s ]
INFO: [ view_parse ] --END-- [ RunTime:0.098006s ]
INFO: [ view_filter ] --START--
INFO: Run Behavior\WriteHtmlCacheBehavior [ RunTime:0.001000s ]
INFO: [ view_filter ] --END-- [ RunTime:0.001000s ]
INFO: [ app_end ] --START--
INFO: Run Behavior\ShowPageTraceBehavior [ RunTime:0.002000s ]
INFO: [ app_end ] --END-- [ RunTime:0.003000s ]

[ 2017-03-28T21:18:35+08:00 ] 127.0.0.1 /index.php/Admin/User/lst.html
INFO: [ app_init ] --START--
INFO: Run Behavior\BuildLiteBehavior [ RunTime:0.000000s ]
INFO: [ app_init ] --END-- [ RunTime:0.001000s ]
INFO: [ app_begin ] --START--
INFO: Run Behavior\ReadHtmlCacheBehavior [ RunTime:0.001000s ]
INFO: [ app_begin ] --END-- [ RunTime:0.002000s ]
SQL: SELECT COUNT(*) has FROM kuaidian_privilege WHERE module_name="Admin" AND controller_name="User" AND action_name="lst" [ RunTime:0.0010s ]
SQL: SHOW COLUMNS FROM `kuaidian_user` [ RunTime:0.0080s ]
NOTIC: [8] Undefined variable: where D:\wamp\www\kuaidian\Application\Admin\Model\UserModel.class.php 第 12 行.
SQL: SELECT COUNT(*) AS tp_count FROM `kuaidian_user` LIMIT 1   [ RunTime:0.0000s ]
NOTIC: [8] Undefined variable: where D:\wamp\www\kuaidian\Application\Admin\Model\UserModel.class.php 第 20 行.
SQL: SELECT * FROM `kuaidian_user` ORDER BY status asc, id desc LIMIT 0,3   [ RunTime:0.0010s ]
INFO: [ view_parse ] --START--
INFO: [ template_filter ] --START--
INFO: Run Behavior\ContentReplaceBehavior [ RunTime:0.001000s ]
INFO: [ template_filter ] --END-- [ RunTime:0.001000s ]
NOTIC: [8] Use of undefined constant get - assumed 'get' D:\wamp\www\kuaidian\Application\Runtime\Cache\Admin\81c9e09547434a8e068db188434f214c.php 第 30 行.
NOTIC: [8] Use of undefined constant username - assumed 'username' D:\wamp\www\kuaidian\Application\Runtime\Cache\Admin\81c9e09547434a8e068db188434f214c.php 第 30 行.
INFO: Run Behavior\ParseTemplateBehavior [ RunTime:0.051003s ]
INFO: [ view_parse ] --END-- [ RunTime:0.051003s ]
INFO: [ view_filter ] --START--
INFO: Run Behavior\WriteHtmlCacheBehavior [ RunTime:0.001000s ]
INFO: [ view_filter ] --END-- [ RunTime:0.001000s ]
INFO: [ app_end ] --START--
INFO: Run Behavior\ShowPageTraceBehavior [ RunTime:0.001000s ]
INFO: [ app_end ] --END-- [ RunTime:0.001000s ]

[ 2017-03-28T21:18:40+08:00 ] 127.0.0.1 /index.php/Admin/Store/lst.html
INFO: [ app_init ] --START--
INFO: Run Behavior\BuildLiteBehavior [ RunTime:0.000000s ]
INFO: [ app_init ] --END-- [ RunTime:0.002000s ]
INFO: [ app_begin ] --START--
INFO: Run Behavior\ReadHtmlCacheBehavior [ RunTime:0.001000s ]
INFO: [ app_begin ] --END-- [ RunTime:0.001000s ]
SQL: SELECT COUNT(*) has FROM kuaidian_privilege WHERE module_name="Admin" AND controller_name="Store" AND action_name="lst" [ RunTime:0.0000s ]
SQL: SHOW COLUMNS FROM `kuaidian_store` [ RunTime:0.0060s ]
NOTIC: [8] Undefined variable: where D:\wamp\www\kuaidian\Application\Admin\Model\StoreModel.class.php 第 12 行.
SQL: SELECT COUNT(*) AS tp_count FROM `kuaidian_store` LIMIT 1   [ RunTime:0.0010s ]
NOTIC: [8] Undefined variable: where D:\wamp\www\kuaidian\Application\Admin\Model\StoreModel.class.php 第 20 行.
SQL: SELECT * FROM `kuaidian_store` ORDER BY ischeck asc,status asc, id desc LIMIT 0,3   [ RunTime:0.0000s ]
INFO: [ view_parse ] --START--
INFO: [ template_filter ] --START--
INFO: Run Behavior\ContentReplaceBehavior [ RunTime:0.001000s ]
INFO: [ template_filter ] --END-- [ RunTime:0.002000s ]
NOTIC: [8] Use of undefined constant get - assumed 'get' D:\wamp\www\kuaidian\Application\Runtime\Cache\Admin\367b5710c0c8af5bf4a8fb3ec8b12569.php 第 30 行.
NOTIC: [8] Use of undefined constant storename - assumed 'storename' D:\wamp\www\kuaidian\Application\Runtime\Cache\Admin\367b5710c0c8af5bf4a8fb3ec8b12569.php 第 30 行.
INFO: Run Behavior\ParseTemplateBehavior [ RunTime:0.071004s ]
INFO: [ view_parse ] --END-- [ RunTime:0.071004s ]
INFO: [ view_filter ] --START--
INFO: Run Behavior\WriteHtmlCacheBehavior [ RunTime:0.001000s ]
INFO: [ view_filter ] --END-- [ RunTime:0.001000s ]
INFO: [ app_end ] --START--
INFO: Run Behavior\ShowPageTraceBehavior [ RunTime:0.002000s ]
INFO: [ app_end ] --END-- [ RunTime:0.002000s ]

[ 2017-03-28T21:18:44+08:00 ] 127.0.0.1 /index.php/Admin/test/add.html
INFO: [ app_init ] --START--
INFO: Run Behavior\BuildLiteBehavior [ RunTime:0.000000s ]
INFO: [ app_init ] --END-- [ RunTime:0.001000s ]
INFO: [ app_begin ] --START--
INFO: Run Behavior\ReadHtmlCacheBehavior [ RunTime:0.001000s ]
INFO: [ app_begin ] --END-- [ RunTime:0.002001s ]
ERR: 无法加载控制器:Test

[ 2017-03-28T21:18:45+08:00 ] 127.0.0.1 /index.php/Admin/Store/lst.html
INFO: [ app_init ] --START--
INFO: Run Behavior\BuildLiteBehavior [ RunTime:0.000000s ]
INFO: [ app_init ] --END-- [ RunTime:0.001000s ]
INFO: [ app_begin ] --START--
INFO: Run Behavior\ReadHtmlCacheBehavior [ RunTime:0.001000s ]
INFO: [ app_begin ] --END-- [ RunTime:0.002000s ]
SQL: SELECT COUNT(*) has FROM kuaidian_privilege WHERE module_name="Admin" AND controller_name="Store" AND action_name="lst" [ RunTime:0.0010s ]
SQL: SHOW COLUMNS FROM `kuaidian_store` [ RunTime:0.0060s ]
NOTIC: [8] Undefined variable: where D:\wamp\www\kuaidian\Application\Admin\Model\StoreModel.class.php 第 12 行.
SQL: SELECT COUNT(*) AS tp_count FROM `kuaidian_store` LIMIT 1   [ RunTime:0.0010s ]
NOTIC: [8] Undefined variable: where D:\wamp\www\kuaidian\Application\Admin\Model\StoreModel.class.php 第 20 行.
SQL: SELECT * FROM `kuaidian_store` ORDER BY ischeck asc,status asc, id desc LIMIT 0,3   [ RunTime:0.0010s ]
INFO: [ view_parse ] --START--
INFO: [ template_filter ] --START--
INFO: Run Behavior\ContentReplaceBehavior [ RunTime:0.001000s ]
INFO: [ template_filter ] --END-- [ RunTime:0.001000s ]
NOTIC: [8] Use of undefined constant get - assumed 'get' D:\wamp\www\kuaidian\Application\Runtime\Cache\Admin\367b5710c0c8af5bf4a8fb3ec8b12569.php 第 30 行.
NOTIC: [8] Use of undefined constant storename - assumed 'storename' D:\wamp\www\kuaidian\Application\Runtime\Cache\Admin\367b5710c0c8af5bf4a8fb3ec8b12569.php 第 30 行.
INFO: Run Behavior\ParseTemplateBehavior [ RunTime:0.044003s ]
INFO: [ view_parse ] --END-- [ RunTime:0.045003s ]
INFO: [ view_filter ] --START--
INFO: Run Behavior\WriteHtmlCacheBehavior [ RunTime:0.001000s ]
INFO: [ view_filter ] --END-- [ RunTime:0.001000s ]
INFO: [ app_end ] --START--
INFO: Run Behavior\ShowPageTraceBehavior [ RunTime:0.001000s ]
INFO: [ app_end ] --END-- [ RunTime:0.002000s ]

[ 2017-03-28T21:19:00+08:00 ] 127.0.0.1 /index.php/Admin/Privilege/lst.html
INFO: [ app_init ] --START--
INFO: Run Behavior\BuildLiteBehavior [ RunTime:0.000000s ]
INFO: [ app_init ] --END-- [ RunTime:0.001001s ]
INFO: [ app_begin ] --START--
INFO: Run Behavior\ReadHtmlCacheBehavior [ RunTime:0.001000s ]
INFO: [ app_begin ] --END-- [ RunTime:0.001000s ]
SQL: SELECT COUNT(*) has FROM kuaidian_privilege WHERE module_name="Admin" AND controller_name="Privilege" AND action_name="lst" [ RunTime:0.0000s ]
SQL: SHOW COLUMNS FROM `kuaidian_privilege` [ RunTime:0.0060s ]
SQL: SELECT * FROM `kuaidian_privilege`  [ RunTime:0.0010s ]
INFO: [ view_parse ] --START--
INFO: [ template_filter ] --START--
INFO: Run Behavior\ContentReplaceBehavior [ RunTime:0.003000s ]
INFO: [ template_filter ] --END-- [ RunTime:0.003000s ]
INFO: Run Behavior\ParseTemplateBehavior [ RunTime:0.104006s ]
INFO: [ view_parse ] --END-- [ RunTime:0.105006s ]
INFO: [ view_filter ] --START--
INFO: Run Behavior\WriteHtmlCacheBehavior [ RunTime:0.001000s ]
INFO: [ view_filter ] --END-- [ RunTime:0.001000s ]
INFO: [ app_end ] --START--
INFO: Run Behavior\ShowPageTraceBehavior [ RunTime:0.001000s ]
INFO: [ app_end ] --END-- [ RunTime:0.002000s ]

[ 2017-03-28T21:19:33+08:00 ] 127.0.0.1 /index.php/Admin/Privilege/add.html
INFO: [ app_init ] --START--
INFO: Run Behavior\BuildLiteBehavior [ RunTime:0.000000s ]
INFO: [ app_init ] --END-- [ RunTime:0.003000s ]
INFO: [ app_begin ] --START--
INFO: Run Behavior\ReadHtmlCacheBehavior [ RunTime:0.001000s ]
INFO: [ app_begin ] --END-- [ RunTime:0.002000s ]
SQL: SELECT COUNT(*) has FROM kuaidian_privilege WHERE module_name="Admin" AND controller_name="Privilege" AND action_name="add" [ RunTime:0.0010s ]
SQL: SHOW COLUMNS FROM `kuaidian_privilege` [ RunTime:0.0100s ]
SQL: SELECT * FROM `kuaidian_privilege`  [ RunTime:0.0010s ]
INFO: [ view_parse ] --START--
INFO: [ template_filter ] --START--
INFO: Run Behavior\ContentReplaceBehavior [ RunTime:0.002000s ]
INFO: [ template_filter ] --END-- [ RunTime:0.003000s ]
INFO: Run Behavior\ParseTemplateBehavior [ RunTime:0.169009s ]
INFO: [ view_parse ] --END-- [ RunTime:0.170009s ]
INFO: [ view_filter ] --START--
INFO: Run Behavior\WriteHtmlCacheBehavior [ RunTime:0.001000s ]
INFO: [ view_filter ] --END-- [ RunTime:0.001000s ]
INFO: [ app_end ] --START--
INFO: Run Behavior\ShowPageTraceBehavior [ RunTime:0.002001s ]
INFO: [ app_end ] --END-- [ RunTime:0.002001s ]

[ 2017-03-28T21:20:25+08:00 ] 127.0.0.1 /index.php/Admin/Privilege/add.html
INFO: [ app_init ] --START--
INFO: Run Behavior\BuildLiteBehavior [ RunTime:0.000000s ]
INFO: [ app_init ] --END-- [ RunTime:0.001001s ]
INFO: [ app_begin ] --START--
INFO: Run Behavior\ReadHtmlCacheBehavior [ RunTime:0.001000s ]
INFO: [ app_begin ] --END-- [ RunTime:0.002000s ]
SQL: SELECT COUNT(*) has FROM kuaidian_privilege WHERE module_name="Admin" AND controller_name="Privilege" AND action_name="add" [ RunTime:0.0010s ]
SQL: SHOW COLUMNS FROM `kuaidian_privilege` [ RunTime:0.0070s ]
NOTIC: [8] Undefined index: validate D:\wamp\www\kuaidian\ThinkPHP\Library\Think\Model.class.php 第 1185 行.
NOTIC: [8] Undefined index: auto D:\wamp\www\kuaidian\ThinkPHP\Library\Think\Model.class.php 第 1128 行.
SQL: INSERT INTO `kuaidian_privilege` (`parent_id`,`pri_name`,`module_name`,`controller_name`,`action_name`) VALUES ('0','订单管理','Home','null','null') [ RunTime:0.0330s ]
INFO: [ view_parse ] --START--
INFO: [ template_filter ] --START--
INFO: Run Behavior\ContentReplaceBehavior [ RunTime:0.000000s ]
INFO: [ template_filter ] --END-- [ RunTime:0.000000s ]
INFO: Run Behavior\ParseTemplateBehavior [ RunTime:0.014001s ]
INFO: [ view_parse ] --END-- [ RunTime:0.014001s ]
INFO: [ view_filter ] --START--
INFO: Run Behavior\WriteHtmlCacheBehavior [ RunTime:0.001000s ]
INFO: [ view_filter ] --END-- [ RunTime:0.001000s ]

[ 2017-03-28T21:20:26+08:00 ] 127.0.0.1 /index.php/Admin/Privilege/lst.html
INFO: [ app_init ] --START--
INFO: Run Behavior\BuildLiteBehavior [ RunTime:0.000000s ]
INFO: [ app_init ] --END-- [ RunTime:0.001000s ]
INFO: [ app_begin ] --START--
INFO: Run Behavior\ReadHtmlCacheBehavior [ RunTime:0.002000s ]
INFO: [ app_begin ] --END-- [ RunTime:0.002000s ]
SQL: SELECT COUNT(*) has FROM kuaidian_privilege WHERE module_name="Admin" AND controller_name="Privilege" AND action_name="lst" [ RunTime:0.0010s ]
SQL: SHOW COLUMNS FROM `kuaidian_privilege` [ RunTime:0.0060s ]
SQL: SELECT * FROM `kuaidian_privilege`  [ RunTime:0.0000s ]
INFO: [ view_parse ] --START--
INFO: [ template_filter ] --START--
INFO: Run Behavior\ContentReplaceBehavior [ RunTime:0.002000s ]
INFO: [ template_filter ] --END-- [ RunTime:0.002000s ]
INFO: Run Behavior\ParseTemplateBehavior [ RunTime:0.111007s ]
INFO: [ view_parse ] --END-- [ RunTime:0.112007s ]
INFO: [ view_filter ] --START--
INFO: Run Behavior\WriteHtmlCacheBehavior [ RunTime:0.001000s ]
INFO: [ view_filter ] --END-- [ RunTime:0.002000s ]
INFO: [ app_end ] --START--
INFO: Run Behavior\ShowPageTraceBehavior [ RunTime:0.001000s ]
INFO: [ app_end ] --END-- [ RunTime:0.002000s ]

[ 2017-03-28T21:21:02+08:00 ] 127.0.0.1 /index.php/Admin/Privilege/edit/id/35.html
INFO: [ app_init ] --START--
INFO: Run Behavior\BuildLiteBehavior [ RunTime:0.000000s ]
INFO: [ app_init ] --END-- [ RunTime:0.001000s ]
INFO: [ app_begin ] --START--
INFO: Run Behavior\ReadHtmlCacheBehavior [ RunTime:0.001000s ]
INFO: [ app_begin ] --END-- [ RunTime:0.001000s ]
SQL: SELECT COUNT(*) has FROM kuaidian_privilege WHERE module_name="Admin" AND controller_name="Privilege" AND action_name="edit" [ RunTime:0.0010s ]
SQL: SHOW COLUMNS FROM `kuaidian_privilege` [ RunTime:0.0070s ]
SQL: SELECT * FROM `kuaidian_privilege` WHERE `id` = 35 LIMIT 1   [ RunTime:0.0000s ]
SQL: SHOW COLUMNS FROM `kuaidian_privilege` [ RunTime:0.0050s ]
SQL: SELECT * FROM `kuaidian_privilege`  [ RunTime:0.0010s ]
SQL: SELECT * FROM `kuaidian_privilege`  [ RunTime:0.0010s ]
INFO: [ view_parse ] --START--
INFO: [ template_filter ] --START--
INFO: Run Behavior\ContentReplaceBehavior [ RunTime:0.001000s ]
INFO: [ template_filter ] --END-- [ RunTime:0.001000s ]
INFO: Run Behavior\ParseTemplateBehavior [ RunTime:0.097006s ]
INFO: [ view_parse ] --END-- [ RunTime:0.099006s ]
INFO: [ view_filter ] --START--
INFO: Run Behavior\WriteHtmlCacheBehavior [ RunTime:0.001000s ]
INFO: [ view_filter ] --END-- [ RunTime:0.001000s ]
INFO: [ app_end ] --START--
INFO: Run Behavior\ShowPageTraceBehavior [ RunTime:0.002000s ]
INFO: [ app_end ] --END-- [ RunTime:0.002000s ]

[ 2017-03-28T21:21:09+08:00 ] 127.0.0.1 /index.php/Admin/Privilege/edit/id/35.html
INFO: [ app_init ] --START--
INFO: Run Behavior\BuildLiteBehavior [ RunTime:0.000000s ]
INFO: [ app_init ] --END-- [ RunTime:0.001000s ]
INFO: [ app_begin ] --START--
INFO: Run Behavior\ReadHtmlCacheBehavior [ RunTime:0.001000s ]
INFO: [ app_begin ] --END-- [ RunTime:0.001000s ]
SQL: SELECT COUNT(*) has FROM kuaidian_privilege WHERE module_name="Admin" AND controller_name="Privilege" AND action_name="edit" [ RunTime:0.0010s ]
SQL: SHOW COLUMNS FROM `kuaidian_privilege` [ RunTime:0.0050s ]
NOTIC: [8] Undefined index: validate D:\wamp\www\kuaidian\ThinkPHP\Library\Think\Model.class.php 第 1185 行.
NOTIC: [8] Undefined index: auto D:\wamp\www\kuaidian\ThinkPHP\Library\Think\Model.class.php 第 1128 行.
SQL: UPDATE `kuaidian_privilege` SET `parent_id`='0',`pri_name`='订单管理',`module_name`='null',`controller_name`='null',`action_name`='null' WHERE `id` = 35 [ RunTime:0.0530s ]
INFO: [ view_parse ] --START--
INFO: [ template_filter ] --START--
INFO: Run Behavior\ContentReplaceBehavior [ RunTime:0.000000s ]
INFO: [ template_filter ] --END-- [ RunTime:0.001000s ]
INFO: Run Behavior\ParseTemplateBehavior [ RunTime:0.031002s ]
INFO: [ view_parse ] --END-- [ RunTime:0.033002s ]
INFO: [ view_filter ] --START--
INFO: Run Behavior\WriteHtmlCacheBehavior [ RunTime:0.002000s ]
INFO: [ view_filter ] --END-- [ RunTime:0.003000s ]

[ 2017-03-28T21:21:10+08:00 ] 127.0.0.1 /index.php/Admin/Privilege/lst.html
INFO: [ app_init ] --START--
INFO: Run Behavior\BuildLiteBehavior [ RunTime:0.000000s ]
INFO: [ app_init ] --END-- [ RunTime:0.001000s ]
INFO: [ app_begin ] --START--
INFO: Run Behavior\ReadHtmlCacheBehavior [ RunTime:0.001000s ]
INFO: [ app_begin ] --END-- [ RunTime:0.002000s ]
SQL: SELECT COUNT(*) has FROM kuaidian_privilege WHERE module_name="Admin" AND controller_name="Privilege" AND action_name="lst" [ RunTime:0.0000s ]
SQL: SHOW COLUMNS FROM `kuaidian_privilege` [ RunTime:0.0070s ]
SQL: SELECT * FROM `kuaidian_privilege`  [ RunTime:0.0000s ]
INFO: [ view_parse ] --START--
INFO: [ template_filter ] --START--
INFO: Run Behavior\ContentReplaceBehavior [ RunTime:0.002000s ]
INFO: [ template_filter ] --END-- [ RunTime:0.003000s ]
INFO: Run Behavior\ParseTemplateBehavior [ RunTime:0.111006s ]
INFO: [ view_parse ] --END-- [ RunTime:0.111006s ]
INFO: [ view_filter ] --START--
INFO: Run Behavior\WriteHtmlCacheBehavior [ RunTime:0.001000s ]
INFO: [ view_filter ] --END-- [ RunTime:0.001000s ]
INFO: [ app_end ] --START--
INFO: Run Behavior\ShowPageTraceBehavior [ RunTime:0.001000s ]
INFO: [ app_end ] --END-- [ RunTime:0.002000s ]

[ 2017-03-28T21:21:14+08:00 ] 127.0.0.1 /index.php/Admin/Privilege/edit/id/9.html
INFO: [ app_init ] --START--
INFO: Run Behavior\BuildLiteBehavior [ RunTime:0.000000s ]
INFO: [ app_init ] --END-- [ RunTime:0.001000s ]
INFO: [ app_begin ] --START--
INFO: Run Behavior\ReadHtmlCacheBehavior [ RunTime:0.001000s ]
INFO: [ app_begin ] --END-- [ RunTime:0.002000s ]
SQL: SELECT COUNT(*) has FROM kuaidian_privilege WHERE module_name="Admin" AND controller_name="Privilege" AND action_name="edit" [ RunTime:0.0010s ]
SQL: SHOW COLUMNS FROM `kuaidian_privilege` [ RunTime:0.0070s ]
SQL: SELECT * FROM `kuaidian_privilege` WHERE `id` = 9 LIMIT 1   [ RunTime:0.0000s ]
SQL: SHOW COLUMNS FROM `kuaidian_privilege` [ RunTime:0.0060s ]
SQL: SELECT * FROM `kuaidian_privilege`  [ RunTime:0.0010s ]
SQL: SELECT * FROM `kuaidian_privilege`  [ RunTime:0.0010s ]
NOTIC: [8] Use of undefined constant id - assumed 'id' D:\wamp\www\kuaidian\Application\Admin\Model\PrivilegeModel.class.php 第 58 行.
NOTIC: [8] Use of undefined constant id - assumed 'id' D:\wamp\www\kuaidian\Application\Admin\Model\PrivilegeModel.class.php 第 58 行.
NOTIC: [8] Use of undefined constant id - assumed 'id' D:\wamp\www\kuaidian\Application\Admin\Model\PrivilegeModel.class.php 第 58 行.
INFO: [ view_parse ] --START--
INFO: [ template_filter ] --START--
INFO: Run Behavior\ContentReplaceBehavior [ RunTime:0.001000s ]
INFO: [ template_filter ] --END-- [ RunTime:0.001000s ]
INFO: Run Behavior\ParseTemplateBehavior [ RunTime:0.033002s ]
INFO: [ view_parse ] --END-- [ RunTime:0.034002s ]
INFO: [ view_filter ] --START--
INFO: Run Behavior\WriteHtmlCacheBehavior [ RunTime:0.001000s ]
INFO: [ view_filter ] --END-- [ RunTime:0.001000s ]
INFO: [ app_end ] --START--
INFO: Run Behavior\ShowPageTraceBehavior [ RunTime:0.001000s ]
INFO: [ app_end ] --END-- [ RunTime:0.002001s ]

[ 2017-03-28T21:21:17+08:00 ] 127.0.0.1 /index.php/Admin/Privilege/lst.html
INFO: [ app_init ] --START--
INFO: Run Behavior\BuildLiteBehavior [ RunTime:0.000000s ]
INFO: [ app_init ] --END-- [ RunTime:0.001000s ]
INFO: [ app_begin ] --START--
INFO: Run Behavior\ReadHtmlCacheBehavior [ RunTime:0.001000s ]
INFO: [ app_begin ] --END-- [ RunTime:0.001000s ]
SQL: SELECT COUNT(*) has FROM kuaidian_privilege WHERE module_name="Admin" AND controller_name="Privilege" AND action_name="lst" [ RunTime:0.0010s ]
SQL: SHOW COLUMNS FROM `kuaidian_privilege` [ RunTime:0.0070s ]
SQL: SELECT * FROM `kuaidian_privilege`  [ RunTime:0.0000s ]
INFO: [ view_parse ] --START--
INFO: [ template_filter ] --START--
INFO: Run Behavior\ContentReplaceBehavior [ RunTime:0.002000s ]
INFO: [ template_filter ] --END-- [ RunTime:0.003000s ]
INFO: Run Behavior\ParseTemplateBehavior [ RunTime:0.120007s ]
INFO: [ view_parse ] --END-- [ RunTime:0.120007s ]
INFO: [ view_filter ] --START--
INFO: Run Behavior\WriteHtmlCacheBehavior [ RunTime:0.001000s ]
INFO: [ view_filter ] --END-- [ RunTime:0.001000s ]
INFO: [ app_end ] --START--
INFO: Run Behavior\ShowPageTraceBehavior [ RunTime:0.001000s ]
INFO: [ app_end ] --END-- [ RunTime:0.001000s ]

[ 2017-03-28T21:21:43+08:00 ] 127.0.0.1 /index.php/Admin/Store/lst.html
INFO: [ app_init ] --START--
INFO: Run Behavior\BuildLiteBehavior [ RunTime:0.000000s ]
INFO: [ app_init ] --END-- [ RunTime:0.001000s ]
INFO: [ app_begin ] --START--
INFO: Run Behavior\ReadHtmlCacheBehavior [ RunTime:0.001000s ]
INFO: [ app_begin ] --END-- [ RunTime:0.003000s ]
SQL: SELECT COUNT(*) has FROM kuaidian_privilege WHERE module_name="Admin" AND controller_name="Store" AND action_name="lst" [ RunTime:0.0010s ]
SQL: SHOW COLUMNS FROM `kuaidian_store` [ RunTime:0.0060s ]
NOTIC: [8] Undefined variable: where D:\wamp\www\kuaidian\Application\Admin\Model\StoreModel.class.php 第 12 行.
SQL: SELECT COUNT(*) AS tp_count FROM `kuaidian_store` LIMIT 1   [ RunTime:0.0010s ]
NOTIC: [8] Undefined variable: where D:\wamp\www\kuaidian\Application\Admin\Model\StoreModel.class.php 第 20 行.
SQL: SELECT * FROM `kuaidian_store` ORDER BY ischeck asc,status asc, id desc LIMIT 0,3   [ RunTime:0.0010s ]
INFO: [ view_parse ] --START--
INFO: [ template_filter ] --START--
INFO: Run Behavior\ContentReplaceBehavior [ RunTime:0.001000s ]
INFO: [ template_filter ] --END-- [ RunTime:0.002000s ]
NOTIC: [8] Use of undefined constant get - assumed 'get' D:\wamp\www\kuaidian\Application\Runtime\Cache\Admin\367b5710c0c8af5bf4a8fb3ec8b12569.php 第 30 行.
NOTIC: [8] Use of undefined constant storename - assumed 'storename' D:\wamp\www\kuaidian\Application\Runtime\Cache\Admin\367b5710c0c8af5bf4a8fb3ec8b12569.php 第 30 行.
INFO: Run Behavior\ParseTemplateBehavior [ RunTime:0.045003s ]
INFO: [ view_parse ] --END-- [ RunTime:0.045003s ]
INFO: [ view_filter ] --START--
INFO: Run Behavior\WriteHtmlCacheBehavior [ RunTime:0.001000s ]
INFO: [ view_filter ] --END-- [ RunTime:0.001000s ]
INFO: [ app_end ] --START--
INFO: Run Behavior\ShowPageTraceBehavior [ RunTime:0.001000s ]
INFO: [ app_end ] --END-- [ RunTime:0.001000s ]

[ 2017-03-28T21:21:47+08:00 ] 127.0.0.1 /index.php/Admin/User/lst.html
INFO: [ app_init ] --START--
INFO: Run Behavior\BuildLiteBehavior [ RunTime:0.001000s ]
INFO: [ app_init ] --END-- [ RunTime:0.001000s ]
INFO: [ app_begin ] --START--
INFO: Run Behavior\ReadHtmlCacheBehavior [ RunTime:0.001000s ]
INFO: [ app_begin ] --END-- [ RunTime:0.002000s ]
SQL: SELECT COUNT(*) has FROM kuaidian_privilege WHERE module_name="Admin" AND controller_name="User" AND action_name="lst" [ RunTime:0.0000s ]
SQL: SHOW COLUMNS FROM `kuaidian_user` [ RunTime:0.0060s ]
NOTIC: [8] Undefined variable: where D:\wamp\www\kuaidian\Application\Admin\Model\UserModel.class.php 第 12 行.
SQL: SELECT COUNT(*) AS tp_count FROM `kuaidian_user` LIMIT 1   [ RunTime:0.0000s ]
NOTIC: [8] Undefined variable: where D:\wamp\www\kuaidian\Application\Admin\Model\UserModel.class.php 第 20 行.
SQL: SELECT * FROM `kuaidian_user` ORDER BY status asc, id desc LIMIT 0,3   [ RunTime:0.0010s ]
INFO: [ view_parse ] --START--
INFO: [ template_filter ] --START--
INFO: Run Behavior\ContentReplaceBehavior [ RunTime:0.001000s ]
INFO: [ template_filter ] --END-- [ RunTime:0.002000s ]
NOTIC: [8] Use of undefined constant get - assumed 'get' D:\wamp\www\kuaidian\Application\Runtime\Cache\Admin\81c9e09547434a8e068db188434f214c.php 第 30 行.
NOTIC: [8] Use of undefined constant username - assumed 'username' D:\wamp\www\kuaidian\Application\Runtime\Cache\Admin\81c9e09547434a8e068db188434f214c.php 第 30 行.
INFO: Run Behavior\ParseTemplateBehavior [ RunTime:0.039002s ]
INFO: [ view_parse ] --END-- [ RunTime:0.039002s ]
INFO: [ view_filter ] --START--
INFO: Run Behavior\WriteHtmlCacheBehavior [ RunTime:0.001000s ]
INFO: [ view_filter ] --END-- [ RunTime:0.002000s ]
INFO: [ app_end ] --START--
INFO: Run Behavior\ShowPageTraceBehavior [ RunTime:0.001000s ]
INFO: [ app_end ] --END-- [ RunTime:0.001000s ]

[ 2017-03-28T21:22:22+08:00 ] 127.0.0.1 /index.php/Admin/Privilege/lst.html
INFO: [ app_init ] --START--
INFO: Run Behavior\BuildLiteBehavior [ RunTime:0.000000s ]
INFO: [ app_init ] --END-- [ RunTime:0.002000s ]
INFO: [ app_begin ] --START--
INFO: Run Behavior\ReadHtmlCacheBehavior [ RunTime:0.002000s ]
INFO: [ app_begin ] --END-- [ RunTime:0.003000s ]
SQL: SELECT COUNT(*) has FROM kuaidian_privilege WHERE module_name="Admin" AND controller_name="Privilege" AND action_name="lst" [ RunTime:0.0000s ]
SQL: SHOW COLUMNS FROM `kuaidian_privilege` [ RunTime:0.0070s ]
SQL: SELECT * FROM `kuaidian_privilege`  [ RunTime:0.0020s ]
INFO: [ view_parse ] --START--
INFO: [ template_filter ] --START--
INFO: Run Behavior\ContentReplaceBehavior [ RunTime:0.003000s ]
INFO: [ template_filter ] --END-- [ RunTime:0.003000s ]
INFO: Run Behavior\ParseTemplateBehavior [ RunTime:0.122007s ]
INFO: [ view_parse ] --END-- [ RunTime:0.122007s ]
INFO: [ view_filter ] --START--
INFO: Run Behavior\WriteHtmlCacheBehavior [ RunTime:0.000000s ]
INFO: [ view_filter ] --END-- [ RunTime:0.002000s ]
INFO: [ app_end ] --START--
INFO: Run Behavior\ShowPageTraceBehavior [ RunTime:0.002000s ]
INFO: [ app_end ] --END-- [ RunTime:0.002000s ]

[ 2017-03-28T21:22:26+08:00 ] 127.0.0.1 /index.php/Admin/Privilege/delete/id/35.html
INFO: [ app_init ] --START--
INFO: Run Behavior\BuildLiteBehavior [ RunTime:0.000000s ]
INFO: [ app_init ] --END-- [ RunTime:0.000000s ]
INFO: [ app_begin ] --START--
INFO: Run Behavior\ReadHtmlCacheBehavior [ RunTime:0.002000s ]
INFO: [ app_begin ] --END-- [ RunTime:0.002000s ]
SQL: SELECT COUNT(*) has FROM kuaidian_privilege WHERE module_name="Admin" AND controller_name="Privilege" AND action_name="delete" [ RunTime:0.0010s ]
SQL: SHOW COLUMNS FROM `kuaidian_privilege` [ RunTime:0.0050s ]
NOTIC: [8] Undefined variable: option D:\wamp\www\kuaidian\Application\Admin\Model\PrivilegeModel.class.php 第 67 行.
SQL: SELECT * FROM `kuaidian_privilege`  [ RunTime:0.0010s ]
SQL: DELETE FROM `kuaidian_privilege` WHERE `id` = 35 [ RunTime:0.0010s ]
INFO: [ view_parse ] --START--
INFO: [ template_filter ] --START--
INFO: Run Behavior\ContentReplaceBehavior [ RunTime:0.000000s ]
INFO: [ template_filter ] --END-- [ RunTime:0.001000s ]
INFO: Run Behavior\ParseTemplateBehavior [ RunTime:0.013000s ]
INFO: [ view_parse ] --END-- [ RunTime:0.013000s ]
INFO: [ view_filter ] --START--
INFO: Run Behavior\WriteHtmlCacheBehavior [ RunTime:0.001000s ]
INFO: [ view_filter ] --END-- [ RunTime:0.001000s ]

[ 2017-03-28T21:22:27+08:00 ] 127.0.0.1 /index.php/Admin/Privilege/lst.html
INFO: [ app_init ] --START--
INFO: Run Behavior\BuildLiteBehavior [ RunTime:0.000000s ]
INFO: [ app_init ] --END-- [ RunTime:0.001000s ]
INFO: [ app_begin ] --START--
INFO: Run Behavior\ReadHtmlCacheBehavior [ RunTime:0.002001s ]
INFO: [ app_begin ] --END-- [ RunTime:0.002001s ]
SQL: SELECT COUNT(*) has FROM kuaidian_privilege WHERE module_name="Admin" AND controller_name="Privilege" AND action_name="lst" [ RunTime:0.0010s ]
SQL: SHOW COLUMNS FROM `kuaidian_privilege` [ RunTime:0.0060s ]
SQL: SELECT * FROM `kuaidian_privilege`  [ RunTime:0.0000s ]
INFO: [ view_parse ] --START--
INFO: [ template_filter ] --START--
INFO: Run Behavior\ContentReplaceBehavior [ RunTime:0.003000s ]
INFO: [ template_filter ] --END-- [ RunTime:0.003000s ]
INFO: Run Behavior\ParseTemplateBehavior [ RunTime:0.115006s ]
INFO: [ view_parse ] --END-- [ RunTime:0.116006s ]
INFO: [ view_filter ] --START--
INFO: Run Behavior\WriteHtmlCacheBehavior [ RunTime:0.001001s ]
INFO: [ view_filter ] --END-- [ RunTime:0.001001s ]
INFO: [ app_end ] --START--
INFO: Run Behavior\ShowPageTraceBehavior [ RunTime:0.001000s ]
INFO: [ app_end ] --END-- [ RunTime:0.001000s ]

[ 2017-03-28T21:22:35+08:00 ] 127.0.0.1 /index.php/Admin/StorePrivilege/lst.html
INFO: [ app_init ] --START--
INFO: Run Behavior\BuildLiteBehavior [ RunTime:0.000000s ]
INFO: [ app_init ] --END-- [ RunTime:0.001000s ]
INFO: [ app_begin ] --START--
INFO: Run Behavior\ReadHtmlCacheBehavior [ RunTime:0.001000s ]
INFO: [ app_begin ] --END-- [ RunTime:0.001000s ]
SQL: SELECT COUNT(*) has FROM kuaidian_privilege WHERE module_name="Admin" AND controller_name="StorePrivilege" AND action_name="lst" [ RunTime:0.0010s ]
SQL: SHOW COLUMNS FROM `kuaidian_store_privilege` [ RunTime:0.0070s ]
SQL: SELECT * FROM `kuaidian_store_privilege`  [ RunTime:0.0000s ]
INFO: [ view_parse ] --START--
INFO: [ template_filter ] --START--
INFO: Run Behavior\ContentReplaceBehavior [ RunTime:0.002000s ]
INFO: [ template_filter ] --END-- [ RunTime:0.003000s ]
INFO: Run Behavior\ParseTemplateBehavior [ RunTime:0.094005s ]
INFO: [ view_parse ] --END-- [ RunTime:0.096005s ]
INFO: [ view_filter ] --START--
INFO: Run Behavior\WriteHtmlCacheBehavior [ RunTime:0.001000s ]
INFO: [ view_filter ] --END-- [ RunTime:0.001000s ]
INFO: [ app_end ] --START--
INFO: Run Behavior\ShowPageTraceBehavior [ RunTime:0.002000s ]
INFO: [ app_end ] --END-- [ RunTime:0.002000s ]

[ 2017-03-28T21:22:48+08:00 ] 127.0.0.1 /index.php/Admin/StorePrivilege/add.html
INFO: [ app_init ] --START--
INFO: Run Behavior\BuildLiteBehavior [ RunTime:0.000000s ]
INFO: [ app_init ] --END-- [ RunTime:0.001000s ]
INFO: [ app_begin ] --START--
INFO: Run Behavior\ReadHtmlCacheBehavior [ RunTime:0.001000s ]
INFO: [ app_begin ] --END-- [ RunTime:0.001000s ]
SQL: SELECT COUNT(*) has FROM kuaidian_privilege WHERE module_name="Admin" AND controller_name="StorePrivilege" AND action_name="add" [ RunTime:0.0010s ]
SQL: SHOW COLUMNS FROM `kuaidian_store_privilege` [ RunTime:0.0050s ]
SQL: SELECT * FROM `kuaidian_store_privilege`  [ RunTime:0.0010s ]
INFO: [ view_parse ] --START--
INFO: [ template_filter ] --START--
INFO: Run Behavior\ContentReplaceBehavior [ RunTime:0.002000s ]
INFO: [ template_filter ] --END-- [ RunTime:0.002000s ]
INFO: Run Behavior\ParseTemplateBehavior [ RunTime:0.170010s ]
INFO: [ view_parse ] --END-- [ RunTime:0.171010s ]
INFO: [ view_filter ] --START--
INFO: Run Behavior\WriteHtmlCacheBehavior [ RunTime:0.001000s ]
INFO: [ view_filter ] --END-- [ RunTime:0.001000s ]
INFO: [ app_end ] --START--
INFO: Run Behavior\ShowPageTraceBehavior [ RunTime:0.001000s ]
INFO: [ app_end ] --END-- [ RunTime:0.002000s ]

[ 2017-03-28T21:23:06+08:00 ] 127.0.0.1 /index.php/Admin/StorePrivilege/add.html
INFO: [ app_init ] --START--
INFO: Run Behavior\BuildLiteBehavior [ RunTime:0.000000s ]
INFO: [ app_init ] --END-- [ RunTime:0.000000s ]
INFO: [ app_begin ] --START--
INFO: Run Behavior\ReadHtmlCacheBehavior [ RunTime:0.002001s ]
INFO: [ app_begin ] --END-- [ RunTime:0.002001s ]
SQL: SELECT COUNT(*) has FROM kuaidian_privilege WHERE module_name="Admin" AND controller_name="StorePrivilege" AND action_name="add" [ RunTime:0.0010s ]
SQL: SHOW COLUMNS FROM `kuaidian_store_privilege` [ RunTime:0.0050s ]
NOTIC: [8] Undefined index: validate D:\wamp\www\kuaidian\ThinkPHP\Library\Think\Model.class.php 第 1185 行.
NOTIC: [8] Undefined index: auto D:\wamp\www\kuaidian\ThinkPHP\Library\Think\Model.class.php 第 1128 行.
SQL: INSERT INTO `kuaidian_store_privilege` (`parent_id`,`pri_name`,`module_name`,`controller_name`,`action_name`) VALUES ('0','订单管理','null','null','null') [ RunTime:0.0020s ]
INFO: [ view_parse ] --START--
INFO: [ template_filter ] --START--
INFO: Run Behavior\ContentReplaceBehavior [ RunTime:0.000000s ]
INFO: [ template_filter ] --END-- [ RunTime:0.001000s ]
INFO: Run Behavior\ParseTemplateBehavior [ RunTime:0.012001s ]
INFO: [ view_parse ] --END-- [ RunTime:0.012001s ]
INFO: [ view_filter ] --START--
INFO: Run Behavior\WriteHtmlCacheBehavior [ RunTime:0.001000s ]
INFO: [ view_filter ] --END-- [ RunTime:0.002000s ]

[ 2017-03-28T21:23:08+08:00 ] 127.0.0.1 /index.php/Admin/StorePrivilege/lst.html
INFO: [ app_init ] --START--
INFO: Run Behavior\BuildLiteBehavior [ RunTime:0.000000s ]
INFO: [ app_init ] --END-- [ RunTime:0.001000s ]
INFO: [ app_begin ] --START--
INFO: Run Behavior\ReadHtmlCacheBehavior [ RunTime:0.002000s ]
INFO: [ app_begin ] --END-- [ RunTime:0.002000s ]
SQL: SELECT COUNT(*) has FROM kuaidian_privilege WHERE module_name="Admin" AND controller_name="StorePrivilege" AND action_name="lst" [ RunTime:0.0000s ]
SQL: SHOW COLUMNS FROM `kuaidian_store_privilege` [ RunTime:0.0070s ]
SQL: SELECT * FROM `kuaidian_store_privilege`  [ RunTime:0.0000s ]
INFO: [ view_parse ] --START--
INFO: [ template_filter ] --START--
INFO: Run Behavior\ContentReplaceBehavior [ RunTime:0.002000s ]
INFO: [ template_filter ] --END-- [ RunTime:0.003000s ]
INFO: Run Behavior\ParseTemplateBehavior [ RunTime:0.087005s ]
INFO: [ view_parse ] --END-- [ RunTime:0.088005s ]
INFO: [ view_filter ] --START--
INFO: Run Behavior\WriteHtmlCacheBehavior [ RunTime:0.001000s ]
INFO: [ view_filter ] --END-- [ RunTime:0.001000s ]
INFO: [ app_end ] --START--
INFO: Run Behavior\ShowPageTraceBehavior [ RunTime:0.001000s ]
INFO: [ app_end ] --END-- [ RunTime:0.001000s ]

[ 2017-03-28T21:23:25+08:00 ] 127.0.0.1 /index.php/Admin/StorePrivilege/add.html
INFO: [ app_init ] --START--
INFO: Run Behavior\BuildLiteBehavior [ RunTime:0.000000s ]
INFO: [ app_init ] --END-- [ RunTime:0.001000s ]
INFO: [ app_begin ] --START--
INFO: Run Behavior\ReadHtmlCacheBehavior [ RunTime:0.001000s ]
INFO: [ app_begin ] --END-- [ RunTime:0.001000s ]
SQL: SELECT COUNT(*) has FROM kuaidian_privilege WHERE module_name="Admin" AND controller_name="StorePrivilege" AND action_name="add" [ RunTime:0.0000s ]
SQL: SHOW COLUMNS FROM `kuaidian_store_privilege` [ RunTime:0.0070s ]
SQL: SELECT * FROM `kuaidian_store_privilege`  [ RunTime:0.0010s ]
INFO: [ view_parse ] --START--
INFO: [ template_filter ] --START--
INFO: Run Behavior\ContentReplaceBehavior [ RunTime:0.002000s ]
INFO: [ template_filter ] --END-- [ RunTime:0.003000s ]
INFO: Run Behavior\ParseTemplateBehavior [ RunTime:0.075004s ]
INFO: [ view_parse ] --END-- [ RunTime:0.075004s ]
INFO: [ view_filter ] --START--
INFO: Run Behavior\WriteHtmlCacheBehavior [ RunTime:0.001000s ]
INFO: [ view_filter ] --END-- [ RunTime:0.001000s ]
INFO: [ app_end ] --START--
INFO: Run Behavior\ShowPageTraceBehavior [ RunTime:0.001000s ]
INFO: [ app_end ] --END-- [ RunTime:0.001000s ]

[ 2017-03-28T21:25:01+08:00 ] 127.0.0.1 /index.php/Admin/StorePrivilege/add.html
INFO: [ app_init ] --START--
INFO: Run Behavior\BuildLiteBehavior [ RunTime:0.000000s ]
INFO: [ app_init ] --END-- [ RunTime:0.001000s ]
INFO: [ app_begin ] --START--
INFO: Run Behavior\ReadHtmlCacheBehavior [ RunTime:0.001000s ]
INFO: [ app_begin ] --END-- [ RunTime:0.001000s ]
SQL: SELECT COUNT(*) has FROM kuaidian_privilege WHERE module_name="Admin" AND controller_name="StorePrivilege" AND action_name="add" [ RunTime:0.0010s ]
SQL: SHOW COLUMNS FROM `kuaidian_store_privilege` [ RunTime:0.0050s ]
NOTIC: [8] Undefined index: validate D:\wamp\www\kuaidian\ThinkPHP\Library\Think\Model.class.php 第 1185 行.
NOTIC: [8] Undefined index: auto D:\wamp\www\kuaidian\ThinkPHP\Library\Think\Model.class.php 第 1128 行.
SQL: INSERT INTO `kuaidian_store_privilege` (`parent_id`,`pri_name`,`module_name`,`controller_name`,`action_name`) VALUES ('14','订单列表','Home','Order','lst') [ RunTime:0.0020s ]
INFO: [ view_parse ] --START--
INFO: [ template_filter ] --START--
INFO: Run Behavior\ContentReplaceBehavior [ RunTime:0.000000s ]
INFO: [ template_filter ] --END-- [ RunTime:0.000000s ]
INFO: Run Behavior\ParseTemplateBehavior [ RunTime:0.014001s ]
INFO: [ view_parse ] --END-- [ RunTime:0.015001s ]
INFO: [ view_filter ] --START--
INFO: Run Behavior\WriteHtmlCacheBehavior [ RunTime:0.001000s ]
INFO: [ view_filter ] --END-- [ RunTime:0.001000s ]

[ 2017-03-28T21:25:03+08:00 ] 127.0.0.1 /index.php/Admin/StorePrivilege/lst.html
INFO: [ app_init ] --START--
INFO: Run Behavior\BuildLiteBehavior [ RunTime:0.000000s ]
INFO: [ app_init ] --END-- [ RunTime:0.002001s ]
INFO: [ app_begin ] --START--
INFO: Run Behavior\ReadHtmlCacheBehavior [ RunTime:0.002000s ]
INFO: [ app_begin ] --END-- [ RunTime:0.003000s ]
SQL: SELECT COUNT(*) has FROM kuaidian_privilege WHERE module_name="Admin" AND controller_name="StorePrivilege" AND action_name="lst" [ RunTime:0.0010s ]
SQL: SHOW COLUMNS FROM `kuaidian_store_privilege` [ RunTime:0.0100s ]
SQL: SELECT * FROM `kuaidian_store_privilege`  [ RunTime:0.0010s ]
INFO: [ view_parse ] --START--
INFO: [ template_filter ] --START--
INFO: Run Behavior\ContentReplaceBehavior [ RunTime:0.004000s ]
INFO: [ template_filter ] --END-- [ RunTime:0.004000s ]
INFO: Run Behavior\ParseTemplateBehavior [ RunTime:0.191011s ]
INFO: [ view_parse ] --END-- [ RunTime:0.191011s ]
INFO: [ view_filter ] --START--
INFO: Run Behavior\WriteHtmlCacheBehavior [ RunTime:0.006000s ]
INFO: [ view_filter ] --END-- [ RunTime:0.006000s ]
INFO: [ app_end ] --START--
INFO: Run Behavior\ShowPageTraceBehavior [ RunTime:0.008001s ]
INFO: [ app_end ] --END-- [ RunTime:0.009001s ]

