[ 2017-01-08T00:01:12+08:00 ] 127.0.0.1 /index.php/Admin/Store/lst.html
INFO: [ app_init ] --START--
INFO: Run Behavior\BuildLiteBehavior [ RunTime:0.000000s ]
INFO: [ app_init ] --END-- [ RunTime:0.001000s ]
INFO: [ app_begin ] --START--
INFO: Run Behavior\ReadHtmlCacheBehavior [ RunTime:0.001000s ]
INFO: [ app_begin ] --END-- [ RunTime:0.002000s ]
SQL: SELECT COUNT(*) has FROM kuaidian_privilege WHERE module_name="Admin" AND controller_name="Store" AND action_name="lst" [ RunTime:0.0000s ]
SQL: SHOW COLUMNS FROM `kuaidian_store` [ RunTime:0.0080s ]
NOTIC: [8] Undefined variable: where D:\wamp\www\kuaidian\Application\Admin\Model\StoreModel.class.php 第 12 行.
SQL: SELECT COUNT(*) AS tp_count FROM `kuaidian_store` LIMIT 1   [ RunTime:0.0020s ]
NOTIC: [8] Undefined variable: where D:\wamp\www\kuaidian\Application\Admin\Model\StoreModel.class.php 第 20 行.
SQL: SELECT * FROM `kuaidian_store` ORDER BY ischeck asc,status asc, id desc LIMIT 0,3   [ RunTime:0.0210s ]
INFO: [ view_parse ] --START--
INFO: [ template_filter ] --START--
INFO: Run Behavior\ContentReplaceBehavior [ RunTime:0.001000s ]
INFO: [ template_filter ] --END-- [ RunTime:0.001000s ]
NOTIC: [8] Use of undefined constant get - assumed 'get' D:\wamp\www\kuaidian\Application\Runtime\Cache\Admin\367b5710c0c8af5bf4a8fb3ec8b12569.php 第 30 行.
NOTIC: [8] Use of undefined constant storename - assumed 'storename' D:\wamp\www\kuaidian\Application\Runtime\Cache\Admin\367b5710c0c8af5bf4a8fb3ec8b12569.php 第 30 行.
INFO: Run Behavior\ParseTemplateBehavior [ RunTime:0.039003s ]
INFO: [ view_parse ] --END-- [ RunTime:0.039003s ]
INFO: [ view_filter ] --START--
INFO: Run Behavior\WriteHtmlCacheBehavior [ RunTime:0.002000s ]
INFO: [ view_filter ] --END-- [ RunTime:0.002000s ]
INFO: [ app_end ] --START--
INFO: Run Behavior\ShowPageTraceBehavior [ RunTime:0.002000s ]
INFO: [ app_end ] --END-- [ RunTime:0.002000s ]

[ 2017-01-08T00:01:14+08:00 ] 127.0.0.1 /index.php/Admin/User/lst.html
INFO: [ app_init ] --START--
INFO: Run Behavior\BuildLiteBehavior [ RunTime:0.000000s ]
INFO: [ app_init ] --END-- [ RunTime:0.001000s ]
INFO: [ app_begin ] --START--
INFO: Run Behavior\ReadHtmlCacheBehavior [ RunTime:0.002000s ]
INFO: [ app_begin ] --END-- [ RunTime:0.002000s ]
SQL: SELECT COUNT(*) has FROM kuaidian_privilege WHERE module_name="Admin" AND controller_name="User" AND action_name="lst" [ RunTime:0.0000s ]
SQL: SHOW COLUMNS FROM `kuaidian_user` [ RunTime:0.0630s ]
NOTIC: [8] Undefined variable: where D:\wamp\www\kuaidian\Application\Admin\Model\UserModel.class.php 第 12 行.
SQL: SELECT COUNT(*) AS tp_count FROM `kuaidian_user` LIMIT 1   [ RunTime:0.0000s ]
NOTIC: [8] Undefined variable: where D:\wamp\www\kuaidian\Application\Admin\Model\UserModel.class.php 第 20 行.
SQL: SELECT * FROM `kuaidian_user` ORDER BY status asc, id desc LIMIT 0,3   [ RunTime:0.0010s ]
INFO: [ view_parse ] --START--
INFO: [ template_filter ] --START--
INFO: Run Behavior\ContentReplaceBehavior [ RunTime:0.001000s ]
INFO: [ template_filter ] --END-- [ RunTime:0.001000s ]
NOTIC: [8] Use of undefined constant get - assumed 'get' D:\wamp\www\kuaidian\Application\Runtime\Cache\Admin\81c9e09547434a8e068db188434f214c.php 第 30 行.
NOTIC: [8] Use of undefined constant username - assumed 'username' D:\wamp\www\kuaidian\Application\Runtime\Cache\Admin\81c9e09547434a8e068db188434f214c.php 第 30 行.
INFO: Run Behavior\ParseTemplateBehavior [ RunTime:0.027001s ]
INFO: [ view_parse ] --END-- [ RunTime:0.028001s ]
INFO: [ view_filter ] --START--
INFO: Run Behavior\WriteHtmlCacheBehavior [ RunTime:0.001000s ]
INFO: [ view_filter ] --END-- [ RunTime:0.002000s ]
INFO: [ app_end ] --START--
INFO: Run Behavior\ShowPageTraceBehavior [ RunTime:0.001000s ]
INFO: [ app_end ] --END-- [ RunTime:0.002000s ]

