[ 2017-02-10T00:03:34+08:00 ] 127.0.0.1 /index.php/checkVerify
INFO: [ app_init ] --START--
INFO: Run Behavior\BuildLiteBehavior [ RunTime:0.000000s ]
INFO: [ app_init ] --END-- [ RunTime:0.005000s ]
ERR: 无法加载模块:CheckVerify

[ 2017-02-10T00:03:53+08:00 ] 127.0.0.1 /index.php/checkVerify
INFO: [ app_init ] --START--
INFO: Run Behavior\BuildLiteBehavior [ RunTime:0.000000s ]
INFO: [ app_init ] --END-- [ RunTime:0.001000s ]
ERR: 无法加载模块:CheckVerify

[ 2017-02-10T00:08:20+08:00 ] 127.0.0.1 /index.php/checkVerify
INFO: [ app_init ] --START--
INFO: Run Behavior\BuildLiteBehavior [ RunTime:0.000000s ]
INFO: [ app_init ] --END-- [ RunTime:0.001000s ]
ERR: 无法加载模块:CheckVerify

[ 2017-02-10T00:11:02+08:00 ] 127.0.0.1 /index.php/loginAction
INFO: [ app_init ] --START--
INFO: Run Behavior\BuildLiteBehavior [ RunTime:0.000000s ]
INFO: [ app_init ] --END-- [ RunTime:0.001000s ]
ERR: 无法加载模块:LoginAction

