[ 2017-02-05T09:16:21+08:00 ] 127.0.0.1 /index.php/null/null/null.html
INFO: [ app_init ] --START--
INFO: Run Behavior\BuildLiteBehavior [ RunTime:0.001000s ]
INFO: [ app_init ] --END-- [ RunTime:0.001000s ]
ERR: 无法加载模块:Null

[ 2017-02-05T09:18:52+08:00 ] 127.0.0.1 /index.php/null/null/null.html
INFO: [ app_init ] --START--
INFO: Run Behavior\BuildLiteBehavior [ RunTime:0.000000s ]
INFO: [ app_init ] --END-- [ RunTime:0.001000s ]
ERR: 无法加载模块:Null

[ 2017-02-05T13:41:18+08:00 ] 127.0.0.1 /index.php/null/null/null.html
INFO: [ app_init ] --START--
INFO: Run Behavior\BuildLiteBehavior [ RunTime:0.000000s ]
INFO: [ app_init ] --END-- [ RunTime:0.001000s ]
ERR: 无法加载模块:Null

[ 2017-02-05T16:01:40+08:00 ] 127.0.0.1 /index.php/null/null/null.html
INFO: [ app_init ] --START--
INFO: Run Behavior\BuildLiteBehavior [ RunTime:0.000000s ]
INFO: [ app_init ] --END-- [ RunTime:0.001000s ]
ERR: 无法加载模块:Null

[ 2017-02-05T16:02:20+08:00 ] 127.0.0.1 /index.php/null/null/null.html
INFO: [ app_init ] --START--
INFO: Run Behavior\BuildLiteBehavior [ RunTime:0.000000s ]
INFO: [ app_init ] --END-- [ RunTime:0.001000s ]
ERR: 无法加载模块:Null

