[ 2017-01-20T01:41:55+08:00 ] 127.0.0.1 /index.php/%3C?php%20echo%20U(%27checkVerify%27,%27%27,FALSE)?%3E
INFO: [ app_init ] --START--
INFO: Run Behavior\BuildLiteBehavior [ RunTime:0.000000s ]
INFO: [ app_init ] --END-- [ RunTime:0.001000s ]
ERR: 无法加载模块:

[ 2017-01-20T13:31:33+08:00 ] 127.0.0.1 /index.php/remote.html
INFO: [ app_init ] --START--
INFO: Run Behavior\BuildLiteBehavior [ RunTime:0.000000s ]
INFO: [ app_init ] --END-- [ RunTime:0.001000s ]
ERR: 无法加载模块:Remote

[ 2017-01-20T13:31:36+08:00 ] 127.0.0.1 /index.php/remote.html
INFO: [ app_init ] --START--
INFO: Run Behavior\BuildLiteBehavior [ RunTime:0.000000s ]
INFO: [ app_init ] --END-- [ RunTime:0.002000s ]
ERR: 无法加载模块:Remote

[ 2017-01-20T13:42:05+08:00 ] 127.0.0.1 /index.php/%3C?php%20echo%20U(%27checkVerify%27,%27%27,FALSE)?%3E
INFO: [ app_init ] --START--
INFO: Run Behavior\BuildLiteBehavior [ RunTime:0.000000s ]
INFO: [ app_init ] --END-- [ RunTime:0.002000s ]
ERR: 无法加载模块:

[ 2017-01-20T13:45:57+08:00 ] 127.0.0.1 /index.php/%3C?php%20echo%20U(%27checkVerify%27,%27%27,FALSE)?%3E
INFO: [ app_init ] --START--
INFO: Run Behavior\BuildLiteBehavior [ RunTime:0.000000s ]
INFO: [ app_init ] --END-- [ RunTime:0.002000s ]
ERR: 无法加载模块:

[ 2017-01-20T13:45:58+08:00 ] 127.0.0.1 /index.php/%3C?php%20echo%20U(%27checkVerify%27,%27%27,FALSE)?%3E
INFO: [ app_init ] --START--
INFO: Run Behavior\BuildLiteBehavior [ RunTime:0.000000s ]
INFO: [ app_init ] --END-- [ RunTime:0.001000s ]
ERR: 无法加载模块:

[ 2017-01-20T13:45:58+08:00 ] 127.0.0.1 /index.php/%3C?php%20echo%20U(%27checkVerify%27,%27%27,FALSE)?%3E
INFO: [ app_init ] --START--
INFO: Run Behavior\BuildLiteBehavior [ RunTime:0.000000s ]
INFO: [ app_init ] --END-- [ RunTime:0.001000s ]
ERR: 无法加载模块:

[ 2017-01-20T13:45:59+08:00 ] 127.0.0.1 /index.php/%3C?php%20echo%20U(%27checkVerify%27,%27%27,FALSE)?%3E
INFO: [ app_init ] --START--
INFO: Run Behavior\BuildLiteBehavior [ RunTime:0.001000s ]
INFO: [ app_init ] --END-- [ RunTime:0.002000s ]
ERR: 无法加载模块:

[ 2017-01-20T13:46:05+08:00 ] 127.0.0.1 /index.php/%3C?php%20echo%20U(%27checkVerify%27,%27%27,FALSE)?%3E
INFO: [ app_init ] --START--
INFO: Run Behavior\BuildLiteBehavior [ RunTime:0.000000s ]
INFO: [ app_init ] --END-- [ RunTime:0.001000s ]
ERR: 无法加载模块:

[ 2017-01-20T13:47:07+08:00 ] 127.0.0.1 /index.php/%3C?php%20echo%20U(%27checkVerify%27);%20?%3E
INFO: [ app_init ] --START--
INFO: Run Behavior\BuildLiteBehavior [ RunTime:0.000000s ]
INFO: [ app_init ] --END-- [ RunTime:0.001000s ]
ERR: 无法加载模块:

[ 2017-01-20T13:47:23+08:00 ] 127.0.0.1 /index.php/%3C?php%20echo%20U(%27checkVerify%27);%20?%3E
INFO: [ app_init ] --START--
INFO: Run Behavior\BuildLiteBehavior [ RunTime:0.000000s ]
INFO: [ app_init ] --END-- [ RunTime:0.001000s ]
ERR: 无法加载模块:

[ 2017-01-20T13:47:24+08:00 ] 127.0.0.1 /index.php/%3C?php%20echo%20U(%27checkVerify%27);%20?%3E
INFO: [ app_init ] --START--
INFO: Run Behavior\BuildLiteBehavior [ RunTime:0.000000s ]
INFO: [ app_init ] --END-- [ RunTime:0.002000s ]
ERR: 无法加载模块:

[ 2017-01-20T13:47:26+08:00 ] 127.0.0.1 /index.php/%3C?php%20echo%20U(%27checkVerify%27);%20?%3E
INFO: [ app_init ] --START--
INFO: Run Behavior\BuildLiteBehavior [ RunTime:0.000000s ]
INFO: [ app_init ] --END-- [ RunTime:0.001000s ]
ERR: 无法加载模块:

[ 2017-01-20T13:47:26+08:00 ] 127.0.0.1 /index.php/%3C?php%20echo%20U(%27checkVerify%27);%20?%3E
INFO: [ app_init ] --START--
INFO: Run Behavior\BuildLiteBehavior [ RunTime:0.001000s ]
INFO: [ app_init ] --END-- [ RunTime:0.003000s ]
ERR: 无法加载模块:

[ 2017-01-20T13:48:29+08:00 ] 127.0.0.1 /index.php/%3C?php%20echo%20U(%27checkVerify%27);%20?%3E
INFO: [ app_init ] --START--
INFO: Run Behavior\BuildLiteBehavior [ RunTime:0.000000s ]
INFO: [ app_init ] --END-- [ RunTime:0.002000s ]
ERR: 无法加载模块:

[ 2017-01-20T13:50:54+08:00 ] 127.0.0.1 /index.php/%3C?php%20echo%20U(%27checkVerify%27);%20?%3E
INFO: [ app_init ] --START--
INFO: Run Behavior\BuildLiteBehavior [ RunTime:0.000000s ]
INFO: [ app_init ] --END-- [ RunTime:0.001000s ]
ERR: 无法加载模块:

[ 2017-01-20T14:03:26+08:00 ] 127.0.0.1 /index.php/%3C?php%20echo%20U(%27checkVerify%27);%20?%3E
INFO: [ app_init ] --START--
INFO: Run Behavior\BuildLiteBehavior [ RunTime:0.000000s ]
INFO: [ app_init ] --END-- [ RunTime:0.001000s ]
ERR: 无法加载模块:

[ 2017-01-20T14:04:16+08:00 ] 127.0.0.1 /index.php/%3C?php%20echo%20U(%27Index/checkVerify%27);%20?%3E
INFO: [ app_init ] --START--
INFO: Run Behavior\BuildLiteBehavior [ RunTime:0.000000s ]
INFO: [ app_init ] --END-- [ RunTime:0.001000s ]
ERR: 无法加载模块:

[ 2017-01-20T14:06:39+08:00 ] 127.0.0.1 /index.php/__MODULE__/Index/checkVerify
INFO: [ app_init ] --START--
INFO: Run Behavior\BuildLiteBehavior [ RunTime:0.000000s ]
INFO: [ app_init ] --END-- [ RunTime:0.001000s ]
ERR: 无法加载模块:__MODULE__

