[ 2017-01-16T07:57:12+08:00 ] 127.0.0.1 /index.php/css/bootstrap.min.css
INFO: [ app_init ] --START--
INFO: Run Behavior\BuildLiteBehavior [ RunTime:0.000000s ]
INFO: [ app_init ] --END-- [ RunTime:0.002000s ]
ERR: 无法加载模块:Css

[ 2017-01-16T07:57:12+08:00 ] 127.0.0.1 /index.php/css/jquery.ui.css
INFO: [ app_init ] --START--
INFO: Run Behavior\BuildLiteBehavior [ RunTime:0.000000s ]
INFO: [ app_init ] --END-- [ RunTime:0.002000s ]
ERR: 无法加载模块:Css

[ 2017-01-16T07:57:12+08:00 ] 127.0.0.1 /index.php/js/myJs.js
INFO: [ app_init ] --START--
INFO: Run Behavior\BuildLiteBehavior [ RunTime:0.000000s ]
INFO: [ app_init ] --END-- [ RunTime:0.001000s ]
ERR: 无法加载模块:Js

[ 2017-01-16T07:57:13+08:00 ] 127.0.0.1 /index.php/css/myCss.css
INFO: [ app_init ] --START--
INFO: Run Behavior\BuildLiteBehavior [ RunTime:0.000000s ]
INFO: [ app_init ] --END-- [ RunTime:0.001000s ]
ERR: 无法加载模块:Css

[ 2017-01-16T07:57:13+08:00 ] 127.0.0.1 /index.php/js/jquery.form.js
INFO: [ app_init ] --START--
INFO: Run Behavior\BuildLiteBehavior [ RunTime:0.000000s ]
INFO: [ app_init ] --END-- [ RunTime:0.011001s ]
ERR: 无法加载模块:Js

[ 2017-01-16T07:57:13+08:00 ] 127.0.0.1 /index.php/js/jquery.ui.js
INFO: [ app_init ] --START--
INFO: Run Behavior\BuildLiteBehavior [ RunTime:0.000000s ]
INFO: [ app_init ] --END-- [ RunTime:0.005000s ]
ERR: 无法加载模块:Js

[ 2017-01-16T07:57:13+08:00 ] 127.0.0.1 /index.php/js/jquery.min.js
INFO: [ app_init ] --START--
INFO: Run Behavior\BuildLiteBehavior [ RunTime:0.000000s ]
INFO: [ app_init ] --END-- [ RunTime:0.003000s ]
ERR: 无法加载模块:Js

[ 2017-01-16T07:57:13+08:00 ] 127.0.0.1 /index.php/js/jquery.validate.js
INFO: [ app_init ] --START--
INFO: Run Behavior\BuildLiteBehavior [ RunTime:0.000000s ]
INFO: [ app_init ] --END-- [ RunTime:0.002001s ]
ERR: 无法加载模块:Js

[ 2017-01-16T07:57:13+08:00 ] 127.0.0.1 /index.php/js/bootstrap.min.js
INFO: [ app_init ] --START--
INFO: Run Behavior\BuildLiteBehavior [ RunTime:0.000000s ]
INFO: [ app_init ] --END-- [ RunTime:0.001000s ]
ERR: 无法加载模块:Js

[ 2017-01-16T07:57:13+08:00 ] 127.0.0.1 /index.php/img/slide1.png
INFO: [ app_init ] --START--
INFO: Run Behavior\BuildLiteBehavior [ RunTime:0.000000s ]
INFO: [ app_init ] --END-- [ RunTime:0.001000s ]
ERR: 无法加载模块:Img

[ 2017-01-16T07:57:13+08:00 ] 127.0.0.1 /index.php/img/kd_logo.png
INFO: [ app_init ] --START--
INFO: Run Behavior\BuildLiteBehavior [ RunTime:0.000000s ]
INFO: [ app_init ] --END-- [ RunTime:0.019001s ]
ERR: 无法加载模块:Img

[ 2017-01-16T07:57:13+08:00 ] 127.0.0.1 /index.php/css/myCss.css
INFO: [ app_init ] --START--
INFO: Run Behavior\BuildLiteBehavior [ RunTime:0.000000s ]
INFO: [ app_init ] --END-- [ RunTime:0.001000s ]
ERR: 无法加载模块:Css

[ 2017-01-16T07:57:13+08:00 ] 127.0.0.1 /index.php/img/goods_1.png
INFO: [ app_init ] --START--
INFO: Run Behavior\BuildLiteBehavior [ RunTime:0.000000s ]
INFO: [ app_init ] --END-- [ RunTime:0.002000s ]
ERR: 无法加载模块:Img

[ 2017-01-16T07:57:13+08:00 ] 127.0.0.1 /index.php/img/slide3.png
INFO: [ app_init ] --START--
INFO: Run Behavior\BuildLiteBehavior [ RunTime:0.005000s ]
INFO: [ app_init ] --END-- [ RunTime:0.007000s ]
ERR: 无法加载模块:Img

[ 2017-01-16T07:57:13+08:00 ] 127.0.0.1 /index.php/img/slide2.png
INFO: [ app_init ] --START--
INFO: Run Behavior\BuildLiteBehavior [ RunTime:0.000000s ]
INFO: [ app_init ] --END-- [ RunTime:0.001000s ]
ERR: 无法加载模块:Img

[ 2017-01-16T07:57:13+08:00 ] 127.0.0.1 /index.php/img/goods_3.png
INFO: [ app_init ] --START--
INFO: Run Behavior\BuildLiteBehavior [ RunTime:0.000000s ]
INFO: [ app_init ] --END-- [ RunTime:0.004000s ]
ERR: 无法加载模块:Img

[ 2017-01-16T07:57:13+08:00 ] 127.0.0.1 /index.php/js/myJs.js
INFO: [ app_init ] --START--
INFO: Run Behavior\BuildLiteBehavior [ RunTime:0.000000s ]
INFO: [ app_init ] --END-- [ RunTime:0.001000s ]
ERR: 无法加载模块:Js

[ 2017-01-16T07:57:13+08:00 ] 127.0.0.1 /index.php/img/goods_4.png
INFO: [ app_init ] --START--
INFO: Run Behavior\BuildLiteBehavior [ RunTime:0.000000s ]
INFO: [ app_init ] --END-- [ RunTime:0.005001s ]
ERR: 无法加载模块:Img

[ 2017-01-16T07:57:13+08:00 ] 127.0.0.1 /index.php/img/slide1.png
INFO: [ app_init ] --START--
INFO: Run Behavior\BuildLiteBehavior [ RunTime:0.000000s ]
INFO: [ app_init ] --END-- [ RunTime:0.002000s ]
ERR: 无法加载模块:Img

[ 2017-01-16T07:57:13+08:00 ] 127.0.0.1 /index.php/css/jquery.ui.css
INFO: [ app_init ] --START--
INFO: Run Behavior\BuildLiteBehavior [ RunTime:0.000000s ]
INFO: [ app_init ] --END-- [ RunTime:0.002000s ]
ERR: 无法加载模块:Css

[ 2017-01-16T07:57:13+08:00 ] 127.0.0.1 /index.php/img/slide3.png
INFO: [ app_init ] --START--
INFO: Run Behavior\BuildLiteBehavior [ RunTime:0.000000s ]
INFO: [ app_init ] --END-- [ RunTime:0.001000s ]
ERR: 无法加载模块:Img

[ 2017-01-16T07:57:13+08:00 ] 127.0.0.1 /index.php/img/slide2.png
INFO: [ app_init ] --START--
INFO: Run Behavior\BuildLiteBehavior [ RunTime:0.000000s ]
INFO: [ app_init ] --END-- [ RunTime:0.003000s ]
ERR: 无法加载模块:Img

[ 2017-01-16T07:57:13+08:00 ] 127.0.0.1 /index.php/js/jquery.ui.js
INFO: [ app_init ] --START--
INFO: Run Behavior\BuildLiteBehavior [ RunTime:0.000000s ]
INFO: [ app_init ] --END-- [ RunTime:0.002000s ]
ERR: 无法加载模块:Js

[ 2017-01-16T07:57:13+08:00 ] 127.0.0.1 /index.php/img/goods_3.png
INFO: [ app_init ] --START--
INFO: Run Behavior\BuildLiteBehavior [ RunTime:0.001000s ]
INFO: [ app_init ] --END-- [ RunTime:0.001000s ]
ERR: 无法加载模块:Img

[ 2017-01-16T07:57:13+08:00 ] 127.0.0.1 /index.php/img/goods_2.png
INFO: [ app_init ] --START--
INFO: Run Behavior\BuildLiteBehavior [ RunTime:0.000000s ]
INFO: [ app_init ] --END-- [ RunTime:0.001000s ]
ERR: 无法加载模块:Img

[ 2017-01-16T07:57:13+08:00 ] 127.0.0.1 /index.php/js/jquery.validate.js
INFO: [ app_init ] --START--
INFO: Run Behavior\BuildLiteBehavior [ RunTime:0.000000s ]
INFO: [ app_init ] --END-- [ RunTime:0.002000s ]
ERR: 无法加载模块:Js

[ 2017-01-16T07:57:13+08:00 ] 127.0.0.1 /index.php/img/goods_1.png
INFO: [ app_init ] --START--
INFO: Run Behavior\BuildLiteBehavior [ RunTime:0.000000s ]
INFO: [ app_init ] --END-- [ RunTime:0.002000s ]
ERR: 无法加载模块:Img

[ 2017-01-16T07:57:13+08:00 ] 127.0.0.1 /index.php/js/jquery.form.js
INFO: [ app_init ] --START--
INFO: Run Behavior\BuildLiteBehavior [ RunTime:0.000000s ]
INFO: [ app_init ] --END-- [ RunTime:0.002000s ]
ERR: 无法加载模块:Js

[ 2017-01-16T07:57:13+08:00 ] 127.0.0.1 /index.php/img/kd_logo.png
INFO: [ app_init ] --START--
INFO: Run Behavior\BuildLiteBehavior [ RunTime:0.000000s ]
INFO: [ app_init ] --END-- [ RunTime:0.002000s ]
ERR: 无法加载模块:Img

[ 2017-01-16T08:00:55+08:00 ] 127.0.0.1 /index.php/css/bootstrap.min.css
INFO: [ app_init ] --START--
INFO: Run Behavior\BuildLiteBehavior [ RunTime:0.001000s ]
INFO: [ app_init ] --END-- [ RunTime:0.002000s ]
ERR: 无法加载模块:Css

[ 2017-01-16T08:00:55+08:00 ] 127.0.0.1 /index.php/js/jquery.min.js
INFO: [ app_init ] --START--
INFO: Run Behavior\BuildLiteBehavior [ RunTime:0.000000s ]
INFO: [ app_init ] --END-- [ RunTime:0.004000s ]
ERR: 无法加载模块:Js

[ 2017-01-16T08:00:55+08:00 ] 127.0.0.1 /index.php/js/jquery.validate.js
INFO: [ app_init ] --START--
INFO: Run Behavior\BuildLiteBehavior [ RunTime:0.000000s ]
INFO: [ app_init ] --END-- [ RunTime:0.003000s ]
ERR: 无法加载模块:Js

[ 2017-01-16T08:00:55+08:00 ] 127.0.0.1 /index.php/js/jquery.ui.js
INFO: [ app_init ] --START--
INFO: Run Behavior\BuildLiteBehavior [ RunTime:0.000000s ]
INFO: [ app_init ] --END-- [ RunTime:0.029002s ]
ERR: 无法加载模块:Js

[ 2017-01-16T08:00:55+08:00 ] 127.0.0.1 /index.php/js/jquery.form.js
INFO: [ app_init ] --START--
INFO: Run Behavior\BuildLiteBehavior [ RunTime:0.001000s ]
INFO: [ app_init ] --END-- [ RunTime:0.027001s ]
ERR: 无法加载模块:Js

[ 2017-01-16T08:00:55+08:00 ] 127.0.0.1 /index.php/js/myJs.js
INFO: [ app_init ] --START--
INFO: Run Behavior\BuildLiteBehavior [ RunTime:0.000000s ]
INFO: [ app_init ] --END-- [ RunTime:0.002000s ]
ERR: 无法加载模块:Js

[ 2017-01-16T08:00:55+08:00 ] 127.0.0.1 /index.php/js/bootstrap.min.js
INFO: [ app_init ] --START--
INFO: Run Behavior\BuildLiteBehavior [ RunTime:0.000000s ]
INFO: [ app_init ] --END-- [ RunTime:0.003000s ]
ERR: 无法加载模块:Js

[ 2017-01-16T08:00:55+08:00 ] 127.0.0.1 /index.php/css/jquery.ui.css
INFO: [ app_init ] --START--
INFO: Run Behavior\BuildLiteBehavior [ RunTime:0.000000s ]
INFO: [ app_init ] --END-- [ RunTime:0.008000s ]
ERR: 无法加载模块:Css

[ 2017-01-16T08:00:55+08:00 ] 127.0.0.1 /index.php/img/slide1.png
INFO: [ app_init ] --START--
INFO: Run Behavior\BuildLiteBehavior [ RunTime:0.000000s ]
INFO: [ app_init ] --END-- [ RunTime:0.002000s ]
ERR: 无法加载模块:Img

[ 2017-01-16T08:00:55+08:00 ] 127.0.0.1 /index.php/img/slide2.png
INFO: [ app_init ] --START--
INFO: Run Behavior\BuildLiteBehavior [ RunTime:0.000000s ]
INFO: [ app_init ] --END-- [ RunTime:0.001000s ]
ERR: 无法加载模块:Img

[ 2017-01-16T08:00:55+08:00 ] 127.0.0.1 /index.php/img/slide3.png
INFO: [ app_init ] --START--
INFO: Run Behavior\BuildLiteBehavior [ RunTime:0.000000s ]
INFO: [ app_init ] --END-- [ RunTime:0.004001s ]
ERR: 无法加载模块:Img

[ 2017-01-16T08:00:55+08:00 ] 127.0.0.1 /index.php/img/kd_logo.png
INFO: [ app_init ] --START--
INFO: Run Behavior\BuildLiteBehavior [ RunTime:0.000000s ]
INFO: [ app_init ] --END-- [ RunTime:0.007000s ]
ERR: 无法加载模块:Img

[ 2017-01-16T08:00:55+08:00 ] 127.0.0.1 /index.php/img/goods_2.png
INFO: [ app_init ] --START--
INFO: Run Behavior\BuildLiteBehavior [ RunTime:0.001000s ]
INFO: [ app_init ] --END-- [ RunTime:0.001000s ]
ERR: 无法加载模块:Img

[ 2017-01-16T08:00:55+08:00 ] 127.0.0.1 /index.php/img/goods_4.png
INFO: [ app_init ] --START--
INFO: Run Behavior\BuildLiteBehavior [ RunTime:0.001000s ]
INFO: [ app_init ] --END-- [ RunTime:0.002000s ]
ERR: 无法加载模块:Img

[ 2017-01-16T08:00:55+08:00 ] 127.0.0.1 /index.php/img/goods_3.png
INFO: [ app_init ] --START--
INFO: Run Behavior\BuildLiteBehavior [ RunTime:0.000000s ]
INFO: [ app_init ] --END-- [ RunTime:0.002001s ]
ERR: 无法加载模块:Img

[ 2017-01-16T08:00:55+08:00 ] 127.0.0.1 /index.php/img/goods_1.png
INFO: [ app_init ] --START--
INFO: Run Behavior\BuildLiteBehavior [ RunTime:0.000000s ]
INFO: [ app_init ] --END-- [ RunTime:0.002000s ]
ERR: 无法加载模块:Img

[ 2017-01-16T08:00:55+08:00 ] 127.0.0.1 /index.php/js/myJs.js
INFO: [ app_init ] --START--
INFO: Run Behavior\BuildLiteBehavior [ RunTime:0.000000s ]
INFO: [ app_init ] --END-- [ RunTime:0.002000s ]
ERR: 无法加载模块:Js

[ 2017-01-16T08:00:56+08:00 ] 127.0.0.1 /index.php/img/kd_logo.png
INFO: [ app_init ] --START--
INFO: Run Behavior\BuildLiteBehavior [ RunTime:0.000000s ]
INFO: [ app_init ] --END-- [ RunTime:0.001000s ]
ERR: 无法加载模块:Img

[ 2017-01-16T08:00:56+08:00 ] 127.0.0.1 /index.php/img/slide1.png
INFO: [ app_init ] --START--
INFO: Run Behavior\BuildLiteBehavior [ RunTime:0.000000s ]
INFO: [ app_init ] --END-- [ RunTime:0.002000s ]
ERR: 无法加载模块:Img

[ 2017-01-16T08:00:56+08:00 ] 127.0.0.1 /index.php/img/slide2.png
INFO: [ app_init ] --START--
INFO: Run Behavior\BuildLiteBehavior [ RunTime:0.000000s ]
INFO: [ app_init ] --END-- [ RunTime:0.002000s ]
ERR: 无法加载模块:Img

[ 2017-01-16T08:00:56+08:00 ] 127.0.0.1 /index.php/img/goods_3.png
INFO: [ app_init ] --START--
INFO: Run Behavior\BuildLiteBehavior [ RunTime:0.000000s ]
INFO: [ app_init ] --END-- [ RunTime:0.006000s ]
ERR: 无法加载模块:Img

[ 2017-01-16T08:00:56+08:00 ] 127.0.0.1 /index.php/img/goods_1.png
INFO: [ app_init ] --START--
INFO: Run Behavior\BuildLiteBehavior [ RunTime:0.000000s ]
INFO: [ app_init ] --END-- [ RunTime:0.004000s ]
ERR: 无法加载模块:Img

[ 2017-01-16T08:00:56+08:00 ] 127.0.0.1 /index.php/img/goods_4.png
INFO: [ app_init ] --START--
INFO: Run Behavior\BuildLiteBehavior [ RunTime:0.007000s ]
INFO: [ app_init ] --END-- [ RunTime:0.019001s ]
ERR: 无法加载模块:Img

[ 2017-01-16T08:00:56+08:00 ] 127.0.0.1 /index.php/img/slide3.png
INFO: [ app_init ] --START--
INFO: Run Behavior\BuildLiteBehavior [ RunTime:0.000000s ]
INFO: [ app_init ] --END-- [ RunTime:0.004000s ]
ERR: 无法加载模块:Img

[ 2017-01-16T08:00:56+08:00 ] 127.0.0.1 /index.php/css/jquery.ui.css
INFO: [ app_init ] --START--
INFO: Run Behavior\BuildLiteBehavior [ RunTime:0.000000s ]
INFO: [ app_init ] --END-- [ RunTime:0.011001s ]
ERR: 无法加载模块:Css

[ 2017-01-16T08:00:56+08:00 ] 127.0.0.1 /index.php/js/jquery.ui.js
INFO: [ app_init ] --START--
INFO: Run Behavior\BuildLiteBehavior [ RunTime:0.000000s ]
INFO: [ app_init ] --END-- [ RunTime:0.002000s ]
ERR: 无法加载模块:Js

[ 2017-01-16T08:00:56+08:00 ] 127.0.0.1 /index.php/img/goods_2.png
INFO: [ app_init ] --START--
INFO: Run Behavior\BuildLiteBehavior [ RunTime:0.000000s ]
INFO: [ app_init ] --END-- [ RunTime:0.002000s ]
ERR: 无法加载模块:Img

[ 2017-01-16T08:00:56+08:00 ] 127.0.0.1 /index.php/js/jquery.validate.js
INFO: [ app_init ] --START--
INFO: Run Behavior\BuildLiteBehavior [ RunTime:0.000000s ]
INFO: [ app_init ] --END-- [ RunTime:0.001000s ]
ERR: 无法加载模块:Js

[ 2017-01-16T08:00:56+08:00 ] 127.0.0.1 /index.php/js/jquery.form.js
INFO: [ app_init ] --START--
INFO: Run Behavior\BuildLiteBehavior [ RunTime:0.000000s ]
INFO: [ app_init ] --END-- [ RunTime:0.001000s ]
ERR: 无法加载模块:Js

[ 2017-01-16T08:01:05+08:00 ] 127.0.0.1 /index.php/css/bootstrap.min.css
INFO: [ app_init ] --START--
INFO: Run Behavior\BuildLiteBehavior [ RunTime:0.000000s ]
INFO: [ app_init ] --END-- [ RunTime:0.002000s ]
ERR: 无法加载模块:Css

[ 2017-01-16T08:01:05+08:00 ] 127.0.0.1 /index.php/js/jquery.ui.js
INFO: [ app_init ] --START--
INFO: Run Behavior\BuildLiteBehavior [ RunTime:0.000000s ]
INFO: [ app_init ] --END-- [ RunTime:0.001000s ]
ERR: 无法加载模块:Js

[ 2017-01-16T08:01:05+08:00 ] 127.0.0.1 /index.php/js/jquery.min.js
INFO: [ app_init ] --START--
INFO: Run Behavior\BuildLiteBehavior [ RunTime:0.000000s ]
INFO: [ app_init ] --END-- [ RunTime:0.002000s ]
ERR: 无法加载模块:Js

[ 2017-01-16T08:01:05+08:00 ] 127.0.0.1 /index.php/js/jquery.validate.js
INFO: [ app_init ] --START--
INFO: Run Behavior\BuildLiteBehavior [ RunTime:0.000000s ]
INFO: [ app_init ] --END-- [ RunTime:0.002000s ]
ERR: 无法加载模块:Js

[ 2017-01-16T08:01:05+08:00 ] 127.0.0.1 /index.php/js/bootstrap.min.js
INFO: [ app_init ] --START--
INFO: Run Behavior\BuildLiteBehavior [ RunTime:0.004001s ]
INFO: [ app_init ] --END-- [ RunTime:0.005001s ]
ERR: 无法加载模块:Js

[ 2017-01-16T08:01:05+08:00 ] 127.0.0.1 /index.php/js/myJs.js
INFO: [ app_init ] --START--
INFO: Run Behavior\BuildLiteBehavior [ RunTime:0.000000s ]
INFO: [ app_init ] --END-- [ RunTime:0.001001s ]
ERR: 无法加载模块:Js

[ 2017-01-16T08:01:05+08:00 ] 127.0.0.1 /index.php/js/jquery.form.js
INFO: [ app_init ] --START--
INFO: Run Behavior\BuildLiteBehavior [ RunTime:0.001000s ]
INFO: [ app_init ] --END-- [ RunTime:0.028002s ]
ERR: 无法加载模块:Js

[ 2017-01-16T08:01:05+08:00 ] 127.0.0.1 /index.php/js/bootstrap.min.js
INFO: [ app_init ] --START--
INFO: Run Behavior\BuildLiteBehavior [ RunTime:0.000000s ]
INFO: [ app_init ] --END-- [ RunTime:0.001000s ]
ERR: 无法加载模块:Js

[ 2017-01-16T08:01:05+08:00 ] 127.0.0.1 /index.php/css/jquery.ui.css
INFO: [ app_init ] --START--
INFO: Run Behavior\BuildLiteBehavior [ RunTime:0.000000s ]
INFO: [ app_init ] --END-- [ RunTime:0.002000s ]
ERR: 无法加载模块:Css

[ 2017-01-16T08:01:05+08:00 ] 127.0.0.1 /index.php/img/kd_logo.png
INFO: [ app_init ] --START--
INFO: Run Behavior\BuildLiteBehavior [ RunTime:0.000000s ]
INFO: [ app_init ] --END-- [ RunTime:0.002000s ]
ERR: 无法加载模块:Img

[ 2017-01-16T08:01:05+08:00 ] 127.0.0.1 /index.php/img/slide1.png
INFO: [ app_init ] --START--
INFO: Run Behavior\BuildLiteBehavior [ RunTime:0.000000s ]
INFO: [ app_init ] --END-- [ RunTime:0.002000s ]
ERR: 无法加载模块:Img

[ 2017-01-16T08:01:05+08:00 ] 127.0.0.1 /index.php/img/slide2.png
INFO: [ app_init ] --START--
INFO: Run Behavior\BuildLiteBehavior [ RunTime:0.000000s ]
INFO: [ app_init ] --END-- [ RunTime:0.002000s ]
ERR: 无法加载模块:Img

[ 2017-01-16T08:01:05+08:00 ] 127.0.0.1 /index.php/img/goods_2.png
INFO: [ app_init ] --START--
INFO: Run Behavior\BuildLiteBehavior [ RunTime:0.000000s ]
INFO: [ app_init ] --END-- [ RunTime:0.006000s ]
ERR: 无法加载模块:Img

[ 2017-01-16T08:01:05+08:00 ] 127.0.0.1 /index.php/img/slide3.png
INFO: [ app_init ] --START--
INFO: Run Behavior\BuildLiteBehavior [ RunTime:0.000000s ]
INFO: [ app_init ] --END-- [ RunTime:0.011001s ]
ERR: 无法加载模块:Img

[ 2017-01-16T08:01:05+08:00 ] 127.0.0.1 /index.php/img/goods_3.png
INFO: [ app_init ] --START--
INFO: Run Behavior\BuildLiteBehavior [ RunTime:0.000000s ]
INFO: [ app_init ] --END-- [ RunTime:0.005000s ]
ERR: 无法加载模块:Img

[ 2017-01-16T08:01:05+08:00 ] 127.0.0.1 /index.php/img/goods_4.png
INFO: [ app_init ] --START--
INFO: Run Behavior\BuildLiteBehavior [ RunTime:0.000000s ]
INFO: [ app_init ] --END-- [ RunTime:0.002000s ]
ERR: 无法加载模块:Img

[ 2017-01-16T08:01:05+08:00 ] 127.0.0.1 /index.php/js/myJs.js
INFO: [ app_init ] --START--
INFO: Run Behavior\BuildLiteBehavior [ RunTime:0.000000s ]
INFO: [ app_init ] --END-- [ RunTime:0.004000s ]
ERR: 无法加载模块:Js

[ 2017-01-16T08:01:05+08:00 ] 127.0.0.1 /index.php/img/goods_1.png
INFO: [ app_init ] --START--
INFO: Run Behavior\BuildLiteBehavior [ RunTime:0.001000s ]
INFO: [ app_init ] --END-- [ RunTime:0.002001s ]
ERR: 无法加载模块:Img

[ 2017-01-16T08:01:06+08:00 ] 127.0.0.1 /index.php/img/slide3.png
INFO: [ app_init ] --START--
INFO: Run Behavior\BuildLiteBehavior [ RunTime:0.001000s ]
INFO: [ app_init ] --END-- [ RunTime:0.002000s ]
ERR: 无法加载模块:Img

[ 2017-01-16T08:01:06+08:00 ] 127.0.0.1 /index.php/img/kd_logo.png
INFO: [ app_init ] --START--
INFO: Run Behavior\BuildLiteBehavior [ RunTime:0.000000s ]
INFO: [ app_init ] --END-- [ RunTime:0.006000s ]
ERR: 无法加载模块:Img

[ 2017-01-16T08:01:06+08:00 ] 127.0.0.1 /index.php/img/goods_3.png
INFO: [ app_init ] --START--
INFO: Run Behavior\BuildLiteBehavior [ RunTime:0.000000s ]
INFO: [ app_init ] --END-- [ RunTime:0.009001s ]
ERR: 无法加载模块:Img

[ 2017-01-16T08:01:06+08:00 ] 127.0.0.1 /index.php/css/jquery.ui.css
INFO: [ app_init ] --START--
INFO: Run Behavior\BuildLiteBehavior [ RunTime:0.000000s ]
INFO: [ app_init ] --END-- [ RunTime:0.002000s ]
ERR: 无法加载模块:Css

[ 2017-01-16T08:01:06+08:00 ] 127.0.0.1 /index.php/js/jquery.ui.js
INFO: [ app_init ] --START--
INFO: Run Behavior\BuildLiteBehavior [ RunTime:0.001000s ]
INFO: [ app_init ] --END-- [ RunTime:0.003000s ]
ERR: 无法加载模块:Js

[ 2017-01-16T08:01:06+08:00 ] 127.0.0.1 /index.php/img/slide2.png
INFO: [ app_init ] --START--
INFO: Run Behavior\BuildLiteBehavior [ RunTime:0.000000s ]
INFO: [ app_init ] --END-- [ RunTime:0.013001s ]
ERR: 无法加载模块:Img

[ 2017-01-16T08:01:06+08:00 ] 127.0.0.1 /index.php/img/goods_4.png
INFO: [ app_init ] --START--
INFO: Run Behavior\BuildLiteBehavior [ RunTime:0.000000s ]
INFO: [ app_init ] --END-- [ RunTime:0.002000s ]
ERR: 无法加载模块:Img

[ 2017-01-16T08:01:06+08:00 ] 127.0.0.1 /index.php/img/goods_2.png
INFO: [ app_init ] --START--
INFO: Run Behavior\BuildLiteBehavior [ RunTime:0.000000s ]
INFO: [ app_init ] --END-- [ RunTime:0.005001s ]
ERR: 无法加载模块:Img

[ 2017-01-16T08:01:06+08:00 ] 127.0.0.1 /index.php/img/slide1.png
INFO: [ app_init ] --START--
INFO: Run Behavior\BuildLiteBehavior [ RunTime:0.000000s ]
INFO: [ app_init ] --END-- [ RunTime:0.019001s ]
ERR: 无法加载模块:Img

[ 2017-01-16T08:01:06+08:00 ] 127.0.0.1 /index.php/js/jquery.validate.js
INFO: [ app_init ] --START--
INFO: Run Behavior\BuildLiteBehavior [ RunTime:0.001000s ]
INFO: [ app_init ] --END-- [ RunTime:0.003001s ]
ERR: 无法加载模块:Js

[ 2017-01-16T08:01:06+08:00 ] 127.0.0.1 /index.php/js/jquery.form.js
INFO: [ app_init ] --START--
INFO: Run Behavior\BuildLiteBehavior [ RunTime:0.000000s ]
INFO: [ app_init ] --END-- [ RunTime:0.001000s ]
ERR: 无法加载模块:Js

[ 2017-01-16T08:58:52+08:00 ] 127.0.0.1 /index.php/js/jquery.ui.js
INFO: [ app_init ] --START--
INFO: Run Behavior\BuildLiteBehavior [ RunTime:0.000000s ]
INFO: [ app_init ] --END-- [ RunTime:0.002000s ]
ERR: 无法加载模块:Js

[ 2017-01-16T08:58:52+08:00 ] 127.0.0.1 /index.php/css/jquery.ui.css
INFO: [ app_init ] --START--
INFO: Run Behavior\BuildLiteBehavior [ RunTime:0.000000s ]
INFO: [ app_init ] --END-- [ RunTime:0.001000s ]
ERR: 无法加载模块:Css

[ 2017-01-16T08:58:52+08:00 ] 127.0.0.1 /index.php/js/jquery.form.js
INFO: [ app_init ] --START--
INFO: Run Behavior\BuildLiteBehavior [ RunTime:0.000000s ]
INFO: [ app_init ] --END-- [ RunTime:0.001001s ]
ERR: 无法加载模块:Js

[ 2017-01-16T08:58:52+08:00 ] 127.0.0.1 /index.php/js/jquery.validate.js
INFO: [ app_init ] --START--
INFO: Run Behavior\BuildLiteBehavior [ RunTime:0.000000s ]
INFO: [ app_init ] --END-- [ RunTime:0.002000s ]
ERR: 无法加载模块:Js

[ 2017-01-16T08:58:52+08:00 ] 127.0.0.1 /index.php/js/myJs.js
INFO: [ app_init ] --START--
INFO: Run Behavior\BuildLiteBehavior [ RunTime:0.000000s ]
INFO: [ app_init ] --END-- [ RunTime:0.001000s ]
ERR: 无法加载模块:Js

[ 2017-01-16T08:58:53+08:00 ] 127.0.0.1 /index.php/img/slide2.png
INFO: [ app_init ] --START--
INFO: Run Behavior\BuildLiteBehavior [ RunTime:0.000000s ]
INFO: [ app_init ] --END-- [ RunTime:0.003001s ]
ERR: 无法加载模块:Img

[ 2017-01-16T08:58:53+08:00 ] 127.0.0.1 /index.php/img/kd_logo.png
INFO: [ app_init ] --START--
INFO: Run Behavior\BuildLiteBehavior [ RunTime:0.000000s ]
INFO: [ app_init ] --END-- [ RunTime:0.004000s ]
ERR: 无法加载模块:Img

[ 2017-01-16T08:58:53+08:00 ] 127.0.0.1 /index.php/img/goods_1.png
INFO: [ app_init ] --START--
INFO: Run Behavior\BuildLiteBehavior [ RunTime:0.001000s ]
INFO: [ app_init ] --END-- [ RunTime:0.001000s ]
ERR: 无法加载模块:Img

[ 2017-01-16T08:58:53+08:00 ] 127.0.0.1 /index.php/img/slide1.png
INFO: [ app_init ] --START--
INFO: Run Behavior\BuildLiteBehavior [ RunTime:0.000000s ]
INFO: [ app_init ] --END-- [ RunTime:0.002001s ]
ERR: 无法加载模块:Img

[ 2017-01-16T08:58:53+08:00 ] 127.0.0.1 /index.php/img/goods_2.png
INFO: [ app_init ] --START--
INFO: Run Behavior\BuildLiteBehavior [ RunTime:0.000000s ]
INFO: [ app_init ] --END-- [ RunTime:0.001000s ]
ERR: 无法加载模块:Img

[ 2017-01-16T08:58:53+08:00 ] 127.0.0.1 /index.php/img/slide3.png
INFO: [ app_init ] --START--
INFO: Run Behavior\BuildLiteBehavior [ RunTime:0.000000s ]
INFO: [ app_init ] --END-- [ RunTime:0.007001s ]
ERR: 无法加载模块:Img

[ 2017-01-16T08:58:53+08:00 ] 127.0.0.1 /index.php/img/goods_4.png
INFO: [ app_init ] --START--
INFO: Run Behavior\BuildLiteBehavior [ RunTime:0.000000s ]
INFO: [ app_init ] --END-- [ RunTime:0.001000s ]
ERR: 无法加载模块:Img

[ 2017-01-16T08:58:53+08:00 ] 127.0.0.1 /index.php/img/goods_3.png
INFO: [ app_init ] --START--
INFO: Run Behavior\BuildLiteBehavior [ RunTime:0.001000s ]
INFO: [ app_init ] --END-- [ RunTime:0.001000s ]
ERR: 无法加载模块:Img

[ 2017-01-16T08:58:53+08:00 ] 127.0.0.1 /index.php/js/jquery.ui.js
INFO: [ app_init ] --START--
INFO: Run Behavior\BuildLiteBehavior [ RunTime:0.000000s ]
INFO: [ app_init ] --END-- [ RunTime:0.002000s ]
ERR: 无法加载模块:Js

[ 2017-01-16T08:58:53+08:00 ] 127.0.0.1 /index.php/css/jquery.ui.css
INFO: [ app_init ] --START--
INFO: Run Behavior\BuildLiteBehavior [ RunTime:0.000000s ]
INFO: [ app_init ] --END-- [ RunTime:0.001000s ]
ERR: 无法加载模块:Css

[ 2017-01-16T08:58:53+08:00 ] 127.0.0.1 /index.php/js/jquery.validate.js
INFO: [ app_init ] --START--
INFO: Run Behavior\BuildLiteBehavior [ RunTime:0.000000s ]
INFO: [ app_init ] --END-- [ RunTime:0.001000s ]
ERR: 无法加载模块:Js

[ 2017-01-16T08:58:53+08:00 ] 127.0.0.1 /index.php/js/jquery.form.js
INFO: [ app_init ] --START--
INFO: Run Behavior\BuildLiteBehavior [ RunTime:0.000000s ]
INFO: [ app_init ] --END-- [ RunTime:0.001000s ]
ERR: 无法加载模块:Js

[ 2017-01-16T09:00:48+08:00 ] 127.0.0.1 /index.php/css/jquery.ui.css
INFO: [ app_init ] --START--
INFO: Run Behavior\BuildLiteBehavior [ RunTime:0.000000s ]
INFO: [ app_init ] --END-- [ RunTime:0.002000s ]
ERR: 无法加载模块:Css

[ 2017-01-16T09:00:48+08:00 ] 127.0.0.1 /index.php/js/jquery.validate.js
INFO: [ app_init ] --START--
INFO: Run Behavior\BuildLiteBehavior [ RunTime:0.000000s ]
INFO: [ app_init ] --END-- [ RunTime:0.002000s ]
ERR: 无法加载模块:Js

[ 2017-01-16T09:00:48+08:00 ] 127.0.0.1 /index.php/js/jquery.form.js
INFO: [ app_init ] --START--
INFO: Run Behavior\BuildLiteBehavior [ RunTime:0.000000s ]
INFO: [ app_init ] --END-- [ RunTime:0.001000s ]
ERR: 无法加载模块:Js

[ 2017-01-16T09:00:48+08:00 ] 127.0.0.1 /index.php/js/myJs.js
INFO: [ app_init ] --START--
INFO: Run Behavior\BuildLiteBehavior [ RunTime:0.001000s ]
INFO: [ app_init ] --END-- [ RunTime:0.002000s ]
ERR: 无法加载模块:Js

[ 2017-01-16T09:00:48+08:00 ] 127.0.0.1 /index.php/img/slide1.png
INFO: [ app_init ] --START--
INFO: Run Behavior\BuildLiteBehavior [ RunTime:0.000000s ]
INFO: [ app_init ] --END-- [ RunTime:0.003000s ]
ERR: 无法加载模块:Img

[ 2017-01-16T09:00:48+08:00 ] 127.0.0.1 /index.php/img/slide2.png
INFO: [ app_init ] --START--
INFO: Run Behavior\BuildLiteBehavior [ RunTime:0.000000s ]
INFO: [ app_init ] --END-- [ RunTime:0.001000s ]
ERR: 无法加载模块:Img

[ 2017-01-16T09:00:48+08:00 ] 127.0.0.1 /index.php/img/kd_logo.png
INFO: [ app_init ] --START--
INFO: Run Behavior\BuildLiteBehavior [ RunTime:0.000000s ]
INFO: [ app_init ] --END-- [ RunTime:0.002001s ]
ERR: 无法加载模块:Img

[ 2017-01-16T09:00:48+08:00 ] 127.0.0.1 /index.php/img/goods_3.png
INFO: [ app_init ] --START--
INFO: Run Behavior\BuildLiteBehavior [ RunTime:0.001000s ]
INFO: [ app_init ] --END-- [ RunTime:0.001000s ]
ERR: 无法加载模块:Img

[ 2017-01-16T09:00:48+08:00 ] 127.0.0.1 /index.php/img/slide3.png
INFO: [ app_init ] --START--
INFO: Run Behavior\BuildLiteBehavior [ RunTime:0.000000s ]
INFO: [ app_init ] --END-- [ RunTime:0.002000s ]
ERR: 无法加载模块:Img

[ 2017-01-16T09:00:48+08:00 ] 127.0.0.1 /index.php/img/goods_2.png
INFO: [ app_init ] --START--
INFO: Run Behavior\BuildLiteBehavior [ RunTime:0.000000s ]
INFO: [ app_init ] --END-- [ RunTime:0.003000s ]
ERR: 无法加载模块:Img

[ 2017-01-16T09:00:48+08:00 ] 127.0.0.1 /index.php/img/goods_4.png
INFO: [ app_init ] --START--
INFO: Run Behavior\BuildLiteBehavior [ RunTime:0.000000s ]
INFO: [ app_init ] --END-- [ RunTime:0.001001s ]
ERR: 无法加载模块:Img

[ 2017-01-16T09:00:48+08:00 ] 127.0.0.1 /index.php/js/jquery.ui.js
INFO: [ app_init ] --START--
INFO: Run Behavior\BuildLiteBehavior [ RunTime:0.000000s ]
INFO: [ app_init ] --END-- [ RunTime:0.002000s ]
ERR: 无法加载模块:Js

[ 2017-01-16T09:00:48+08:00 ] 127.0.0.1 /index.php/img/goods_1.png
INFO: [ app_init ] --START--
INFO: Run Behavior\BuildLiteBehavior [ RunTime:0.000000s ]
INFO: [ app_init ] --END-- [ RunTime:0.002000s ]
ERR: 无法加载模块:Img

[ 2017-01-16T09:00:48+08:00 ] 127.0.0.1 /index.php/css/jquery.ui.css
INFO: [ app_init ] --START--
INFO: Run Behavior\BuildLiteBehavior [ RunTime:0.000000s ]
INFO: [ app_init ] --END-- [ RunTime:0.001000s ]
ERR: 无法加载模块:Css

[ 2017-01-16T09:00:48+08:00 ] 127.0.0.1 /index.php/js/jquery.ui.js
INFO: [ app_init ] --START--
INFO: Run Behavior\BuildLiteBehavior [ RunTime:0.000000s ]
INFO: [ app_init ] --END-- [ RunTime:0.001001s ]
ERR: 无法加载模块:Js

[ 2017-01-16T09:00:48+08:00 ] 127.0.0.1 /index.php/js/jquery.validate.js
INFO: [ app_init ] --START--
INFO: Run Behavior\BuildLiteBehavior [ RunTime:0.000000s ]
INFO: [ app_init ] --END-- [ RunTime:0.001000s ]
ERR: 无法加载模块:Js

[ 2017-01-16T09:00:48+08:00 ] 127.0.0.1 /index.php/js/jquery.form.js
INFO: [ app_init ] --START--
INFO: Run Behavior\BuildLiteBehavior [ RunTime:0.000000s ]
INFO: [ app_init ] --END-- [ RunTime:0.001000s ]
ERR: 无法加载模块:Js

[ 2017-01-16T09:02:05+08:00 ] 127.0.0.1 /index.php/js/jquery.ui.js
INFO: [ app_init ] --START--
INFO: Run Behavior\BuildLiteBehavior [ RunTime:0.000000s ]
INFO: [ app_init ] --END-- [ RunTime:0.023002s ]
ERR: 无法加载模块:Js

[ 2017-01-16T09:02:05+08:00 ] 127.0.0.1 /index.php/js/jquery.validate.js
INFO: [ app_init ] --START--
INFO: Run Behavior\BuildLiteBehavior [ RunTime:0.000000s ]
INFO: [ app_init ] --END-- [ RunTime:0.002000s ]
ERR: 无法加载模块:Js

[ 2017-01-16T09:02:05+08:00 ] 127.0.0.1 /index.php/js/jquery.form.js
INFO: [ app_init ] --START--
INFO: Run Behavior\BuildLiteBehavior [ RunTime:0.000000s ]
INFO: [ app_init ] --END-- [ RunTime:0.001000s ]
ERR: 无法加载模块:Js

[ 2017-01-16T09:02:05+08:00 ] 127.0.0.1 /index.php/js/myJs.js
INFO: [ app_init ] --START--
INFO: Run Behavior\BuildLiteBehavior [ RunTime:0.000000s ]
INFO: [ app_init ] --END-- [ RunTime:0.001000s ]
ERR: 无法加载模块:Js

[ 2017-01-16T09:02:05+08:00 ] 127.0.0.1 /index.php/css/jquery.ui.css
INFO: [ app_init ] --START--
INFO: Run Behavior\BuildLiteBehavior [ RunTime:0.000000s ]
INFO: [ app_init ] --END-- [ RunTime:0.002000s ]
ERR: 无法加载模块:Css

[ 2017-01-16T09:02:05+08:00 ] 127.0.0.1 /index.php/js/jquery.ui.js
INFO: [ app_init ] --START--
INFO: Run Behavior\BuildLiteBehavior [ RunTime:0.000000s ]
INFO: [ app_init ] --END-- [ RunTime:0.001000s ]
ERR: 无法加载模块:Js

[ 2017-01-16T09:02:05+08:00 ] 127.0.0.1 /index.php/js/jquery.validate.js
INFO: [ app_init ] --START--
INFO: Run Behavior\BuildLiteBehavior [ RunTime:0.000000s ]
INFO: [ app_init ] --END-- [ RunTime:0.001000s ]
ERR: 无法加载模块:Js

[ 2017-01-16T09:02:05+08:00 ] 127.0.0.1 /index.php/js/jquery.form.js
INFO: [ app_init ] --START--
INFO: Run Behavior\BuildLiteBehavior [ RunTime:0.000000s ]
INFO: [ app_init ] --END-- [ RunTime:0.000000s ]
ERR: 无法加载模块:Js

[ 2017-01-16T09:02:15+08:00 ] 127.0.0.1 /index.php/login.html
INFO: [ app_init ] --START--
INFO: Run Behavior\BuildLiteBehavior [ RunTime:0.001000s ]
INFO: [ app_init ] --END-- [ RunTime:0.002000s ]
ERR: 无法加载模块:Login

[ 2017-01-16T09:02:25+08:00 ] 127.0.0.1 /index.php/js/jquery.ui.js
INFO: [ app_init ] --START--
INFO: Run Behavior\BuildLiteBehavior [ RunTime:0.000000s ]
INFO: [ app_init ] --END-- [ RunTime:0.001000s ]
ERR: 无法加载模块:Js

[ 2017-01-16T09:02:25+08:00 ] 127.0.0.1 /index.php/js/jquery.validate.js
INFO: [ app_init ] --START--
INFO: Run Behavior\BuildLiteBehavior [ RunTime:0.000000s ]
INFO: [ app_init ] --END-- [ RunTime:0.033002s ]
ERR: 无法加载模块:Js

[ 2017-01-16T09:02:25+08:00 ] 127.0.0.1 /index.php/js/jquery.form.js
INFO: [ app_init ] --START--
INFO: Run Behavior\BuildLiteBehavior [ RunTime:0.000000s ]
INFO: [ app_init ] --END-- [ RunTime:0.001000s ]
ERR: 无法加载模块:Js

[ 2017-01-16T09:02:25+08:00 ] 127.0.0.1 /index.php/js/myJs.js
INFO: [ app_init ] --START--
INFO: Run Behavior\BuildLiteBehavior [ RunTime:0.000000s ]
INFO: [ app_init ] --END-- [ RunTime:0.001000s ]
ERR: 无法加载模块:Js

[ 2017-01-16T09:02:25+08:00 ] 127.0.0.1 /index.php/css/jquery.ui.css
INFO: [ app_init ] --START--
INFO: Run Behavior\BuildLiteBehavior [ RunTime:0.000000s ]
INFO: [ app_init ] --END-- [ RunTime:0.002000s ]
ERR: 无法加载模块:Css

[ 2017-01-16T09:02:25+08:00 ] 127.0.0.1 /index.php/js/jquery.ui.js
INFO: [ app_init ] --START--
INFO: Run Behavior\BuildLiteBehavior [ RunTime:0.000000s ]
INFO: [ app_init ] --END-- [ RunTime:0.001000s ]
ERR: 无法加载模块:Js

[ 2017-01-16T09:02:25+08:00 ] 127.0.0.1 /index.php/js/jquery.validate.js
INFO: [ app_init ] --START--
INFO: Run Behavior\BuildLiteBehavior [ RunTime:0.000000s ]
INFO: [ app_init ] --END-- [ RunTime:0.001000s ]
ERR: 无法加载模块:Js

[ 2017-01-16T09:02:25+08:00 ] 127.0.0.1 /index.php/js/jquery.form.js
INFO: [ app_init ] --START--
INFO: Run Behavior\BuildLiteBehavior [ RunTime:0.000000s ]
INFO: [ app_init ] --END-- [ RunTime:0.000000s ]
ERR: 无法加载模块:Js

[ 2017-01-16T16:00:49+08:00 ] 127.0.0.1 /index.php/js/myJs.js
INFO: [ app_init ] --START--
INFO: Run Behavior\BuildLiteBehavior [ RunTime:0.000000s ]
INFO: [ app_init ] --END-- [ RunTime:0.002000s ]
ERR: 无法加载模块:Js

[ 2017-01-16T16:00:49+08:00 ] 127.0.0.1 /index.php/js/jquery.form.js
INFO: [ app_init ] --START--
INFO: Run Behavior\BuildLiteBehavior [ RunTime:0.000000s ]
INFO: [ app_init ] --END-- [ RunTime:0.002000s ]
ERR: 无法加载模块:Js

[ 2017-01-16T16:00:49+08:00 ] 127.0.0.1 /index.php/js/jquery.validate.js
INFO: [ app_init ] --START--
INFO: Run Behavior\BuildLiteBehavior [ RunTime:0.000000s ]
INFO: [ app_init ] --END-- [ RunTime:0.001000s ]
ERR: 无法加载模块:Js

[ 2017-01-16T16:00:49+08:00 ] 127.0.0.1 /index.php/css/jquery.ui.css
INFO: [ app_init ] --START--
INFO: Run Behavior\BuildLiteBehavior [ RunTime:0.000000s ]
INFO: [ app_init ] --END-- [ RunTime:0.002000s ]
ERR: 无法加载模块:Css

[ 2017-01-16T16:00:49+08:00 ] 127.0.0.1 /index.php/js/jquery.ui.js
INFO: [ app_init ] --START--
INFO: Run Behavior\BuildLiteBehavior [ RunTime:0.000000s ]
INFO: [ app_init ] --END-- [ RunTime:0.002001s ]
ERR: 无法加载模块:Js

[ 2017-01-16T16:00:49+08:00 ] 127.0.0.1 /index.php/js/myJs.js
INFO: [ app_init ] --START--
INFO: Run Behavior\BuildLiteBehavior [ RunTime:0.000000s ]
INFO: [ app_init ] --END-- [ RunTime:0.002000s ]
ERR: 无法加载模块:Js

[ 2017-01-16T16:00:49+08:00 ] 127.0.0.1 /index.php/css/jquery.ui.css
INFO: [ app_init ] --START--
INFO: Run Behavior\BuildLiteBehavior [ RunTime:0.000000s ]
INFO: [ app_init ] --END-- [ RunTime:0.002000s ]
ERR: 无法加载模块:Css

[ 2017-01-16T16:00:49+08:00 ] 127.0.0.1 /index.php/js/jquery.ui.js
INFO: [ app_init ] --START--
INFO: Run Behavior\BuildLiteBehavior [ RunTime:0.000000s ]
INFO: [ app_init ] --END-- [ RunTime:0.001001s ]
ERR: 无法加载模块:Js

[ 2017-01-16T16:00:49+08:00 ] 127.0.0.1 /index.php/js/jquery.validate.js
INFO: [ app_init ] --START--
INFO: Run Behavior\BuildLiteBehavior [ RunTime:0.000000s ]
INFO: [ app_init ] --END-- [ RunTime:0.001000s ]
ERR: 无法加载模块:Js

[ 2017-01-16T16:00:49+08:00 ] 127.0.0.1 /index.php/js/jquery.form.js
INFO: [ app_init ] --START--
INFO: Run Behavior\BuildLiteBehavior [ RunTime:0.000000s ]
INFO: [ app_init ] --END-- [ RunTime:0.001000s ]
ERR: 无法加载模块:Js

[ 2017-01-16T16:11:58+08:00 ] 127.0.0.1 /index.php/js/jquery.validate.js
INFO: [ app_init ] --START--
INFO: Run Behavior\BuildLiteBehavior [ RunTime:0.000000s ]
INFO: [ app_init ] --END-- [ RunTime:0.001000s ]
ERR: 无法加载模块:Js

[ 2017-01-16T16:11:58+08:00 ] 127.0.0.1 /index.php/js/jquery.form.js
INFO: [ app_init ] --START--
INFO: Run Behavior\BuildLiteBehavior [ RunTime:0.000000s ]
INFO: [ app_init ] --END-- [ RunTime:0.001000s ]
ERR: 无法加载模块:Js

[ 2017-01-16T16:11:58+08:00 ] 127.0.0.1 /index.php/css/jquery.ui.css
INFO: [ app_init ] --START--
INFO: Run Behavior\BuildLiteBehavior [ RunTime:0.000000s ]
INFO: [ app_init ] --END-- [ RunTime:0.001000s ]
ERR: 无法加载模块:Css

[ 2017-01-16T16:11:58+08:00 ] 127.0.0.1 /index.php/js/jquery.ui.js
INFO: [ app_init ] --START--
INFO: Run Behavior\BuildLiteBehavior [ RunTime:0.000000s ]
INFO: [ app_init ] --END-- [ RunTime:0.010000s ]
ERR: 无法加载模块:Js

[ 2017-01-16T16:11:58+08:00 ] 127.0.0.1 /index.php/js/jquery.validate.js
INFO: [ app_init ] --START--
INFO: Run Behavior\BuildLiteBehavior [ RunTime:0.001001s ]
INFO: [ app_init ] --END-- [ RunTime:0.001001s ]
ERR: 无法加载模块:Js

[ 2017-01-16T16:11:58+08:00 ] 127.0.0.1 /index.php/js/jquery.form.js
INFO: [ app_init ] --START--
INFO: Run Behavior\BuildLiteBehavior [ RunTime:0.000000s ]
INFO: [ app_init ] --END-- [ RunTime:0.002000s ]
ERR: 无法加载模块:Js

[ 2017-01-16T16:12:00+08:00 ] 127.0.0.1 /index.php/login.html
INFO: [ app_init ] --START--
INFO: Run Behavior\BuildLiteBehavior [ RunTime:0.000000s ]
INFO: [ app_init ] --END-- [ RunTime:0.001000s ]
ERR: 无法加载模块:Login

[ 2017-01-16T16:12:03+08:00 ] 127.0.0.1 /index.php/css/jquery.ui.css
INFO: [ app_init ] --START--
INFO: Run Behavior\BuildLiteBehavior [ RunTime:0.000000s ]
INFO: [ app_init ] --END-- [ RunTime:0.001000s ]
ERR: 无法加载模块:Css

[ 2017-01-16T16:12:03+08:00 ] 127.0.0.1 /index.php/js/jquery.validate.js
INFO: [ app_init ] --START--
INFO: Run Behavior\BuildLiteBehavior [ RunTime:0.000000s ]
INFO: [ app_init ] --END-- [ RunTime:0.001000s ]
ERR: 无法加载模块:Js

[ 2017-01-16T16:12:04+08:00 ] 127.0.0.1 /index.php/js/jquery.form.js
INFO: [ app_init ] --START--
INFO: Run Behavior\BuildLiteBehavior [ RunTime:0.000000s ]
INFO: [ app_init ] --END-- [ RunTime:0.002000s ]
ERR: 无法加载模块:Js

[ 2017-01-16T16:12:04+08:00 ] 127.0.0.1 /index.php/js/jquery.ui.js
INFO: [ app_init ] --START--
INFO: Run Behavior\BuildLiteBehavior [ RunTime:0.002000s ]
INFO: [ app_init ] --END-- [ RunTime:0.029001s ]
ERR: 无法加载模块:Js

[ 2017-01-16T16:12:04+08:00 ] 127.0.0.1 /index.php/css/jquery.ui.css
INFO: [ app_init ] --START--
INFO: Run Behavior\BuildLiteBehavior [ RunTime:0.000000s ]
INFO: [ app_init ] --END-- [ RunTime:0.002000s ]
ERR: 无法加载模块:Css

[ 2017-01-16T16:12:04+08:00 ] 127.0.0.1 /index.php/js/jquery.ui.js
INFO: [ app_init ] --START--
INFO: Run Behavior\BuildLiteBehavior [ RunTime:0.000000s ]
INFO: [ app_init ] --END-- [ RunTime:0.001000s ]
ERR: 无法加载模块:Js

[ 2017-01-16T16:12:04+08:00 ] 127.0.0.1 /index.php/js/jquery.validate.js
INFO: [ app_init ] --START--
INFO: Run Behavior\BuildLiteBehavior [ RunTime:0.000000s ]
INFO: [ app_init ] --END-- [ RunTime:0.001000s ]
ERR: 无法加载模块:Js

[ 2017-01-16T16:12:04+08:00 ] 127.0.0.1 /index.php/js/jquery.form.js
INFO: [ app_init ] --START--
INFO: Run Behavior\BuildLiteBehavior [ RunTime:0.000000s ]
INFO: [ app_init ] --END-- [ RunTime:0.000000s ]
ERR: 无法加载模块:Js

[ 2017-01-16T18:31:07+08:00 ] 127.0.0.1 /index.php/css/jquery.ui.css
INFO: [ app_init ] --START--
INFO: Run Behavior\BuildLiteBehavior [ RunTime:0.000000s ]
INFO: [ app_init ] --END-- [ RunTime:0.002001s ]
ERR: 无法加载模块:Css

[ 2017-01-16T18:31:13+08:00 ] 127.0.0.1 /index.php/js/jquery.ui.js
INFO: [ app_init ] --START--
INFO: Run Behavior\BuildLiteBehavior [ RunTime:0.000000s ]
INFO: [ app_init ] --END-- [ RunTime:0.003000s ]
ERR: 无法加载模块:Js

[ 2017-01-16T18:31:13+08:00 ] 127.0.0.1 /index.php/js/jquery.form.js
INFO: [ app_init ] --START--
INFO: Run Behavior\BuildLiteBehavior [ RunTime:0.000000s ]
INFO: [ app_init ] --END-- [ RunTime:0.009001s ]
ERR: 无法加载模块:Js

[ 2017-01-16T18:31:13+08:00 ] 127.0.0.1 /index.php/js/jquery.validate.js
INFO: [ app_init ] --START--
INFO: Run Behavior\BuildLiteBehavior [ RunTime:0.000000s ]
INFO: [ app_init ] --END-- [ RunTime:0.004000s ]
ERR: 无法加载模块:Js

[ 2017-01-16T18:31:13+08:00 ] 127.0.0.1 /index.php/js/jquery.form.js
INFO: [ app_init ] --START--
INFO: Run Behavior\BuildLiteBehavior [ RunTime:0.000000s ]
INFO: [ app_init ] --END-- [ RunTime:0.001000s ]
ERR: 无法加载模块:Js

[ 2017-01-16T18:31:14+08:00 ] 127.0.0.1 /index.php/login.html
INFO: [ app_init ] --START--
INFO: Run Behavior\BuildLiteBehavior [ RunTime:0.000000s ]
INFO: [ app_init ] --END-- [ RunTime:0.001000s ]
ERR: 无法加载模块:Login

[ 2017-01-16T18:31:16+08:00 ] 127.0.0.1 /index.php/js/jquery.validate.js
INFO: [ app_init ] --START--
INFO: Run Behavior\BuildLiteBehavior [ RunTime:0.001000s ]
INFO: [ app_init ] --END-- [ RunTime:0.002000s ]
ERR: 无法加载模块:Js

[ 2017-01-16T18:31:17+08:00 ] 127.0.0.1 /index.php/js/jquery.ui.js
INFO: [ app_init ] --START--
INFO: Run Behavior\BuildLiteBehavior [ RunTime:0.000000s ]
INFO: [ app_init ] --END-- [ RunTime:0.001000s ]
ERR: 无法加载模块:Js

[ 2017-01-16T18:31:17+08:00 ] 127.0.0.1 /index.php/js/jquery.form.js
INFO: [ app_init ] --START--
INFO: Run Behavior\BuildLiteBehavior [ RunTime:0.000000s ]
INFO: [ app_init ] --END-- [ RunTime:0.001001s ]
ERR: 无法加载模块:Js

[ 2017-01-16T18:31:17+08:00 ] 127.0.0.1 /index.php/css/jquery.ui.css
INFO: [ app_init ] --START--
INFO: Run Behavior\BuildLiteBehavior [ RunTime:0.000000s ]
INFO: [ app_init ] --END-- [ RunTime:0.001001s ]
ERR: 无法加载模块:Css

[ 2017-01-16T18:31:17+08:00 ] 127.0.0.1 /index.php/js/jquery.ui.js
INFO: [ app_init ] --START--
INFO: Run Behavior\BuildLiteBehavior [ RunTime:0.000000s ]
INFO: [ app_init ] --END-- [ RunTime:0.001000s ]
ERR: 无法加载模块:Js

[ 2017-01-16T18:31:17+08:00 ] 127.0.0.1 /index.php/css/jquery.ui.css
INFO: [ app_init ] --START--
INFO: Run Behavior\BuildLiteBehavior [ RunTime:0.000000s ]
INFO: [ app_init ] --END-- [ RunTime:0.003000s ]
ERR: 无法加载模块:Css

[ 2017-01-16T18:31:17+08:00 ] 127.0.0.1 /index.php/js/jquery.validate.js
INFO: [ app_init ] --START--
INFO: Run Behavior\BuildLiteBehavior [ RunTime:0.000000s ]
INFO: [ app_init ] --END-- [ RunTime:0.000000s ]
ERR: 无法加载模块:Js

[ 2017-01-16T18:31:17+08:00 ] 127.0.0.1 /index.php/js/jquery.form.js
INFO: [ app_init ] --START--
INFO: Run Behavior\BuildLiteBehavior [ RunTime:0.000000s ]
INFO: [ app_init ] --END-- [ RunTime:0.001000s ]
ERR: 无法加载模块:Js

[ 2017-01-16T18:33:53+08:00 ] 127.0.0.1 /index.php/css/jquery.ui.css
INFO: [ app_init ] --START--
INFO: Run Behavior\BuildLiteBehavior [ RunTime:0.000000s ]
INFO: [ app_init ] --END-- [ RunTime:0.002000s ]
ERR: 无法加载模块:Css

[ 2017-01-16T18:33:53+08:00 ] 127.0.0.1 /index.php/css/jquery.ui.css
INFO: [ app_init ] --START--
INFO: Run Behavior\BuildLiteBehavior [ RunTime:0.000000s ]
INFO: [ app_init ] --END-- [ RunTime:0.002000s ]
ERR: 无法加载模块:Css

[ 2017-01-16T18:33:53+08:00 ] 127.0.0.1 /index.php/js/jquery.validate.js
INFO: [ app_init ] --START--
INFO: Run Behavior\BuildLiteBehavior [ RunTime:0.000000s ]
INFO: [ app_init ] --END-- [ RunTime:0.007001s ]
ERR: 无法加载模块:Js

[ 2017-01-16T18:33:53+08:00 ] 127.0.0.1 /index.php/js/jquery.form.js
INFO: [ app_init ] --START--
INFO: Run Behavior\BuildLiteBehavior [ RunTime:0.000000s ]
INFO: [ app_init ] --END-- [ RunTime:0.003000s ]
ERR: 无法加载模块:Js

[ 2017-01-16T18:33:53+08:00 ] 127.0.0.1 /index.php/js/jquery.ui.js
INFO: [ app_init ] --START--
INFO: Run Behavior\BuildLiteBehavior [ RunTime:0.000000s ]
INFO: [ app_init ] --END-- [ RunTime:0.003000s ]
ERR: 无法加载模块:Js

[ 2017-01-16T18:33:53+08:00 ] 127.0.0.1 /index.php/js/jquery.validate.js
INFO: [ app_init ] --START--
INFO: Run Behavior\BuildLiteBehavior [ RunTime:0.000000s ]
INFO: [ app_init ] --END-- [ RunTime:0.001000s ]
ERR: 无法加载模块:Js

[ 2017-01-16T18:33:53+08:00 ] 127.0.0.1 /index.php/js/jquery.form.js
INFO: [ app_init ] --START--
INFO: Run Behavior\BuildLiteBehavior [ RunTime:0.000000s ]
INFO: [ app_init ] --END-- [ RunTime:0.001000s ]
ERR: 无法加载模块:Js

[ 2017-01-16T18:33:55+08:00 ] 127.0.0.1 /index.php/login.html
INFO: [ app_init ] --START--
INFO: Run Behavior\BuildLiteBehavior [ RunTime:0.001000s ]
INFO: [ app_init ] --END-- [ RunTime:0.002000s ]
ERR: 无法加载模块:Login

[ 2017-01-16T18:33:58+08:00 ] 127.0.0.1 /index.php/js/jquery.validate.js
INFO: [ app_init ] --START--
INFO: Run Behavior\BuildLiteBehavior [ RunTime:0.000000s ]
INFO: [ app_init ] --END-- [ RunTime:0.002000s ]
ERR: 无法加载模块:Js

[ 2017-01-16T18:33:58+08:00 ] 127.0.0.1 /index.php/js/jquery.form.js
INFO: [ app_init ] --START--
INFO: Run Behavior\BuildLiteBehavior [ RunTime:0.000000s ]
INFO: [ app_init ] --END-- [ RunTime:0.005001s ]
ERR: 无法加载模块:Js

[ 2017-01-16T18:33:58+08:00 ] 127.0.0.1 /index.php/css/jquery.ui.css
INFO: [ app_init ] --START--
INFO: Run Behavior\BuildLiteBehavior [ RunTime:0.000000s ]
INFO: [ app_init ] --END-- [ RunTime:0.008001s ]
ERR: 无法加载模块:Css

[ 2017-01-16T18:33:58+08:00 ] 127.0.0.1 /index.php/js/jquery.ui.js
INFO: [ app_init ] --START--
INFO: Run Behavior\BuildLiteBehavior [ RunTime:0.000000s ]
INFO: [ app_init ] --END-- [ RunTime:0.002000s ]
ERR: 无法加载模块:Js

[ 2017-01-16T18:33:58+08:00 ] 127.0.0.1 /index.php/js/jquery.validate.js
INFO: [ app_init ] --START--
INFO: Run Behavior\BuildLiteBehavior [ RunTime:0.000000s ]
INFO: [ app_init ] --END-- [ RunTime:0.002000s ]
ERR: 无法加载模块:Js

[ 2017-01-16T18:33:58+08:00 ] 127.0.0.1 /index.php/js/jquery.form.js
INFO: [ app_init ] --START--
INFO: Run Behavior\BuildLiteBehavior [ RunTime:0.000000s ]
INFO: [ app_init ] --END-- [ RunTime:0.001000s ]
ERR: 无法加载模块:Js

[ 2017-01-16T18:34:00+08:00 ] 127.0.0.1 /index.php/login.html
INFO: [ app_init ] --START--
INFO: Run Behavior\BuildLiteBehavior [ RunTime:0.000000s ]
INFO: [ app_init ] --END-- [ RunTime:0.002000s ]
ERR: 无法加载模块:Login

[ 2017-01-16T18:34:02+08:00 ] 127.0.0.1 /index.php/js/jquery.form.js
INFO: [ app_init ] --START--
INFO: Run Behavior\BuildLiteBehavior [ RunTime:0.000000s ]
INFO: [ app_init ] --END-- [ RunTime:0.004000s ]
ERR: 无法加载模块:Js

[ 2017-01-16T18:34:02+08:00 ] 127.0.0.1 /index.php/js/jquery.ui.js
INFO: [ app_init ] --START--
INFO: Run Behavior\BuildLiteBehavior [ RunTime:0.000000s ]
INFO: [ app_init ] --END-- [ RunTime:0.005001s ]
ERR: 无法加载模块:Js

[ 2017-01-16T18:34:02+08:00 ] 127.0.0.1 /index.php/js/jquery.validate.js
INFO: [ app_init ] --START--
INFO: Run Behavior\BuildLiteBehavior [ RunTime:0.000000s ]
INFO: [ app_init ] --END-- [ RunTime:0.006001s ]
ERR: 无法加载模块:Js

[ 2017-01-16T18:34:02+08:00 ] 127.0.0.1 /index.php/css/jquery.ui.css
INFO: [ app_init ] --START--
INFO: Run Behavior\BuildLiteBehavior [ RunTime:0.000000s ]
INFO: [ app_init ] --END-- [ RunTime:0.019001s ]
ERR: 无法加载模块:Css

[ 2017-01-16T18:34:02+08:00 ] 127.0.0.1 /index.php/js/jquery.validate.js
INFO: [ app_init ] --START--
INFO: Run Behavior\BuildLiteBehavior [ RunTime:0.000000s ]
INFO: [ app_init ] --END-- [ RunTime:0.001000s ]
ERR: 无法加载模块:Js

[ 2017-01-16T18:34:03+08:00 ] 127.0.0.1 /index.php/js/jquery.form.js
INFO: [ app_init ] --START--
INFO: Run Behavior\BuildLiteBehavior [ RunTime:0.000000s ]
INFO: [ app_init ] --END-- [ RunTime:0.001000s ]
ERR: 无法加载模块:Js

[ 2017-01-16T18:34:22+08:00 ] 127.0.0.1 /index.php/js/jquery.validate.js
INFO: [ app_init ] --START--
INFO: Run Behavior\BuildLiteBehavior [ RunTime:0.000000s ]
INFO: [ app_init ] --END-- [ RunTime:0.002000s ]
ERR: 无法加载模块:Js

[ 2017-01-16T18:34:22+08:00 ] 127.0.0.1 /index.php/js/jquery.form.js
INFO: [ app_init ] --START--
INFO: Run Behavior\BuildLiteBehavior [ RunTime:0.000000s ]
INFO: [ app_init ] --END-- [ RunTime:0.002000s ]
ERR: 无法加载模块:Js

[ 2017-01-16T18:34:22+08:00 ] 127.0.0.1 /index.php/js/jquery.ui.js
INFO: [ app_init ] --START--
INFO: Run Behavior\BuildLiteBehavior [ RunTime:0.000000s ]
INFO: [ app_init ] --END-- [ RunTime:0.002001s ]
ERR: 无法加载模块:Js

[ 2017-01-16T18:34:22+08:00 ] 127.0.0.1 /index.php/css/jquery.ui.css
INFO: [ app_init ] --START--
INFO: Run Behavior\BuildLiteBehavior [ RunTime:0.000000s ]
INFO: [ app_init ] --END-- [ RunTime:0.002000s ]
ERR: 无法加载模块:Css

[ 2017-01-16T18:34:22+08:00 ] 127.0.0.1 /index.php/js/jquery.validate.js
INFO: [ app_init ] --START--
INFO: Run Behavior\BuildLiteBehavior [ RunTime:0.001000s ]
INFO: [ app_init ] --END-- [ RunTime:0.002000s ]
ERR: 无法加载模块:Js

[ 2017-01-16T18:34:22+08:00 ] 127.0.0.1 /index.php/js/jquery.form.js
INFO: [ app_init ] --START--
INFO: Run Behavior\BuildLiteBehavior [ RunTime:0.000000s ]
INFO: [ app_init ] --END-- [ RunTime:0.001000s ]
ERR: 无法加载模块:Js

[ 2017-01-16T18:35:05+08:00 ] 127.0.0.1 /index.php/js/jquery.form.js
INFO: [ app_init ] --START--
INFO: Run Behavior\BuildLiteBehavior [ RunTime:0.000000s ]
INFO: [ app_init ] --END-- [ RunTime:0.001000s ]
ERR: 无法加载模块:Js

[ 2017-01-16T18:35:05+08:00 ] 127.0.0.1 /index.php/css/jquery.ui.css
INFO: [ app_init ] --START--
INFO: Run Behavior\BuildLiteBehavior [ RunTime:0.000000s ]
INFO: [ app_init ] --END-- [ RunTime:0.005000s ]
ERR: 无法加载模块:Css

[ 2017-01-16T18:35:06+08:00 ] 127.0.0.1 /index.php/js/jquery.validate.js
INFO: [ app_init ] --START--
INFO: Run Behavior\BuildLiteBehavior [ RunTime:0.000000s ]
INFO: [ app_init ] --END-- [ RunTime:0.002000s ]
ERR: 无法加载模块:Js

[ 2017-01-16T18:35:06+08:00 ] 127.0.0.1 /index.php/js/jquery.ui.js
INFO: [ app_init ] --START--
INFO: Run Behavior\BuildLiteBehavior [ RunTime:0.000000s ]
INFO: [ app_init ] --END-- [ RunTime:0.001000s ]
ERR: 无法加载模块:Js

[ 2017-01-16T18:35:06+08:00 ] 127.0.0.1 /index.php/js/jquery.validate.js
INFO: [ app_init ] --START--
INFO: Run Behavior\BuildLiteBehavior [ RunTime:0.000000s ]
INFO: [ app_init ] --END-- [ RunTime:0.001000s ]
ERR: 无法加载模块:Js

[ 2017-01-16T18:35:06+08:00 ] 127.0.0.1 /index.php/js/jquery.form.js
INFO: [ app_init ] --START--
INFO: Run Behavior\BuildLiteBehavior [ RunTime:0.000000s ]
INFO: [ app_init ] --END-- [ RunTime:0.001000s ]
ERR: 无法加载模块:Js

[ 2017-01-16T19:44:22+08:00 ] 127.0.0.1 /index.php/css/jquery.ui.css
INFO: [ app_init ] --START--
INFO: Run Behavior\BuildLiteBehavior [ RunTime:0.000000s ]
INFO: [ app_init ] --END-- [ RunTime:0.002000s ]
ERR: 无法加载模块:Css

[ 2017-01-16T19:44:22+08:00 ] 127.0.0.1 /index.php/js/jquery.validate.js
INFO: [ app_init ] --START--
INFO: Run Behavior\BuildLiteBehavior [ RunTime:0.001000s ]
INFO: [ app_init ] --END-- [ RunTime:0.004000s ]
ERR: 无法加载模块:Js

[ 2017-01-16T19:44:22+08:00 ] 127.0.0.1 /index.php/js/jquery.ui.js
INFO: [ app_init ] --START--
INFO: Run Behavior\BuildLiteBehavior [ RunTime:0.000000s ]
INFO: [ app_init ] --END-- [ RunTime:0.002000s ]
ERR: 无法加载模块:Js

[ 2017-01-16T19:44:22+08:00 ] 127.0.0.1 /index.php/js/jquery.form.js
INFO: [ app_init ] --START--
INFO: Run Behavior\BuildLiteBehavior [ RunTime:0.000000s ]
INFO: [ app_init ] --END-- [ RunTime:0.001000s ]
ERR: 无法加载模块:Js

[ 2017-01-16T19:44:22+08:00 ] 127.0.0.1 /index.php/js/jquery.ui.js
INFO: [ app_init ] --START--
INFO: Run Behavior\BuildLiteBehavior [ RunTime:0.000000s ]
INFO: [ app_init ] --END-- [ RunTime:0.002000s ]
ERR: 无法加载模块:Js

[ 2017-01-16T19:44:22+08:00 ] 127.0.0.1 /index.php/css/jquery.ui.css
INFO: [ app_init ] --START--
INFO: Run Behavior\BuildLiteBehavior [ RunTime:0.001000s ]
INFO: [ app_init ] --END-- [ RunTime:0.003000s ]
ERR: 无法加载模块:Css

[ 2017-01-16T19:44:22+08:00 ] 127.0.0.1 /index.php/js/jquery.validate.js
INFO: [ app_init ] --START--
INFO: Run Behavior\BuildLiteBehavior [ RunTime:0.000000s ]
INFO: [ app_init ] --END-- [ RunTime:0.001000s ]
ERR: 无法加载模块:Js

[ 2017-01-16T19:44:22+08:00 ] 127.0.0.1 /index.php/js/jquery.form.js
INFO: [ app_init ] --START--
INFO: Run Behavior\BuildLiteBehavior [ RunTime:0.000000s ]
INFO: [ app_init ] --END-- [ RunTime:0.002000s ]
ERR: 无法加载模块:Js

[ 2017-01-16T19:48:08+08:00 ] 127.0.0.1 /index.php/css/jquery.ui.css
INFO: [ app_init ] --START--
INFO: Run Behavior\BuildLiteBehavior [ RunTime:0.000000s ]
INFO: [ app_init ] --END-- [ RunTime:0.001000s ]
ERR: 无法加载模块:Css

[ 2017-01-16T19:48:08+08:00 ] 127.0.0.1 /index.php/js/jquery.ui.js
INFO: [ app_init ] --START--
INFO: Run Behavior\BuildLiteBehavior [ RunTime:0.000000s ]
INFO: [ app_init ] --END-- [ RunTime:0.001000s ]
ERR: 无法加载模块:Js

[ 2017-01-16T19:48:08+08:00 ] 127.0.0.1 /index.php/js/jquery.validate.js
INFO: [ app_init ] --START--
INFO: Run Behavior\BuildLiteBehavior [ RunTime:0.000000s ]
INFO: [ app_init ] --END-- [ RunTime:0.002001s ]
ERR: 无法加载模块:Js

[ 2017-01-16T19:48:08+08:00 ] 127.0.0.1 /index.php/js/jquery.form.js
INFO: [ app_init ] --START--
INFO: Run Behavior\BuildLiteBehavior [ RunTime:0.001000s ]
INFO: [ app_init ] --END-- [ RunTime:0.002000s ]
ERR: 无法加载模块:Js

[ 2017-01-16T19:48:09+08:00 ] 127.0.0.1 /index.php/css/jquery.ui.css
INFO: [ app_init ] --START--
INFO: Run Behavior\BuildLiteBehavior [ RunTime:0.001000s ]
INFO: [ app_init ] --END-- [ RunTime:0.002000s ]
ERR: 无法加载模块:Css

[ 2017-01-16T19:48:09+08:00 ] 127.0.0.1 /index.php/js/jquery.ui.js
INFO: [ app_init ] --START--
INFO: Run Behavior\BuildLiteBehavior [ RunTime:0.000000s ]
INFO: [ app_init ] --END-- [ RunTime:0.001000s ]
ERR: 无法加载模块:Js

[ 2017-01-16T19:48:09+08:00 ] 127.0.0.1 /index.php/js/jquery.validate.js
INFO: [ app_init ] --START--
INFO: Run Behavior\BuildLiteBehavior [ RunTime:0.000000s ]
INFO: [ app_init ] --END-- [ RunTime:0.001000s ]
ERR: 无法加载模块:Js

[ 2017-01-16T19:48:09+08:00 ] 127.0.0.1 /index.php/js/jquery.form.js
INFO: [ app_init ] --START--
INFO: Run Behavior\BuildLiteBehavior [ RunTime:0.000000s ]
INFO: [ app_init ] --END-- [ RunTime:0.001000s ]
ERR: 无法加载模块:Js

[ 2017-01-16T19:49:55+08:00 ] 127.0.0.1 /index.php/js/jquery.ui.js
INFO: [ app_init ] --START--
INFO: Run Behavior\BuildLiteBehavior [ RunTime:0.000000s ]
INFO: [ app_init ] --END-- [ RunTime:0.005001s ]
ERR: 无法加载模块:Js

[ 2017-01-16T19:49:55+08:00 ] 127.0.0.1 /index.php/js/jquery.validate.js
INFO: [ app_init ] --START--
INFO: Run Behavior\BuildLiteBehavior [ RunTime:0.000000s ]
INFO: [ app_init ] --END-- [ RunTime:0.002000s ]
ERR: 无法加载模块:Js

[ 2017-01-16T19:49:55+08:00 ] 127.0.0.1 /index.php/css/jquery.ui.css
INFO: [ app_init ] --START--
INFO: Run Behavior\BuildLiteBehavior [ RunTime:0.000000s ]
INFO: [ app_init ] --END-- [ RunTime:0.006001s ]
ERR: 无法加载模块:Css

[ 2017-01-16T19:49:55+08:00 ] 127.0.0.1 /index.php/js/jquery.form.js
INFO: [ app_init ] --START--
INFO: Run Behavior\BuildLiteBehavior [ RunTime:0.000000s ]
INFO: [ app_init ] --END-- [ RunTime:0.002000s ]
ERR: 无法加载模块:Js

[ 2017-01-16T19:49:55+08:00 ] 127.0.0.1 /index.php/js/jquery.validate.js
INFO: [ app_init ] --START--
INFO: Run Behavior\BuildLiteBehavior [ RunTime:0.000000s ]
INFO: [ app_init ] --END-- [ RunTime:0.001000s ]
ERR: 无法加载模块:Js

[ 2017-01-16T19:49:55+08:00 ] 127.0.0.1 /index.php/js/jquery.form.js
INFO: [ app_init ] --START--
INFO: Run Behavior\BuildLiteBehavior [ RunTime:0.000000s ]
INFO: [ app_init ] --END-- [ RunTime:0.001000s ]
ERR: 无法加载模块:Js

[ 2017-01-16T19:51:54+08:00 ] 127.0.0.1 /index.php/js/jquery.validate.js
INFO: [ app_init ] --START--
INFO: Run Behavior\BuildLiteBehavior [ RunTime:0.000000s ]
INFO: [ app_init ] --END-- [ RunTime:0.001001s ]
ERR: 无法加载模块:Js

[ 2017-01-16T19:51:54+08:00 ] 127.0.0.1 /index.php/js/jquery.form.js
INFO: [ app_init ] --START--
INFO: Run Behavior\BuildLiteBehavior [ RunTime:0.000000s ]
INFO: [ app_init ] --END-- [ RunTime:0.001000s ]
ERR: 无法加载模块:Js

[ 2017-01-16T19:51:55+08:00 ] 127.0.0.1 /index.php/js/jquery.ui.js
INFO: [ app_init ] --START--
INFO: Run Behavior\BuildLiteBehavior [ RunTime:0.000000s ]
INFO: [ app_init ] --END-- [ RunTime:0.113007s ]
ERR: 无法加载模块:Js

[ 2017-01-16T19:51:55+08:00 ] 127.0.0.1 /index.php/css/jquery.ui.css
INFO: [ app_init ] --START--
INFO: Run Behavior\BuildLiteBehavior [ RunTime:0.000000s ]
INFO: [ app_init ] --END-- [ RunTime:0.001000s ]
ERR: 无法加载模块:Css

[ 2017-01-16T19:51:55+08:00 ] 127.0.0.1 /index.php/css/jquery.ui.css
INFO: [ app_init ] --START--
INFO: Run Behavior\BuildLiteBehavior [ RunTime:0.000000s ]
INFO: [ app_init ] --END-- [ RunTime:0.003000s ]
ERR: 无法加载模块:Css

[ 2017-01-16T19:51:55+08:00 ] 127.0.0.1 /index.php/js/jquery.ui.js
INFO: [ app_init ] --START--
INFO: Run Behavior\BuildLiteBehavior [ RunTime:0.000000s ]
INFO: [ app_init ] --END-- [ RunTime:0.004000s ]
ERR: 无法加载模块:Js

[ 2017-01-16T19:51:55+08:00 ] 127.0.0.1 /index.php/js/jquery.validate.js
INFO: [ app_init ] --START--
INFO: Run Behavior\BuildLiteBehavior [ RunTime:0.000000s ]
INFO: [ app_init ] --END-- [ RunTime:0.002000s ]
ERR: 无法加载模块:Js

[ 2017-01-16T19:51:55+08:00 ] 127.0.0.1 /index.php/js/jquery.form.js
INFO: [ app_init ] --START--
INFO: Run Behavior\BuildLiteBehavior [ RunTime:0.000000s ]
INFO: [ app_init ] --END-- [ RunTime:0.001000s ]
ERR: 无法加载模块:Js

[ 2017-01-16T19:53:31+08:00 ] 127.0.0.1 /index.php/js/jquery.ui.js
INFO: [ app_init ] --START--
INFO: Run Behavior\BuildLiteBehavior [ RunTime:0.000000s ]
INFO: [ app_init ] --END-- [ RunTime:0.001000s ]
ERR: 无法加载模块:Js

[ 2017-01-16T19:53:31+08:00 ] 127.0.0.1 /index.php/css/jquery.ui.css
INFO: [ app_init ] --START--
INFO: Run Behavior\BuildLiteBehavior [ RunTime:0.000000s ]
INFO: [ app_init ] --END-- [ RunTime:0.004000s ]
ERR: 无法加载模块:Css

[ 2017-01-16T19:53:31+08:00 ] 127.0.0.1 /index.php/js/jquery.validate.js
INFO: [ app_init ] --START--
INFO: Run Behavior\BuildLiteBehavior [ RunTime:0.000000s ]
INFO: [ app_init ] --END-- [ RunTime:0.004001s ]
ERR: 无法加载模块:Js

[ 2017-01-16T19:53:31+08:00 ] 127.0.0.1 /index.php/js/jquery.form.js
INFO: [ app_init ] --START--
INFO: Run Behavior\BuildLiteBehavior [ RunTime:0.000000s ]
INFO: [ app_init ] --END-- [ RunTime:0.004000s ]
ERR: 无法加载模块:Js

[ 2017-01-16T19:53:31+08:00 ] 127.0.0.1 /index.php/js/jquery.ui.js
INFO: [ app_init ] --START--
INFO: Run Behavior\BuildLiteBehavior [ RunTime:0.000000s ]
INFO: [ app_init ] --END-- [ RunTime:0.001000s ]
ERR: 无法加载模块:Js

[ 2017-01-16T19:53:31+08:00 ] 127.0.0.1 /index.php/css/jquery.ui.css
INFO: [ app_init ] --START--
INFO: Run Behavior\BuildLiteBehavior [ RunTime:0.000000s ]
INFO: [ app_init ] --END-- [ RunTime:0.002000s ]
ERR: 无法加载模块:Css

[ 2017-01-16T19:53:32+08:00 ] 127.0.0.1 /index.php/js/jquery.validate.js
INFO: [ app_init ] --START--
INFO: Run Behavior\BuildLiteBehavior [ RunTime:0.000000s ]
INFO: [ app_init ] --END-- [ RunTime:0.002000s ]
ERR: 无法加载模块:Js

[ 2017-01-16T19:53:32+08:00 ] 127.0.0.1 /index.php/js/jquery.form.js
INFO: [ app_init ] --START--
INFO: Run Behavior\BuildLiteBehavior [ RunTime:0.000000s ]
INFO: [ app_init ] --END-- [ RunTime:0.002000s ]
ERR: 无法加载模块:Js

[ 2017-01-16T19:54:00+08:00 ] 127.0.0.1 /index.php/css/jquery.ui.css
INFO: [ app_init ] --START--
INFO: Run Behavior\BuildLiteBehavior [ RunTime:0.000000s ]
INFO: [ app_init ] --END-- [ RunTime:0.002000s ]
ERR: 无法加载模块:Css

[ 2017-01-16T19:54:00+08:00 ] 127.0.0.1 /index.php/js/jquery.validate.js
INFO: [ app_init ] --START--
INFO: Run Behavior\BuildLiteBehavior [ RunTime:0.000000s ]
INFO: [ app_init ] --END-- [ RunTime:0.006000s ]
ERR: 无法加载模块:Js

[ 2017-01-16T19:54:00+08:00 ] 127.0.0.1 /index.php/js/jquery.form.js
INFO: [ app_init ] --START--
INFO: Run Behavior\BuildLiteBehavior [ RunTime:0.000000s ]
INFO: [ app_init ] --END-- [ RunTime:0.002000s ]
ERR: 无法加载模块:Js

[ 2017-01-16T19:54:00+08:00 ] 127.0.0.1 /index.php/js/jquery.ui.js
INFO: [ app_init ] --START--
INFO: Run Behavior\BuildLiteBehavior [ RunTime:0.000000s ]
INFO: [ app_init ] --END-- [ RunTime:0.019001s ]
ERR: 无法加载模块:Js

[ 2017-01-16T19:54:01+08:00 ] 127.0.0.1 /index.php/js/jquery.ui.js
INFO: [ app_init ] --START--
INFO: Run Behavior\BuildLiteBehavior [ RunTime:0.000000s ]
INFO: [ app_init ] --END-- [ RunTime:0.002000s ]
ERR: 无法加载模块:Js

[ 2017-01-16T19:54:01+08:00 ] 127.0.0.1 /index.php/css/jquery.ui.css
INFO: [ app_init ] --START--
INFO: Run Behavior\BuildLiteBehavior [ RunTime:0.000000s ]
INFO: [ app_init ] --END-- [ RunTime:0.001000s ]
ERR: 无法加载模块:Css

[ 2017-01-16T19:54:01+08:00 ] 127.0.0.1 /index.php/js/jquery.validate.js
INFO: [ app_init ] --START--
INFO: Run Behavior\BuildLiteBehavior [ RunTime:0.000000s ]
INFO: [ app_init ] --END-- [ RunTime:0.001000s ]
ERR: 无法加载模块:Js

[ 2017-01-16T19:54:01+08:00 ] 127.0.0.1 /index.php/js/jquery.form.js
INFO: [ app_init ] --START--
INFO: Run Behavior\BuildLiteBehavior [ RunTime:0.000000s ]
INFO: [ app_init ] --END-- [ RunTime:0.001000s ]
ERR: 无法加载模块:Js

[ 2017-01-16T19:54:23+08:00 ] 127.0.0.1 /index.php/css/jquery.ui.css
INFO: [ app_init ] --START--
INFO: Run Behavior\BuildLiteBehavior [ RunTime:0.000000s ]
INFO: [ app_init ] --END-- [ RunTime:0.001000s ]
ERR: 无法加载模块:Css

[ 2017-01-16T19:54:23+08:00 ] 127.0.0.1 /index.php/js/jquery.ui.js
INFO: [ app_init ] --START--
INFO: Run Behavior\BuildLiteBehavior [ RunTime:0.000000s ]
INFO: [ app_init ] --END-- [ RunTime:0.001000s ]
ERR: 无法加载模块:Js

[ 2017-01-16T19:54:23+08:00 ] 127.0.0.1 /index.php/js/jquery.form.js
INFO: [ app_init ] --START--
INFO: Run Behavior\BuildLiteBehavior [ RunTime:0.000000s ]
INFO: [ app_init ] --END-- [ RunTime:0.002000s ]
ERR: 无法加载模块:Js

[ 2017-01-16T19:54:23+08:00 ] 127.0.0.1 /index.php/js/jquery.validate.js
INFO: [ app_init ] --START--
INFO: Run Behavior\BuildLiteBehavior [ RunTime:0.000000s ]
INFO: [ app_init ] --END-- [ RunTime:0.002001s ]
ERR: 无法加载模块:Js

[ 2017-01-16T19:54:24+08:00 ] 127.0.0.1 /index.php/css/jquery.ui.css
INFO: [ app_init ] --START--
INFO: Run Behavior\BuildLiteBehavior [ RunTime:0.000000s ]
INFO: [ app_init ] --END-- [ RunTime:0.003000s ]
ERR: 无法加载模块:Css

[ 2017-01-16T19:54:24+08:00 ] 127.0.0.1 /index.php/js/jquery.ui.js
INFO: [ app_init ] --START--
INFO: Run Behavior\BuildLiteBehavior [ RunTime:0.000000s ]
INFO: [ app_init ] --END-- [ RunTime:0.005001s ]
ERR: 无法加载模块:Js

[ 2017-01-16T19:54:24+08:00 ] 127.0.0.1 /index.php/js/jquery.validate.js
INFO: [ app_init ] --START--
INFO: Run Behavior\BuildLiteBehavior [ RunTime:0.000000s ]
INFO: [ app_init ] --END-- [ RunTime:0.001000s ]
ERR: 无法加载模块:Js

[ 2017-01-16T19:54:24+08:00 ] 127.0.0.1 /index.php/js/jquery.form.js
INFO: [ app_init ] --START--
INFO: Run Behavior\BuildLiteBehavior [ RunTime:0.000000s ]
INFO: [ app_init ] --END-- [ RunTime:0.002000s ]
ERR: 无法加载模块:Js

[ 2017-01-16T19:59:15+08:00 ] 127.0.0.1 /index.php/js/jquery.ui.js
INFO: [ app_init ] --START--
INFO: Run Behavior\BuildLiteBehavior [ RunTime:0.000000s ]
INFO: [ app_init ] --END-- [ RunTime:0.005001s ]
ERR: 无法加载模块:Js

[ 2017-01-16T19:59:15+08:00 ] 127.0.0.1 /index.php/css/jquery.ui.css
INFO: [ app_init ] --START--
INFO: Run Behavior\BuildLiteBehavior [ RunTime:0.000000s ]
INFO: [ app_init ] --END-- [ RunTime:0.006000s ]
ERR: 无法加载模块:Css

[ 2017-01-16T19:59:15+08:00 ] 127.0.0.1 /index.php/js/jquery.validate.js
INFO: [ app_init ] --START--
INFO: Run Behavior\BuildLiteBehavior [ RunTime:0.000000s ]
INFO: [ app_init ] --END-- [ RunTime:0.002000s ]
ERR: 无法加载模块:Js

[ 2017-01-16T19:59:15+08:00 ] 127.0.0.1 /index.php/js/jquery.form.js
INFO: [ app_init ] --START--
INFO: Run Behavior\BuildLiteBehavior [ RunTime:0.000000s ]
INFO: [ app_init ] --END-- [ RunTime:0.011000s ]
ERR: 无法加载模块:Js

[ 2017-01-16T19:59:16+08:00 ] 127.0.0.1 /index.php/css/jquery.ui.css
INFO: [ app_init ] --START--
INFO: Run Behavior\BuildLiteBehavior [ RunTime:0.000000s ]
INFO: [ app_init ] --END-- [ RunTime:0.003000s ]
ERR: 无法加载模块:Css

[ 2017-01-16T19:59:16+08:00 ] 127.0.0.1 /index.php/js/jquery.ui.js
INFO: [ app_init ] --START--
INFO: Run Behavior\BuildLiteBehavior [ RunTime:0.001000s ]
INFO: [ app_init ] --END-- [ RunTime:0.002000s ]
ERR: 无法加载模块:Js

[ 2017-01-16T19:59:16+08:00 ] 127.0.0.1 /index.php/js/jquery.validate.js
INFO: [ app_init ] --START--
INFO: Run Behavior\BuildLiteBehavior [ RunTime:0.000000s ]
INFO: [ app_init ] --END-- [ RunTime:0.001000s ]
ERR: 无法加载模块:Js

[ 2017-01-16T19:59:16+08:00 ] 127.0.0.1 /index.php/js/jquery.form.js
INFO: [ app_init ] --START--
INFO: Run Behavior\BuildLiteBehavior [ RunTime:0.000000s ]
INFO: [ app_init ] --END-- [ RunTime:0.001000s ]
ERR: 无法加载模块:Js

