[ 2017-01-31T18:53:50+08:00 ] 127.0.0.1 /index.php/index.php/Home/Login/login.html.html
INFO: [ app_init ] --START--
INFO: Run Behavior\BuildLiteBehavior [ RunTime:0.000000s ]
INFO: [ app_init ] --END-- [ RunTime:0.001000s ]
ERR: 无法加载模块:Index.php

[ 2017-01-31T18:58:26+08:00 ] 127.0.0.1 /index.php/index.php/Home/Login/login.html.html
INFO: [ app_init ] --START--
INFO: Run Behavior\BuildLiteBehavior [ RunTime:0.000000s ]
INFO: [ app_init ] --END-- [ RunTime:0.001000s ]
ERR: 无法加载模块:Index.php

[ 2017-01-31T19:08:30+08:00 ] 127.0.0.1 /index.php/index.php/Home/Login/login.html.html
INFO: [ app_init ] --START--
INFO: Run Behavior\BuildLiteBehavior [ RunTime:0.000000s ]
INFO: [ app_init ] --END-- [ RunTime:0.001000s ]
ERR: 无法加载模块:Index.php

[ 2017-01-31T19:12:11+08:00 ] 127.0.0.1 /index.php/index.php/Home/Login/login.html.html
INFO: [ app_init ] --START--
INFO: Run Behavior\BuildLiteBehavior [ RunTime:0.000000s ]
INFO: [ app_init ] --END-- [ RunTime:0.001000s ]
ERR: 无法加载模块:Index.php

[ 2017-01-31T19:20:37+08:00 ] 127.0.0.1 /index.php/index.php/Home/Login/login.html.html
INFO: [ app_init ] --START--
INFO: Run Behavior\BuildLiteBehavior [ RunTime:0.000000s ]
INFO: [ app_init ] --END-- [ RunTime:0.001000s ]
ERR: 无法加载模块:Index.php

[ 2017-01-31T19:20:38+08:00 ] 127.0.0.1 /index.php/index.php/Home/Login/login.html.html
INFO: [ app_init ] --START--
INFO: Run Behavior\BuildLiteBehavior [ RunTime:0.000000s ]
INFO: [ app_init ] --END-- [ RunTime:0.001000s ]
ERR: 无法加载模块:Index.php

[ 2017-01-31T19:20:58+08:00 ] 127.0.0.1 /index.php/index.php/Home/Login/login.html.html
INFO: [ app_init ] --START--
INFO: Run Behavior\BuildLiteBehavior [ RunTime:0.000000s ]
INFO: [ app_init ] --END-- [ RunTime:0.001000s ]
ERR: 无法加载模块:Index.php

[ 2017-01-31T19:21:01+08:00 ] 127.0.0.1 /index.php/index.php/Home/Login/login.html.html
INFO: [ app_init ] --START--
INFO: Run Behavior\BuildLiteBehavior [ RunTime:0.000000s ]
INFO: [ app_init ] --END-- [ RunTime:0.002000s ]
ERR: 无法加载模块:Index.php

[ 2017-01-31T19:23:30+08:00 ] 127.0.0.1 /index.php/index.php/Home/Login/login.html.html
INFO: [ app_init ] --START--
INFO: Run Behavior\BuildLiteBehavior [ RunTime:0.000000s ]
INFO: [ app_init ] --END-- [ RunTime:0.001000s ]
ERR: 无法加载模块:Index.php

[ 2017-01-31T19:27:36+08:00 ] 127.0.0.1 /index.php/index.php/Home/Login/login.html.html
INFO: [ app_init ] --START--
INFO: Run Behavior\BuildLiteBehavior [ RunTime:0.000000s ]
INFO: [ app_init ] --END-- [ RunTime:0.002001s ]
ERR: 无法加载模块:Index.php

[ 2017-01-31T21:22:23+08:00 ] 127.0.0.1 /index.php/index.php/Home/Login/login.html.html
INFO: [ app_init ] --START--
INFO: Run Behavior\BuildLiteBehavior [ RunTime:0.000000s ]
INFO: [ app_init ] --END-- [ RunTime:0.001000s ]
ERR: 无法加载模块:Index.php

[ 2017-01-31T21:22:58+08:00 ] 127.0.0.1 /index.php/index.php/Home/Login/login.html.html
INFO: [ app_init ] --START--
INFO: Run Behavior\BuildLiteBehavior [ RunTime:0.000000s ]
INFO: [ app_init ] --END-- [ RunTime:0.002000s ]
ERR: 无法加载模块:Index.php

